2022-04-10 20:33:37.011 ERROR 5960 --- [main] mao.spring_boot_log.Log                  : hello
2022-04-10 20:33:37.012 DEBUG 5960 --- [main] mao.spring_boot_log.Log                  : hello
2022-04-10 20:33:37.013  INFO 5960 --- [main] mao.spring_boot_log.Log                  : hello
2022-04-10 20:33:37.013  WARN 5960 --- [main] mao.spring_boot_log.Log                  : hello
2022-04-10 20:33:37.013 ERROR 5960 --- [main] mao.spring_boot_log.Log                  : hello
2022-04-10 20:33:37.013 DEBUG 5960 --- [main] mao.spring_boot_log.Log                  : hello
2022-04-10 20:33:37.013  INFO 5960 --- [main] mao.spring_boot_log.Log                  : hello
2022-04-10 20:33:37.013  WARN 5960 --- [main] mao.spring_boot_log.Log                  : hello
2022-04-10 20:33:37.013 ERROR 5960 --- [main] mao.spring_boot_log.Log                  : hello
2022-04-10 20:33:37.013 DEBUG 5960 --- [main] mao.spring_boot_log.Log                  : hello
2022-04-10 20:33:37.013  INFO 5960 --- [main] mao.spring_boot_log.Log                  : hello
2022-04-10 20:33:37.013  WARN 5960 --- [main] mao.spring_boot_log.Log                  : hello
2022-04-10 20:33:37.013 ERROR 5960 --- [main] mao.spring_boot_log.Log                  : hello
2022-04-10 20:33:37.014 DEBUG 5960 --- [main] mao.spring_boot_log.Log                  : hello
2022-04-10 20:33:37.014  INFO 5960 --- [main] mao.spring_boot_log.Log                  : hello
2022-04-10 20:33:37.014  WARN 5960 --- [main] mao.spring_boot_log.Log                  : hello
2022-04-10 20:33:37.014 ERROR 5960 --- [main] mao.spring_boot_log.Log                  : hello
2022-04-10 20:33:37.014 DEBUG 5960 --- [main] mao.spring_boot_log.Log                  : hello
2022-04-10 20:33:37.014  INFO 5960 --- [main] mao.spring_boot_log.Log                  : hello
2022-04-10 20:33:37.014  WARN 5960 --- [main] mao.spring_boot_log.Log                  : hello
2022-04-10 20:33:37.014 ERROR 5960 --- [main] mao.spring_boot_log.Log                  : hello
2022-04-10 20:33:37.014 DEBUG 5960 --- [main] mao.spring_boot_log.Log                  : hello
2022-04-10 20:33:37.014  INFO 5960 --- [main] mao.spring_boot_log.Log                  : hello
2022-04-10 20:33:37.014  WARN 5960 --- [main] mao.spring_boot_log.Log                  : hello
2022-04-10 20:33:37.014 ERROR 5960 --- [main] mao.spring_boot_log.Log                  : hello
2022-04-10 20:33:37.014 DEBUG 5960 --- [main] mao.spring_boot_log.Log                  : hello
2022-04-10 20:33:37.014  INFO 5960 --- [main] mao.spring_boot_log.Log                  : hello
2022-04-10 20:33:37.014  WARN 5960 --- [main] mao.spring_boot_log.Log                  : hello
2022-04-10 20:33:37.014 ERROR 5960 --- [main] mao.spring_boot_log.Log                  : hello
2022-04-10 20:33:37.014 DEBUG 5960 --- [main] mao.spring_boot_log.Log                  : hello
2022-04-10 20:33:37.014  INFO 5960 --- [main] mao.spring_boot_log.Log                  : hello
2022-04-10 20:33:37.014  WARN 5960 --- [main] mao.spring_boot_log.Log                  : hello
2022-04-10 20:33:37.014 ERROR 5960 --- [main] mao.spring_boot_log.Log                  : hello
2022-04-10 20:33:37.014 DEBUG 5960 --- [main] mao.spring_boot_log.Log                  : hello
2022-04-10 20:33:37.014  INFO 5960 --- [main] mao.spring_boot_log.Log                  : hello
2022-04-10 20:33:37.014  WARN 5960 --- [main] mao.spring_boot_log.Log                  : hello
2022-04-10 20:33:37.014 ERROR 5960 --- [main] mao.spring_boot_log.Log                  : hello
2022-04-10 20:33:37.014 DEBUG 5960 --- [main] mao.spring_boot_log.Log                  : hello
2022-04-10 20:33:37.014  INFO 5960 --- [main] mao.spring_boot_log.Log                  : hello
2022-04-10 20:33:37.014  WARN 5960 --- [main] mao.spring_boot_log.Log                  : hello
2022-04-10 20:33:37.014 ERROR 5960 --- [main] mao.spring_boot_log.Log                  : hello
2022-04-10 20:33:37.014 DEBUG 5960 --- [main] mao.spring_boot_log.Log                  : hello
2022-04-10 20:33:37.014  INFO 5960 --- [main] mao.spring_boot_log.Log                  : hello
2022-04-10 20:33:37.015  WARN 5960 --- [main] mao.spring_boot_log.Log                  : hello
2022-04-10 20:33:37.015 ERROR 5960 --- [main] mao.spring_boot_log.Log                  : hello
2022-04-10 20:33:37.015 DEBUG 5960 --- [main] mao.spring_boot_log.Log                  : hello
2022-04-10 20:33:37.015  INFO 5960 --- [main] mao.spring_boot_log.Log                  : hello
2022-04-10 20:33:37.015  WARN 5960 --- [main] mao.spring_boot_log.Log                  : hello
2022-04-10 20:33:37.015 ERROR 5960 --- [main] mao.spring_boot_log.Log                  : hello
2022-04-10 20:33:37.015 DEBUG 5960 --- [main] mao.spring_boot_log.Log                  : hello
2022-04-10 20:33:37.015  INFO 5960 --- [main] mao.spring_boot_log.Log                  : hello
2022-04-10 20:33:37.015  WARN 5960 --- [main] mao.spring_boot_log.Log                  : hello
2022-04-10 20:33:37.015 ERROR 5960 --- [main] mao.spring_boot_log.Log                  : hello
2022-04-10 20:33:37.015 DEBUG 5960 --- [main] mao.spring_boot_log.Log                  : hello
2022-04-10 20:33:37.015  INFO 5960 --- [main] mao.spring_boot_log.Log                  : hello
2022-04-10 20:33:37.015  WARN 5960 --- [main] mao.spring_boot_log.Log                  : hello
2022-04-10 20:33:37.015 ERROR 5960 --- [main] mao.spring_boot_log.Log                  : hello
2022-04-10 20:33:37.015 DEBUG 5960 --- [main] mao.spring_boot_log.Log                  : hello
2022-04-10 20:33:37.015  INFO 5960 --- [main] mao.spring_boot_log.Log                  : hello
2022-04-10 20:33:37.015  WARN 5960 --- [main] mao.spring_boot_log.Log                  : hello
2022-04-10 20:33:37.015 ERROR 5960 --- [main] mao.spring_boot_log.Log                  : hello
2022-04-10 20:33:37.015 DEBUG 5960 --- [main] mao.spring_boot_log.Log                  : hello
2022-04-10 20:33:37.015  INFO 5960 --- [main] mao.spring_boot_log.Log                  : hello
2022-04-10 20:33:37.015  WARN 5960 --- [main] mao.spring_boot_log.Log                  : hello
2022-04-10 20:33:37.015 ERROR 5960 --- [main] mao.spring_boot_log.Log                  : hello
2022-04-10 20:33:37.015 DEBUG 5960 --- [main] mao.spring_boot_log.Log                  : hello
2022-04-10 20:33:37.015  INFO 5960 --- [main] mao.spring_boot_log.Log                  : hello
2022-04-10 20:33:37.015  WARN 5960 --- [main] mao.spring_boot_log.Log                  : hello
2022-04-10 20:33:37.015 ERROR 5960 --- [main] mao.spring_boot_log.Log                  : hello
2022-04-10 20:33:37.015 DEBUG 5960 --- [main] mao.spring_boot_log.Log                  : hello
2022-04-10 20:33:37.015  INFO 5960 --- [main] mao.spring_boot_log.Log                  : hello
2022-04-10 20:33:37.015  WARN 5960 --- [main] mao.spring_boot_log.Log                  : hello
2022-04-10 20:33:37.015 ERROR 5960 --- [main] mao.spring_boot_log.Log                  : hello
2022-04-10 20:33:37.015 DEBUG 5960 --- [main] mao.spring_boot_log.Log                  : hello
2022-04-10 20:33:37.015  INFO 5960 --- [main] mao.spring_boot_log.Log                  : hello
2022-04-10 20:33:37.015  WARN 5960 --- [main] mao.spring_boot_log.Log                  : hello
2022-04-10 20:33:37.015 ERROR 5960 --- [main] mao.spring_boot_log.Log                  : hello
2022-04-10 20:33:37.015 DEBUG 5960 --- [main] mao.spring_boot_log.Log                  : hello
2022-04-10 20:33:37.016  INFO 5960 --- [main] mao.spring_boot_log.Log                  : hello
2022-04-10 20:33:37.016  WARN 5960 --- [main] mao.spring_boot_log.Log                  : hello
2022-04-10 20:33:37.016 ERROR 5960 --- [main] mao.spring_boot_log.Log                  : hello
2022-04-10 20:33:37.016 DEBUG 5960 --- [main] mao.spring_boot_log.Log                  : hello
2022-04-10 20:33:37.016  INFO 5960 --- [main] mao.spring_boot_log.Log                  : hello
2022-04-10 20:33:37.016  WARN 5960 --- [main] mao.spring_boot_log.Log                  : hello
2022-04-10 20:33:37.016 ERROR 5960 --- [main] mao.spring_boot_log.Log                  : hello
2022-04-10 20:33:37.016 DEBUG 5960 --- [main] mao.spring_boot_log.Log                  : hello
2022-04-10 20:33:37.016  INFO 5960 --- [main] mao.spring_boot_log.Log                  : hello
2022-04-10 20:33:37.016  WARN 5960 --- [main] mao.spring_boot_log.Log                  : hello
2022-04-10 20:33:37.016 ERROR 5960 --- [main] mao.spring_boot_log.Log                  : hello
2022-04-10 20:33:37.016 DEBUG 5960 --- [main] mao.spring_boot_log.Log                  : hello
2022-04-10 20:33:37.016  INFO 5960 --- [main] mao.spring_boot_log.Log                  : hello
2022-04-10 20:33:37.016  WARN 5960 --- [main] mao.spring_boot_log.Log                  : hello
2022-04-10 20:33:37.016 ERROR 5960 --- [main] mao.spring_boot_log.Log                  : hello
2022-04-10 20:33:37.016 DEBUG 5960 --- [main] mao.spring_boot_log.Log                  : hello
2022-04-10 20:33:37.016  INFO 5960 --- [main] mao.spring_boot_log.Log                  : hello
2022-04-10 20:33:37.016  WARN 5960 --- [main] mao.spring_boot_log.Log                  : hello
2022-04-10 20:33:37.016 ERROR 5960 --- [main] mao.spring_boot_log.Log                  : hello
2022-04-10 20:33:37.016 DEBUG 5960 --- [main] mao.spring_boot_log.Log                  : hello
2022-04-10 20:33:37.016  INFO 5960 --- [main] mao.spring_boot_log.Log                  : hello
2022-04-10 20:33:37.016  WARN 5960 --- [main] mao.spring_boot_log.Log                  : hello
2022-04-10 20:33:37.016 ERROR 5960 --- [main] mao.spring_boot_log.Log                  : hello
2022-04-10 20:33:37.016 DEBUG 5960 --- [main] mao.spring_boot_log.Log                  : hello
2022-04-10 20:33:37.016  INFO 5960 --- [main] mao.spring_boot_log.Log                  : hello
2022-04-10 20:33:37.016  WARN 5960 --- [main] mao.spring_boot_log.Log                  : hello
2022-04-10 20:33:37.016 ERROR 5960 --- [main] mao.spring_boot_log.Log                  : hello
2022-04-10 20:33:37.016 DEBUG 5960 --- [main] mao.spring_boot_log.Log                  : hello
2022-04-10 20:33:37.016  INFO 5960 --- [main] mao.spring_boot_log.Log                  : hello
2022-04-10 20:33:37.016  WARN 5960 --- [main] mao.spring_boot_log.Log                  : hello
2022-04-10 20:33:37.016 ERROR 5960 --- [main] mao.spring_boot_log.Log                  : hello
2022-04-10 20:33:37.016 DEBUG 5960 --- [main] mao.spring_boot_log.Log                  : hello
2022-04-10 20:33:37.016  INFO 5960 --- [main] mao.spring_boot_log.Log                  : hello
2022-04-10 20:33:37.016  WARN 5960 --- [main] mao.spring_boot_log.Log                  : hello
2022-04-10 20:33:37.016 ERROR 5960 --- [main] mao.spring_boot_log.Log                  : hello
2022-04-10 20:33:37.016 DEBUG 5960 --- [main] mao.spring_boot_log.Log                  : hello
2022-04-10 20:33:37.016  INFO 5960 --- [main] mao.spring_boot_log.Log                  : hello
2022-04-10 20:33:37.016  WARN 5960 --- [main] mao.spring_boot_log.Log                  : hello
2022-04-10 20:33:37.016 ERROR 5960 --- [main] mao.spring_boot_log.Log                  : hello
2022-04-10 20:33:37.016 DEBUG 5960 --- [main] mao.spring_boot_log.Log                  : hello
2022-04-10 20:33:37.016  INFO 5960 --- [main] mao.spring_boot_log.Log                  : hello
2022-04-10 20:33:37.016  WARN 5960 --- [main] mao.spring_boot_log.Log                  : hello
2022-04-10 20:33:37.016 ERROR 5960 --- [main] mao.spring_boot_log.Log                  : hello
2022-04-10 20:33:37.016 DEBUG 5960 --- [main] mao.spring_boot_log.Log                  : hello
2022-04-10 20:33:37.016  INFO 5960 --- [main] mao.spring_boot_log.Log                  : hello
2022-04-10 20:33:37.017  WARN 5960 --- [main] mao.spring_boot_log.Log                  : hello
2022-04-10 20:33:37.017 ERROR 5960 --- [main] mao.spring_boot_log.Log                  : hello
2022-04-10 20:33:37.017 DEBUG 5960 --- [main] mao.spring_boot_log.Log                  : hello
2022-04-10 20:33:37.017  INFO 5960 --- [main] mao.spring_boot_log.Log                  : hello
2022-04-10 20:33:37.017  WARN 5960 --- [main] mao.spring_boot_log.Log                  : hello
2022-04-10 20:33:37.017 ERROR 5960 --- [main] mao.spring_boot_log.Log                  : hello
2022-04-10 20:33:37.017 DEBUG 5960 --- [main] mao.spring_boot_log.Log                  : hello
2022-04-10 20:33:37.017  INFO 5960 --- [main] mao.spring_boot_log.Log                  : hello
2022-04-10 20:33:37.017  WARN 5960 --- [main] mao.spring_boot_log.Log                  : hello
2022-04-10 20:33:37.017 ERROR 5960 --- [main] mao.spring_boot_log.Log                  : hello
2022-04-10 20:33:37.017 DEBUG 5960 --- [main] mao.spring_boot_log.Log                  : hello
2022-04-10 20:33:37.017  INFO 5960 --- [main] mao.spring_boot_log.Log                  : hello
2022-04-10 20:33:37.017  WARN 5960 --- [main] mao.spring_boot_log.Log                  : hello
2022-04-10 20:33:37.017 ERROR 5960 --- [main] mao.spring_boot_log.Log                  : hello
2022-04-10 20:33:37.017 DEBUG 5960 --- [main] mao.spring_boot_log.Log                  : hello
2022-04-10 20:33:37.017  INFO 5960 --- [main] mao.spring_boot_log.Log                  : hello
2022-04-10 20:33:37.017  WARN 5960 --- [main] mao.spring_boot_log.Log                  : hello
2022-04-10 20:33:37.017 ERROR 5960 --- [main] mao.spring_boot_log.Log                  : hello
2022-04-10 20:33:37.017 DEBUG 5960 --- [main] mao.spring_boot_log.Log                  : hello
2022-04-10 20:33:37.017  INFO 5960 --- [main] mao.spring_boot_log.Log                  : hello
2022-04-10 20:33:37.017  WARN 5960 --- [main] mao.spring_boot_log.Log                  : hello
2022-04-10 20:33:37.017 ERROR 5960 --- [main] mao.spring_boot_log.Log                  : hello
2022-04-10 20:33:37.017 DEBUG 5960 --- [main] mao.spring_boot_log.Log                  : hello
2022-04-10 20:33:37.017  INFO 5960 --- [main] mao.spring_boot_log.Log                  : hello
2022-04-10 20:33:37.017  WARN 5960 --- [main] mao.spring_boot_log.Log                  : hello
2022-04-10 20:33:37.017 ERROR 5960 --- [main] mao.spring_boot_log.Log                  : hello
2022-04-10 20:33:37.017 DEBUG 5960 --- [main] mao.spring_boot_log.Log                  : hello
2022-04-10 20:33:37.018  INFO 5960 --- [main] mao.spring_boot_log.Log                  : hello
2022-04-10 20:33:37.018  WARN 5960 --- [main] mao.spring_boot_log.Log                  : hello
2022-04-10 20:33:37.018 ERROR 5960 --- [main] mao.spring_boot_log.Log                  : hello
2022-04-10 20:33:37.018 DEBUG 5960 --- [main] mao.spring_boot_log.Log                  : hello
2022-04-10 20:33:37.018  INFO 5960 --- [main] mao.spring_boot_log.Log                  : hello
2022-04-10 20:33:37.018  WARN 5960 --- [main] mao.spring_boot_log.Log                  : hello
2022-04-10 20:33:37.018 ERROR 5960 --- [main] mao.spring_boot_log.Log                  : hello
2022-04-10 20:33:37.018 DEBUG 5960 --- [main] mao.spring_boot_log.Log                  : hello
2022-04-10 20:33:37.018  INFO 5960 --- [main] mao.spring_boot_log.Log                  : hello
2022-04-10 20:33:37.018  WARN 5960 --- [main] mao.spring_boot_log.Log                  : hello
2022-04-10 20:33:37.018 ERROR 5960 --- [main] mao.spring_boot_log.Log                  : hello
2022-04-10 20:33:37.018 DEBUG 5960 --- [main] mao.spring_boot_log.Log                  : hello
2022-04-10 20:33:37.018  INFO 5960 --- [main] mao.spring_boot_log.Log                  : hello
2022-04-10 20:33:37.018  WARN 5960 --- [main] mao.spring_boot_log.Log                  : hello
2022-04-10 20:33:37.018 ERROR 5960 --- [main] mao.spring_boot_log.Log                  : hello
2022-04-10 20:33:37.018 DEBUG 5960 --- [main] mao.spring_boot_log.Log                  : hello
2022-04-10 20:33:37.018  INFO 5960 --- [main] mao.spring_boot_log.Log                  : hello
2022-04-10 20:33:37.018  WARN 5960 --- [main] mao.spring_boot_log.Log                  : hello
2022-04-10 20:33:37.018 ERROR 5960 --- [main] mao.spring_boot_log.Log                  : hello
2022-04-10 20:33:37.018 DEBUG 5960 --- [main] mao.spring_boot_log.Log                  : hello
2022-04-10 20:33:37.018  INFO 5960 --- [main] mao.spring_boot_log.Log                  : hello
2022-04-10 20:33:37.018  WARN 5960 --- [main] mao.spring_boot_log.Log                  : hello
2022-04-10 20:33:37.018 ERROR 5960 --- [main] mao.spring_boot_log.Log                  : hello
2022-04-10 20:33:37.018 DEBUG 5960 --- [main] mao.spring_boot_log.Log                  : hello
2022-04-10 20:33:37.018  INFO 5960 --- [main] mao.spring_boot_log.Log                  : hello
2022-04-10 20:33:37.018  WARN 5960 --- [main] mao.spring_boot_log.Log                  : hello
2022-04-10 20:33:37.018 ERROR 5960 --- [main] mao.spring_boot_log.Log                  : hello
2022-04-10 20:33:37.018 DEBUG 5960 --- [main] mao.spring_boot_log.Log                  : hello
2022-04-10 20:33:37.018  INFO 5960 --- [main] mao.spring_boot_log.Log                  : hello
2022-04-10 20:33:37.018  WARN 5960 --- [main] mao.spring_boot_log.Log                  : hello
2022-04-10 20:33:37.018 ERROR 5960 --- [main] mao.spring_boot_log.Log                  : hello
2022-04-10 20:33:37.018 DEBUG 5960 --- [main] mao.spring_boot_log.Log                  : hello
2022-04-10 20:33:37.018  INFO 5960 --- [main] mao.spring_boot_log.Log                  : hello
2022-04-10 20:33:37.018  WARN 5960 --- [main] mao.spring_boot_log.Log                  : hello
2022-04-10 20:33:37.018 ERROR 5960 --- [main] mao.spring_boot_log.Log                  : hello
2022-04-10 20:33:37.019 DEBUG 5960 --- [main] mao.spring_boot_log.Log                  : hello
2022-04-10 20:33:37.019  INFO 5960 --- [main] mao.spring_boot_log.Log                  : hello
2022-04-10 20:33:37.019  WARN 5960 --- [main] mao.spring_boot_log.Log                  : hello
2022-04-10 20:33:37.019 ERROR 5960 --- [main] mao.spring_boot_log.Log                  : hello
2022-04-10 20:33:37.019 DEBUG 5960 --- [main] mao.spring_boot_log.Log                  : hello
2022-04-10 20:33:37.019  INFO 5960 --- [main] mao.spring_boot_log.Log                  : hello
2022-04-10 20:33:37.019  WARN 5960 --- [main] mao.spring_boot_log.Log                  : hello
2022-04-10 20:33:37.019 ERROR 5960 --- [main] mao.spring_boot_log.Log                  : hello
2022-04-10 20:33:37.019 DEBUG 5960 --- [main] mao.spring_boot_log.Log                  : hello
2022-04-10 20:33:37.019  INFO 5960 --- [main] mao.spring_boot_log.Log                  : hello
2022-04-10 20:33:37.019  WARN 5960 --- [main] mao.spring_boot_log.Log                  : hello
2022-04-10 20:33:37.019 ERROR 5960 --- [main] mao.spring_boot_log.Log                  : hello
2022-04-10 20:33:37.019 DEBUG 5960 --- [main] mao.spring_boot_log.Log                  : hello
2022-04-10 20:33:37.019  INFO 5960 --- [main] mao.spring_boot_log.Log                  : hello
2022-04-10 20:33:37.019  WARN 5960 --- [main] mao.spring_boot_log.Log                  : hello
2022-04-10 20:33:37.019 ERROR 5960 --- [main] mao.spring_boot_log.Log                  : hello
2022-04-10 20:33:37.019 DEBUG 5960 --- [main] mao.spring_boot_log.Log                  : hello
2022-04-10 20:33:37.019  INFO 5960 --- [main] mao.spring_boot_log.Log                  : hello
2022-04-10 20:33:37.019  WARN 5960 --- [main] mao.spring_boot_log.Log                  : hello
2022-04-10 20:33:37.019 ERROR 5960 --- [main] mao.spring_boot_log.Log                  : hello
2022-04-10 20:33:37.019 DEBUG 5960 --- [main] mao.spring_boot_log.Log                  : hello
2022-04-10 20:33:37.019  INFO 5960 --- [main] mao.spring_boot_log.Log                  : hello
2022-04-10 20:33:37.019  WARN 5960 --- [main] mao.spring_boot_log.Log                  : hello
2022-04-10 20:33:37.019 ERROR 5960 --- [main] mao.spring_boot_log.Log                  : hello
2022-04-10 20:33:37.019 DEBUG 5960 --- [main] mao.spring_boot_log.Log                  : hello
2022-04-10 20:33:37.019  INFO 5960 --- [main] mao.spring_boot_log.Log                  : hello
2022-04-10 20:33:37.019  WARN 5960 --- [main] mao.spring_boot_log.Log                  : hello
2022-04-10 20:33:37.019 ERROR 5960 --- [main] mao.spring_boot_log.Log                  : hello
2022-04-10 20:33:37.019 DEBUG 5960 --- [main] mao.spring_boot_log.Log                  : hello
2022-04-10 20:33:37.019  INFO 5960 --- [main] mao.spring_boot_log.Log                  : hello
2022-04-10 20:33:37.020  WARN 5960 --- [main] mao.spring_boot_log.Log                  : hello
2022-04-10 20:33:37.020 ERROR 5960 --- [main] mao.spring_boot_log.Log                  : hello
2022-04-10 20:33:37.020 DEBUG 5960 --- [main] mao.spring_boot_log.Log                  : hello
2022-04-10 20:33:37.020  INFO 5960 --- [main] mao.spring_boot_log.Log                  : hello
2022-04-10 20:33:37.020  WARN 5960 --- [main] mao.spring_boot_log.Log                  : hello
2022-04-10 20:33:37.020 ERROR 5960 --- [main] mao.spring_boot_log.Log                  : hello
2022-04-10 20:33:37.020 DEBUG 5960 --- [main] mao.spring_boot_log.Log                  : hello
2022-04-10 20:33:37.020  INFO 5960 --- [main] mao.spring_boot_log.Log                  : hello
2022-04-10 20:33:37.020  WARN 5960 --- [main] mao.spring_boot_log.Log                  : hello
2022-04-10 20:33:37.020 ERROR 5960 --- [main] mao.spring_boot_log.Log                  : hello
2022-04-10 20:33:37.020 DEBUG 5960 --- [main] mao.spring_boot_log.Log                  : hello
2022-04-10 20:33:37.020  INFO 5960 --- [main] mao.spring_boot_log.Log                  : hello
2022-04-10 20:33:37.020  WARN 5960 --- [main] mao.spring_boot_log.Log                  : hello
2022-04-10 20:33:37.020 ERROR 5960 --- [main] mao.spring_boot_log.Log                  : hello
2022-04-10 20:33:37.020 DEBUG 5960 --- [main] mao.spring_boot_log.Log                  : hello
2022-04-10 20:33:37.020  INFO 5960 --- [main] mao.spring_boot_log.Log                  : hello
2022-04-10 20:33:37.020  WARN 5960 --- [main] mao.spring_boot_log.Log                  : hello
2022-04-10 20:33:37.020 ERROR 5960 --- [main] mao.spring_boot_log.Log                  : hello
2022-04-10 20:33:37.020 DEBUG 5960 --- [main] mao.spring_boot_log.Log                  : hello
2022-04-10 20:33:37.020  INFO 5960 --- [main] mao.spring_boot_log.Log                  : hello
2022-04-10 20:33:37.020  WARN 5960 --- [main] mao.spring_boot_log.Log                  : hello
2022-04-10 20:33:37.020 ERROR 5960 --- [main] mao.spring_boot_log.Log                  : hello
2022-04-10 20:33:37.020 DEBUG 5960 --- [main] mao.spring_boot_log.Log                  : hello
2022-04-10 20:33:37.020  INFO 5960 --- [main] mao.spring_boot_log.Log                  : hello
2022-04-10 20:33:37.020  WARN 5960 --- [main] mao.spring_boot_log.Log                  : hello
2022-04-10 20:33:37.020 ERROR 5960 --- [main] mao.spring_boot_log.Log                  : hello
2022-04-10 20:33:37.020 DEBUG 5960 --- [main] mao.spring_boot_log.Log                  : hello
2022-04-10 20:33:37.020  INFO 5960 --- [main] mao.spring_boot_log.Log                  : hello
2022-04-10 20:33:37.020  WARN 5960 --- [main] mao.spring_boot_log.Log                  : hello
2022-04-10 20:33:37.020 ERROR 5960 --- [main] mao.spring_boot_log.Log                  : hello
2022-04-10 20:33:37.020 DEBUG 5960 --- [main] mao.spring_boot_log.Log                  : hello
2022-04-10 20:33:37.020  INFO 5960 --- [main] mao.spring_boot_log.Log                  : hello
2022-04-10 20:33:37.020  WARN 5960 --- [main] mao.spring_boot_log.Log                  : hello
2022-04-10 20:33:37.020 ERROR 5960 --- [main] mao.spring_boot_log.Log                  : hello
2022-04-10 20:33:37.020 DEBUG 5960 --- [main] mao.spring_boot_log.Log                  : hello
2022-04-10 20:33:37.020  INFO 5960 --- [main] mao.spring_boot_log.Log                  : hello
2022-04-10 20:33:37.021  WARN 5960 --- [main] mao.spring_boot_log.Log                  : hello
2022-04-10 20:33:37.021 ERROR 5960 --- [main] mao.spring_boot_log.Log                  : hello
2022-04-10 20:33:37.021 DEBUG 5960 --- [main] mao.spring_boot_log.Log                  : hello
2022-04-10 20:33:37.021  INFO 5960 --- [main] mao.spring_boot_log.Log                  : hello
2022-04-10 20:33:37.021  WARN 5960 --- [main] mao.spring_boot_log.Log                  : hello
2022-04-10 20:33:37.021 ERROR 5960 --- [main] mao.spring_boot_log.Log                  : hello
2022-04-10 20:33:37.021 DEBUG 5960 --- [main] mao.spring_boot_log.Log                  : hello
2022-04-10 20:33:37.021  INFO 5960 --- [main] mao.spring_boot_log.Log                  : hello
2022-04-10 20:33:37.021  WARN 5960 --- [main] mao.spring_boot_log.Log                  : hello
2022-04-10 20:33:37.021 ERROR 5960 --- [main] mao.spring_boot_log.Log                  : hello
2022-04-10 20:33:37.021 DEBUG 5960 --- [main] mao.spring_boot_log.Log                  : hello
2022-04-10 20:33:37.021  INFO 5960 --- [main] mao.spring_boot_log.Log                  : hello
2022-04-10 20:33:37.021  WARN 5960 --- [main] mao.spring_boot_log.Log                  : hello
2022-04-10 20:33:37.021 ERROR 5960 --- [main] mao.spring_boot_log.Log                  : hello
2022-04-10 20:33:37.021 DEBUG 5960 --- [main] mao.spring_boot_log.Log                  : hello
2022-04-10 20:33:37.021  INFO 5960 --- [main] mao.spring_boot_log.Log                  : hello
2022-04-10 20:33:37.021  WARN 5960 --- [main] mao.spring_boot_log.Log                  : hello
2022-04-10 20:33:37.021 ERROR 5960 --- [main] mao.spring_boot_log.Log                  : hello
2022-04-10 20:33:37.021 DEBUG 5960 --- [main] mao.spring_boot_log.Log                  : hello
2022-04-10 20:33:37.021  INFO 5960 --- [main] mao.spring_boot_log.Log                  : hello
2022-04-10 20:33:37.021  WARN 5960 --- [main] mao.spring_boot_log.Log                  : hello
2022-04-10 20:33:37.021 ERROR 5960 --- [main] mao.spring_boot_log.Log                  : hello
2022-04-10 20:33:37.021 DEBUG 5960 --- [main] mao.spring_boot_log.Log                  : hello
2022-04-10 20:33:37.021  INFO 5960 --- [main] mao.spring_boot_log.Log                  : hello
2022-04-10 20:33:37.021  WARN 5960 --- [main] mao.spring_boot_log.Log                  : hello
2022-04-10 20:33:37.021 ERROR 5960 --- [main] mao.spring_boot_log.Log                  : hello
2022-04-10 20:33:37.021 DEBUG 5960 --- [main] mao.spring_boot_log.Log                  : hello
2022-04-10 20:33:37.021  INFO 5960 --- [main] mao.spring_boot_log.Log                  : hello
2022-04-10 20:33:37.021  WARN 5960 --- [main] mao.spring_boot_log.Log                  : hello
2022-04-10 20:33:37.021 ERROR 5960 --- [main] mao.spring_boot_log.Log                  : hello
2022-04-10 20:33:37.022 DEBUG 5960 --- [main] mao.spring_boot_log.Log                  : hello
2022-04-10 20:33:37.022  INFO 5960 --- [main] mao.spring_boot_log.Log                  : hello
2022-04-10 20:33:37.022  WARN 5960 --- [main] mao.spring_boot_log.Log                  : hello
2022-04-10 20:33:37.022 ERROR 5960 --- [main] mao.spring_boot_log.Log                  : hello
2022-04-10 20:33:37.022 DEBUG 5960 --- [main] mao.spring_boot_log.Log                  : hello
2022-04-10 20:33:37.022  INFO 5960 --- [main] mao.spring_boot_log.Log                  : hello
2022-04-10 20:33:37.022  WARN 5960 --- [main] mao.spring_boot_log.Log                  : hello
2022-04-10 20:33:37.022 ERROR 5960 --- [main] mao.spring_boot_log.Log                  : hello
2022-04-10 20:33:37.022 DEBUG 5960 --- [main] mao.spring_boot_log.Log                  : hello
2022-04-10 20:33:37.022  INFO 5960 --- [main] mao.spring_boot_log.Log                  : hello
2022-04-10 20:33:37.022  WARN 5960 --- [main] mao.spring_boot_log.Log                  : hello
2022-04-10 20:33:37.022 ERROR 5960 --- [main] mao.spring_boot_log.Log                  : hello
2022-04-10 20:33:37.022 DEBUG 5960 --- [main] mao.spring_boot_log.Log                  : hello
2022-04-10 20:33:37.022  INFO 5960 --- [main] mao.spring_boot_log.Log                  : hello
2022-04-10 20:33:37.022  WARN 5960 --- [main] mao.spring_boot_log.Log                  : hello
2022-04-10 20:33:37.022 ERROR 5960 --- [main] mao.spring_boot_log.Log                  : hello
2022-04-10 20:33:37.022 DEBUG 5960 --- [main] mao.spring_boot_log.Log                  : hello
2022-04-10 20:33:37.022  INFO 5960 --- [main] mao.spring_boot_log.Log                  : hello
2022-04-10 20:33:37.022  WARN 5960 --- [main] mao.spring_boot_log.Log                  : hello
2022-04-10 20:33:37.022 ERROR 5960 --- [main] mao.spring_boot_log.Log                  : hello
2022-04-10 20:33:37.022 DEBUG 5960 --- [main] mao.spring_boot_log.Log                  : hello
2022-04-10 20:33:37.022  INFO 5960 --- [main] mao.spring_boot_log.Log                  : hello
2022-04-10 20:33:37.022  WARN 5960 --- [main] mao.spring_boot_log.Log                  : hello
2022-04-10 20:33:37.022 ERROR 5960 --- [main] mao.spring_boot_log.Log                  : hello
2022-04-10 20:33:37.022 DEBUG 5960 --- [main] mao.spring_boot_log.Log                  : hello
2022-04-10 20:33:37.022  INFO 5960 --- [main] mao.spring_boot_log.Log                  : hello
2022-04-10 20:33:37.022  WARN 5960 --- [main] mao.spring_boot_log.Log                  : hello
2022-04-10 20:33:37.022 ERROR 5960 --- [main] mao.spring_boot_log.Log                  : hello
2022-04-10 20:33:37.022 DEBUG 5960 --- [main] mao.spring_boot_log.Log                  : hello
2022-04-10 20:33:37.022  INFO 5960 --- [main] mao.spring_boot_log.Log                  : hello
2022-04-10 20:33:37.022  WARN 5960 --- [main] mao.spring_boot_log.Log                  : hello
2022-04-10 20:33:37.022 ERROR 5960 --- [main] mao.spring_boot_log.Log                  : hello
2022-04-10 20:33:37.022 DEBUG 5960 --- [main] mao.spring_boot_log.Log                  : hello
2022-04-10 20:33:37.022  INFO 5960 --- [main] mao.spring_boot_log.Log                  : hello
2022-04-10 20:33:37.023  WARN 5960 --- [main] mao.spring_boot_log.Log                  : hello
2022-04-10 20:33:37.023 ERROR 5960 --- [main] mao.spring_boot_log.Log                  : hello
2022-04-10 20:33:37.023 DEBUG 5960 --- [main] mao.spring_boot_log.Log                  : hello
2022-04-10 20:33:37.023  INFO 5960 --- [main] mao.spring_boot_log.Log                  : hello
2022-04-10 20:33:37.023  WARN 5960 --- [main] mao.spring_boot_log.Log                  : hello
2022-04-10 20:33:37.023 ERROR 5960 --- [main] mao.spring_boot_log.Log                  : hello
2022-04-10 20:33:37.023 DEBUG 5960 --- [main] mao.spring_boot_log.Log                  : hello
2022-04-10 20:33:37.023  INFO 5960 --- [main] mao.spring_boot_log.Log                  : hello
2022-04-10 20:33:37.023  WARN 5960 --- [main] mao.spring_boot_log.Log                  : hello
2022-04-10 20:33:37.023 ERROR 5960 --- [main] mao.spring_boot_log.Log                  : hello
2022-04-10 20:33:37.023 DEBUG 5960 --- [main] mao.spring_boot_log.Log                  : hello
2022-04-10 20:33:37.023  INFO 5960 --- [main] mao.spring_boot_log.Log                  : hello
2022-04-10 20:33:37.023  WARN 5960 --- [main] mao.spring_boot_log.Log                  : hello
2022-04-10 20:33:37.023 ERROR 5960 --- [main] mao.spring_boot_log.Log                  : hello
2022-04-10 20:33:37.023 DEBUG 5960 --- [main] mao.spring_boot_log.Log                  : hello
2022-04-10 20:33:37.023  INFO 5960 --- [main] mao.spring_boot_log.Log                  : hello
2022-04-10 20:33:37.023  WARN 5960 --- [main] mao.spring_boot_log.Log                  : hello
2022-04-10 20:33:37.023 ERROR 5960 --- [main] mao.spring_boot_log.Log                  : hello
2022-04-10 20:33:37.023 DEBUG 5960 --- [main] mao.spring_boot_log.Log                  : hello
2022-04-10 20:33:37.023  INFO 5960 --- [main] mao.spring_boot_log.Log                  : hello
2022-04-10 20:33:37.023  WARN 5960 --- [main] mao.spring_boot_log.Log                  : hello
2022-04-10 20:33:37.023 ERROR 5960 --- [main] mao.spring_boot_log.Log                  : hello
2022-04-10 20:33:37.023 DEBUG 5960 --- [main] mao.spring_boot_log.Log                  : hello
2022-04-10 20:33:37.023  INFO 5960 --- [main] mao.spring_boot_log.Log                  : hello
2022-04-10 20:33:37.023  WARN 5960 --- [main] mao.spring_boot_log.Log                  : hello
2022-04-10 20:33:37.023 ERROR 5960 --- [main] mao.spring_boot_log.Log                  : hello
2022-04-10 20:33:37.023 DEBUG 5960 --- [main] mao.spring_boot_log.Log                  : hello
2022-04-10 20:33:37.023  INFO 5960 --- [main] mao.spring_boot_log.Log                  : hello
2022-04-10 20:33:37.023  WARN 5960 --- [main] mao.spring_boot_log.Log                  : hello
2022-04-10 20:33:37.024 ERROR 5960 --- [main] mao.spring_boot_log.Log                  : hello
2022-04-10 20:33:37.024 DEBUG 5960 --- [main] mao.spring_boot_log.Log                  : hello
2022-04-10 20:33:37.024  INFO 5960 --- [main] mao.spring_boot_log.Log                  : hello
2022-04-10 20:33:37.024  WARN 5960 --- [main] mao.spring_boot_log.Log                  : hello
2022-04-10 20:33:37.024 ERROR 5960 --- [main] mao.spring_boot_log.Log                  : hello
2022-04-10 20:33:37.024 DEBUG 5960 --- [main] mao.spring_boot_log.Log                  : hello
2022-04-10 20:33:37.024  INFO 5960 --- [main] mao.spring_boot_log.Log                  : hello
2022-04-10 20:33:37.024  WARN 5960 --- [main] mao.spring_boot_log.Log                  : hello
2022-04-10 20:33:37.024 ERROR 5960 --- [main] mao.spring_boot_log.Log                  : hello
2022-04-10 20:33:37.024 DEBUG 5960 --- [main] mao.spring_boot_log.Log                  : hello
2022-04-10 20:33:37.024  INFO 5960 --- [main] mao.spring_boot_log.Log                  : hello
2022-04-10 20:33:37.024  WARN 5960 --- [main] mao.spring_boot_log.Log                  : hello
2022-04-10 20:33:37.024 ERROR 5960 --- [main] mao.spring_boot_log.Log                  : hello
2022-04-10 20:33:37.024 DEBUG 5960 --- [main] mao.spring_boot_log.Log                  : hello
2022-04-10 20:33:37.024  INFO 5960 --- [main] mao.spring_boot_log.Log                  : hello
2022-04-10 20:33:37.024  WARN 5960 --- [main] mao.spring_boot_log.Log                  : hello
2022-04-10 20:33:37.024 ERROR 5960 --- [main] mao.spring_boot_log.Log                  : hello
2022-04-10 20:33:37.024 DEBUG 5960 --- [main] mao.spring_boot_log.Log                  : hello
2022-04-10 20:33:37.024  INFO 5960 --- [main] mao.spring_boot_log.Log                  : hello
2022-04-10 20:33:37.024  WARN 5960 --- [main] mao.spring_boot_log.Log                  : hello
2022-04-10 20:33:37.024 ERROR 5960 --- [main] mao.spring_boot_log.Log                  : hello
2022-04-10 20:33:37.024 DEBUG 5960 --- [main] mao.spring_boot_log.Log                  : hello
2022-04-10 20:33:37.024  INFO 5960 --- [main] mao.spring_boot_log.Log                  : hello
2022-04-10 20:33:37.024  WARN 5960 --- [main] mao.spring_boot_log.Log                  : hello
2022-04-10 20:33:37.024 ERROR 5960 --- [main] mao.spring_boot_log.Log                  : hello
2022-04-10 20:33:37.024 DEBUG 5960 --- [main] mao.spring_boot_log.Log                  : hello
2022-04-10 20:33:37.024  INFO 5960 --- [main] mao.spring_boot_log.Log                  : hello
2022-04-10 20:33:37.024  WARN 5960 --- [main] mao.spring_boot_log.Log                  : hello
2022-04-10 20:33:37.024 ERROR 5960 --- [main] mao.spring_boot_log.Log                  : hello
2022-04-10 20:33:37.024 DEBUG 5960 --- [main] mao.spring_boot_log.Log                  : hello
2022-04-10 20:33:37.024  INFO 5960 --- [main] mao.spring_boot_log.Log                  : hello
2022-04-10 20:33:37.024  WARN 5960 --- [main] mao.spring_boot_log.Log                  : hello
2022-04-10 20:33:37.025 ERROR 5960 --- [main] mao.spring_boot_log.Log                  : hello
2022-04-10 20:33:37.025 DEBUG 5960 --- [main] mao.spring_boot_log.Log                  : hello
2022-04-10 20:33:37.025  INFO 5960 --- [main] mao.spring_boot_log.Log                  : hello
2022-04-10 20:33:37.025  WARN 5960 --- [main] mao.spring_boot_log.Log                  : hello
2022-04-10 20:33:37.025 ERROR 5960 --- [main] mao.spring_boot_log.Log                  : hello
2022-04-10 20:33:37.025 DEBUG 5960 --- [main] mao.spring_boot_log.Log                  : hello
2022-04-10 20:33:37.025  INFO 5960 --- [main] mao.spring_boot_log.Log                  : hello
2022-04-10 20:33:37.025  WARN 5960 --- [main] mao.spring_boot_log.Log                  : hello
2022-04-10 20:33:37.025 ERROR 5960 --- [main] mao.spring_boot_log.Log                  : hello
2022-04-10 20:33:37.025 DEBUG 5960 --- [main] mao.spring_boot_log.Log                  : hello
2022-04-10 20:33:37.025  INFO 5960 --- [main] mao.spring_boot_log.Log                  : hello
2022-04-10 20:33:37.025  WARN 5960 --- [main] mao.spring_boot_log.Log                  : hello
2022-04-10 20:33:37.025 ERROR 5960 --- [main] mao.spring_boot_log.Log                  : hello
2022-04-10 20:33:37.025 DEBUG 5960 --- [main] mao.spring_boot_log.Log                  : hello
2022-04-10 20:33:37.025  INFO 5960 --- [main] mao.spring_boot_log.Log                  : hello
2022-04-10 20:33:37.025  WARN 5960 --- [main] mao.spring_boot_log.Log                  : hello
2022-04-10 20:33:37.025 ERROR 5960 --- [main] mao.spring_boot_log.Log                  : hello
2022-04-10 20:33:37.025 DEBUG 5960 --- [main] mao.spring_boot_log.Log                  : hello
2022-04-10 20:33:37.025  INFO 5960 --- [main] mao.spring_boot_log.Log                  : hello
2022-04-10 20:33:37.025  WARN 5960 --- [main] mao.spring_boot_log.Log                  : hello
2022-04-10 20:33:37.025 ERROR 5960 --- [main] mao.spring_boot_log.Log                  : hello
2022-04-10 20:33:37.025 DEBUG 5960 --- [main] mao.spring_boot_log.Log                  : hello
2022-04-10 20:33:37.025  INFO 5960 --- [main] mao.spring_boot_log.Log                  : hello
2022-04-10 20:33:37.025  WARN 5960 --- [main] mao.spring_boot_log.Log                  : hello
2022-04-10 20:33:37.025 ERROR 5960 --- [main] mao.spring_boot_log.Log                  : hello
2022-04-10 20:33:37.025 DEBUG 5960 --- [main] mao.spring_boot_log.Log                  : hello
2022-04-10 20:33:37.025  INFO 5960 --- [main] mao.spring_boot_log.Log                  : hello
2022-04-10 20:33:37.025  WARN 5960 --- [main] mao.spring_boot_log.Log                  : hello
2022-04-10 20:33:37.025 ERROR 5960 --- [main] mao.spring_boot_log.Log                  : hello
2022-04-10 20:33:37.025 DEBUG 5960 --- [main] mao.spring_boot_log.Log                  : hello
2022-04-10 20:33:37.025  INFO 5960 --- [main] mao.spring_boot_log.Log                  : hello
2022-04-10 20:33:37.025  WARN 5960 --- [main] mao.spring_boot_log.Log                  : hello
2022-04-10 20:33:37.025 ERROR 5960 --- [main] mao.spring_boot_log.Log                  : hello
2022-04-10 20:33:37.025 DEBUG 5960 --- [main] mao.spring_boot_log.Log                  : hello
2022-04-10 20:33:37.025  INFO 5960 --- [main] mao.spring_boot_log.Log                  : hello
2022-04-10 20:33:37.025  WARN 5960 --- [main] mao.spring_boot_log.Log                  : hello
2022-04-10 20:33:37.025 ERROR 5960 --- [main] mao.spring_boot_log.Log                  : hello
2022-04-10 20:33:37.025 DEBUG 5960 --- [main] mao.spring_boot_log.Log                  : hello
2022-04-10 20:33:37.025  INFO 5960 --- [main] mao.spring_boot_log.Log                  : hello
2022-04-10 20:33:37.025  WARN 5960 --- [main] mao.spring_boot_log.Log                  : hello
2022-04-10 20:33:37.025 ERROR 5960 --- [main] mao.spring_boot_log.Log                  : hello
2022-04-10 20:33:37.025 DEBUG 5960 --- [main] mao.spring_boot_log.Log                  : hello
2022-04-10 20:33:37.025  INFO 5960 --- [main] mao.spring_boot_log.Log                  : hello
2022-04-10 20:33:37.025  WARN 5960 --- [main] mao.spring_boot_log.Log                  : hello
2022-04-10 20:33:37.025 ERROR 5960 --- [main] mao.spring_boot_log.Log                  : hello
2022-04-10 20:33:37.026 DEBUG 5960 --- [main] mao.spring_boot_log.Log                  : hello
2022-04-10 20:33:37.026  INFO 5960 --- [main] mao.spring_boot_log.Log                  : hello
2022-04-10 20:33:37.026  WARN 5960 --- [main] mao.spring_boot_log.Log                  : hello
2022-04-10 20:33:37.026 ERROR 5960 --- [main] mao.spring_boot_log.Log                  : hello
2022-04-10 20:33:37.026 DEBUG 5960 --- [main] mao.spring_boot_log.Log                  : hello
2022-04-10 20:33:37.026  INFO 5960 --- [main] mao.spring_boot_log.Log                  : hello
2022-04-10 20:33:37.026  WARN 5960 --- [main] mao.spring_boot_log.Log                  : hello
2022-04-10 20:33:37.026 ERROR 5960 --- [main] mao.spring_boot_log.Log                  : hello
2022-04-10 20:33:37.026 DEBUG 5960 --- [main] mao.spring_boot_log.Log                  : hello
2022-04-10 20:33:37.026  INFO 5960 --- [main] mao.spring_boot_log.Log                  : hello
2022-04-10 20:33:37.026  WARN 5960 --- [main] mao.spring_boot_log.Log                  : hello
2022-04-10 20:33:37.026 ERROR 5960 --- [main] mao.spring_boot_log.Log                  : hello
2022-04-10 20:33:37.026 DEBUG 5960 --- [main] mao.spring_boot_log.Log                  : hello
2022-04-10 20:33:37.026  INFO 5960 --- [main] mao.spring_boot_log.Log                  : hello
2022-04-10 20:33:37.026  WARN 5960 --- [main] mao.spring_boot_log.Log                  : hello
2022-04-10 20:33:37.026 ERROR 5960 --- [main] mao.spring_boot_log.Log                  : hello
2022-04-10 20:33:37.026 DEBUG 5960 --- [main] mao.spring_boot_log.Log                  : hello
2022-04-10 20:33:37.026  INFO 5960 --- [main] mao.spring_boot_log.Log                  : hello
2022-04-10 20:33:37.026  WARN 5960 --- [main] mao.spring_boot_log.Log                  : hello
2022-04-10 20:33:37.026 ERROR 5960 --- [main] mao.spring_boot_log.Log                  : hello
2022-04-10 20:33:37.026 DEBUG 5960 --- [main] mao.spring_boot_log.Log                  : hello
2022-04-10 20:33:37.026  INFO 5960 --- [main] mao.spring_boot_log.Log                  : hello
2022-04-10 20:33:37.026  WARN 5960 --- [main] mao.spring_boot_log.Log                  : hello
2022-04-10 20:33:37.026 ERROR 5960 --- [main] mao.spring_boot_log.Log                  : hello
2022-04-10 20:33:37.026 DEBUG 5960 --- [main] mao.spring_boot_log.Log                  : hello
2022-04-10 20:33:37.026  INFO 5960 --- [main] mao.spring_boot_log.Log                  : hello
2022-04-10 20:33:37.026  WARN 5960 --- [main] mao.spring_boot_log.Log                  : hello
2022-04-10 20:33:37.026 ERROR 5960 --- [main] mao.spring_boot_log.Log                  : hello
2022-04-10 20:33:37.026 DEBUG 5960 --- [main] mao.spring_boot_log.Log                  : hello
2022-04-10 20:33:37.026  INFO 5960 --- [main] mao.spring_boot_log.Log                  : hello
2022-04-10 20:33:37.026  WARN 5960 --- [main] mao.spring_boot_log.Log                  : hello
2022-04-10 20:33:37.026 ERROR 5960 --- [main] mao.spring_boot_log.Log                  : hello
2022-04-10 20:33:37.026 DEBUG 5960 --- [main] mao.spring_boot_log.Log                  : hello
2022-04-10 20:33:37.026  INFO 5960 --- [main] mao.spring_boot_log.Log                  : hello
2022-04-10 20:33:37.027  WARN 5960 --- [main] mao.spring_boot_log.Log                  : hello
2022-04-10 20:33:37.027 ERROR 5960 --- [main] mao.spring_boot_log.Log                  : hello
2022-04-10 20:33:37.027 DEBUG 5960 --- [main] mao.spring_boot_log.Log                  : hello
2022-04-10 20:33:37.027  INFO 5960 --- [main] mao.spring_boot_log.Log                  : hello
2022-04-10 20:33:37.027  WARN 5960 --- [main] mao.spring_boot_log.Log                  : hello
2022-04-10 20:33:37.027 ERROR 5960 --- [main] mao.spring_boot_log.Log                  : hello
2022-04-10 20:33:37.027 DEBUG 5960 --- [main] mao.spring_boot_log.Log                  : hello
2022-04-10 20:33:37.027  INFO 5960 --- [main] mao.spring_boot_log.Log                  : hello
2022-04-10 20:33:37.027  WARN 5960 --- [main] mao.spring_boot_log.Log                  : hello
2022-04-10 20:33:37.027 ERROR 5960 --- [main] mao.spring_boot_log.Log                  : hello
2022-04-10 20:33:37.027 DEBUG 5960 --- [main] mao.spring_boot_log.Log                  : hello
2022-04-10 20:33:37.027  INFO 5960 --- [main] mao.spring_boot_log.Log                  : hello
2022-04-10 20:33:37.027  WARN 5960 --- [main] mao.spring_boot_log.Log                  : hello
2022-04-10 20:33:37.027 ERROR 5960 --- [main] mao.spring_boot_log.Log                  : hello
2022-04-10 20:33:37.027 DEBUG 5960 --- [main] mao.spring_boot_log.Log                  : hello
2022-04-10 20:33:37.027  INFO 5960 --- [main] mao.spring_boot_log.Log                  : hello
2022-04-10 20:33:37.027  WARN 5960 --- [main] mao.spring_boot_log.Log                  : hello
2022-04-10 20:33:37.027 ERROR 5960 --- [main] mao.spring_boot_log.Log                  : hello
2022-04-10 20:33:37.027 DEBUG 5960 --- [main] mao.spring_boot_log.Log                  : hello
2022-04-10 20:33:37.027  INFO 5960 --- [main] mao.spring_boot_log.Log                  : hello
2022-04-10 20:33:37.027  WARN 5960 --- [main] mao.spring_boot_log.Log                  : hello
2022-04-10 20:33:37.027 ERROR 5960 --- [main] mao.spring_boot_log.Log                  : hello
2022-04-10 20:33:37.027 DEBUG 5960 --- [main] mao.spring_boot_log.Log                  : hello
2022-04-10 20:33:37.027  INFO 5960 --- [main] mao.spring_boot_log.Log                  : hello
2022-04-10 20:33:37.027  WARN 5960 --- [main] mao.spring_boot_log.Log                  : hello
2022-04-10 20:33:37.027 ERROR 5960 --- [main] mao.spring_boot_log.Log                  : hello
2022-04-10 20:33:37.027 DEBUG 5960 --- [main] mao.spring_boot_log.Log                  : hello
2022-04-10 20:33:37.027  INFO 5960 --- [main] mao.spring_boot_log.Log                  : hello
2022-04-10 20:33:37.027  WARN 5960 --- [main] mao.spring_boot_log.Log                  : hello
2022-04-10 20:33:37.028 ERROR 5960 --- [main] mao.spring_boot_log.Log                  : hello
2022-04-10 20:33:37.028 DEBUG 5960 --- [main] mao.spring_boot_log.Log                  : hello
2022-04-10 20:33:37.028  INFO 5960 --- [main] mao.spring_boot_log.Log                  : hello
2022-04-10 20:33:37.028  WARN 5960 --- [main] mao.spring_boot_log.Log                  : hello
2022-04-10 20:33:37.028 ERROR 5960 --- [main] mao.spring_boot_log.Log                  : hello
2022-04-10 20:33:37.028 DEBUG 5960 --- [main] mao.spring_boot_log.Log                  : hello
2022-04-10 20:33:37.028  INFO 5960 --- [main] mao.spring_boot_log.Log                  : hello
2022-04-10 20:33:37.028  WARN 5960 --- [main] mao.spring_boot_log.Log                  : hello
2022-04-10 20:33:37.028 ERROR 5960 --- [main] mao.spring_boot_log.Log                  : hello
2022-04-10 20:33:37.028 DEBUG 5960 --- [main] mao.spring_boot_log.Log                  : hello
2022-04-10 20:33:37.028  INFO 5960 --- [main] mao.spring_boot_log.Log                  : hello
2022-04-10 20:33:37.028  WARN 5960 --- [main] mao.spring_boot_log.Log                  : hello
2022-04-10 20:33:37.028 ERROR 5960 --- [main] mao.spring_boot_log.Log                  : hello
2022-04-10 20:33:37.028 DEBUG 5960 --- [main] mao.spring_boot_log.Log                  : hello
2022-04-10 20:33:37.028  INFO 5960 --- [main] mao.spring_boot_log.Log                  : hello
2022-04-10 20:33:37.028  WARN 5960 --- [main] mao.spring_boot_log.Log                  : hello
2022-04-10 20:33:37.028 ERROR 5960 --- [main] mao.spring_boot_log.Log                  : hello
2022-04-10 20:33:37.028 DEBUG 5960 --- [main] mao.spring_boot_log.Log                  : hello
2022-04-10 20:33:37.028  INFO 5960 --- [main] mao.spring_boot_log.Log                  : hello
2022-04-10 20:33:37.028  WARN 5960 --- [main] mao.spring_boot_log.Log                  : hello
2022-04-10 20:33:37.028 ERROR 5960 --- [main] mao.spring_boot_log.Log                  : hello
2022-04-10 20:33:37.028 DEBUG 5960 --- [main] mao.spring_boot_log.Log                  : hello
2022-04-10 20:33:37.028  INFO 5960 --- [main] mao.spring_boot_log.Log                  : hello
2022-04-10 20:33:37.028  WARN 5960 --- [main] mao.spring_boot_log.Log                  : hello
2022-04-10 20:33:37.028 ERROR 5960 --- [main] mao.spring_boot_log.Log                  : hello
2022-04-10 20:33:37.028 DEBUG 5960 --- [main] mao.spring_boot_log.Log                  : hello
2022-04-10 20:33:37.028  INFO 5960 --- [main] mao.spring_boot_log.Log                  : hello
2022-04-10 20:33:37.028  WARN 5960 --- [main] mao.spring_boot_log.Log                  : hello
2022-04-10 20:33:37.028 ERROR 5960 --- [main] mao.spring_boot_log.Log                  : hello
2022-04-10 20:33:37.028 DEBUG 5960 --- [main] mao.spring_boot_log.Log                  : hello
2022-04-10 20:33:37.028  INFO 5960 --- [main] mao.spring_boot_log.Log                  : hello
2022-04-10 20:33:37.028  WARN 5960 --- [main] mao.spring_boot_log.Log                  : hello
2022-04-10 20:33:37.028 ERROR 5960 --- [main] mao.spring_boot_log.Log                  : hello
2022-04-10 20:33:37.028 DEBUG 5960 --- [main] mao.spring_boot_log.Log                  : hello
2022-04-10 20:33:37.028  INFO 5960 --- [main] mao.spring_boot_log.Log                  : hello
2022-04-10 20:33:37.028  WARN 5960 --- [main] mao.spring_boot_log.Log                  : hello
2022-04-10 20:33:37.029 ERROR 5960 --- [main] mao.spring_boot_log.Log                  : hello
2022-04-10 20:33:37.029 DEBUG 5960 --- [main] mao.spring_boot_log.Log                  : hello
2022-04-10 20:33:37.029  INFO 5960 --- [main] mao.spring_boot_log.Log                  : hello
2022-04-10 20:33:37.029  WARN 5960 --- [main] mao.spring_boot_log.Log                  : hello
2022-04-10 20:33:37.029 ERROR 5960 --- [main] mao.spring_boot_log.Log                  : hello
2022-04-10 20:33:37.029 DEBUG 5960 --- [main] mao.spring_boot_log.Log                  : hello
2022-04-10 20:33:37.029  INFO 5960 --- [main] mao.spring_boot_log.Log                  : hello
2022-04-10 20:33:37.029  WARN 5960 --- [main] mao.spring_boot_log.Log                  : hello
2022-04-10 20:33:37.029 ERROR 5960 --- [main] mao.spring_boot_log.Log                  : hello
2022-04-10 20:33:37.029 DEBUG 5960 --- [main] mao.spring_boot_log.Log                  : hello
2022-04-10 20:33:37.029  INFO 5960 --- [main] mao.spring_boot_log.Log                  : hello
2022-04-10 20:33:37.029  WARN 5960 --- [main] mao.spring_boot_log.Log                  : hello
2022-04-10 20:33:37.029 ERROR 5960 --- [main] mao.spring_boot_log.Log                  : hello
2022-04-10 20:33:37.029 DEBUG 5960 --- [main] mao.spring_boot_log.Log                  : hello
2022-04-10 20:33:37.029  INFO 5960 --- [main] mao.spring_boot_log.Log                  : hello
2022-04-10 20:33:37.029  WARN 5960 --- [main] mao.spring_boot_log.Log                  : hello
2022-04-10 20:33:37.029 ERROR 5960 --- [main] mao.spring_boot_log.Log                  : hello
2022-04-10 20:33:37.029 DEBUG 5960 --- [main] mao.spring_boot_log.Log                  : hello
2022-04-10 20:33:37.029  INFO 5960 --- [main] mao.spring_boot_log.Log                  : hello
2022-04-10 20:33:37.029  WARN 5960 --- [main] mao.spring_boot_log.Log                  : hello
2022-04-10 20:33:37.029 ERROR 5960 --- [main] mao.spring_boot_log.Log                  : hello
2022-04-10 20:33:37.029 DEBUG 5960 --- [main] mao.spring_boot_log.Log                  : hello
2022-04-10 20:33:37.029  INFO 5960 --- [main] mao.spring_boot_log.Log                  : hello
2022-04-10 20:33:37.029  WARN 5960 --- [main] mao.spring_boot_log.Log                  : hello
2022-04-10 20:33:37.029 ERROR 5960 --- [main] mao.spring_boot_log.Log                  : hello
2022-04-10 20:33:37.029 DEBUG 5960 --- [main] mao.spring_boot_log.Log                  : hello
2022-04-10 20:33:37.029  INFO 5960 --- [main] mao.spring_boot_log.Log                  : hello
2022-04-10 20:33:37.029  WARN 5960 --- [main] mao.spring_boot_log.Log                  : hello
2022-04-10 20:33:37.029 ERROR 5960 --- [main] mao.spring_boot_log.Log                  : hello
2022-04-10 20:33:37.029 DEBUG 5960 --- [main] mao.spring_boot_log.Log                  : hello
2022-04-10 20:33:37.029  INFO 5960 --- [main] mao.spring_boot_log.Log                  : hello
2022-04-10 20:33:37.029  WARN 5960 --- [main] mao.spring_boot_log.Log                  : hello
2022-04-10 20:33:37.029 ERROR 5960 --- [main] mao.spring_boot_log.Log                  : hello
2022-04-10 20:33:37.029 DEBUG 5960 --- [main] mao.spring_boot_log.Log                  : hello
2022-04-10 20:33:37.029  INFO 5960 --- [main] mao.spring_boot_log.Log                  : hello
2022-04-10 20:33:37.029  WARN 5960 --- [main] mao.spring_boot_log.Log                  : hello
2022-04-10 20:33:37.029 ERROR 5960 --- [main] mao.spring_boot_log.Log                  : hello
2022-04-10 20:33:37.029 DEBUG 5960 --- [main] mao.spring_boot_log.Log                  : hello
2022-04-10 20:33:37.029  INFO 5960 --- [main] mao.spring_boot_log.Log                  : hello
2022-04-10 20:33:37.029  WARN 5960 --- [main] mao.spring_boot_log.Log                  : hello
2022-04-10 20:33:37.029 ERROR 5960 --- [main] mao.spring_boot_log.Log                  : hello
2022-04-10 20:33:37.029 DEBUG 5960 --- [main] mao.spring_boot_log.Log                  : hello
2022-04-10 20:33:37.029  INFO 5960 --- [main] mao.spring_boot_log.Log                  : hello
2022-04-10 20:33:37.030  WARN 5960 --- [main] mao.spring_boot_log.Log                  : hello
2022-04-10 20:33:37.030 ERROR 5960 --- [main] mao.spring_boot_log.Log                  : hello
2022-04-10 20:33:37.030 DEBUG 5960 --- [main] mao.spring_boot_log.Log                  : hello
2022-04-10 20:33:37.030  INFO 5960 --- [main] mao.spring_boot_log.Log                  : hello
2022-04-10 20:33:37.030  WARN 5960 --- [main] mao.spring_boot_log.Log                  : hello
2022-04-10 20:33:37.030 ERROR 5960 --- [main] mao.spring_boot_log.Log                  : hello
2022-04-10 20:33:37.030 DEBUG 5960 --- [main] mao.spring_boot_log.Log                  : hello
2022-04-10 20:33:37.030  INFO 5960 --- [main] mao.spring_boot_log.Log                  : hello
2022-04-10 20:33:37.030  WARN 5960 --- [main] mao.spring_boot_log.Log                  : hello
2022-04-10 20:33:37.030 ERROR 5960 --- [main] mao.spring_boot_log.Log                  : hello
2022-04-10 20:33:37.030 DEBUG 5960 --- [main] mao.spring_boot_log.Log                  : hello
2022-04-10 20:33:37.030  INFO 5960 --- [main] mao.spring_boot_log.Log                  : hello
2022-04-10 20:33:37.030  WARN 5960 --- [main] mao.spring_boot_log.Log                  : hello
2022-04-10 20:33:37.030 ERROR 5960 --- [main] mao.spring_boot_log.Log                  : hello
2022-04-10 20:33:37.030 DEBUG 5960 --- [main] mao.spring_boot_log.Log                  : hello
2022-04-10 20:33:37.030  INFO 5960 --- [main] mao.spring_boot_log.Log                  : hello
2022-04-10 20:33:37.030  WARN 5960 --- [main] mao.spring_boot_log.Log                  : hello
2022-04-10 20:33:37.030 ERROR 5960 --- [main] mao.spring_boot_log.Log                  : hello
2022-04-10 20:33:37.030 DEBUG 5960 --- [main] mao.spring_boot_log.Log                  : hello
2022-04-10 20:33:37.030  INFO 5960 --- [main] mao.spring_boot_log.Log                  : hello
2022-04-10 20:33:37.030  WARN 5960 --- [main] mao.spring_boot_log.Log                  : hello
2022-04-10 20:33:37.030 ERROR 5960 --- [main] mao.spring_boot_log.Log                  : hello
2022-04-10 20:33:37.030 DEBUG 5960 --- [main] mao.spring_boot_log.Log                  : hello
2022-04-10 20:33:37.030  INFO 5960 --- [main] mao.spring_boot_log.Log                  : hello
2022-04-10 20:33:37.030  WARN 5960 --- [main] mao.spring_boot_log.Log                  : hello
2022-04-10 20:33:37.030 ERROR 5960 --- [main] mao.spring_boot_log.Log                  : hello
2022-04-10 20:33:37.030 DEBUG 5960 --- [main] mao.spring_boot_log.Log                  : hello
2022-04-10 20:33:37.030  INFO 5960 --- [main] mao.spring_boot_log.Log                  : hello
2022-04-10 20:33:37.030  WARN 5960 --- [main] mao.spring_boot_log.Log                  : hello
2022-04-10 20:33:37.030 ERROR 5960 --- [main] mao.spring_boot_log.Log                  : hello
2022-04-10 20:33:37.030 DEBUG 5960 --- [main] mao.spring_boot_log.Log                  : hello
2022-04-10 20:33:37.030  INFO 5960 --- [main] mao.spring_boot_log.Log                  : hello
2022-04-10 20:33:37.030  WARN 5960 --- [main] mao.spring_boot_log.Log                  : hello
2022-04-10 20:33:37.030 ERROR 5960 --- [main] mao.spring_boot_log.Log                  : hello
2022-04-10 20:33:37.030 DEBUG 5960 --- [main] mao.spring_boot_log.Log                  : hello
2022-04-10 20:33:37.030  INFO 5960 --- [main] mao.spring_boot_log.Log                  : hello
2022-04-10 20:33:37.030  WARN 5960 --- [main] mao.spring_boot_log.Log                  : hello
2022-04-10 20:33:37.030 ERROR 5960 --- [main] mao.spring_boot_log.Log                  : hello
2022-04-10 20:33:37.030 DEBUG 5960 --- [main] mao.spring_boot_log.Log                  : hello
2022-04-10 20:33:37.030  INFO 5960 --- [main] mao.spring_boot_log.Log                  : hello
2022-04-10 20:33:37.030  WARN 5960 --- [main] mao.spring_boot_log.Log                  : hello
2022-04-10 20:33:37.030 ERROR 5960 --- [main] mao.spring_boot_log.Log                  : hello
2022-04-10 20:33:37.030 DEBUG 5960 --- [main] mao.spring_boot_log.Log                  : hello
2022-04-10 20:33:37.030  INFO 5960 --- [main] mao.spring_boot_log.Log                  : hello
2022-04-10 20:33:37.030  WARN 5960 --- [main] mao.spring_boot_log.Log                  : hello
2022-04-10 20:33:37.030 ERROR 5960 --- [main] mao.spring_boot_log.Log                  : hello
2022-04-10 20:33:37.030 DEBUG 5960 --- [main] mao.spring_boot_log.Log                  : hello
2022-04-10 20:33:37.030  INFO 5960 --- [main] mao.spring_boot_log.Log                  : hello
2022-04-10 20:33:37.030  WARN 5960 --- [main] mao.spring_boot_log.Log                  : hello
2022-04-10 20:33:37.030 ERROR 5960 --- [main] mao.spring_boot_log.Log                  : hello
2022-04-10 20:33:37.030 DEBUG 5960 --- [main] mao.spring_boot_log.Log                  : hello
2022-04-10 20:33:37.030  INFO 5960 --- [main] mao.spring_boot_log.Log                  : hello
2022-04-10 20:33:37.030  WARN 5960 --- [main] mao.spring_boot_log.Log                  : hello
2022-04-10 20:33:37.030 ERROR 5960 --- [main] mao.spring_boot_log.Log                  : hello
2022-04-10 20:33:37.030 DEBUG 5960 --- [main] mao.spring_boot_log.Log                  : hello
2022-04-10 20:33:37.030  INFO 5960 --- [main] mao.spring_boot_log.Log                  : hello
2022-04-10 20:33:37.031  WARN 5960 --- [main] mao.spring_boot_log.Log                  : hello
2022-04-10 20:33:37.031 ERROR 5960 --- [main] mao.spring_boot_log.Log                  : hello
2022-04-10 20:33:37.031 DEBUG 5960 --- [main] mao.spring_boot_log.Log                  : hello
2022-04-10 20:33:37.031  INFO 5960 --- [main] mao.spring_boot_log.Log                  : hello
2022-04-10 20:33:37.031  WARN 5960 --- [main] mao.spring_boot_log.Log                  : hello
2022-04-10 20:33:37.031 ERROR 5960 --- [main] mao.spring_boot_log.Log                  : hello
2022-04-10 20:33:37.031 DEBUG 5960 --- [main] mao.spring_boot_log.Log                  : hello
2022-04-10 20:33:37.031  INFO 5960 --- [main] mao.spring_boot_log.Log                  : hello
2022-04-10 20:33:37.031  WARN 5960 --- [main] mao.spring_boot_log.Log                  : hello
2022-04-10 20:33:37.031 ERROR 5960 --- [main] mao.spring_boot_log.Log                  : hello
2022-04-10 20:33:37.031 DEBUG 5960 --- [main] mao.spring_boot_log.Log                  : hello
2022-04-10 20:33:37.031  INFO 5960 --- [main] mao.spring_boot_log.Log                  : hello
2022-04-10 20:33:37.031  WARN 5960 --- [main] mao.spring_boot_log.Log                  : hello
2022-04-10 20:33:37.031 ERROR 5960 --- [main] mao.spring_boot_log.Log                  : hello
2022-04-10 20:33:37.031 DEBUG 5960 --- [main] mao.spring_boot_log.Log                  : hello
2022-04-10 20:33:37.031  INFO 5960 --- [main] mao.spring_boot_log.Log                  : hello
2022-04-10 20:33:37.031  WARN 5960 --- [main] mao.spring_boot_log.Log                  : hello
2022-04-10 20:33:37.031 ERROR 5960 --- [main] mao.spring_boot_log.Log                  : hello
2022-04-10 20:33:37.031 DEBUG 5960 --- [main] mao.spring_boot_log.Log                  : hello
2022-04-10 20:33:37.031  INFO 5960 --- [main] mao.spring_boot_log.Log                  : hello
2022-04-10 20:33:37.031  WARN 5960 --- [main] mao.spring_boot_log.Log                  : hello
2022-04-10 20:33:37.031 ERROR 5960 --- [main] mao.spring_boot_log.Log                  : hello
2022-04-10 20:33:37.031 DEBUG 5960 --- [main] mao.spring_boot_log.Log                  : hello
2022-04-10 20:33:37.031  INFO 5960 --- [main] mao.spring_boot_log.Log                  : hello
2022-04-10 20:33:37.031  WARN 5960 --- [main] mao.spring_boot_log.Log                  : hello
2022-04-10 20:33:37.031 ERROR 5960 --- [main] mao.spring_boot_log.Log                  : hello
2022-04-10 20:33:37.031 DEBUG 5960 --- [main] mao.spring_boot_log.Log                  : hello
2022-04-10 20:33:37.031  INFO 5960 --- [main] mao.spring_boot_log.Log                  : hello
2022-04-10 20:33:37.031  WARN 5960 --- [main] mao.spring_boot_log.Log                  : hello
2022-04-10 20:33:37.031 ERROR 5960 --- [main] mao.spring_boot_log.Log                  : hello
2022-04-10 20:33:37.031 DEBUG 5960 --- [main] mao.spring_boot_log.Log                  : hello
2022-04-10 20:33:37.031  INFO 5960 --- [main] mao.spring_boot_log.Log                  : hello
2022-04-10 20:33:37.031  WARN 5960 --- [main] mao.spring_boot_log.Log                  : hello
2022-04-10 20:33:37.031 ERROR 5960 --- [main] mao.spring_boot_log.Log                  : hello
2022-04-10 20:33:37.031 DEBUG 5960 --- [main] mao.spring_boot_log.Log                  : hello
2022-04-10 20:33:37.031  INFO 5960 --- [main] mao.spring_boot_log.Log                  : hello
2022-04-10 20:33:37.031  WARN 5960 --- [main] mao.spring_boot_log.Log                  : hello
2022-04-10 20:33:37.031 ERROR 5960 --- [main] mao.spring_boot_log.Log                  : hello
2022-04-10 20:33:37.031 DEBUG 5960 --- [main] mao.spring_boot_log.Log                  : hello
2022-04-10 20:33:37.031  INFO 5960 --- [main] mao.spring_boot_log.Log                  : hello
2022-04-10 20:33:37.031  WARN 5960 --- [main] mao.spring_boot_log.Log                  : hello
2022-04-10 20:33:37.031 ERROR 5960 --- [main] mao.spring_boot_log.Log                  : hello
2022-04-10 20:33:37.031 DEBUG 5960 --- [main] mao.spring_boot_log.Log                  : hello
2022-04-10 20:33:37.031  INFO 5960 --- [main] mao.spring_boot_log.Log                  : hello
2022-04-10 20:33:37.031  WARN 5960 --- [main] mao.spring_boot_log.Log                  : hello
2022-04-10 20:33:37.031 ERROR 5960 --- [main] mao.spring_boot_log.Log                  : hello
2022-04-10 20:33:37.031 DEBUG 5960 --- [main] mao.spring_boot_log.Log                  : hello
2022-04-10 20:33:37.031  INFO 5960 --- [main] mao.spring_boot_log.Log                  : hello
2022-04-10 20:33:37.032  WARN 5960 --- [main] mao.spring_boot_log.Log                  : hello
2022-04-10 20:33:37.032 ERROR 5960 --- [main] mao.spring_boot_log.Log                  : hello
2022-04-10 20:33:37.032 DEBUG 5960 --- [main] mao.spring_boot_log.Log                  : hello
2022-04-10 20:33:37.032  INFO 5960 --- [main] mao.spring_boot_log.Log                  : hello
2022-04-10 20:33:37.032  WARN 5960 --- [main] mao.spring_boot_log.Log                  : hello
2022-04-10 20:33:37.032 ERROR 5960 --- [main] mao.spring_boot_log.Log                  : hello
2022-04-10 20:33:37.032 DEBUG 5960 --- [main] mao.spring_boot_log.Log                  : hello
2022-04-10 20:33:37.032  INFO 5960 --- [main] mao.spring_boot_log.Log                  : hello
2022-04-10 20:33:37.032  WARN 5960 --- [main] mao.spring_boot_log.Log                  : hello
2022-04-10 20:33:37.032 ERROR 5960 --- [main] mao.spring_boot_log.Log                  : hello
2022-04-10 20:33:37.032 DEBUG 5960 --- [main] mao.spring_boot_log.Log                  : hello
2022-04-10 20:33:37.032  INFO 5960 --- [main] mao.spring_boot_log.Log                  : hello
2022-04-10 20:33:37.032  WARN 5960 --- [main] mao.spring_boot_log.Log                  : hello
2022-04-10 20:33:37.032 ERROR 5960 --- [main] mao.spring_boot_log.Log                  : hello
2022-04-10 20:33:37.032 DEBUG 5960 --- [main] mao.spring_boot_log.Log                  : hello
2022-04-10 20:33:37.032  INFO 5960 --- [main] mao.spring_boot_log.Log                  : hello
2022-04-10 20:33:37.032  WARN 5960 --- [main] mao.spring_boot_log.Log                  : hello
2022-04-10 20:33:37.032 ERROR 5960 --- [main] mao.spring_boot_log.Log                  : hello
2022-04-10 20:33:37.032 DEBUG 5960 --- [main] mao.spring_boot_log.Log                  : hello
2022-04-10 20:33:37.032  INFO 5960 --- [main] mao.spring_boot_log.Log                  : hello
2022-04-10 20:33:37.032  WARN 5960 --- [main] mao.spring_boot_log.Log                  : hello
2022-04-10 20:33:37.032 ERROR 5960 --- [main] mao.spring_boot_log.Log                  : hello
2022-04-10 20:33:37.032 DEBUG 5960 --- [main] mao.spring_boot_log.Log                  : hello
2022-04-10 20:33:37.032  INFO 5960 --- [main] mao.spring_boot_log.Log                  : hello
2022-04-10 20:33:37.032  WARN 5960 --- [main] mao.spring_boot_log.Log                  : hello
2022-04-10 20:33:37.032 ERROR 5960 --- [main] mao.spring_boot_log.Log                  : hello
2022-04-10 20:33:37.032 DEBUG 5960 --- [main] mao.spring_boot_log.Log                  : hello
2022-04-10 20:33:37.032  INFO 5960 --- [main] mao.spring_boot_log.Log                  : hello
2022-04-10 20:33:37.032  WARN 5960 --- [main] mao.spring_boot_log.Log                  : hello
2022-04-10 20:33:37.032 ERROR 5960 --- [main] mao.spring_boot_log.Log                  : hello
2022-04-10 20:33:37.032 DEBUG 5960 --- [main] mao.spring_boot_log.Log                  : hello
2022-04-10 20:33:37.032  INFO 5960 --- [main] mao.spring_boot_log.Log                  : hello
2022-04-10 20:33:37.032  WARN 5960 --- [main] mao.spring_boot_log.Log                  : hello
2022-04-10 20:33:37.032 ERROR 5960 --- [main] mao.spring_boot_log.Log                  : hello
2022-04-10 20:33:37.032 DEBUG 5960 --- [main] mao.spring_boot_log.Log                  : hello
2022-04-10 20:33:37.033  INFO 5960 --- [main] mao.spring_boot_log.Log                  : hello
2022-04-10 20:33:37.033  WARN 5960 --- [main] mao.spring_boot_log.Log                  : hello
2022-04-10 20:33:37.033 ERROR 5960 --- [main] mao.spring_boot_log.Log                  : hello
2022-04-10 20:33:37.033 DEBUG 5960 --- [main] mao.spring_boot_log.Log                  : hello
2022-04-10 20:33:37.033  INFO 5960 --- [main] mao.spring_boot_log.Log                  : hello
2022-04-10 20:33:37.033  WARN 5960 --- [main] mao.spring_boot_log.Log                  : hello
2022-04-10 20:33:37.033 ERROR 5960 --- [main] mao.spring_boot_log.Log                  : hello
2022-04-10 20:33:37.033 DEBUG 5960 --- [main] mao.spring_boot_log.Log                  : hello
2022-04-10 20:33:37.033  INFO 5960 --- [main] mao.spring_boot_log.Log                  : hello
2022-04-10 20:33:37.033  WARN 5960 --- [main] mao.spring_boot_log.Log                  : hello
2022-04-10 20:33:37.033 ERROR 5960 --- [main] mao.spring_boot_log.Log                  : hello
2022-04-10 20:33:37.033 DEBUG 5960 --- [main] mao.spring_boot_log.Log                  : hello
2022-04-10 20:33:37.033  INFO 5960 --- [main] mao.spring_boot_log.Log                  : hello
2022-04-10 20:33:37.033  WARN 5960 --- [main] mao.spring_boot_log.Log                  : hello
2022-04-10 20:33:37.033 ERROR 5960 --- [main] mao.spring_boot_log.Log                  : hello
2022-04-10 20:33:37.033 DEBUG 5960 --- [main] mao.spring_boot_log.Log                  : hello
2022-04-10 20:33:37.033  INFO 5960 --- [main] mao.spring_boot_log.Log                  : hello
2022-04-10 20:33:37.033  WARN 5960 --- [main] mao.spring_boot_log.Log                  : hello
2022-04-10 20:33:37.033 ERROR 5960 --- [main] mao.spring_boot_log.Log                  : hello
2022-04-10 20:33:37.033 DEBUG 5960 --- [main] mao.spring_boot_log.Log                  : hello
2022-04-10 20:33:37.033  INFO 5960 --- [main] mao.spring_boot_log.Log                  : hello
2022-04-10 20:33:37.033  WARN 5960 --- [main] mao.spring_boot_log.Log                  : hello
2022-04-10 20:33:37.033 ERROR 5960 --- [main] mao.spring_boot_log.Log                  : hello
2022-04-10 20:33:37.033 DEBUG 5960 --- [main] mao.spring_boot_log.Log                  : hello
2022-04-10 20:33:37.033  INFO 5960 --- [main] mao.spring_boot_log.Log                  : hello
2022-04-10 20:33:37.033  WARN 5960 --- [main] mao.spring_boot_log.Log                  : hello
2022-04-10 20:33:37.033 ERROR 5960 --- [main] mao.spring_boot_log.Log                  : hello
2022-04-10 20:33:37.033 DEBUG 5960 --- [main] mao.spring_boot_log.Log                  : hello
2022-04-10 20:33:37.033  INFO 5960 --- [main] mao.spring_boot_log.Log                  : hello
2022-04-10 20:33:37.033  WARN 5960 --- [main] mao.spring_boot_log.Log                  : hello
2022-04-10 20:33:37.033 ERROR 5960 --- [main] mao.spring_boot_log.Log                  : hello
2022-04-10 20:33:37.033 DEBUG 5960 --- [main] mao.spring_boot_log.Log                  : hello
2022-04-10 20:33:37.033  INFO 5960 --- [main] mao.spring_boot_log.Log                  : hello
2022-04-10 20:33:37.033  WARN 5960 --- [main] mao.spring_boot_log.Log                  : hello
2022-04-10 20:33:37.033 ERROR 5960 --- [main] mao.spring_boot_log.Log                  : hello
2022-04-10 20:33:37.033 DEBUG 5960 --- [main] mao.spring_boot_log.Log                  : hello
2022-04-10 20:33:37.033  INFO 5960 --- [main] mao.spring_boot_log.Log                  : hello
2022-04-10 20:33:37.033  WARN 5960 --- [main] mao.spring_boot_log.Log                  : hello
2022-04-10 20:33:37.033 ERROR 5960 --- [main] mao.spring_boot_log.Log                  : hello
2022-04-10 20:33:37.033 DEBUG 5960 --- [main] mao.spring_boot_log.Log                  : hello
2022-04-10 20:33:37.033  INFO 5960 --- [main] mao.spring_boot_log.Log                  : hello
2022-04-10 20:33:37.033  WARN 5960 --- [main] mao.spring_boot_log.Log                  : hello
2022-04-10 20:33:37.033 ERROR 5960 --- [main] mao.spring_boot_log.Log                  : hello
2022-04-10 20:33:37.033 DEBUG 5960 --- [main] mao.spring_boot_log.Log                  : hello
2022-04-10 20:33:37.034  INFO 5960 --- [main] mao.spring_boot_log.Log                  : hello
2022-04-10 20:33:37.034  WARN 5960 --- [main] mao.spring_boot_log.Log                  : hello
2022-04-10 20:33:37.034 ERROR 5960 --- [main] mao.spring_boot_log.Log                  : hello
2022-04-10 20:33:37.034 DEBUG 5960 --- [main] mao.spring_boot_log.Log                  : hello
2022-04-10 20:33:37.034  INFO 5960 --- [main] mao.spring_boot_log.Log                  : hello
2022-04-10 20:33:37.034  WARN 5960 --- [main] mao.spring_boot_log.Log                  : hello
2022-04-10 20:33:37.034 ERROR 5960 --- [main] mao.spring_boot_log.Log                  : hello
2022-04-10 20:33:37.034 DEBUG 5960 --- [main] mao.spring_boot_log.Log                  : hello
2022-04-10 20:33:37.034  INFO 5960 --- [main] mao.spring_boot_log.Log                  : hello
2022-04-10 20:33:37.034  WARN 5960 --- [main] mao.spring_boot_log.Log                  : hello
2022-04-10 20:33:37.034 ERROR 5960 --- [main] mao.spring_boot_log.Log                  : hello
2022-04-10 20:33:37.034 DEBUG 5960 --- [main] mao.spring_boot_log.Log                  : hello
2022-04-10 20:33:37.034  INFO 5960 --- [main] mao.spring_boot_log.Log                  : hello
2022-04-10 20:33:37.034  WARN 5960 --- [main] mao.spring_boot_log.Log                  : hello
2022-04-10 20:33:37.034 ERROR 5960 --- [main] mao.spring_boot_log.Log                  : hello
2022-04-10 20:33:37.034 DEBUG 5960 --- [main] mao.spring_boot_log.Log                  : hello
2022-04-10 20:33:37.034  INFO 5960 --- [main] mao.spring_boot_log.Log                  : hello
2022-04-10 20:33:37.034  WARN 5960 --- [main] mao.spring_boot_log.Log                  : hello
2022-04-10 20:33:37.034 ERROR 5960 --- [main] mao.spring_boot_log.Log                  : hello
2022-04-10 20:33:37.034 DEBUG 5960 --- [main] mao.spring_boot_log.Log                  : hello
2022-04-10 20:33:37.034  INFO 5960 --- [main] mao.spring_boot_log.Log                  : hello
2022-04-10 20:33:37.034  WARN 5960 --- [main] mao.spring_boot_log.Log                  : hello
2022-04-10 20:33:37.034 ERROR 5960 --- [main] mao.spring_boot_log.Log                  : hello
2022-04-10 20:33:37.034 DEBUG 5960 --- [main] mao.spring_boot_log.Log                  : hello
2022-04-10 20:33:37.034  INFO 5960 --- [main] mao.spring_boot_log.Log                  : hello
2022-04-10 20:33:37.034  WARN 5960 --- [main] mao.spring_boot_log.Log                  : hello
2022-04-10 20:33:37.034 ERROR 5960 --- [main] mao.spring_boot_log.Log                  : hello
2022-04-10 20:33:37.034 DEBUG 5960 --- [main] mao.spring_boot_log.Log                  : hello
2022-04-10 20:33:37.034  INFO 5960 --- [main] mao.spring_boot_log.Log                  : hello
2022-04-10 20:33:37.034  WARN 5960 --- [main] mao.spring_boot_log.Log                  : hello
2022-04-10 20:33:37.034 ERROR 5960 --- [main] mao.spring_boot_log.Log                  : hello
2022-04-10 20:33:37.034 DEBUG 5960 --- [main] mao.spring_boot_log.Log                  : hello
2022-04-10 20:33:37.034  INFO 5960 --- [main] mao.spring_boot_log.Log                  : hello
2022-04-10 20:33:37.034  WARN 5960 --- [main] mao.spring_boot_log.Log                  : hello
2022-04-10 20:33:37.034 ERROR 5960 --- [main] mao.spring_boot_log.Log                  : hello
2022-04-10 20:33:37.034 DEBUG 5960 --- [main] mao.spring_boot_log.Log                  : hello
2022-04-10 20:33:37.034  INFO 5960 --- [main] mao.spring_boot_log.Log                  : hello
2022-04-10 20:33:37.034  WARN 5960 --- [main] mao.spring_boot_log.Log                  : hello
2022-04-10 20:33:37.034 ERROR 5960 --- [main] mao.spring_boot_log.Log                  : hello
2022-04-10 20:33:37.034 DEBUG 5960 --- [main] mao.spring_boot_log.Log                  : hello
2022-04-10 20:33:37.035  INFO 5960 --- [main] mao.spring_boot_log.Log                  : hello
2022-04-10 20:33:37.035  WARN 5960 --- [main] mao.spring_boot_log.Log                  : hello
2022-04-10 20:33:37.035 ERROR 5960 --- [main] mao.spring_boot_log.Log                  : hello
2022-04-10 20:33:37.035 DEBUG 5960 --- [main] mao.spring_boot_log.Log                  : hello
2022-04-10 20:33:37.035  INFO 5960 --- [main] mao.spring_boot_log.Log                  : hello
2022-04-10 20:33:37.035  WARN 5960 --- [main] mao.spring_boot_log.Log                  : hello
2022-04-10 20:33:37.035 ERROR 5960 --- [main] mao.spring_boot_log.Log                  : hello
2022-04-10 20:33:37.035 DEBUG 5960 --- [main] mao.spring_boot_log.Log                  : hello
2022-04-10 20:33:37.035  INFO 5960 --- [main] mao.spring_boot_log.Log                  : hello
2022-04-10 20:33:37.035  WARN 5960 --- [main] mao.spring_boot_log.Log                  : hello
2022-04-10 20:33:37.035 ERROR 5960 --- [main] mao.spring_boot_log.Log                  : hello
2022-04-10 20:33:37.035 DEBUG 5960 --- [main] mao.spring_boot_log.Log                  : hello
2022-04-10 20:33:37.035  INFO 5960 --- [main] mao.spring_boot_log.Log                  : hello
2022-04-10 20:33:37.035  WARN 5960 --- [main] mao.spring_boot_log.Log                  : hello
2022-04-10 20:33:37.035 ERROR 5960 --- [main] mao.spring_boot_log.Log                  : hello
2022-04-10 20:33:37.035 DEBUG 5960 --- [main] mao.spring_boot_log.Log                  : hello
2022-04-10 20:33:37.035  INFO 5960 --- [main] mao.spring_boot_log.Log                  : hello
2022-04-10 20:33:37.035  WARN 5960 --- [main] mao.spring_boot_log.Log                  : hello
2022-04-10 20:33:37.035 ERROR 5960 --- [main] mao.spring_boot_log.Log                  : hello
2022-04-10 20:33:37.035 DEBUG 5960 --- [main] mao.spring_boot_log.Log                  : hello
2022-04-10 20:33:37.035  INFO 5960 --- [main] mao.spring_boot_log.Log                  : hello
2022-04-10 20:33:37.035  WARN 5960 --- [main] mao.spring_boot_log.Log                  : hello
2022-04-10 20:33:37.035 ERROR 5960 --- [main] mao.spring_boot_log.Log                  : hello
2022-04-10 20:33:37.035 DEBUG 5960 --- [main] mao.spring_boot_log.Log                  : hello
2022-04-10 20:33:37.035  INFO 5960 --- [main] mao.spring_boot_log.Log                  : hello
2022-04-10 20:33:37.035  WARN 5960 --- [main] mao.spring_boot_log.Log                  : hello
2022-04-10 20:33:37.035 ERROR 5960 --- [main] mao.spring_boot_log.Log                  : hello
2022-04-10 20:33:37.035 DEBUG 5960 --- [main] mao.spring_boot_log.Log                  : hello
2022-04-10 20:33:37.035  INFO 5960 --- [main] mao.spring_boot_log.Log                  : hello
2022-04-10 20:33:37.035  WARN 5960 --- [main] mao.spring_boot_log.Log                  : hello
2022-04-10 20:33:37.035 ERROR 5960 --- [main] mao.spring_boot_log.Log                  : hello
2022-04-10 20:33:37.035 DEBUG 5960 --- [main] mao.spring_boot_log.Log                  : hello
2022-04-10 20:33:37.036  INFO 5960 --- [main] mao.spring_boot_log.Log                  : hello
2022-04-10 20:33:37.036  WARN 5960 --- [main] mao.spring_boot_log.Log                  : hello
2022-04-10 20:33:37.036 ERROR 5960 --- [main] mao.spring_boot_log.Log                  : hello
2022-04-10 20:33:37.036 DEBUG 5960 --- [main] mao.spring_boot_log.Log                  : hello
2022-04-10 20:33:37.036  INFO 5960 --- [main] mao.spring_boot_log.Log                  : hello
2022-04-10 20:33:37.036  WARN 5960 --- [main] mao.spring_boot_log.Log                  : hello
2022-04-10 20:33:37.036 ERROR 5960 --- [main] mao.spring_boot_log.Log                  : hello
2022-04-10 20:33:37.036 DEBUG 5960 --- [main] mao.spring_boot_log.Log                  : hello
2022-04-10 20:33:37.036  INFO 5960 --- [main] mao.spring_boot_log.Log                  : hello
2022-04-10 20:33:37.036  WARN 5960 --- [main] mao.spring_boot_log.Log                  : hello
2022-04-10 20:33:37.036 ERROR 5960 --- [main] mao.spring_boot_log.Log                  : hello
2022-04-10 20:33:37.036 DEBUG 5960 --- [main] mao.spring_boot_log.Log                  : hello
2022-04-10 20:33:37.036  INFO 5960 --- [main] mao.spring_boot_log.Log                  : hello
2022-04-10 20:33:37.036  WARN 5960 --- [main] mao.spring_boot_log.Log                  : hello
2022-04-10 20:33:37.036 ERROR 5960 --- [main] mao.spring_boot_log.Log                  : hello
2022-04-10 20:33:37.036 DEBUG 5960 --- [main] mao.spring_boot_log.Log                  : hello
2022-04-10 20:33:37.036  INFO 5960 --- [main] mao.spring_boot_log.Log                  : hello
2022-04-10 20:33:37.036  WARN 5960 --- [main] mao.spring_boot_log.Log                  : hello
2022-04-10 20:33:37.036 ERROR 5960 --- [main] mao.spring_boot_log.Log                  : hello
2022-04-10 20:33:37.036 DEBUG 5960 --- [main] mao.spring_boot_log.Log                  : hello
2022-04-10 20:33:37.036  INFO 5960 --- [main] mao.spring_boot_log.Log                  : hello
2022-04-10 20:33:37.036  WARN 5960 --- [main] mao.spring_boot_log.Log                  : hello
2022-04-10 20:33:37.036 ERROR 5960 --- [main] mao.spring_boot_log.Log                  : hello
2022-04-10 20:33:37.036 DEBUG 5960 --- [main] mao.spring_boot_log.Log                  : hello
2022-04-10 20:33:37.036  INFO 5960 --- [main] mao.spring_boot_log.Log                  : hello
2022-04-10 20:33:37.036  WARN 5960 --- [main] mao.spring_boot_log.Log                  : hello
2022-04-10 20:33:37.036 ERROR 5960 --- [main] mao.spring_boot_log.Log                  : hello
2022-04-10 20:33:37.036 DEBUG 5960 --- [main] mao.spring_boot_log.Log                  : hello
2022-04-10 20:33:37.036  INFO 5960 --- [main] mao.spring_boot_log.Log                  : hello
2022-04-10 20:33:37.036  WARN 5960 --- [main] mao.spring_boot_log.Log                  : hello
2022-04-10 20:33:37.036 ERROR 5960 --- [main] mao.spring_boot_log.Log                  : hello
2022-04-10 20:33:37.036 DEBUG 5960 --- [main] mao.spring_boot_log.Log                  : hello
2022-04-10 20:33:37.036  INFO 5960 --- [main] mao.spring_boot_log.Log                  : hello
2022-04-10 20:33:37.036  WARN 5960 --- [main] mao.spring_boot_log.Log                  : hello
2022-04-10 20:33:37.036 ERROR 5960 --- [main] mao.spring_boot_log.Log                  : hello
2022-04-10 20:33:37.036 DEBUG 5960 --- [main] mao.spring_boot_log.Log                  : hello
2022-04-10 20:33:37.036  INFO 5960 --- [main] mao.spring_boot_log.Log                  : hello
2022-04-10 20:33:37.036  WARN 5960 --- [main] mao.spring_boot_log.Log                  : hello
2022-04-10 20:33:37.036 ERROR 5960 --- [main] mao.spring_boot_log.Log                  : hello
2022-04-10 20:33:37.036 DEBUG 5960 --- [main] mao.spring_boot_log.Log                  : hello
2022-04-10 20:33:37.036  INFO 5960 --- [main] mao.spring_boot_log.Log                  : hello
2022-04-10 20:33:37.036  WARN 5960 --- [main] mao.spring_boot_log.Log                  : hello
2022-04-10 20:33:37.036 ERROR 5960 --- [main] mao.spring_boot_log.Log                  : hello
2022-04-10 20:33:37.036 DEBUG 5960 --- [main] mao.spring_boot_log.Log                  : hello
2022-04-10 20:33:37.036  INFO 5960 --- [main] mao.spring_boot_log.Log                  : hello
2022-04-10 20:33:37.036  WARN 5960 --- [main] mao.spring_boot_log.Log                  : hello
2022-04-10 20:33:37.037 ERROR 5960 --- [main] mao.spring_boot_log.Log                  : hello
2022-04-10 20:33:37.037 DEBUG 5960 --- [main] mao.spring_boot_log.Log                  : hello
2022-04-10 20:33:37.037  INFO 5960 --- [main] mao.spring_boot_log.Log                  : hello
2022-04-10 20:33:37.037  WARN 5960 --- [main] mao.spring_boot_log.Log                  : hello
2022-04-10 20:33:37.037 ERROR 5960 --- [main] mao.spring_boot_log.Log                  : hello
2022-04-10 20:33:37.037 DEBUG 5960 --- [main] mao.spring_boot_log.Log                  : hello
2022-04-10 20:33:37.037  INFO 5960 --- [main] mao.spring_boot_log.Log                  : hello
2022-04-10 20:33:37.037  WARN 5960 --- [main] mao.spring_boot_log.Log                  : hello
2022-04-10 20:33:37.037 ERROR 5960 --- [main] mao.spring_boot_log.Log                  : hello
2022-04-10 20:33:37.037 DEBUG 5960 --- [main] mao.spring_boot_log.Log                  : hello
2022-04-10 20:33:37.037  INFO 5960 --- [main] mao.spring_boot_log.Log                  : hello
2022-04-10 20:33:37.037  WARN 5960 --- [main] mao.spring_boot_log.Log                  : hello
2022-04-10 20:33:37.037 ERROR 5960 --- [main] mao.spring_boot_log.Log                  : hello
2022-04-10 20:33:37.037 DEBUG 5960 --- [main] mao.spring_boot_log.Log                  : hello
2022-04-10 20:33:37.037  INFO 5960 --- [main] mao.spring_boot_log.Log                  : hello
2022-04-10 20:33:37.037  WARN 5960 --- [main] mao.spring_boot_log.Log                  : hello
2022-04-10 20:33:37.037 ERROR 5960 --- [main] mao.spring_boot_log.Log                  : hello
2022-04-10 20:33:37.037 DEBUG 5960 --- [main] mao.spring_boot_log.Log                  : hello
2022-04-10 20:33:37.037  INFO 5960 --- [main] mao.spring_boot_log.Log                  : hello
2022-04-10 20:33:37.037  WARN 5960 --- [main] mao.spring_boot_log.Log                  : hello
2022-04-10 20:33:37.037 ERROR 5960 --- [main] mao.spring_boot_log.Log                  : hello
2022-04-10 20:33:37.037 DEBUG 5960 --- [main] mao.spring_boot_log.Log                  : hello
2022-04-10 20:33:37.037  INFO 5960 --- [main] mao.spring_boot_log.Log                  : hello
2022-04-10 20:33:37.037  WARN 5960 --- [main] mao.spring_boot_log.Log                  : hello
2022-04-10 20:33:37.037 ERROR 5960 --- [main] mao.spring_boot_log.Log                  : hello
2022-04-10 20:33:37.037 DEBUG 5960 --- [main] mao.spring_boot_log.Log                  : hello
2022-04-10 20:33:37.037  INFO 5960 --- [main] mao.spring_boot_log.Log                  : hello
2022-04-10 20:33:37.037  WARN 5960 --- [main] mao.spring_boot_log.Log                  : hello
2022-04-10 20:33:37.037 ERROR 5960 --- [main] mao.spring_boot_log.Log                  : hello
2022-04-10 20:33:37.037 DEBUG 5960 --- [main] mao.spring_boot_log.Log                  : hello
2022-04-10 20:33:37.037  INFO 5960 --- [main] mao.spring_boot_log.Log                  : hello
2022-04-10 20:33:37.037  WARN 5960 --- [main] mao.spring_boot_log.Log                  : hello
2022-04-10 20:33:37.037 ERROR 5960 --- [main] mao.spring_boot_log.Log                  : hello
2022-04-10 20:33:37.037 DEBUG 5960 --- [main] mao.spring_boot_log.Log                  : hello
2022-04-10 20:33:37.037  INFO 5960 --- [main] mao.spring_boot_log.Log                  : hello
2022-04-10 20:33:37.037  WARN 5960 --- [main] mao.spring_boot_log.Log                  : hello
2022-04-10 20:33:37.037 ERROR 5960 --- [main] mao.spring_boot_log.Log                  : hello
2022-04-10 20:33:37.037 DEBUG 5960 --- [main] mao.spring_boot_log.Log                  : hello
2022-04-10 20:33:37.037  INFO 5960 --- [main] mao.spring_boot_log.Log                  : hello
2022-04-10 20:33:37.037  WARN 5960 --- [main] mao.spring_boot_log.Log                  : hello
2022-04-10 20:33:37.037 ERROR 5960 --- [main] mao.spring_boot_log.Log                  : hello
2022-04-10 20:33:37.037 DEBUG 5960 --- [main] mao.spring_boot_log.Log                  : hello
2022-04-10 20:33:37.037  INFO 5960 --- [main] mao.spring_boot_log.Log                  : hello
2022-04-10 20:33:37.037  WARN 5960 --- [main] mao.spring_boot_log.Log                  : hello
2022-04-10 20:33:37.037 ERROR 5960 --- [main] mao.spring_boot_log.Log                  : hello
2022-04-10 20:33:37.038 DEBUG 5960 --- [main] mao.spring_boot_log.Log                  : hello
2022-04-10 20:33:37.038  INFO 5960 --- [main] mao.spring_boot_log.Log                  : hello
2022-04-10 20:33:37.038  WARN 5960 --- [main] mao.spring_boot_log.Log                  : hello
2022-04-10 20:33:37.038 ERROR 5960 --- [main] mao.spring_boot_log.Log                  : hello
2022-04-10 20:33:37.038 DEBUG 5960 --- [main] mao.spring_boot_log.Log                  : hello
2022-04-10 20:33:37.038  INFO 5960 --- [main] mao.spring_boot_log.Log                  : hello
2022-04-10 20:33:37.038  WARN 5960 --- [main] mao.spring_boot_log.Log                  : hello
2022-04-10 20:33:37.038 ERROR 5960 --- [main] mao.spring_boot_log.Log                  : hello
2022-04-10 20:33:37.038 DEBUG 5960 --- [main] mao.spring_boot_log.Log                  : hello
2022-04-10 20:33:37.038  INFO 5960 --- [main] mao.spring_boot_log.Log                  : hello
2022-04-10 20:33:37.038  WARN 5960 --- [main] mao.spring_boot_log.Log                  : hello
2022-04-10 20:33:37.038 ERROR 5960 --- [main] mao.spring_boot_log.Log                  : hello
2022-04-10 20:33:37.038 DEBUG 5960 --- [main] mao.spring_boot_log.Log                  : hello
2022-04-10 20:33:37.038  INFO 5960 --- [main] mao.spring_boot_log.Log                  : hello
2022-04-10 20:33:37.038  WARN 5960 --- [main] mao.spring_boot_log.Log                  : hello
2022-04-10 20:33:37.038 ERROR 5960 --- [main] mao.spring_boot_log.Log                  : hello
2022-04-10 20:33:37.038 DEBUG 5960 --- [main] mao.spring_boot_log.Log                  : hello
2022-04-10 20:33:37.038  INFO 5960 --- [main] mao.spring_boot_log.Log                  : hello
2022-04-10 20:33:37.038  WARN 5960 --- [main] mao.spring_boot_log.Log                  : hello
2022-04-10 20:33:37.038 ERROR 5960 --- [main] mao.spring_boot_log.Log                  : hello
2022-04-10 20:33:37.038 DEBUG 5960 --- [main] mao.spring_boot_log.Log                  : hello
2022-04-10 20:33:37.038  INFO 5960 --- [main] mao.spring_boot_log.Log                  : hello
2022-04-10 20:33:37.038  WARN 5960 --- [main] mao.spring_boot_log.Log                  : hello
2022-04-10 20:33:37.038 ERROR 5960 --- [main] mao.spring_boot_log.Log                  : hello
2022-04-10 20:33:37.038 DEBUG 5960 --- [main] mao.spring_boot_log.Log                  : hello
2022-04-10 20:33:37.038  INFO 5960 --- [main] mao.spring_boot_log.Log                  : hello
2022-04-10 20:33:37.038  WARN 5960 --- [main] mao.spring_boot_log.Log                  : hello
2022-04-10 20:33:37.038 ERROR 5960 --- [main] mao.spring_boot_log.Log                  : hello
2022-04-10 20:33:37.039 DEBUG 5960 --- [main] mao.spring_boot_log.Log                  : hello
2022-04-10 20:33:37.039  INFO 5960 --- [main] mao.spring_boot_log.Log                  : hello
2022-04-10 20:33:37.039  WARN 5960 --- [main] mao.spring_boot_log.Log                  : hello
2022-04-10 20:33:37.039 ERROR 5960 --- [main] mao.spring_boot_log.Log                  : hello
2022-04-10 20:33:37.039 DEBUG 5960 --- [main] mao.spring_boot_log.Log                  : hello
2022-04-10 20:33:37.039  INFO 5960 --- [main] mao.spring_boot_log.Log                  : hello
2022-04-10 20:33:37.039  WARN 5960 --- [main] mao.spring_boot_log.Log                  : hello
2022-04-10 20:33:37.039 ERROR 5960 --- [main] mao.spring_boot_log.Log                  : hello
2022-04-10 20:33:37.039 DEBUG 5960 --- [main] mao.spring_boot_log.Log                  : hello
2022-04-10 20:33:37.039  INFO 5960 --- [main] mao.spring_boot_log.Log                  : hello
2022-04-10 20:33:37.039  WARN 5960 --- [main] mao.spring_boot_log.Log                  : hello
2022-04-10 20:33:37.039 ERROR 5960 --- [main] mao.spring_boot_log.Log                  : hello
2022-04-10 20:33:37.039 DEBUG 5960 --- [main] mao.spring_boot_log.Log                  : hello
2022-04-10 20:33:37.039  INFO 5960 --- [main] mao.spring_boot_log.Log                  : hello
2022-04-10 20:33:37.039  WARN 5960 --- [main] mao.spring_boot_log.Log                  : hello
2022-04-10 20:33:37.039 ERROR 5960 --- [main] mao.spring_boot_log.Log                  : hello
2022-04-10 20:33:37.039 DEBUG 5960 --- [main] mao.spring_boot_log.Log                  : hello
2022-04-10 20:33:37.039  INFO 5960 --- [main] mao.spring_boot_log.Log                  : hello
2022-04-10 20:33:37.039  WARN 5960 --- [main] mao.spring_boot_log.Log                  : hello
2022-04-10 20:33:37.039 ERROR 5960 --- [main] mao.spring_boot_log.Log                  : hello
2022-04-10 20:33:37.039 DEBUG 5960 --- [main] mao.spring_boot_log.Log                  : hello
2022-04-10 20:33:37.039  INFO 5960 --- [main] mao.spring_boot_log.Log                  : hello
2022-04-10 20:33:37.039  WARN 5960 --- [main] mao.spring_boot_log.Log                  : hello
2022-04-10 20:33:37.039 ERROR 5960 --- [main] mao.spring_boot_log.Log                  : hello
2022-04-10 20:33:37.039 DEBUG 5960 --- [main] mao.spring_boot_log.Log                  : hello
2022-04-10 20:33:37.039  INFO 5960 --- [main] mao.spring_boot_log.Log                  : hello
2022-04-10 20:33:37.039  WARN 5960 --- [main] mao.spring_boot_log.Log                  : hello
2022-04-10 20:33:37.039 ERROR 5960 --- [main] mao.spring_boot_log.Log                  : hello
2022-04-10 20:33:37.039 DEBUG 5960 --- [main] mao.spring_boot_log.Log                  : hello
2022-04-10 20:33:37.039  INFO 5960 --- [main] mao.spring_boot_log.Log                  : hello
2022-04-10 20:33:37.039  WARN 5960 --- [main] mao.spring_boot_log.Log                  : hello
2022-04-10 20:33:37.039 ERROR 5960 --- [main] mao.spring_boot_log.Log                  : hello
2022-04-10 20:33:37.039 DEBUG 5960 --- [main] mao.spring_boot_log.Log                  : hello
2022-04-10 20:33:37.039  INFO 5960 --- [main] mao.spring_boot_log.Log                  : hello
2022-04-10 20:33:37.039  WARN 5960 --- [main] mao.spring_boot_log.Log                  : hello
2022-04-10 20:33:37.039 ERROR 5960 --- [main] mao.spring_boot_log.Log                  : hello
2022-04-10 20:33:37.039 DEBUG 5960 --- [main] mao.spring_boot_log.Log                  : hello
2022-04-10 20:33:37.039  INFO 5960 --- [main] mao.spring_boot_log.Log                  : hello
2022-04-10 20:33:37.039  WARN 5960 --- [main] mao.spring_boot_log.Log                  : hello
2022-04-10 20:33:37.039 ERROR 5960 --- [main] mao.spring_boot_log.Log                  : hello
2022-04-10 20:33:37.039 DEBUG 5960 --- [main] mao.spring_boot_log.Log                  : hello
2022-04-10 20:33:37.040  INFO 5960 --- [main] mao.spring_boot_log.Log                  : hello
2022-04-10 20:33:37.040  WARN 5960 --- [main] mao.spring_boot_log.Log                  : hello
2022-04-10 20:33:37.040 ERROR 5960 --- [main] mao.spring_boot_log.Log                  : hello
2022-04-10 20:33:37.040 DEBUG 5960 --- [main] mao.spring_boot_log.Log                  : hello
2022-04-10 20:33:37.040  INFO 5960 --- [main] mao.spring_boot_log.Log                  : hello
2022-04-10 20:33:37.040  WARN 5960 --- [main] mao.spring_boot_log.Log                  : hello
2022-04-10 20:33:37.040 ERROR 5960 --- [main] mao.spring_boot_log.Log                  : hello
2022-04-10 20:33:37.040 DEBUG 5960 --- [main] mao.spring_boot_log.Log                  : hello
2022-04-10 20:33:37.040  INFO 5960 --- [main] mao.spring_boot_log.Log                  : hello
2022-04-10 20:33:37.040  WARN 5960 --- [main] mao.spring_boot_log.Log                  : hello
2022-04-10 20:33:37.040 ERROR 5960 --- [main] mao.spring_boot_log.Log                  : hello
2022-04-10 20:33:37.040 DEBUG 5960 --- [main] mao.spring_boot_log.Log                  : hello
2022-04-10 20:33:37.040  INFO 5960 --- [main] mao.spring_boot_log.Log                  : hello
2022-04-10 20:33:37.040  WARN 5960 --- [main] mao.spring_boot_log.Log                  : hello
2022-04-10 20:33:37.040 ERROR 5960 --- [main] mao.spring_boot_log.Log                  : hello
2022-04-10 20:33:37.040 DEBUG 5960 --- [main] mao.spring_boot_log.Log                  : hello
2022-04-10 20:33:37.040  INFO 5960 --- [main] mao.spring_boot_log.Log                  : hello
2022-04-10 20:33:37.040  WARN 5960 --- [main] mao.spring_boot_log.Log                  : hello
2022-04-10 20:33:37.040 ERROR 5960 --- [main] mao.spring_boot_log.Log                  : hello
2022-04-10 20:33:37.040 DEBUG 5960 --- [main] mao.spring_boot_log.Log                  : hello
2022-04-10 20:33:37.040  INFO 5960 --- [main] mao.spring_boot_log.Log                  : hello
2022-04-10 20:33:37.040  WARN 5960 --- [main] mao.spring_boot_log.Log                  : hello
2022-04-10 20:33:37.040 ERROR 5960 --- [main] mao.spring_boot_log.Log                  : hello
2022-04-10 20:33:37.040 DEBUG 5960 --- [main] mao.spring_boot_log.Log                  : hello
2022-04-10 20:33:37.040  INFO 5960 --- [main] mao.spring_boot_log.Log                  : hello
2022-04-10 20:33:37.040  WARN 5960 --- [main] mao.spring_boot_log.Log                  : hello
2022-04-10 20:33:37.040 ERROR 5960 --- [main] mao.spring_boot_log.Log                  : hello
2022-04-10 20:33:37.040 DEBUG 5960 --- [main] mao.spring_boot_log.Log                  : hello
2022-04-10 20:33:37.040  INFO 5960 --- [main] mao.spring_boot_log.Log                  : hello
2022-04-10 20:33:37.040  WARN 5960 --- [main] mao.spring_boot_log.Log                  : hello
2022-04-10 20:33:37.040 ERROR 5960 --- [main] mao.spring_boot_log.Log                  : hello
2022-04-10 20:33:37.041 DEBUG 5960 --- [main] mao.spring_boot_log.Log                  : hello
2022-04-10 20:33:37.041  INFO 5960 --- [main] mao.spring_boot_log.Log                  : hello
2022-04-10 20:33:37.041  WARN 5960 --- [main] mao.spring_boot_log.Log                  : hello
2022-04-10 20:33:37.041 ERROR 5960 --- [main] mao.spring_boot_log.Log                  : hello
2022-04-10 20:33:37.041 DEBUG 5960 --- [main] mao.spring_boot_log.Log                  : hello
2022-04-10 20:33:37.041  INFO 5960 --- [main] mao.spring_boot_log.Log                  : hello
2022-04-10 20:33:37.041  WARN 5960 --- [main] mao.spring_boot_log.Log                  : hello
2022-04-10 20:33:37.041 ERROR 5960 --- [main] mao.spring_boot_log.Log                  : hello
2022-04-10 20:33:37.041 DEBUG 5960 --- [main] mao.spring_boot_log.Log                  : hello
2022-04-10 20:33:37.041  INFO 5960 --- [main] mao.spring_boot_log.Log                  : hello
2022-04-10 20:33:37.041  WARN 5960 --- [main] mao.spring_boot_log.Log                  : hello
2022-04-10 20:33:37.041 ERROR 5960 --- [main] mao.spring_boot_log.Log                  : hello
2022-04-10 20:33:37.041 DEBUG 5960 --- [main] mao.spring_boot_log.Log                  : hello
2022-04-10 20:33:37.041  INFO 5960 --- [main] mao.spring_boot_log.Log                  : hello
2022-04-10 20:33:37.041  WARN 5960 --- [main] mao.spring_boot_log.Log                  : hello
