2022-04-10 20:33:01.411 ERROR 10448 --- [main] mao.spring_boot_log.Log                  : hello
2022-04-10 20:33:01.413 DEBUG 10448 --- [main] mao.spring_boot_log.Log                  : hello
2022-04-10 20:33:01.413  INFO 10448 --- [main] mao.spring_boot_log.Log                  : hello
2022-04-10 20:33:01.413  WARN 10448 --- [main] mao.spring_boot_log.Log                  : hello
2022-04-10 20:33:01.413 ERROR 10448 --- [main] mao.spring_boot_log.Log                  : hello
2022-04-10 20:33:01.413 DEBUG 10448 --- [main] mao.spring_boot_log.Log                  : hello
2022-04-10 20:33:01.413  INFO 10448 --- [main] mao.spring_boot_log.Log                  : hello
2022-04-10 20:33:01.413  WARN 10448 --- [main] mao.spring_boot_log.Log                  : hello
2022-04-10 20:33:01.414 ERROR 10448 --- [main] mao.spring_boot_log.Log                  : hello
2022-04-10 20:33:01.414 DEBUG 10448 --- [main] mao.spring_boot_log.Log                  : hello
2022-04-10 20:33:01.414  INFO 10448 --- [main] mao.spring_boot_log.Log                  : hello
2022-04-10 20:33:01.414  WARN 10448 --- [main] mao.spring_boot_log.Log                  : hello
2022-04-10 20:33:01.414 ERROR 10448 --- [main] mao.spring_boot_log.Log                  : hello
2022-04-10 20:33:01.414 DEBUG 10448 --- [main] mao.spring_boot_log.Log                  : hello
2022-04-10 20:33:01.414  INFO 10448 --- [main] mao.spring_boot_log.Log                  : hello
2022-04-10 20:33:01.414  WARN 10448 --- [main] mao.spring_boot_log.Log                  : hello
2022-04-10 20:33:01.414 ERROR 10448 --- [main] mao.spring_boot_log.Log                  : hello
2022-04-10 20:33:01.414 DEBUG 10448 --- [main] mao.spring_boot_log.Log                  : hello
2022-04-10 20:33:01.414  INFO 10448 --- [main] mao.spring_boot_log.Log                  : hello
2022-04-10 20:33:01.414  WARN 10448 --- [main] mao.spring_boot_log.Log                  : hello
2022-04-10 20:33:01.414 ERROR 10448 --- [main] mao.spring_boot_log.Log                  : hello
2022-04-10 20:33:01.414 DEBUG 10448 --- [main] mao.spring_boot_log.Log                  : hello
2022-04-10 20:33:01.414  INFO 10448 --- [main] mao.spring_boot_log.Log                  : hello
2022-04-10 20:33:01.414  WARN 10448 --- [main] mao.spring_boot_log.Log                  : hello
2022-04-10 20:33:01.414 ERROR 10448 --- [main] mao.spring_boot_log.Log                  : hello
2022-04-10 20:33:01.414 DEBUG 10448 --- [main] mao.spring_boot_log.Log                  : hello
2022-04-10 20:33:01.414  INFO 10448 --- [main] mao.spring_boot_log.Log                  : hello
2022-04-10 20:33:01.414  WARN 10448 --- [main] mao.spring_boot_log.Log                  : hello
2022-04-10 20:33:01.415 ERROR 10448 --- [main] mao.spring_boot_log.Log                  : hello
2022-04-10 20:33:01.415 DEBUG 10448 --- [main] mao.spring_boot_log.Log                  : hello
2022-04-10 20:33:01.415  INFO 10448 --- [main] mao.spring_boot_log.Log                  : hello
2022-04-10 20:33:01.415  WARN 10448 --- [main] mao.spring_boot_log.Log                  : hello
2022-04-10 20:33:01.415 ERROR 10448 --- [main] mao.spring_boot_log.Log                  : hello
2022-04-10 20:33:01.415 DEBUG 10448 --- [main] mao.spring_boot_log.Log                  : hello
2022-04-10 20:33:01.415  INFO 10448 --- [main] mao.spring_boot_log.Log                  : hello
2022-04-10 20:33:01.415  WARN 10448 --- [main] mao.spring_boot_log.Log                  : hello
2022-04-10 20:33:01.415 ERROR 10448 --- [main] mao.spring_boot_log.Log                  : hello
2022-04-10 20:33:01.415 DEBUG 10448 --- [main] mao.spring_boot_log.Log                  : hello
2022-04-10 20:33:01.415  INFO 10448 --- [main] mao.spring_boot_log.Log                  : hello
2022-04-10 20:33:01.415  WARN 10448 --- [main] mao.spring_boot_log.Log                  : hello
2022-04-10 20:33:01.415 ERROR 10448 --- [main] mao.spring_boot_log.Log                  : hello
2022-04-10 20:33:01.415 DEBUG 10448 --- [main] mao.spring_boot_log.Log                  : hello
2022-04-10 20:33:01.415  INFO 10448 --- [main] mao.spring_boot_log.Log                  : hello
2022-04-10 20:33:01.415  WARN 10448 --- [main] mao.spring_boot_log.Log                  : hello
2022-04-10 20:33:01.415 ERROR 10448 --- [main] mao.spring_boot_log.Log                  : hello
2022-04-10 20:33:01.415 DEBUG 10448 --- [main] mao.spring_boot_log.Log                  : hello
2022-04-10 20:33:01.415  INFO 10448 --- [main] mao.spring_boot_log.Log                  : hello
2022-04-10 20:33:01.415  WARN 10448 --- [main] mao.spring_boot_log.Log                  : hello
2022-04-10 20:33:01.415 ERROR 10448 --- [main] mao.spring_boot_log.Log                  : hello
2022-04-10 20:33:01.415 DEBUG 10448 --- [main] mao.spring_boot_log.Log                  : hello
2022-04-10 20:33:01.415  INFO 10448 --- [main] mao.spring_boot_log.Log                  : hello
2022-04-10 20:33:01.415  WARN 10448 --- [main] mao.spring_boot_log.Log                  : hello
2022-04-10 20:33:01.415 ERROR 10448 --- [main] mao.spring_boot_log.Log                  : hello
2022-04-10 20:33:01.415 DEBUG 10448 --- [main] mao.spring_boot_log.Log                  : hello
2022-04-10 20:33:01.415  INFO 10448 --- [main] mao.spring_boot_log.Log                  : hello
2022-04-10 20:33:01.415  WARN 10448 --- [main] mao.spring_boot_log.Log                  : hello
2022-04-10 20:33:01.415 ERROR 10448 --- [main] mao.spring_boot_log.Log                  : hello
2022-04-10 20:33:01.415 DEBUG 10448 --- [main] mao.spring_boot_log.Log                  : hello
2022-04-10 20:33:01.415  INFO 10448 --- [main] mao.spring_boot_log.Log                  : hello
2022-04-10 20:33:01.415  WARN 10448 --- [main] mao.spring_boot_log.Log                  : hello
2022-04-10 20:33:01.415 ERROR 10448 --- [main] mao.spring_boot_log.Log                  : hello
2022-04-10 20:33:01.415 DEBUG 10448 --- [main] mao.spring_boot_log.Log                  : hello
2022-04-10 20:33:01.415  INFO 10448 --- [main] mao.spring_boot_log.Log                  : hello
2022-04-10 20:33:01.415  WARN 10448 --- [main] mao.spring_boot_log.Log                  : hello
2022-04-10 20:33:01.415 ERROR 10448 --- [main] mao.spring_boot_log.Log                  : hello
2022-04-10 20:33:01.415 DEBUG 10448 --- [main] mao.spring_boot_log.Log                  : hello
2022-04-10 20:33:01.416  INFO 10448 --- [main] mao.spring_boot_log.Log                  : hello
2022-04-10 20:33:01.416  WARN 10448 --- [main] mao.spring_boot_log.Log                  : hello
2022-04-10 20:33:01.416 ERROR 10448 --- [main] mao.spring_boot_log.Log                  : hello
2022-04-10 20:33:01.416 DEBUG 10448 --- [main] mao.spring_boot_log.Log                  : hello
2022-04-10 20:33:01.416  INFO 10448 --- [main] mao.spring_boot_log.Log                  : hello
2022-04-10 20:33:01.416  WARN 10448 --- [main] mao.spring_boot_log.Log                  : hello
2022-04-10 20:33:01.416 ERROR 10448 --- [main] mao.spring_boot_log.Log                  : hello
2022-04-10 20:33:01.416 DEBUG 10448 --- [main] mao.spring_boot_log.Log                  : hello
2022-04-10 20:33:01.416  INFO 10448 --- [main] mao.spring_boot_log.Log                  : hello
2022-04-10 20:33:01.416  WARN 10448 --- [main] mao.spring_boot_log.Log                  : hello
2022-04-10 20:33:01.416 ERROR 10448 --- [main] mao.spring_boot_log.Log                  : hello
2022-04-10 20:33:01.416 DEBUG 10448 --- [main] mao.spring_boot_log.Log                  : hello
2022-04-10 20:33:01.416  INFO 10448 --- [main] mao.spring_boot_log.Log                  : hello
2022-04-10 20:33:01.416  WARN 10448 --- [main] mao.spring_boot_log.Log                  : hello
2022-04-10 20:33:01.416 ERROR 10448 --- [main] mao.spring_boot_log.Log                  : hello
2022-04-10 20:33:01.416 DEBUG 10448 --- [main] mao.spring_boot_log.Log                  : hello
2022-04-10 20:33:01.416  INFO 10448 --- [main] mao.spring_boot_log.Log                  : hello
2022-04-10 20:33:01.416  WARN 10448 --- [main] mao.spring_boot_log.Log                  : hello
2022-04-10 20:33:01.416 ERROR 10448 --- [main] mao.spring_boot_log.Log                  : hello
2022-04-10 20:33:01.416 DEBUG 10448 --- [main] mao.spring_boot_log.Log                  : hello
2022-04-10 20:33:01.416  INFO 10448 --- [main] mao.spring_boot_log.Log                  : hello
2022-04-10 20:33:01.416  WARN 10448 --- [main] mao.spring_boot_log.Log                  : hello
2022-04-10 20:33:01.416 ERROR 10448 --- [main] mao.spring_boot_log.Log                  : hello
2022-04-10 20:33:01.416 DEBUG 10448 --- [main] mao.spring_boot_log.Log                  : hello
2022-04-10 20:33:01.416  INFO 10448 --- [main] mao.spring_boot_log.Log                  : hello
2022-04-10 20:33:01.416  WARN 10448 --- [main] mao.spring_boot_log.Log                  : hello
2022-04-10 20:33:01.416 ERROR 10448 --- [main] mao.spring_boot_log.Log                  : hello
2022-04-10 20:33:01.416 DEBUG 10448 --- [main] mao.spring_boot_log.Log                  : hello
2022-04-10 20:33:01.416  INFO 10448 --- [main] mao.spring_boot_log.Log                  : hello
2022-04-10 20:33:01.416  WARN 10448 --- [main] mao.spring_boot_log.Log                  : hello
2022-04-10 20:33:01.416 ERROR 10448 --- [main] mao.spring_boot_log.Log                  : hello
2022-04-10 20:33:01.416 DEBUG 10448 --- [main] mao.spring_boot_log.Log                  : hello
2022-04-10 20:33:01.416  INFO 10448 --- [main] mao.spring_boot_log.Log                  : hello
2022-04-10 20:33:01.416  WARN 10448 --- [main] mao.spring_boot_log.Log                  : hello
2022-04-10 20:33:01.416 ERROR 10448 --- [main] mao.spring_boot_log.Log                  : hello
2022-04-10 20:33:01.416 DEBUG 10448 --- [main] mao.spring_boot_log.Log                  : hello
2022-04-10 20:33:01.416  INFO 10448 --- [main] mao.spring_boot_log.Log                  : hello
2022-04-10 20:33:01.416  WARN 10448 --- [main] mao.spring_boot_log.Log                  : hello
2022-04-10 20:33:01.417 ERROR 10448 --- [main] mao.spring_boot_log.Log                  : hello
2022-04-10 20:33:01.417 DEBUG 10448 --- [main] mao.spring_boot_log.Log                  : hello
2022-04-10 20:33:01.417  INFO 10448 --- [main] mao.spring_boot_log.Log                  : hello
2022-04-10 20:33:01.417  WARN 10448 --- [main] mao.spring_boot_log.Log                  : hello
2022-04-10 20:33:01.417 ERROR 10448 --- [main] mao.spring_boot_log.Log                  : hello
2022-04-10 20:33:01.417 DEBUG 10448 --- [main] mao.spring_boot_log.Log                  : hello
2022-04-10 20:33:01.417  INFO 10448 --- [main] mao.spring_boot_log.Log                  : hello
2022-04-10 20:33:01.417  WARN 10448 --- [main] mao.spring_boot_log.Log                  : hello
2022-04-10 20:33:01.417 ERROR 10448 --- [main] mao.spring_boot_log.Log                  : hello
2022-04-10 20:33:01.417 DEBUG 10448 --- [main] mao.spring_boot_log.Log                  : hello
2022-04-10 20:33:01.417  INFO 10448 --- [main] mao.spring_boot_log.Log                  : hello
2022-04-10 20:33:01.417  WARN 10448 --- [main] mao.spring_boot_log.Log                  : hello
2022-04-10 20:33:01.417 ERROR 10448 --- [main] mao.spring_boot_log.Log                  : hello
2022-04-10 20:33:01.417 DEBUG 10448 --- [main] mao.spring_boot_log.Log                  : hello
2022-04-10 20:33:01.417  INFO 10448 --- [main] mao.spring_boot_log.Log                  : hello
2022-04-10 20:33:01.417  WARN 10448 --- [main] mao.spring_boot_log.Log                  : hello
2022-04-10 20:33:01.417 ERROR 10448 --- [main] mao.spring_boot_log.Log                  : hello
2022-04-10 20:33:01.417 DEBUG 10448 --- [main] mao.spring_boot_log.Log                  : hello
2022-04-10 20:33:01.417  INFO 10448 --- [main] mao.spring_boot_log.Log                  : hello
2022-04-10 20:33:01.417  WARN 10448 --- [main] mao.spring_boot_log.Log                  : hello
2022-04-10 20:33:01.417 ERROR 10448 --- [main] mao.spring_boot_log.Log                  : hello
2022-04-10 20:33:01.417 DEBUG 10448 --- [main] mao.spring_boot_log.Log                  : hello
2022-04-10 20:33:01.417  INFO 10448 --- [main] mao.spring_boot_log.Log                  : hello
2022-04-10 20:33:01.417  WARN 10448 --- [main] mao.spring_boot_log.Log                  : hello
2022-04-10 20:33:01.417 ERROR 10448 --- [main] mao.spring_boot_log.Log                  : hello
2022-04-10 20:33:01.417 DEBUG 10448 --- [main] mao.spring_boot_log.Log                  : hello
2022-04-10 20:33:01.417  INFO 10448 --- [main] mao.spring_boot_log.Log                  : hello
2022-04-10 20:33:01.417  WARN 10448 --- [main] mao.spring_boot_log.Log                  : hello
2022-04-10 20:33:01.417 ERROR 10448 --- [main] mao.spring_boot_log.Log                  : hello
2022-04-10 20:33:01.417 DEBUG 10448 --- [main] mao.spring_boot_log.Log                  : hello
2022-04-10 20:33:01.417  INFO 10448 --- [main] mao.spring_boot_log.Log                  : hello
2022-04-10 20:33:01.417  WARN 10448 --- [main] mao.spring_boot_log.Log                  : hello
2022-04-10 20:33:01.417 ERROR 10448 --- [main] mao.spring_boot_log.Log                  : hello
2022-04-10 20:33:01.417 DEBUG 10448 --- [main] mao.spring_boot_log.Log                  : hello
2022-04-10 20:33:01.417  INFO 10448 --- [main] mao.spring_boot_log.Log                  : hello
2022-04-10 20:33:01.417  WARN 10448 --- [main] mao.spring_boot_log.Log                  : hello
2022-04-10 20:33:01.417 ERROR 10448 --- [main] mao.spring_boot_log.Log                  : hello
2022-04-10 20:33:01.417 DEBUG 10448 --- [main] mao.spring_boot_log.Log                  : hello
2022-04-10 20:33:01.417  INFO 10448 --- [main] mao.spring_boot_log.Log                  : hello
2022-04-10 20:33:01.417  WARN 10448 --- [main] mao.spring_boot_log.Log                  : hello
2022-04-10 20:33:01.417 ERROR 10448 --- [main] mao.spring_boot_log.Log                  : hello
2022-04-10 20:33:01.418 DEBUG 10448 --- [main] mao.spring_boot_log.Log                  : hello
2022-04-10 20:33:01.418  INFO 10448 --- [main] mao.spring_boot_log.Log                  : hello
2022-04-10 20:33:01.418  WARN 10448 --- [main] mao.spring_boot_log.Log                  : hello
2022-04-10 20:33:01.418 ERROR 10448 --- [main] mao.spring_boot_log.Log                  : hello
2022-04-10 20:33:01.418 DEBUG 10448 --- [main] mao.spring_boot_log.Log                  : hello
2022-04-10 20:33:01.418  INFO 10448 --- [main] mao.spring_boot_log.Log                  : hello
2022-04-10 20:33:01.418  WARN 10448 --- [main] mao.spring_boot_log.Log                  : hello
2022-04-10 20:33:01.418 ERROR 10448 --- [main] mao.spring_boot_log.Log                  : hello
2022-04-10 20:33:01.418 DEBUG 10448 --- [main] mao.spring_boot_log.Log                  : hello
2022-04-10 20:33:01.418  INFO 10448 --- [main] mao.spring_boot_log.Log                  : hello
2022-04-10 20:33:01.418  WARN 10448 --- [main] mao.spring_boot_log.Log                  : hello
2022-04-10 20:33:01.418 ERROR 10448 --- [main] mao.spring_boot_log.Log                  : hello
2022-04-10 20:33:01.418 DEBUG 10448 --- [main] mao.spring_boot_log.Log                  : hello
2022-04-10 20:33:01.418  INFO 10448 --- [main] mao.spring_boot_log.Log                  : hello
2022-04-10 20:33:01.418  WARN 10448 --- [main] mao.spring_boot_log.Log                  : hello
2022-04-10 20:33:01.418 ERROR 10448 --- [main] mao.spring_boot_log.Log                  : hello
2022-04-10 20:33:01.418 DEBUG 10448 --- [main] mao.spring_boot_log.Log                  : hello
2022-04-10 20:33:01.418  INFO 10448 --- [main] mao.spring_boot_log.Log                  : hello
2022-04-10 20:33:01.418  WARN 10448 --- [main] mao.spring_boot_log.Log                  : hello
2022-04-10 20:33:01.418 ERROR 10448 --- [main] mao.spring_boot_log.Log                  : hello
2022-04-10 20:33:01.418 DEBUG 10448 --- [main] mao.spring_boot_log.Log                  : hello
2022-04-10 20:33:01.418  INFO 10448 --- [main] mao.spring_boot_log.Log                  : hello
2022-04-10 20:33:01.418  WARN 10448 --- [main] mao.spring_boot_log.Log                  : hello
2022-04-10 20:33:01.418 ERROR 10448 --- [main] mao.spring_boot_log.Log                  : hello
2022-04-10 20:33:01.418 DEBUG 10448 --- [main] mao.spring_boot_log.Log                  : hello
2022-04-10 20:33:01.418  INFO 10448 --- [main] mao.spring_boot_log.Log                  : hello
2022-04-10 20:33:01.418  WARN 10448 --- [main] mao.spring_boot_log.Log                  : hello
2022-04-10 20:33:01.418 ERROR 10448 --- [main] mao.spring_boot_log.Log                  : hello
2022-04-10 20:33:01.418 DEBUG 10448 --- [main] mao.spring_boot_log.Log                  : hello
2022-04-10 20:33:01.418  INFO 10448 --- [main] mao.spring_boot_log.Log                  : hello
2022-04-10 20:33:01.418  WARN 10448 --- [main] mao.spring_boot_log.Log                  : hello
2022-04-10 20:33:01.418 ERROR 10448 --- [main] mao.spring_boot_log.Log                  : hello
2022-04-10 20:33:01.418 DEBUG 10448 --- [main] mao.spring_boot_log.Log                  : hello
2022-04-10 20:33:01.418  INFO 10448 --- [main] mao.spring_boot_log.Log                  : hello
2022-04-10 20:33:01.418  WARN 10448 --- [main] mao.spring_boot_log.Log                  : hello
2022-04-10 20:33:01.418 ERROR 10448 --- [main] mao.spring_boot_log.Log                  : hello
2022-04-10 20:33:01.418 DEBUG 10448 --- [main] mao.spring_boot_log.Log                  : hello
2022-04-10 20:33:01.418  INFO 10448 --- [main] mao.spring_boot_log.Log                  : hello
2022-04-10 20:33:01.419  WARN 10448 --- [main] mao.spring_boot_log.Log                  : hello
2022-04-10 20:33:01.419 ERROR 10448 --- [main] mao.spring_boot_log.Log                  : hello
2022-04-10 20:33:01.419 DEBUG 10448 --- [main] mao.spring_boot_log.Log                  : hello
2022-04-10 20:33:01.419  INFO 10448 --- [main] mao.spring_boot_log.Log                  : hello
2022-04-10 20:33:01.419  WARN 10448 --- [main] mao.spring_boot_log.Log                  : hello
2022-04-10 20:33:01.419 ERROR 10448 --- [main] mao.spring_boot_log.Log                  : hello
2022-04-10 20:33:01.419 DEBUG 10448 --- [main] mao.spring_boot_log.Log                  : hello
2022-04-10 20:33:01.419  INFO 10448 --- [main] mao.spring_boot_log.Log                  : hello
2022-04-10 20:33:01.419  WARN 10448 --- [main] mao.spring_boot_log.Log                  : hello
2022-04-10 20:33:01.419 ERROR 10448 --- [main] mao.spring_boot_log.Log                  : hello
2022-04-10 20:33:01.419 DEBUG 10448 --- [main] mao.spring_boot_log.Log                  : hello
2022-04-10 20:33:01.419  INFO 10448 --- [main] mao.spring_boot_log.Log                  : hello
2022-04-10 20:33:01.419  WARN 10448 --- [main] mao.spring_boot_log.Log                  : hello
2022-04-10 20:33:01.419 ERROR 10448 --- [main] mao.spring_boot_log.Log                  : hello
2022-04-10 20:33:01.419 DEBUG 10448 --- [main] mao.spring_boot_log.Log                  : hello
2022-04-10 20:33:01.419  INFO 10448 --- [main] mao.spring_boot_log.Log                  : hello
2022-04-10 20:33:01.419  WARN 10448 --- [main] mao.spring_boot_log.Log                  : hello
2022-04-10 20:33:01.419 ERROR 10448 --- [main] mao.spring_boot_log.Log                  : hello
2022-04-10 20:33:01.419 DEBUG 10448 --- [main] mao.spring_boot_log.Log                  : hello
2022-04-10 20:33:01.419  INFO 10448 --- [main] mao.spring_boot_log.Log                  : hello
2022-04-10 20:33:01.419  WARN 10448 --- [main] mao.spring_boot_log.Log                  : hello
2022-04-10 20:33:01.419 ERROR 10448 --- [main] mao.spring_boot_log.Log                  : hello
2022-04-10 20:33:01.419 DEBUG 10448 --- [main] mao.spring_boot_log.Log                  : hello
2022-04-10 20:33:01.419  INFO 10448 --- [main] mao.spring_boot_log.Log                  : hello
2022-04-10 20:33:01.419  WARN 10448 --- [main] mao.spring_boot_log.Log                  : hello
2022-04-10 20:33:01.419 ERROR 10448 --- [main] mao.spring_boot_log.Log                  : hello
2022-04-10 20:33:01.419 DEBUG 10448 --- [main] mao.spring_boot_log.Log                  : hello
2022-04-10 20:33:01.419  INFO 10448 --- [main] mao.spring_boot_log.Log                  : hello
2022-04-10 20:33:01.419  WARN 10448 --- [main] mao.spring_boot_log.Log                  : hello
2022-04-10 20:33:01.419 ERROR 10448 --- [main] mao.spring_boot_log.Log                  : hello
2022-04-10 20:33:01.419 DEBUG 10448 --- [main] mao.spring_boot_log.Log                  : hello
2022-04-10 20:33:01.419  INFO 10448 --- [main] mao.spring_boot_log.Log                  : hello
2022-04-10 20:33:01.419  WARN 10448 --- [main] mao.spring_boot_log.Log                  : hello
2022-04-10 20:33:01.419 ERROR 10448 --- [main] mao.spring_boot_log.Log                  : hello
2022-04-10 20:33:01.419 DEBUG 10448 --- [main] mao.spring_boot_log.Log                  : hello
2022-04-10 20:33:01.419  INFO 10448 --- [main] mao.spring_boot_log.Log                  : hello
2022-04-10 20:33:01.419  WARN 10448 --- [main] mao.spring_boot_log.Log                  : hello
2022-04-10 20:33:01.419 ERROR 10448 --- [main] mao.spring_boot_log.Log                  : hello
2022-04-10 20:33:01.419 DEBUG 10448 --- [main] mao.spring_boot_log.Log                  : hello
2022-04-10 20:33:01.419  INFO 10448 --- [main] mao.spring_boot_log.Log                  : hello
2022-04-10 20:33:01.419  WARN 10448 --- [main] mao.spring_boot_log.Log                  : hello
2022-04-10 20:33:01.419 ERROR 10448 --- [main] mao.spring_boot_log.Log                  : hello
2022-04-10 20:33:01.419 DEBUG 10448 --- [main] mao.spring_boot_log.Log                  : hello
2022-04-10 20:33:01.419  INFO 10448 --- [main] mao.spring_boot_log.Log                  : hello
2022-04-10 20:33:01.419  WARN 10448 --- [main] mao.spring_boot_log.Log                  : hello
2022-04-10 20:33:01.419 ERROR 10448 --- [main] mao.spring_boot_log.Log                  : hello
2022-04-10 20:33:01.419 DEBUG 10448 --- [main] mao.spring_boot_log.Log                  : hello
2022-04-10 20:33:01.419  INFO 10448 --- [main] mao.spring_boot_log.Log                  : hello
2022-04-10 20:33:01.419  WARN 10448 --- [main] mao.spring_boot_log.Log                  : hello
2022-04-10 20:33:01.419 ERROR 10448 --- [main] mao.spring_boot_log.Log                  : hello
2022-04-10 20:33:01.419 DEBUG 10448 --- [main] mao.spring_boot_log.Log                  : hello
2022-04-10 20:33:01.419  INFO 10448 --- [main] mao.spring_boot_log.Log                  : hello
2022-04-10 20:33:01.419  WARN 10448 --- [main] mao.spring_boot_log.Log                  : hello
2022-04-10 20:33:01.419 ERROR 10448 --- [main] mao.spring_boot_log.Log                  : hello
2022-04-10 20:33:01.419 DEBUG 10448 --- [main] mao.spring_boot_log.Log                  : hello
2022-04-10 20:33:01.420  INFO 10448 --- [main] mao.spring_boot_log.Log                  : hello
2022-04-10 20:33:01.420  WARN 10448 --- [main] mao.spring_boot_log.Log                  : hello
2022-04-10 20:33:01.420 ERROR 10448 --- [main] mao.spring_boot_log.Log                  : hello
2022-04-10 20:33:01.420 DEBUG 10448 --- [main] mao.spring_boot_log.Log                  : hello
2022-04-10 20:33:01.420  INFO 10448 --- [main] mao.spring_boot_log.Log                  : hello
2022-04-10 20:33:01.420  WARN 10448 --- [main] mao.spring_boot_log.Log                  : hello
2022-04-10 20:33:01.420 ERROR 10448 --- [main] mao.spring_boot_log.Log                  : hello
2022-04-10 20:33:01.420 DEBUG 10448 --- [main] mao.spring_boot_log.Log                  : hello
2022-04-10 20:33:01.420  INFO 10448 --- [main] mao.spring_boot_log.Log                  : hello
2022-04-10 20:33:01.420  WARN 10448 --- [main] mao.spring_boot_log.Log                  : hello
2022-04-10 20:33:01.420 ERROR 10448 --- [main] mao.spring_boot_log.Log                  : hello
2022-04-10 20:33:01.420 DEBUG 10448 --- [main] mao.spring_boot_log.Log                  : hello
2022-04-10 20:33:01.420  INFO 10448 --- [main] mao.spring_boot_log.Log                  : hello
2022-04-10 20:33:01.420  WARN 10448 --- [main] mao.spring_boot_log.Log                  : hello
2022-04-10 20:33:01.420 ERROR 10448 --- [main] mao.spring_boot_log.Log                  : hello
2022-04-10 20:33:01.420 DEBUG 10448 --- [main] mao.spring_boot_log.Log                  : hello
2022-04-10 20:33:01.420  INFO 10448 --- [main] mao.spring_boot_log.Log                  : hello
2022-04-10 20:33:01.420  WARN 10448 --- [main] mao.spring_boot_log.Log                  : hello
2022-04-10 20:33:01.420 ERROR 10448 --- [main] mao.spring_boot_log.Log                  : hello
2022-04-10 20:33:01.420 DEBUG 10448 --- [main] mao.spring_boot_log.Log                  : hello
2022-04-10 20:33:01.420  INFO 10448 --- [main] mao.spring_boot_log.Log                  : hello
2022-04-10 20:33:01.420  WARN 10448 --- [main] mao.spring_boot_log.Log                  : hello
2022-04-10 20:33:01.420 ERROR 10448 --- [main] mao.spring_boot_log.Log                  : hello
2022-04-10 20:33:01.420 DEBUG 10448 --- [main] mao.spring_boot_log.Log                  : hello
2022-04-10 20:33:01.420  INFO 10448 --- [main] mao.spring_boot_log.Log                  : hello
2022-04-10 20:33:01.420  WARN 10448 --- [main] mao.spring_boot_log.Log                  : hello
2022-04-10 20:33:01.420 ERROR 10448 --- [main] mao.spring_boot_log.Log                  : hello
2022-04-10 20:33:01.420 DEBUG 10448 --- [main] mao.spring_boot_log.Log                  : hello
2022-04-10 20:33:01.420  INFO 10448 --- [main] mao.spring_boot_log.Log                  : hello
2022-04-10 20:33:01.420  WARN 10448 --- [main] mao.spring_boot_log.Log                  : hello
2022-04-10 20:33:01.420 ERROR 10448 --- [main] mao.spring_boot_log.Log                  : hello
2022-04-10 20:33:01.420 DEBUG 10448 --- [main] mao.spring_boot_log.Log                  : hello
2022-04-10 20:33:01.420  INFO 10448 --- [main] mao.spring_boot_log.Log                  : hello
2022-04-10 20:33:01.420  WARN 10448 --- [main] mao.spring_boot_log.Log                  : hello
2022-04-10 20:33:01.421 ERROR 10448 --- [main] mao.spring_boot_log.Log                  : hello
2022-04-10 20:33:01.421 DEBUG 10448 --- [main] mao.spring_boot_log.Log                  : hello
2022-04-10 20:33:01.421  INFO 10448 --- [main] mao.spring_boot_log.Log                  : hello
2022-04-10 20:33:01.421  WARN 10448 --- [main] mao.spring_boot_log.Log                  : hello
2022-04-10 20:33:01.421 ERROR 10448 --- [main] mao.spring_boot_log.Log                  : hello
2022-04-10 20:33:01.421 DEBUG 10448 --- [main] mao.spring_boot_log.Log                  : hello
2022-04-10 20:33:01.421  INFO 10448 --- [main] mao.spring_boot_log.Log                  : hello
2022-04-10 20:33:01.421  WARN 10448 --- [main] mao.spring_boot_log.Log                  : hello
2022-04-10 20:33:01.421 ERROR 10448 --- [main] mao.spring_boot_log.Log                  : hello
2022-04-10 20:33:01.421 DEBUG 10448 --- [main] mao.spring_boot_log.Log                  : hello
2022-04-10 20:33:01.421  INFO 10448 --- [main] mao.spring_boot_log.Log                  : hello
2022-04-10 20:33:01.421  WARN 10448 --- [main] mao.spring_boot_log.Log                  : hello
2022-04-10 20:33:01.421 ERROR 10448 --- [main] mao.spring_boot_log.Log                  : hello
2022-04-10 20:33:01.421 DEBUG 10448 --- [main] mao.spring_boot_log.Log                  : hello
2022-04-10 20:33:01.421  INFO 10448 --- [main] mao.spring_boot_log.Log                  : hello
2022-04-10 20:33:01.421  WARN 10448 --- [main] mao.spring_boot_log.Log                  : hello
2022-04-10 20:33:01.421 ERROR 10448 --- [main] mao.spring_boot_log.Log                  : hello
2022-04-10 20:33:01.421 DEBUG 10448 --- [main] mao.spring_boot_log.Log                  : hello
2022-04-10 20:33:01.421  INFO 10448 --- [main] mao.spring_boot_log.Log                  : hello
2022-04-10 20:33:01.421  WARN 10448 --- [main] mao.spring_boot_log.Log                  : hello
2022-04-10 20:33:01.421 ERROR 10448 --- [main] mao.spring_boot_log.Log                  : hello
2022-04-10 20:33:01.421 DEBUG 10448 --- [main] mao.spring_boot_log.Log                  : hello
2022-04-10 20:33:01.421  INFO 10448 --- [main] mao.spring_boot_log.Log                  : hello
2022-04-10 20:33:01.421  WARN 10448 --- [main] mao.spring_boot_log.Log                  : hello
2022-04-10 20:33:01.422 ERROR 10448 --- [main] mao.spring_boot_log.Log                  : hello
2022-04-10 20:33:01.422 DEBUG 10448 --- [main] mao.spring_boot_log.Log                  : hello
2022-04-10 20:33:01.422  INFO 10448 --- [main] mao.spring_boot_log.Log                  : hello
2022-04-10 20:33:01.422  WARN 10448 --- [main] mao.spring_boot_log.Log                  : hello
2022-04-10 20:33:01.422 ERROR 10448 --- [main] mao.spring_boot_log.Log                  : hello
2022-04-10 20:33:01.422 DEBUG 10448 --- [main] mao.spring_boot_log.Log                  : hello
2022-04-10 20:33:01.422  INFO 10448 --- [main] mao.spring_boot_log.Log                  : hello
2022-04-10 20:33:01.422  WARN 10448 --- [main] mao.spring_boot_log.Log                  : hello
2022-04-10 20:33:01.422 ERROR 10448 --- [main] mao.spring_boot_log.Log                  : hello
2022-04-10 20:33:01.422 DEBUG 10448 --- [main] mao.spring_boot_log.Log                  : hello
2022-04-10 20:33:01.422  INFO 10448 --- [main] mao.spring_boot_log.Log                  : hello
2022-04-10 20:33:01.422  WARN 10448 --- [main] mao.spring_boot_log.Log                  : hello
2022-04-10 20:33:01.422 ERROR 10448 --- [main] mao.spring_boot_log.Log                  : hello
2022-04-10 20:33:01.422 DEBUG 10448 --- [main] mao.spring_boot_log.Log                  : hello
2022-04-10 20:33:01.422  INFO 10448 --- [main] mao.spring_boot_log.Log                  : hello
2022-04-10 20:33:01.422  WARN 10448 --- [main] mao.spring_boot_log.Log                  : hello
2022-04-10 20:33:01.422 ERROR 10448 --- [main] mao.spring_boot_log.Log                  : hello
2022-04-10 20:33:01.422 DEBUG 10448 --- [main] mao.spring_boot_log.Log                  : hello
2022-04-10 20:33:01.423  INFO 10448 --- [main] mao.spring_boot_log.Log                  : hello
2022-04-10 20:33:01.423  WARN 10448 --- [main] mao.spring_boot_log.Log                  : hello
2022-04-10 20:33:01.423 ERROR 10448 --- [main] mao.spring_boot_log.Log                  : hello
2022-04-10 20:33:01.423 DEBUG 10448 --- [main] mao.spring_boot_log.Log                  : hello
2022-04-10 20:33:01.423  INFO 10448 --- [main] mao.spring_boot_log.Log                  : hello
2022-04-10 20:33:01.423  WARN 10448 --- [main] mao.spring_boot_log.Log                  : hello
2022-04-10 20:33:01.423 ERROR 10448 --- [main] mao.spring_boot_log.Log                  : hello
2022-04-10 20:33:01.423 DEBUG 10448 --- [main] mao.spring_boot_log.Log                  : hello
2022-04-10 20:33:01.423  INFO 10448 --- [main] mao.spring_boot_log.Log                  : hello
2022-04-10 20:33:01.423  WARN 10448 --- [main] mao.spring_boot_log.Log                  : hello
2022-04-10 20:33:01.423 ERROR 10448 --- [main] mao.spring_boot_log.Log                  : hello
2022-04-10 20:33:01.423 DEBUG 10448 --- [main] mao.spring_boot_log.Log                  : hello
2022-04-10 20:33:01.423  INFO 10448 --- [main] mao.spring_boot_log.Log                  : hello
2022-04-10 20:33:01.423  WARN 10448 --- [main] mao.spring_boot_log.Log                  : hello
2022-04-10 20:33:01.423 ERROR 10448 --- [main] mao.spring_boot_log.Log                  : hello
2022-04-10 20:33:01.423 DEBUG 10448 --- [main] mao.spring_boot_log.Log                  : hello
2022-04-10 20:33:01.423  INFO 10448 --- [main] mao.spring_boot_log.Log                  : hello
2022-04-10 20:33:01.423  WARN 10448 --- [main] mao.spring_boot_log.Log                  : hello
2022-04-10 20:33:01.423 ERROR 10448 --- [main] mao.spring_boot_log.Log                  : hello
2022-04-10 20:33:01.423 DEBUG 10448 --- [main] mao.spring_boot_log.Log                  : hello
2022-04-10 20:33:01.423  INFO 10448 --- [main] mao.spring_boot_log.Log                  : hello
2022-04-10 20:33:01.423  WARN 10448 --- [main] mao.spring_boot_log.Log                  : hello
2022-04-10 20:33:01.423 ERROR 10448 --- [main] mao.spring_boot_log.Log                  : hello
2022-04-10 20:33:01.423 DEBUG 10448 --- [main] mao.spring_boot_log.Log                  : hello
2022-04-10 20:33:01.423  INFO 10448 --- [main] mao.spring_boot_log.Log                  : hello
2022-04-10 20:33:01.424  WARN 10448 --- [main] mao.spring_boot_log.Log                  : hello
2022-04-10 20:33:01.424 ERROR 10448 --- [main] mao.spring_boot_log.Log                  : hello
2022-04-10 20:33:01.424 DEBUG 10448 --- [main] mao.spring_boot_log.Log                  : hello
2022-04-10 20:33:01.424  INFO 10448 --- [main] mao.spring_boot_log.Log                  : hello
2022-04-10 20:33:01.424  WARN 10448 --- [main] mao.spring_boot_log.Log                  : hello
2022-04-10 20:33:01.424 ERROR 10448 --- [main] mao.spring_boot_log.Log                  : hello
2022-04-10 20:33:01.424 DEBUG 10448 --- [main] mao.spring_boot_log.Log                  : hello
2022-04-10 20:33:01.424  INFO 10448 --- [main] mao.spring_boot_log.Log                  : hello
2022-04-10 20:33:01.424  WARN 10448 --- [main] mao.spring_boot_log.Log                  : hello
2022-04-10 20:33:01.424 ERROR 10448 --- [main] mao.spring_boot_log.Log                  : hello
2022-04-10 20:33:01.424 DEBUG 10448 --- [main] mao.spring_boot_log.Log                  : hello
2022-04-10 20:33:01.424  INFO 10448 --- [main] mao.spring_boot_log.Log                  : hello
2022-04-10 20:33:01.424  WARN 10448 --- [main] mao.spring_boot_log.Log                  : hello
2022-04-10 20:33:01.424 ERROR 10448 --- [main] mao.spring_boot_log.Log                  : hello
2022-04-10 20:33:01.424 DEBUG 10448 --- [main] mao.spring_boot_log.Log                  : hello
2022-04-10 20:33:01.424  INFO 10448 --- [main] mao.spring_boot_log.Log                  : hello
2022-04-10 20:33:01.424  WARN 10448 --- [main] mao.spring_boot_log.Log                  : hello
2022-04-10 20:33:01.424 ERROR 10448 --- [main] mao.spring_boot_log.Log                  : hello
2022-04-10 20:33:01.424 DEBUG 10448 --- [main] mao.spring_boot_log.Log                  : hello
2022-04-10 20:33:01.424  INFO 10448 --- [main] mao.spring_boot_log.Log                  : hello
2022-04-10 20:33:01.424  WARN 10448 --- [main] mao.spring_boot_log.Log                  : hello
2022-04-10 20:33:01.424 ERROR 10448 --- [main] mao.spring_boot_log.Log                  : hello
2022-04-10 20:33:01.424 DEBUG 10448 --- [main] mao.spring_boot_log.Log                  : hello
2022-04-10 20:33:01.424  INFO 10448 --- [main] mao.spring_boot_log.Log                  : hello
2022-04-10 20:33:01.424  WARN 10448 --- [main] mao.spring_boot_log.Log                  : hello
2022-04-10 20:33:01.424 ERROR 10448 --- [main] mao.spring_boot_log.Log                  : hello
2022-04-10 20:33:01.424 DEBUG 10448 --- [main] mao.spring_boot_log.Log                  : hello
2022-04-10 20:33:01.424  INFO 10448 --- [main] mao.spring_boot_log.Log                  : hello
2022-04-10 20:33:01.424  WARN 10448 --- [main] mao.spring_boot_log.Log                  : hello
2022-04-10 20:33:01.424 ERROR 10448 --- [main] mao.spring_boot_log.Log                  : hello
2022-04-10 20:33:01.424 DEBUG 10448 --- [main] mao.spring_boot_log.Log                  : hello
2022-04-10 20:33:01.424  INFO 10448 --- [main] mao.spring_boot_log.Log                  : hello
2022-04-10 20:33:01.424  WARN 10448 --- [main] mao.spring_boot_log.Log                  : hello
2022-04-10 20:33:01.424 ERROR 10448 --- [main] mao.spring_boot_log.Log                  : hello
2022-04-10 20:33:01.425 DEBUG 10448 --- [main] mao.spring_boot_log.Log                  : hello
2022-04-10 20:33:01.425  INFO 10448 --- [main] mao.spring_boot_log.Log                  : hello
2022-04-10 20:33:01.425  WARN 10448 --- [main] mao.spring_boot_log.Log                  : hello
2022-04-10 20:33:01.425 ERROR 10448 --- [main] mao.spring_boot_log.Log                  : hello
2022-04-10 20:33:01.425 DEBUG 10448 --- [main] mao.spring_boot_log.Log                  : hello
2022-04-10 20:33:01.425  INFO 10448 --- [main] mao.spring_boot_log.Log                  : hello
2022-04-10 20:33:01.425  WARN 10448 --- [main] mao.spring_boot_log.Log                  : hello
2022-04-10 20:33:01.425 ERROR 10448 --- [main] mao.spring_boot_log.Log                  : hello
2022-04-10 20:33:01.425 DEBUG 10448 --- [main] mao.spring_boot_log.Log                  : hello
2022-04-10 20:33:01.425  INFO 10448 --- [main] mao.spring_boot_log.Log                  : hello
2022-04-10 20:33:01.425  WARN 10448 --- [main] mao.spring_boot_log.Log                  : hello
2022-04-10 20:33:01.425 ERROR 10448 --- [main] mao.spring_boot_log.Log                  : hello
2022-04-10 20:33:01.425 DEBUG 10448 --- [main] mao.spring_boot_log.Log                  : hello
2022-04-10 20:33:01.425  INFO 10448 --- [main] mao.spring_boot_log.Log                  : hello
2022-04-10 20:33:01.425  WARN 10448 --- [main] mao.spring_boot_log.Log                  : hello
2022-04-10 20:33:01.425 ERROR 10448 --- [main] mao.spring_boot_log.Log                  : hello
2022-04-10 20:33:01.425 DEBUG 10448 --- [main] mao.spring_boot_log.Log                  : hello
2022-04-10 20:33:01.425  INFO 10448 --- [main] mao.spring_boot_log.Log                  : hello
2022-04-10 20:33:01.425  WARN 10448 --- [main] mao.spring_boot_log.Log                  : hello
2022-04-10 20:33:01.425 ERROR 10448 --- [main] mao.spring_boot_log.Log                  : hello
2022-04-10 20:33:01.425 DEBUG 10448 --- [main] mao.spring_boot_log.Log                  : hello
2022-04-10 20:33:01.425  INFO 10448 --- [main] mao.spring_boot_log.Log                  : hello
2022-04-10 20:33:01.425  WARN 10448 --- [main] mao.spring_boot_log.Log                  : hello
2022-04-10 20:33:01.425 ERROR 10448 --- [main] mao.spring_boot_log.Log                  : hello
2022-04-10 20:33:01.425 DEBUG 10448 --- [main] mao.spring_boot_log.Log                  : hello
2022-04-10 20:33:01.425  INFO 10448 --- [main] mao.spring_boot_log.Log                  : hello
2022-04-10 20:33:01.425  WARN 10448 --- [main] mao.spring_boot_log.Log                  : hello
2022-04-10 20:33:01.425 ERROR 10448 --- [main] mao.spring_boot_log.Log                  : hello
2022-04-10 20:33:01.425 DEBUG 10448 --- [main] mao.spring_boot_log.Log                  : hello
2022-04-10 20:33:01.425  INFO 10448 --- [main] mao.spring_boot_log.Log                  : hello
2022-04-10 20:33:01.425  WARN 10448 --- [main] mao.spring_boot_log.Log                  : hello
2022-04-10 20:33:01.425 ERROR 10448 --- [main] mao.spring_boot_log.Log                  : hello
2022-04-10 20:33:01.425 DEBUG 10448 --- [main] mao.spring_boot_log.Log                  : hello
2022-04-10 20:33:01.426  INFO 10448 --- [main] mao.spring_boot_log.Log                  : hello
2022-04-10 20:33:01.426  WARN 10448 --- [main] mao.spring_boot_log.Log                  : hello
2022-04-10 20:33:01.426 ERROR 10448 --- [main] mao.spring_boot_log.Log                  : hello
2022-04-10 20:33:01.426 DEBUG 10448 --- [main] mao.spring_boot_log.Log                  : hello
2022-04-10 20:33:01.426  INFO 10448 --- [main] mao.spring_boot_log.Log                  : hello
2022-04-10 20:33:01.426  WARN 10448 --- [main] mao.spring_boot_log.Log                  : hello
2022-04-10 20:33:01.426 ERROR 10448 --- [main] mao.spring_boot_log.Log                  : hello
2022-04-10 20:33:01.426 DEBUG 10448 --- [main] mao.spring_boot_log.Log                  : hello
2022-04-10 20:33:01.426  INFO 10448 --- [main] mao.spring_boot_log.Log                  : hello
2022-04-10 20:33:01.426  WARN 10448 --- [main] mao.spring_boot_log.Log                  : hello
2022-04-10 20:33:01.426 ERROR 10448 --- [main] mao.spring_boot_log.Log                  : hello
2022-04-10 20:33:01.426 DEBUG 10448 --- [main] mao.spring_boot_log.Log                  : hello
2022-04-10 20:33:01.426  INFO 10448 --- [main] mao.spring_boot_log.Log                  : hello
2022-04-10 20:33:01.426  WARN 10448 --- [main] mao.spring_boot_log.Log                  : hello
2022-04-10 20:33:01.426 ERROR 10448 --- [main] mao.spring_boot_log.Log                  : hello
2022-04-10 20:33:01.426 DEBUG 10448 --- [main] mao.spring_boot_log.Log                  : hello
2022-04-10 20:33:01.426  INFO 10448 --- [main] mao.spring_boot_log.Log                  : hello
2022-04-10 20:33:01.426  WARN 10448 --- [main] mao.spring_boot_log.Log                  : hello
2022-04-10 20:33:01.426 ERROR 10448 --- [main] mao.spring_boot_log.Log                  : hello
2022-04-10 20:33:01.426 DEBUG 10448 --- [main] mao.spring_boot_log.Log                  : hello
2022-04-10 20:33:01.426  INFO 10448 --- [main] mao.spring_boot_log.Log                  : hello
2022-04-10 20:33:01.426  WARN 10448 --- [main] mao.spring_boot_log.Log                  : hello
2022-04-10 20:33:01.426 ERROR 10448 --- [main] mao.spring_boot_log.Log                  : hello
2022-04-10 20:33:01.426 DEBUG 10448 --- [main] mao.spring_boot_log.Log                  : hello
2022-04-10 20:33:01.426  INFO 10448 --- [main] mao.spring_boot_log.Log                  : hello
2022-04-10 20:33:01.426  WARN 10448 --- [main] mao.spring_boot_log.Log                  : hello
2022-04-10 20:33:01.426 ERROR 10448 --- [main] mao.spring_boot_log.Log                  : hello
2022-04-10 20:33:01.426 DEBUG 10448 --- [main] mao.spring_boot_log.Log                  : hello
2022-04-10 20:33:01.426  INFO 10448 --- [main] mao.spring_boot_log.Log                  : hello
2022-04-10 20:33:01.426  WARN 10448 --- [main] mao.spring_boot_log.Log                  : hello
2022-04-10 20:33:01.426 ERROR 10448 --- [main] mao.spring_boot_log.Log                  : hello
2022-04-10 20:33:01.426 DEBUG 10448 --- [main] mao.spring_boot_log.Log                  : hello
2022-04-10 20:33:01.426  INFO 10448 --- [main] mao.spring_boot_log.Log                  : hello
2022-04-10 20:33:01.426  WARN 10448 --- [main] mao.spring_boot_log.Log                  : hello
2022-04-10 20:33:01.427 ERROR 10448 --- [main] mao.spring_boot_log.Log                  : hello
2022-04-10 20:33:01.427 DEBUG 10448 --- [main] mao.spring_boot_log.Log                  : hello
2022-04-10 20:33:01.427  INFO 10448 --- [main] mao.spring_boot_log.Log                  : hello
2022-04-10 20:33:01.427  WARN 10448 --- [main] mao.spring_boot_log.Log                  : hello
2022-04-10 20:33:01.427 ERROR 10448 --- [main] mao.spring_boot_log.Log                  : hello
2022-04-10 20:33:01.427 DEBUG 10448 --- [main] mao.spring_boot_log.Log                  : hello
2022-04-10 20:33:01.427  INFO 10448 --- [main] mao.spring_boot_log.Log                  : hello
2022-04-10 20:33:01.427  WARN 10448 --- [main] mao.spring_boot_log.Log                  : hello
2022-04-10 20:33:01.427 ERROR 10448 --- [main] mao.spring_boot_log.Log                  : hello
2022-04-10 20:33:01.427 DEBUG 10448 --- [main] mao.spring_boot_log.Log                  : hello
2022-04-10 20:33:01.427  INFO 10448 --- [main] mao.spring_boot_log.Log                  : hello
2022-04-10 20:33:01.427  WARN 10448 --- [main] mao.spring_boot_log.Log                  : hello
2022-04-10 20:33:01.427 ERROR 10448 --- [main] mao.spring_boot_log.Log                  : hello
2022-04-10 20:33:01.427 DEBUG 10448 --- [main] mao.spring_boot_log.Log                  : hello
2022-04-10 20:33:01.427  INFO 10448 --- [main] mao.spring_boot_log.Log                  : hello
2022-04-10 20:33:01.427  WARN 10448 --- [main] mao.spring_boot_log.Log                  : hello
2022-04-10 20:33:01.427 ERROR 10448 --- [main] mao.spring_boot_log.Log                  : hello
2022-04-10 20:33:01.427 DEBUG 10448 --- [main] mao.spring_boot_log.Log                  : hello
2022-04-10 20:33:01.427  INFO 10448 --- [main] mao.spring_boot_log.Log                  : hello
2022-04-10 20:33:01.427  WARN 10448 --- [main] mao.spring_boot_log.Log                  : hello
2022-04-10 20:33:01.427 ERROR 10448 --- [main] mao.spring_boot_log.Log                  : hello
2022-04-10 20:33:01.427 DEBUG 10448 --- [main] mao.spring_boot_log.Log                  : hello
2022-04-10 20:33:01.427  INFO 10448 --- [main] mao.spring_boot_log.Log                  : hello
2022-04-10 20:33:01.427  WARN 10448 --- [main] mao.spring_boot_log.Log                  : hello
2022-04-10 20:33:01.427 ERROR 10448 --- [main] mao.spring_boot_log.Log                  : hello
2022-04-10 20:33:01.427 DEBUG 10448 --- [main] mao.spring_boot_log.Log                  : hello
2022-04-10 20:33:01.427  INFO 10448 --- [main] mao.spring_boot_log.Log                  : hello
2022-04-10 20:33:01.427  WARN 10448 --- [main] mao.spring_boot_log.Log                  : hello
2022-04-10 20:33:01.427 ERROR 10448 --- [main] mao.spring_boot_log.Log                  : hello
2022-04-10 20:33:01.427 DEBUG 10448 --- [main] mao.spring_boot_log.Log                  : hello
2022-04-10 20:33:01.427  INFO 10448 --- [main] mao.spring_boot_log.Log                  : hello
2022-04-10 20:33:01.427  WARN 10448 --- [main] mao.spring_boot_log.Log                  : hello
2022-04-10 20:33:01.428 ERROR 10448 --- [main] mao.spring_boot_log.Log                  : hello
2022-04-10 20:33:01.428 DEBUG 10448 --- [main] mao.spring_boot_log.Log                  : hello
2022-04-10 20:33:01.428  INFO 10448 --- [main] mao.spring_boot_log.Log                  : hello
2022-04-10 20:33:01.428  WARN 10448 --- [main] mao.spring_boot_log.Log                  : hello
2022-04-10 20:33:01.428 ERROR 10448 --- [main] mao.spring_boot_log.Log                  : hello
2022-04-10 20:33:01.428 DEBUG 10448 --- [main] mao.spring_boot_log.Log                  : hello
2022-04-10 20:33:01.428  INFO 10448 --- [main] mao.spring_boot_log.Log                  : hello
2022-04-10 20:33:01.428  WARN 10448 --- [main] mao.spring_boot_log.Log                  : hello
2022-04-10 20:33:01.428 ERROR 10448 --- [main] mao.spring_boot_log.Log                  : hello
2022-04-10 20:33:01.428 DEBUG 10448 --- [main] mao.spring_boot_log.Log                  : hello
2022-04-10 20:33:01.428  INFO 10448 --- [main] mao.spring_boot_log.Log                  : hello
2022-04-10 20:33:01.428  WARN 10448 --- [main] mao.spring_boot_log.Log                  : hello
2022-04-10 20:33:01.428 ERROR 10448 --- [main] mao.spring_boot_log.Log                  : hello
2022-04-10 20:33:01.428 DEBUG 10448 --- [main] mao.spring_boot_log.Log                  : hello
2022-04-10 20:33:01.428  INFO 10448 --- [main] mao.spring_boot_log.Log                  : hello
2022-04-10 20:33:01.428  WARN 10448 --- [main] mao.spring_boot_log.Log                  : hello
2022-04-10 20:33:01.428 ERROR 10448 --- [main] mao.spring_boot_log.Log                  : hello
2022-04-10 20:33:01.428 DEBUG 10448 --- [main] mao.spring_boot_log.Log                  : hello
2022-04-10 20:33:01.428  INFO 10448 --- [main] mao.spring_boot_log.Log                  : hello
2022-04-10 20:33:01.428  WARN 10448 --- [main] mao.spring_boot_log.Log                  : hello
2022-04-10 20:33:01.428 ERROR 10448 --- [main] mao.spring_boot_log.Log                  : hello
2022-04-10 20:33:01.428 DEBUG 10448 --- [main] mao.spring_boot_log.Log                  : hello
2022-04-10 20:33:01.428  INFO 10448 --- [main] mao.spring_boot_log.Log                  : hello
2022-04-10 20:33:01.428  WARN 10448 --- [main] mao.spring_boot_log.Log                  : hello
2022-04-10 20:33:01.428 ERROR 10448 --- [main] mao.spring_boot_log.Log                  : hello
2022-04-10 20:33:01.428 DEBUG 10448 --- [main] mao.spring_boot_log.Log                  : hello
2022-04-10 20:33:01.428  INFO 10448 --- [main] mao.spring_boot_log.Log                  : hello
2022-04-10 20:33:01.428  WARN 10448 --- [main] mao.spring_boot_log.Log                  : hello
2022-04-10 20:33:01.428 ERROR 10448 --- [main] mao.spring_boot_log.Log                  : hello
2022-04-10 20:33:01.428 DEBUG 10448 --- [main] mao.spring_boot_log.Log                  : hello
2022-04-10 20:33:01.428  INFO 10448 --- [main] mao.spring_boot_log.Log                  : hello
2022-04-10 20:33:01.428  WARN 10448 --- [main] mao.spring_boot_log.Log                  : hello
2022-04-10 20:33:01.428 ERROR 10448 --- [main] mao.spring_boot_log.Log                  : hello
2022-04-10 20:33:01.428 DEBUG 10448 --- [main] mao.spring_boot_log.Log                  : hello
2022-04-10 20:33:01.428  INFO 10448 --- [main] mao.spring_boot_log.Log                  : hello
2022-04-10 20:33:01.428  WARN 10448 --- [main] mao.spring_boot_log.Log                  : hello
2022-04-10 20:33:01.428 ERROR 10448 --- [main] mao.spring_boot_log.Log                  : hello
2022-04-10 20:33:01.428 DEBUG 10448 --- [main] mao.spring_boot_log.Log                  : hello
2022-04-10 20:33:01.428  INFO 10448 --- [main] mao.spring_boot_log.Log                  : hello
2022-04-10 20:33:01.428  WARN 10448 --- [main] mao.spring_boot_log.Log                  : hello
