2022-04-10 20:33:01.428 ERROR 10448 --- [main] mao.spring_boot_log.Log                  : hello
2022-04-10 20:33:01.430 DEBUG 10448 --- [main] mao.spring_boot_log.Log                  : hello
2022-04-10 20:33:01.431  INFO 10448 --- [main] mao.spring_boot_log.Log                  : hello
2022-04-10 20:33:01.431  WARN 10448 --- [main] mao.spring_boot_log.Log                  : hello
2022-04-10 20:33:01.431 ERROR 10448 --- [main] mao.spring_boot_log.Log                  : hello
2022-04-10 20:33:01.431 DEBUG 10448 --- [main] mao.spring_boot_log.Log                  : hello
2022-04-10 20:33:01.431  INFO 10448 --- [main] mao.spring_boot_log.Log                  : hello
2022-04-10 20:33:01.431  WARN 10448 --- [main] mao.spring_boot_log.Log                  : hello
2022-04-10 20:33:01.431 ERROR 10448 --- [main] mao.spring_boot_log.Log                  : hello
2022-04-10 20:33:01.432 DEBUG 10448 --- [main] mao.spring_boot_log.Log                  : hello
2022-04-10 20:33:01.432  INFO 10448 --- [main] mao.spring_boot_log.Log                  : hello
2022-04-10 20:33:01.432  WARN 10448 --- [main] mao.spring_boot_log.Log                  : hello
2022-04-10 20:33:01.432 ERROR 10448 --- [main] mao.spring_boot_log.Log                  : hello
2022-04-10 20:33:01.432 DEBUG 10448 --- [main] mao.spring_boot_log.Log                  : hello
2022-04-10 20:33:01.432  INFO 10448 --- [main] mao.spring_boot_log.Log                  : hello
2022-04-10 20:33:01.432  WARN 10448 --- [main] mao.spring_boot_log.Log                  : hello
2022-04-10 20:33:01.432 ERROR 10448 --- [main] mao.spring_boot_log.Log                  : hello
2022-04-10 20:33:01.432 DEBUG 10448 --- [main] mao.spring_boot_log.Log                  : hello
2022-04-10 20:33:01.432  INFO 10448 --- [main] mao.spring_boot_log.Log                  : hello
2022-04-10 20:33:01.432  WARN 10448 --- [main] mao.spring_boot_log.Log                  : hello
2022-04-10 20:33:01.432 ERROR 10448 --- [main] mao.spring_boot_log.Log                  : hello
2022-04-10 20:33:01.432 DEBUG 10448 --- [main] mao.spring_boot_log.Log                  : hello
2022-04-10 20:33:01.432  INFO 10448 --- [main] mao.spring_boot_log.Log                  : hello
2022-04-10 20:33:01.432  WARN 10448 --- [main] mao.spring_boot_log.Log                  : hello
2022-04-10 20:33:01.432 ERROR 10448 --- [main] mao.spring_boot_log.Log                  : hello
2022-04-10 20:33:01.432 DEBUG 10448 --- [main] mao.spring_boot_log.Log                  : hello
2022-04-10 20:33:01.432  INFO 10448 --- [main] mao.spring_boot_log.Log                  : hello
2022-04-10 20:33:01.432  WARN 10448 --- [main] mao.spring_boot_log.Log                  : hello
2022-04-10 20:33:01.432 ERROR 10448 --- [main] mao.spring_boot_log.Log                  : hello
2022-04-10 20:33:01.432 DEBUG 10448 --- [main] mao.spring_boot_log.Log                  : hello
2022-04-10 20:33:01.432  INFO 10448 --- [main] mao.spring_boot_log.Log                  : hello
2022-04-10 20:33:01.432  WARN 10448 --- [main] mao.spring_boot_log.Log                  : hello
2022-04-10 20:33:01.432 ERROR 10448 --- [main] mao.spring_boot_log.Log                  : hello
2022-04-10 20:33:01.432 DEBUG 10448 --- [main] mao.spring_boot_log.Log                  : hello
2022-04-10 20:33:01.432  INFO 10448 --- [main] mao.spring_boot_log.Log                  : hello
2022-04-10 20:33:01.432  WARN 10448 --- [main] mao.spring_boot_log.Log                  : hello
2022-04-10 20:33:01.432 ERROR 10448 --- [main] mao.spring_boot_log.Log                  : hello
2022-04-10 20:33:01.432 DEBUG 10448 --- [main] mao.spring_boot_log.Log                  : hello
2022-04-10 20:33:01.432  INFO 10448 --- [main] mao.spring_boot_log.Log                  : hello
2022-04-10 20:33:01.432  WARN 10448 --- [main] mao.spring_boot_log.Log                  : hello
2022-04-10 20:33:01.432 ERROR 10448 --- [main] mao.spring_boot_log.Log                  : hello
2022-04-10 20:33:01.432 DEBUG 10448 --- [main] mao.spring_boot_log.Log                  : hello
2022-04-10 20:33:01.433  INFO 10448 --- [main] mao.spring_boot_log.Log                  : hello
2022-04-10 20:33:01.433  WARN 10448 --- [main] mao.spring_boot_log.Log                  : hello
2022-04-10 20:33:01.433 ERROR 10448 --- [main] mao.spring_boot_log.Log                  : hello
2022-04-10 20:33:01.433 DEBUG 10448 --- [main] mao.spring_boot_log.Log                  : hello
2022-04-10 20:33:01.433  INFO 10448 --- [main] mao.spring_boot_log.Log                  : hello
2022-04-10 20:33:01.433  WARN 10448 --- [main] mao.spring_boot_log.Log                  : hello
2022-04-10 20:33:01.433 ERROR 10448 --- [main] mao.spring_boot_log.Log                  : hello
2022-04-10 20:33:01.433 DEBUG 10448 --- [main] mao.spring_boot_log.Log                  : hello
2022-04-10 20:33:01.433  INFO 10448 --- [main] mao.spring_boot_log.Log                  : hello
2022-04-10 20:33:01.433  WARN 10448 --- [main] mao.spring_boot_log.Log                  : hello
2022-04-10 20:33:01.433 ERROR 10448 --- [main] mao.spring_boot_log.Log                  : hello
2022-04-10 20:33:01.433 DEBUG 10448 --- [main] mao.spring_boot_log.Log                  : hello
2022-04-10 20:33:01.433  INFO 10448 --- [main] mao.spring_boot_log.Log                  : hello
2022-04-10 20:33:01.433  WARN 10448 --- [main] mao.spring_boot_log.Log                  : hello
2022-04-10 20:33:01.433 ERROR 10448 --- [main] mao.spring_boot_log.Log                  : hello
2022-04-10 20:33:01.433 DEBUG 10448 --- [main] mao.spring_boot_log.Log                  : hello
2022-04-10 20:33:01.433  INFO 10448 --- [main] mao.spring_boot_log.Log                  : hello
2022-04-10 20:33:01.433  WARN 10448 --- [main] mao.spring_boot_log.Log                  : hello
2022-04-10 20:33:01.433 ERROR 10448 --- [main] mao.spring_boot_log.Log                  : hello
2022-04-10 20:33:01.433 DEBUG 10448 --- [main] mao.spring_boot_log.Log                  : hello
2022-04-10 20:33:01.433  INFO 10448 --- [main] mao.spring_boot_log.Log                  : hello
2022-04-10 20:33:01.433  WARN 10448 --- [main] mao.spring_boot_log.Log                  : hello
2022-04-10 20:33:01.433 ERROR 10448 --- [main] mao.spring_boot_log.Log                  : hello
2022-04-10 20:33:01.433 DEBUG 10448 --- [main] mao.spring_boot_log.Log                  : hello
2022-04-10 20:33:01.433  INFO 10448 --- [main] mao.spring_boot_log.Log                  : hello
2022-04-10 20:33:01.433  WARN 10448 --- [main] mao.spring_boot_log.Log                  : hello
2022-04-10 20:33:01.433 ERROR 10448 --- [main] mao.spring_boot_log.Log                  : hello
2022-04-10 20:33:01.433 DEBUG 10448 --- [main] mao.spring_boot_log.Log                  : hello
2022-04-10 20:33:01.433  INFO 10448 --- [main] mao.spring_boot_log.Log                  : hello
2022-04-10 20:33:01.433  WARN 10448 --- [main] mao.spring_boot_log.Log                  : hello
2022-04-10 20:33:01.433 ERROR 10448 --- [main] mao.spring_boot_log.Log                  : hello
2022-04-10 20:33:01.433 DEBUG 10448 --- [main] mao.spring_boot_log.Log                  : hello
2022-04-10 20:33:01.433  INFO 10448 --- [main] mao.spring_boot_log.Log                  : hello
2022-04-10 20:33:01.433  WARN 10448 --- [main] mao.spring_boot_log.Log                  : hello
2022-04-10 20:33:01.433 ERROR 10448 --- [main] mao.spring_boot_log.Log                  : hello
2022-04-10 20:33:01.433 DEBUG 10448 --- [main] mao.spring_boot_log.Log                  : hello
2022-04-10 20:33:01.433  INFO 10448 --- [main] mao.spring_boot_log.Log                  : hello
2022-04-10 20:33:01.433  WARN 10448 --- [main] mao.spring_boot_log.Log                  : hello
2022-04-10 20:33:01.433 ERROR 10448 --- [main] mao.spring_boot_log.Log                  : hello
2022-04-10 20:33:01.433 DEBUG 10448 --- [main] mao.spring_boot_log.Log                  : hello
2022-04-10 20:33:01.433  INFO 10448 --- [main] mao.spring_boot_log.Log                  : hello
2022-04-10 20:33:01.433  WARN 10448 --- [main] mao.spring_boot_log.Log                  : hello
2022-04-10 20:33:01.433 ERROR 10448 --- [main] mao.spring_boot_log.Log                  : hello
2022-04-10 20:33:01.434 DEBUG 10448 --- [main] mao.spring_boot_log.Log                  : hello
2022-04-10 20:33:01.434  INFO 10448 --- [main] mao.spring_boot_log.Log                  : hello
2022-04-10 20:33:01.434  WARN 10448 --- [main] mao.spring_boot_log.Log                  : hello
2022-04-10 20:33:01.434 ERROR 10448 --- [main] mao.spring_boot_log.Log                  : hello
2022-04-10 20:33:01.434 DEBUG 10448 --- [main] mao.spring_boot_log.Log                  : hello
2022-04-10 20:33:01.434  INFO 10448 --- [main] mao.spring_boot_log.Log                  : hello
2022-04-10 20:33:01.434  WARN 10448 --- [main] mao.spring_boot_log.Log                  : hello
2022-04-10 20:33:01.434 ERROR 10448 --- [main] mao.spring_boot_log.Log                  : hello
2022-04-10 20:33:01.434 DEBUG 10448 --- [main] mao.spring_boot_log.Log                  : hello
2022-04-10 20:33:01.434  INFO 10448 --- [main] mao.spring_boot_log.Log                  : hello
2022-04-10 20:33:01.434  WARN 10448 --- [main] mao.spring_boot_log.Log                  : hello
2022-04-10 20:33:01.434 ERROR 10448 --- [main] mao.spring_boot_log.Log                  : hello
2022-04-10 20:33:01.434 DEBUG 10448 --- [main] mao.spring_boot_log.Log                  : hello
2022-04-10 20:33:01.434  INFO 10448 --- [main] mao.spring_boot_log.Log                  : hello
2022-04-10 20:33:01.434  WARN 10448 --- [main] mao.spring_boot_log.Log                  : hello
2022-04-10 20:33:01.434 ERROR 10448 --- [main] mao.spring_boot_log.Log                  : hello
2022-04-10 20:33:01.434 DEBUG 10448 --- [main] mao.spring_boot_log.Log                  : hello
2022-04-10 20:33:01.434  INFO 10448 --- [main] mao.spring_boot_log.Log                  : hello
2022-04-10 20:33:01.434  WARN 10448 --- [main] mao.spring_boot_log.Log                  : hello
2022-04-10 20:33:01.434 ERROR 10448 --- [main] mao.spring_boot_log.Log                  : hello
2022-04-10 20:33:01.434 DEBUG 10448 --- [main] mao.spring_boot_log.Log                  : hello
2022-04-10 20:33:01.434  INFO 10448 --- [main] mao.spring_boot_log.Log                  : hello
2022-04-10 20:33:01.435  WARN 10448 --- [main] mao.spring_boot_log.Log                  : hello
2022-04-10 20:33:01.435 ERROR 10448 --- [main] mao.spring_boot_log.Log                  : hello
2022-04-10 20:33:01.435 DEBUG 10448 --- [main] mao.spring_boot_log.Log                  : hello
2022-04-10 20:33:01.435  INFO 10448 --- [main] mao.spring_boot_log.Log                  : hello
2022-04-10 20:33:01.435  WARN 10448 --- [main] mao.spring_boot_log.Log                  : hello
2022-04-10 20:33:01.435 ERROR 10448 --- [main] mao.spring_boot_log.Log                  : hello
2022-04-10 20:33:01.435 DEBUG 10448 --- [main] mao.spring_boot_log.Log                  : hello
2022-04-10 20:33:01.435  INFO 10448 --- [main] mao.spring_boot_log.Log                  : hello
2022-04-10 20:33:01.435  WARN 10448 --- [main] mao.spring_boot_log.Log                  : hello
2022-04-10 20:33:01.435 ERROR 10448 --- [main] mao.spring_boot_log.Log                  : hello
2022-04-10 20:33:01.435 DEBUG 10448 --- [main] mao.spring_boot_log.Log                  : hello
2022-04-10 20:33:01.435  INFO 10448 --- [main] mao.spring_boot_log.Log                  : hello
2022-04-10 20:33:01.435  WARN 10448 --- [main] mao.spring_boot_log.Log                  : hello
2022-04-10 20:33:01.435 ERROR 10448 --- [main] mao.spring_boot_log.Log                  : hello
2022-04-10 20:33:01.435 DEBUG 10448 --- [main] mao.spring_boot_log.Log                  : hello
2022-04-10 20:33:01.435  INFO 10448 --- [main] mao.spring_boot_log.Log                  : hello
2022-04-10 20:33:01.435  WARN 10448 --- [main] mao.spring_boot_log.Log                  : hello
2022-04-10 20:33:01.435 ERROR 10448 --- [main] mao.spring_boot_log.Log                  : hello
2022-04-10 20:33:01.435 DEBUG 10448 --- [main] mao.spring_boot_log.Log                  : hello
2022-04-10 20:33:01.435  INFO 10448 --- [main] mao.spring_boot_log.Log                  : hello
2022-04-10 20:33:01.435  WARN 10448 --- [main] mao.spring_boot_log.Log                  : hello
2022-04-10 20:33:01.435 ERROR 10448 --- [main] mao.spring_boot_log.Log                  : hello
2022-04-10 20:33:01.435 DEBUG 10448 --- [main] mao.spring_boot_log.Log                  : hello
2022-04-10 20:33:01.435  INFO 10448 --- [main] mao.spring_boot_log.Log                  : hello
2022-04-10 20:33:01.435  WARN 10448 --- [main] mao.spring_boot_log.Log                  : hello
2022-04-10 20:33:01.435 ERROR 10448 --- [main] mao.spring_boot_log.Log                  : hello
2022-04-10 20:33:01.435 DEBUG 10448 --- [main] mao.spring_boot_log.Log                  : hello
2022-04-10 20:33:01.435  INFO 10448 --- [main] mao.spring_boot_log.Log                  : hello
2022-04-10 20:33:01.435  WARN 10448 --- [main] mao.spring_boot_log.Log                  : hello
2022-04-10 20:33:01.435 ERROR 10448 --- [main] mao.spring_boot_log.Log                  : hello
2022-04-10 20:33:01.436 DEBUG 10448 --- [main] mao.spring_boot_log.Log                  : hello
2022-04-10 20:33:01.436  INFO 10448 --- [main] mao.spring_boot_log.Log                  : hello
2022-04-10 20:33:01.436  WARN 10448 --- [main] mao.spring_boot_log.Log                  : hello
2022-04-10 20:33:01.436 ERROR 10448 --- [main] mao.spring_boot_log.Log                  : hello
2022-04-10 20:33:01.436 DEBUG 10448 --- [main] mao.spring_boot_log.Log                  : hello
2022-04-10 20:33:01.436  INFO 10448 --- [main] mao.spring_boot_log.Log                  : hello
2022-04-10 20:33:01.436  WARN 10448 --- [main] mao.spring_boot_log.Log                  : hello
2022-04-10 20:33:01.436 ERROR 10448 --- [main] mao.spring_boot_log.Log                  : hello
2022-04-10 20:33:01.436 DEBUG 10448 --- [main] mao.spring_boot_log.Log                  : hello
2022-04-10 20:33:01.436  INFO 10448 --- [main] mao.spring_boot_log.Log                  : hello
2022-04-10 20:33:01.436  WARN 10448 --- [main] mao.spring_boot_log.Log                  : hello
2022-04-10 20:33:01.436 ERROR 10448 --- [main] mao.spring_boot_log.Log                  : hello
2022-04-10 20:33:01.436 DEBUG 10448 --- [main] mao.spring_boot_log.Log                  : hello
2022-04-10 20:33:01.436  INFO 10448 --- [main] mao.spring_boot_log.Log                  : hello
2022-04-10 20:33:01.436  WARN 10448 --- [main] mao.spring_boot_log.Log                  : hello
2022-04-10 20:33:01.436 ERROR 10448 --- [main] mao.spring_boot_log.Log                  : hello
2022-04-10 20:33:01.436 DEBUG 10448 --- [main] mao.spring_boot_log.Log                  : hello
2022-04-10 20:33:01.436  INFO 10448 --- [main] mao.spring_boot_log.Log                  : hello
2022-04-10 20:33:01.436  WARN 10448 --- [main] mao.spring_boot_log.Log                  : hello
2022-04-10 20:33:01.436 ERROR 10448 --- [main] mao.spring_boot_log.Log                  : hello
2022-04-10 20:33:01.436 DEBUG 10448 --- [main] mao.spring_boot_log.Log                  : hello
2022-04-10 20:33:01.436  INFO 10448 --- [main] mao.spring_boot_log.Log                  : hello
2022-04-10 20:33:01.436  WARN 10448 --- [main] mao.spring_boot_log.Log                  : hello
2022-04-10 20:33:01.436 ERROR 10448 --- [main] mao.spring_boot_log.Log                  : hello
2022-04-10 20:33:01.436 DEBUG 10448 --- [main] mao.spring_boot_log.Log                  : hello
2022-04-10 20:33:01.436  INFO 10448 --- [main] mao.spring_boot_log.Log                  : hello
2022-04-10 20:33:01.436  WARN 10448 --- [main] mao.spring_boot_log.Log                  : hello
2022-04-10 20:33:01.436 ERROR 10448 --- [main] mao.spring_boot_log.Log                  : hello
2022-04-10 20:33:01.436 DEBUG 10448 --- [main] mao.spring_boot_log.Log                  : hello
2022-04-10 20:33:01.436  INFO 10448 --- [main] mao.spring_boot_log.Log                  : hello
2022-04-10 20:33:01.436  WARN 10448 --- [main] mao.spring_boot_log.Log                  : hello
2022-04-10 20:33:01.437 ERROR 10448 --- [main] mao.spring_boot_log.Log                  : hello
2022-04-10 20:33:01.437 DEBUG 10448 --- [main] mao.spring_boot_log.Log                  : hello
2022-04-10 20:33:01.437  INFO 10448 --- [main] mao.spring_boot_log.Log                  : hello
2022-04-10 20:33:01.437  WARN 10448 --- [main] mao.spring_boot_log.Log                  : hello
2022-04-10 20:33:01.437 ERROR 10448 --- [main] mao.spring_boot_log.Log                  : hello
2022-04-10 20:33:01.437 DEBUG 10448 --- [main] mao.spring_boot_log.Log                  : hello
2022-04-10 20:33:01.437  INFO 10448 --- [main] mao.spring_boot_log.Log                  : hello
2022-04-10 20:33:01.437  WARN 10448 --- [main] mao.spring_boot_log.Log                  : hello
2022-04-10 20:33:01.437 ERROR 10448 --- [main] mao.spring_boot_log.Log                  : hello
2022-04-10 20:33:01.437 DEBUG 10448 --- [main] mao.spring_boot_log.Log                  : hello
2022-04-10 20:33:01.437  INFO 10448 --- [main] mao.spring_boot_log.Log                  : hello
2022-04-10 20:33:01.437  WARN 10448 --- [main] mao.spring_boot_log.Log                  : hello
2022-04-10 20:33:01.437 ERROR 10448 --- [main] mao.spring_boot_log.Log                  : hello
2022-04-10 20:33:01.437 DEBUG 10448 --- [main] mao.spring_boot_log.Log                  : hello
2022-04-10 20:33:01.437  INFO 10448 --- [main] mao.spring_boot_log.Log                  : hello
2022-04-10 20:33:01.437  WARN 10448 --- [main] mao.spring_boot_log.Log                  : hello
2022-04-10 20:33:01.437 ERROR 10448 --- [main] mao.spring_boot_log.Log                  : hello
2022-04-10 20:33:01.437 DEBUG 10448 --- [main] mao.spring_boot_log.Log                  : hello
2022-04-10 20:33:01.437  INFO 10448 --- [main] mao.spring_boot_log.Log                  : hello
2022-04-10 20:33:01.437  WARN 10448 --- [main] mao.spring_boot_log.Log                  : hello
2022-04-10 20:33:01.437 ERROR 10448 --- [main] mao.spring_boot_log.Log                  : hello
2022-04-10 20:33:01.437 DEBUG 10448 --- [main] mao.spring_boot_log.Log                  : hello
2022-04-10 20:33:01.437  INFO 10448 --- [main] mao.spring_boot_log.Log                  : hello
2022-04-10 20:33:01.437  WARN 10448 --- [main] mao.spring_boot_log.Log                  : hello
2022-04-10 20:33:01.438 ERROR 10448 --- [main] mao.spring_boot_log.Log                  : hello
2022-04-10 20:33:01.438 DEBUG 10448 --- [main] mao.spring_boot_log.Log                  : hello
2022-04-10 20:33:01.438  INFO 10448 --- [main] mao.spring_boot_log.Log                  : hello
2022-04-10 20:33:01.438  WARN 10448 --- [main] mao.spring_boot_log.Log                  : hello
2022-04-10 20:33:01.438 ERROR 10448 --- [main] mao.spring_boot_log.Log                  : hello
2022-04-10 20:33:01.438 DEBUG 10448 --- [main] mao.spring_boot_log.Log                  : hello
2022-04-10 20:33:01.438  INFO 10448 --- [main] mao.spring_boot_log.Log                  : hello
2022-04-10 20:33:01.438  WARN 10448 --- [main] mao.spring_boot_log.Log                  : hello
2022-04-10 20:33:01.438 ERROR 10448 --- [main] mao.spring_boot_log.Log                  : hello
2022-04-10 20:33:01.438 DEBUG 10448 --- [main] mao.spring_boot_log.Log                  : hello
2022-04-10 20:33:01.438  INFO 10448 --- [main] mao.spring_boot_log.Log                  : hello
2022-04-10 20:33:01.438  WARN 10448 --- [main] mao.spring_boot_log.Log                  : hello
2022-04-10 20:33:01.438 ERROR 10448 --- [main] mao.spring_boot_log.Log                  : hello
2022-04-10 20:33:01.438 DEBUG 10448 --- [main] mao.spring_boot_log.Log                  : hello
2022-04-10 20:33:01.438  INFO 10448 --- [main] mao.spring_boot_log.Log                  : hello
2022-04-10 20:33:01.438  WARN 10448 --- [main] mao.spring_boot_log.Log                  : hello
2022-04-10 20:33:01.438 ERROR 10448 --- [main] mao.spring_boot_log.Log                  : hello
2022-04-10 20:33:01.438 DEBUG 10448 --- [main] mao.spring_boot_log.Log                  : hello
2022-04-10 20:33:01.438  INFO 10448 --- [main] mao.spring_boot_log.Log                  : hello
2022-04-10 20:33:01.438  WARN 10448 --- [main] mao.spring_boot_log.Log                  : hello
2022-04-10 20:33:01.438 ERROR 10448 --- [main] mao.spring_boot_log.Log                  : hello
2022-04-10 20:33:01.438 DEBUG 10448 --- [main] mao.spring_boot_log.Log                  : hello
2022-04-10 20:33:01.438  INFO 10448 --- [main] mao.spring_boot_log.Log                  : hello
2022-04-10 20:33:01.438  WARN 10448 --- [main] mao.spring_boot_log.Log                  : hello
2022-04-10 20:33:01.438 ERROR 10448 --- [main] mao.spring_boot_log.Log                  : hello
2022-04-10 20:33:01.438 DEBUG 10448 --- [main] mao.spring_boot_log.Log                  : hello
2022-04-10 20:33:01.438  INFO 10448 --- [main] mao.spring_boot_log.Log                  : hello
2022-04-10 20:33:01.438  WARN 10448 --- [main] mao.spring_boot_log.Log                  : hello
2022-04-10 20:33:01.439 ERROR 10448 --- [main] mao.spring_boot_log.Log                  : hello
2022-04-10 20:33:01.439 DEBUG 10448 --- [main] mao.spring_boot_log.Log                  : hello
2022-04-10 20:33:01.439  INFO 10448 --- [main] mao.spring_boot_log.Log                  : hello
2022-04-10 20:33:01.439  WARN 10448 --- [main] mao.spring_boot_log.Log                  : hello
2022-04-10 20:33:01.439 ERROR 10448 --- [main] mao.spring_boot_log.Log                  : hello
2022-04-10 20:33:01.439 DEBUG 10448 --- [main] mao.spring_boot_log.Log                  : hello
2022-04-10 20:33:01.439  INFO 10448 --- [main] mao.spring_boot_log.Log                  : hello
2022-04-10 20:33:01.439  WARN 10448 --- [main] mao.spring_boot_log.Log                  : hello
2022-04-10 20:33:01.439 ERROR 10448 --- [main] mao.spring_boot_log.Log                  : hello
2022-04-10 20:33:01.439 DEBUG 10448 --- [main] mao.spring_boot_log.Log                  : hello
2022-04-10 20:33:01.439  INFO 10448 --- [main] mao.spring_boot_log.Log                  : hello
2022-04-10 20:33:01.439  WARN 10448 --- [main] mao.spring_boot_log.Log                  : hello
2022-04-10 20:33:01.439 ERROR 10448 --- [main] mao.spring_boot_log.Log                  : hello
2022-04-10 20:33:01.439 DEBUG 10448 --- [main] mao.spring_boot_log.Log                  : hello
2022-04-10 20:33:01.439  INFO 10448 --- [main] mao.spring_boot_log.Log                  : hello
2022-04-10 20:33:01.439  WARN 10448 --- [main] mao.spring_boot_log.Log                  : hello
2022-04-10 20:33:01.439 ERROR 10448 --- [main] mao.spring_boot_log.Log                  : hello
2022-04-10 20:33:01.439 DEBUG 10448 --- [main] mao.spring_boot_log.Log                  : hello
2022-04-10 20:33:01.439  INFO 10448 --- [main] mao.spring_boot_log.Log                  : hello
2022-04-10 20:33:01.439  WARN 10448 --- [main] mao.spring_boot_log.Log                  : hello
2022-04-10 20:33:01.439 ERROR 10448 --- [main] mao.spring_boot_log.Log                  : hello
2022-04-10 20:33:01.439 DEBUG 10448 --- [main] mao.spring_boot_log.Log                  : hello
2022-04-10 20:33:01.439  INFO 10448 --- [main] mao.spring_boot_log.Log                  : hello
2022-04-10 20:33:01.439  WARN 10448 --- [main] mao.spring_boot_log.Log                  : hello
2022-04-10 20:33:01.439 ERROR 10448 --- [main] mao.spring_boot_log.Log                  : hello
2022-04-10 20:33:01.439 DEBUG 10448 --- [main] mao.spring_boot_log.Log                  : hello
2022-04-10 20:33:01.439  INFO 10448 --- [main] mao.spring_boot_log.Log                  : hello
2022-04-10 20:33:01.439  WARN 10448 --- [main] mao.spring_boot_log.Log                  : hello
2022-04-10 20:33:01.439 ERROR 10448 --- [main] mao.spring_boot_log.Log                  : hello
2022-04-10 20:33:01.439 DEBUG 10448 --- [main] mao.spring_boot_log.Log                  : hello
2022-04-10 20:33:01.439  INFO 10448 --- [main] mao.spring_boot_log.Log                  : hello
2022-04-10 20:33:01.439  WARN 10448 --- [main] mao.spring_boot_log.Log                  : hello
2022-04-10 20:33:01.439 ERROR 10448 --- [main] mao.spring_boot_log.Log                  : hello
2022-04-10 20:33:01.440 DEBUG 10448 --- [main] mao.spring_boot_log.Log                  : hello
2022-04-10 20:33:01.440  INFO 10448 --- [main] mao.spring_boot_log.Log                  : hello
2022-04-10 20:33:01.440  WARN 10448 --- [main] mao.spring_boot_log.Log                  : hello
2022-04-10 20:33:01.440 ERROR 10448 --- [main] mao.spring_boot_log.Log                  : hello
2022-04-10 20:33:01.440 DEBUG 10448 --- [main] mao.spring_boot_log.Log                  : hello
2022-04-10 20:33:01.440  INFO 10448 --- [main] mao.spring_boot_log.Log                  : hello
2022-04-10 20:33:01.440  WARN 10448 --- [main] mao.spring_boot_log.Log                  : hello
2022-04-10 20:33:01.440 ERROR 10448 --- [main] mao.spring_boot_log.Log                  : hello
2022-04-10 20:33:01.440 DEBUG 10448 --- [main] mao.spring_boot_log.Log                  : hello
2022-04-10 20:33:01.440  INFO 10448 --- [main] mao.spring_boot_log.Log                  : hello
2022-04-10 20:33:01.440  WARN 10448 --- [main] mao.spring_boot_log.Log                  : hello
2022-04-10 20:33:01.440 ERROR 10448 --- [main] mao.spring_boot_log.Log                  : hello
2022-04-10 20:33:01.440 DEBUG 10448 --- [main] mao.spring_boot_log.Log                  : hello
2022-04-10 20:33:01.440  INFO 10448 --- [main] mao.spring_boot_log.Log                  : hello
2022-04-10 20:33:01.440  WARN 10448 --- [main] mao.spring_boot_log.Log                  : hello
2022-04-10 20:33:01.440 ERROR 10448 --- [main] mao.spring_boot_log.Log                  : hello
2022-04-10 20:33:01.440 DEBUG 10448 --- [main] mao.spring_boot_log.Log                  : hello
2022-04-10 20:33:01.440  INFO 10448 --- [main] mao.spring_boot_log.Log                  : hello
2022-04-10 20:33:01.440  WARN 10448 --- [main] mao.spring_boot_log.Log                  : hello
2022-04-10 20:33:01.440 ERROR 10448 --- [main] mao.spring_boot_log.Log                  : hello
2022-04-10 20:33:01.440 DEBUG 10448 --- [main] mao.spring_boot_log.Log                  : hello
2022-04-10 20:33:01.440  INFO 10448 --- [main] mao.spring_boot_log.Log                  : hello
2022-04-10 20:33:01.440  WARN 10448 --- [main] mao.spring_boot_log.Log                  : hello
2022-04-10 20:33:01.440 ERROR 10448 --- [main] mao.spring_boot_log.Log                  : hello
2022-04-10 20:33:01.440 DEBUG 10448 --- [main] mao.spring_boot_log.Log                  : hello
2022-04-10 20:33:01.440  INFO 10448 --- [main] mao.spring_boot_log.Log                  : hello
2022-04-10 20:33:01.440  WARN 10448 --- [main] mao.spring_boot_log.Log                  : hello
2022-04-10 20:33:01.440 ERROR 10448 --- [main] mao.spring_boot_log.Log                  : hello
2022-04-10 20:33:01.440 DEBUG 10448 --- [main] mao.spring_boot_log.Log                  : hello
2022-04-10 20:33:01.440  INFO 10448 --- [main] mao.spring_boot_log.Log                  : hello
2022-04-10 20:33:01.440  WARN 10448 --- [main] mao.spring_boot_log.Log                  : hello
2022-04-10 20:33:01.440 ERROR 10448 --- [main] mao.spring_boot_log.Log                  : hello
2022-04-10 20:33:01.440 DEBUG 10448 --- [main] mao.spring_boot_log.Log                  : hello
2022-04-10 20:33:01.440  INFO 10448 --- [main] mao.spring_boot_log.Log                  : hello
2022-04-10 20:33:01.440  WARN 10448 --- [main] mao.spring_boot_log.Log                  : hello
2022-04-10 20:33:01.440 ERROR 10448 --- [main] mao.spring_boot_log.Log                  : hello
2022-04-10 20:33:01.440 DEBUG 10448 --- [main] mao.spring_boot_log.Log                  : hello
2022-04-10 20:33:01.440  INFO 10448 --- [main] mao.spring_boot_log.Log                  : hello
2022-04-10 20:33:01.440  WARN 10448 --- [main] mao.spring_boot_log.Log                  : hello
2022-04-10 20:33:01.440 ERROR 10448 --- [main] mao.spring_boot_log.Log                  : hello
2022-04-10 20:33:01.440 DEBUG 10448 --- [main] mao.spring_boot_log.Log                  : hello
2022-04-10 20:33:01.440  INFO 10448 --- [main] mao.spring_boot_log.Log                  : hello
2022-04-10 20:33:01.440  WARN 10448 --- [main] mao.spring_boot_log.Log                  : hello
2022-04-10 20:33:01.441 ERROR 10448 --- [main] mao.spring_boot_log.Log                  : hello
2022-04-10 20:33:01.441 DEBUG 10448 --- [main] mao.spring_boot_log.Log                  : hello
2022-04-10 20:33:01.441  INFO 10448 --- [main] mao.spring_boot_log.Log                  : hello
2022-04-10 20:33:01.441  WARN 10448 --- [main] mao.spring_boot_log.Log                  : hello
2022-04-10 20:33:01.441 ERROR 10448 --- [main] mao.spring_boot_log.Log                  : hello
2022-04-10 20:33:01.441 DEBUG 10448 --- [main] mao.spring_boot_log.Log                  : hello
2022-04-10 20:33:01.441  INFO 10448 --- [main] mao.spring_boot_log.Log                  : hello
2022-04-10 20:33:01.441  WARN 10448 --- [main] mao.spring_boot_log.Log                  : hello
2022-04-10 20:33:01.441 ERROR 10448 --- [main] mao.spring_boot_log.Log                  : hello
2022-04-10 20:33:01.441 DEBUG 10448 --- [main] mao.spring_boot_log.Log                  : hello
2022-04-10 20:33:01.441  INFO 10448 --- [main] mao.spring_boot_log.Log                  : hello
2022-04-10 20:33:01.441  WARN 10448 --- [main] mao.spring_boot_log.Log                  : hello
2022-04-10 20:33:01.441 ERROR 10448 --- [main] mao.spring_boot_log.Log                  : hello
2022-04-10 20:33:01.441 DEBUG 10448 --- [main] mao.spring_boot_log.Log                  : hello
2022-04-10 20:33:01.441  INFO 10448 --- [main] mao.spring_boot_log.Log                  : hello
2022-04-10 20:33:01.441  WARN 10448 --- [main] mao.spring_boot_log.Log                  : hello
2022-04-10 20:33:01.441 ERROR 10448 --- [main] mao.spring_boot_log.Log                  : hello
2022-04-10 20:33:01.441 DEBUG 10448 --- [main] mao.spring_boot_log.Log                  : hello
2022-04-10 20:33:01.441  INFO 10448 --- [main] mao.spring_boot_log.Log                  : hello
2022-04-10 20:33:01.441  WARN 10448 --- [main] mao.spring_boot_log.Log                  : hello
2022-04-10 20:33:01.441 ERROR 10448 --- [main] mao.spring_boot_log.Log                  : hello
2022-04-10 20:33:01.441 DEBUG 10448 --- [main] mao.spring_boot_log.Log                  : hello
2022-04-10 20:33:01.441  INFO 10448 --- [main] mao.spring_boot_log.Log                  : hello
2022-04-10 20:33:01.441  WARN 10448 --- [main] mao.spring_boot_log.Log                  : hello
2022-04-10 20:33:01.441 ERROR 10448 --- [main] mao.spring_boot_log.Log                  : hello
2022-04-10 20:33:01.441 DEBUG 10448 --- [main] mao.spring_boot_log.Log                  : hello
2022-04-10 20:33:01.441  INFO 10448 --- [main] mao.spring_boot_log.Log                  : hello
2022-04-10 20:33:01.441  WARN 10448 --- [main] mao.spring_boot_log.Log                  : hello
2022-04-10 20:33:01.441 ERROR 10448 --- [main] mao.spring_boot_log.Log                  : hello
2022-04-10 20:33:01.441 DEBUG 10448 --- [main] mao.spring_boot_log.Log                  : hello
2022-04-10 20:33:01.441  INFO 10448 --- [main] mao.spring_boot_log.Log                  : hello
2022-04-10 20:33:01.441  WARN 10448 --- [main] mao.spring_boot_log.Log                  : hello
2022-04-10 20:33:01.441 ERROR 10448 --- [main] mao.spring_boot_log.Log                  : hello
2022-04-10 20:33:01.441 DEBUG 10448 --- [main] mao.spring_boot_log.Log                  : hello
2022-04-10 20:33:01.441  INFO 10448 --- [main] mao.spring_boot_log.Log                  : hello
2022-04-10 20:33:01.441  WARN 10448 --- [main] mao.spring_boot_log.Log                  : hello
2022-04-10 20:33:01.441 ERROR 10448 --- [main] mao.spring_boot_log.Log                  : hello
2022-04-10 20:33:01.441 DEBUG 10448 --- [main] mao.spring_boot_log.Log                  : hello
2022-04-10 20:33:01.442  INFO 10448 --- [main] mao.spring_boot_log.Log                  : hello
2022-04-10 20:33:01.442  WARN 10448 --- [main] mao.spring_boot_log.Log                  : hello
2022-04-10 20:33:01.442 ERROR 10448 --- [main] mao.spring_boot_log.Log                  : hello
2022-04-10 20:33:01.442 DEBUG 10448 --- [main] mao.spring_boot_log.Log                  : hello
2022-04-10 20:33:01.442  INFO 10448 --- [main] mao.spring_boot_log.Log                  : hello
2022-04-10 20:33:01.442  WARN 10448 --- [main] mao.spring_boot_log.Log                  : hello
2022-04-10 20:33:01.442 ERROR 10448 --- [main] mao.spring_boot_log.Log                  : hello
2022-04-10 20:33:01.442 DEBUG 10448 --- [main] mao.spring_boot_log.Log                  : hello
2022-04-10 20:33:01.442  INFO 10448 --- [main] mao.spring_boot_log.Log                  : hello
2022-04-10 20:33:01.442  WARN 10448 --- [main] mao.spring_boot_log.Log                  : hello
2022-04-10 20:33:01.442 ERROR 10448 --- [main] mao.spring_boot_log.Log                  : hello
2022-04-10 20:33:01.442 DEBUG 10448 --- [main] mao.spring_boot_log.Log                  : hello
2022-04-10 20:33:01.442  INFO 10448 --- [main] mao.spring_boot_log.Log                  : hello
2022-04-10 20:33:01.442  WARN 10448 --- [main] mao.spring_boot_log.Log                  : hello
2022-04-10 20:33:01.442 ERROR 10448 --- [main] mao.spring_boot_log.Log                  : hello
2022-04-10 20:33:01.442 DEBUG 10448 --- [main] mao.spring_boot_log.Log                  : hello
2022-04-10 20:33:01.442  INFO 10448 --- [main] mao.spring_boot_log.Log                  : hello
2022-04-10 20:33:01.442  WARN 10448 --- [main] mao.spring_boot_log.Log                  : hello
2022-04-10 20:33:01.442 ERROR 10448 --- [main] mao.spring_boot_log.Log                  : hello
2022-04-10 20:33:01.442 DEBUG 10448 --- [main] mao.spring_boot_log.Log                  : hello
2022-04-10 20:33:01.442  INFO 10448 --- [main] mao.spring_boot_log.Log                  : hello
2022-04-10 20:33:01.442  WARN 10448 --- [main] mao.spring_boot_log.Log                  : hello
2022-04-10 20:33:01.442 ERROR 10448 --- [main] mao.spring_boot_log.Log                  : hello
2022-04-10 20:33:01.443 DEBUG 10448 --- [main] mao.spring_boot_log.Log                  : hello
2022-04-10 20:33:01.443  INFO 10448 --- [main] mao.spring_boot_log.Log                  : hello
2022-04-10 20:33:01.443  WARN 10448 --- [main] mao.spring_boot_log.Log                  : hello
2022-04-10 20:33:01.443 ERROR 10448 --- [main] mao.spring_boot_log.Log                  : hello
2022-04-10 20:33:01.443 DEBUG 10448 --- [main] mao.spring_boot_log.Log                  : hello
2022-04-10 20:33:01.443  INFO 10448 --- [main] mao.spring_boot_log.Log                  : hello
2022-04-10 20:33:01.443  WARN 10448 --- [main] mao.spring_boot_log.Log                  : hello
2022-04-10 20:33:01.443 ERROR 10448 --- [main] mao.spring_boot_log.Log                  : hello
2022-04-10 20:33:01.443 DEBUG 10448 --- [main] mao.spring_boot_log.Log                  : hello
2022-04-10 20:33:01.443  INFO 10448 --- [main] mao.spring_boot_log.Log                  : hello
2022-04-10 20:33:01.443  WARN 10448 --- [main] mao.spring_boot_log.Log                  : hello
2022-04-10 20:33:01.443 ERROR 10448 --- [main] mao.spring_boot_log.Log                  : hello
2022-04-10 20:33:01.443 DEBUG 10448 --- [main] mao.spring_boot_log.Log                  : hello
2022-04-10 20:33:01.443  INFO 10448 --- [main] mao.spring_boot_log.Log                  : hello
2022-04-10 20:33:01.443  WARN 10448 --- [main] mao.spring_boot_log.Log                  : hello
2022-04-10 20:33:01.443 ERROR 10448 --- [main] mao.spring_boot_log.Log                  : hello
2022-04-10 20:33:01.443 DEBUG 10448 --- [main] mao.spring_boot_log.Log                  : hello
2022-04-10 20:33:01.443  INFO 10448 --- [main] mao.spring_boot_log.Log                  : hello
2022-04-10 20:33:01.443  WARN 10448 --- [main] mao.spring_boot_log.Log                  : hello
2022-04-10 20:33:01.443 ERROR 10448 --- [main] mao.spring_boot_log.Log                  : hello
2022-04-10 20:33:01.443 DEBUG 10448 --- [main] mao.spring_boot_log.Log                  : hello
2022-04-10 20:33:01.443  INFO 10448 --- [main] mao.spring_boot_log.Log                  : hello
2022-04-10 20:33:01.443  WARN 10448 --- [main] mao.spring_boot_log.Log                  : hello
2022-04-10 20:33:01.443 ERROR 10448 --- [main] mao.spring_boot_log.Log                  : hello
2022-04-10 20:33:01.443 DEBUG 10448 --- [main] mao.spring_boot_log.Log                  : hello
2022-04-10 20:33:01.443  INFO 10448 --- [main] mao.spring_boot_log.Log                  : hello
2022-04-10 20:33:01.443  WARN 10448 --- [main] mao.spring_boot_log.Log                  : hello
2022-04-10 20:33:01.443 ERROR 10448 --- [main] mao.spring_boot_log.Log                  : hello
2022-04-10 20:33:01.443 DEBUG 10448 --- [main] mao.spring_boot_log.Log                  : hello
2022-04-10 20:33:01.443  INFO 10448 --- [main] mao.spring_boot_log.Log                  : hello
2022-04-10 20:33:01.443  WARN 10448 --- [main] mao.spring_boot_log.Log                  : hello
2022-04-10 20:33:01.443 ERROR 10448 --- [main] mao.spring_boot_log.Log                  : hello
2022-04-10 20:33:01.443 DEBUG 10448 --- [main] mao.spring_boot_log.Log                  : hello
2022-04-10 20:33:01.443  INFO 10448 --- [main] mao.spring_boot_log.Log                  : hello
2022-04-10 20:33:01.443  WARN 10448 --- [main] mao.spring_boot_log.Log                  : hello
2022-04-10 20:33:01.443 ERROR 10448 --- [main] mao.spring_boot_log.Log                  : hello
2022-04-10 20:33:01.443 DEBUG 10448 --- [main] mao.spring_boot_log.Log                  : hello
2022-04-10 20:33:01.443  INFO 10448 --- [main] mao.spring_boot_log.Log                  : hello
2022-04-10 20:33:01.443  WARN 10448 --- [main] mao.spring_boot_log.Log                  : hello
2022-04-10 20:33:01.443 ERROR 10448 --- [main] mao.spring_boot_log.Log                  : hello
2022-04-10 20:33:01.443 DEBUG 10448 --- [main] mao.spring_boot_log.Log                  : hello
2022-04-10 20:33:01.443  INFO 10448 --- [main] mao.spring_boot_log.Log                  : hello
2022-04-10 20:33:01.444  WARN 10448 --- [main] mao.spring_boot_log.Log                  : hello
2022-04-10 20:33:01.444 ERROR 10448 --- [main] mao.spring_boot_log.Log                  : hello
2022-04-10 20:33:01.444 DEBUG 10448 --- [main] mao.spring_boot_log.Log                  : hello
2022-04-10 20:33:01.444  INFO 10448 --- [main] mao.spring_boot_log.Log                  : hello
2022-04-10 20:33:01.444  WARN 10448 --- [main] mao.spring_boot_log.Log                  : hello
2022-04-10 20:33:01.444 ERROR 10448 --- [main] mao.spring_boot_log.Log                  : hello
2022-04-10 20:33:01.444 DEBUG 10448 --- [main] mao.spring_boot_log.Log                  : hello
2022-04-10 20:33:01.444  INFO 10448 --- [main] mao.spring_boot_log.Log                  : hello
2022-04-10 20:33:01.444  WARN 10448 --- [main] mao.spring_boot_log.Log                  : hello
2022-04-10 20:33:01.444 ERROR 10448 --- [main] mao.spring_boot_log.Log                  : hello
2022-04-10 20:33:01.444 DEBUG 10448 --- [main] mao.spring_boot_log.Log                  : hello
2022-04-10 20:33:01.444  INFO 10448 --- [main] mao.spring_boot_log.Log                  : hello
2022-04-10 20:33:01.444  WARN 10448 --- [main] mao.spring_boot_log.Log                  : hello
2022-04-10 20:33:01.444 ERROR 10448 --- [main] mao.spring_boot_log.Log                  : hello
2022-04-10 20:33:01.444 DEBUG 10448 --- [main] mao.spring_boot_log.Log                  : hello
2022-04-10 20:33:01.444  INFO 10448 --- [main] mao.spring_boot_log.Log                  : hello
2022-04-10 20:33:01.444  WARN 10448 --- [main] mao.spring_boot_log.Log                  : hello
2022-04-10 20:33:01.444 ERROR 10448 --- [main] mao.spring_boot_log.Log                  : hello
2022-04-10 20:33:01.444 DEBUG 10448 --- [main] mao.spring_boot_log.Log                  : hello
2022-04-10 20:33:01.444  INFO 10448 --- [main] mao.spring_boot_log.Log                  : hello
2022-04-10 20:33:01.444  WARN 10448 --- [main] mao.spring_boot_log.Log                  : hello
2022-04-10 20:33:01.444 ERROR 10448 --- [main] mao.spring_boot_log.Log                  : hello
2022-04-10 20:33:01.444 DEBUG 10448 --- [main] mao.spring_boot_log.Log                  : hello
2022-04-10 20:33:01.444  INFO 10448 --- [main] mao.spring_boot_log.Log                  : hello
2022-04-10 20:33:01.444  WARN 10448 --- [main] mao.spring_boot_log.Log                  : hello
2022-04-10 20:33:01.444 ERROR 10448 --- [main] mao.spring_boot_log.Log                  : hello
2022-04-10 20:33:01.444 DEBUG 10448 --- [main] mao.spring_boot_log.Log                  : hello
2022-04-10 20:33:01.444  INFO 10448 --- [main] mao.spring_boot_log.Log                  : hello
2022-04-10 20:33:01.444  WARN 10448 --- [main] mao.spring_boot_log.Log                  : hello
2022-04-10 20:33:01.444 ERROR 10448 --- [main] mao.spring_boot_log.Log                  : hello
2022-04-10 20:33:01.444 DEBUG 10448 --- [main] mao.spring_boot_log.Log                  : hello
2022-04-10 20:33:01.444  INFO 10448 --- [main] mao.spring_boot_log.Log                  : hello
2022-04-10 20:33:01.444  WARN 10448 --- [main] mao.spring_boot_log.Log                  : hello
2022-04-10 20:33:01.444 ERROR 10448 --- [main] mao.spring_boot_log.Log                  : hello
2022-04-10 20:33:01.444 DEBUG 10448 --- [main] mao.spring_boot_log.Log                  : hello
2022-04-10 20:33:01.444  INFO 10448 --- [main] mao.spring_boot_log.Log                  : hello
2022-04-10 20:33:01.444  WARN 10448 --- [main] mao.spring_boot_log.Log                  : hello
2022-04-10 20:33:01.444 ERROR 10448 --- [main] mao.spring_boot_log.Log                  : hello
2022-04-10 20:33:01.444 DEBUG 10448 --- [main] mao.spring_boot_log.Log                  : hello
2022-04-10 20:33:01.444  INFO 10448 --- [main] mao.spring_boot_log.Log                  : hello
2022-04-10 20:33:01.444  WARN 10448 --- [main] mao.spring_boot_log.Log                  : hello
2022-04-10 20:33:01.444 ERROR 10448 --- [main] mao.spring_boot_log.Log                  : hello
2022-04-10 20:33:01.444 DEBUG 10448 --- [main] mao.spring_boot_log.Log                  : hello
2022-04-10 20:33:01.444  INFO 10448 --- [main] mao.spring_boot_log.Log                  : hello
2022-04-10 20:33:01.444  WARN 10448 --- [main] mao.spring_boot_log.Log                  : hello
2022-04-10 20:33:01.444 ERROR 10448 --- [main] mao.spring_boot_log.Log                  : hello
2022-04-10 20:33:01.444 DEBUG 10448 --- [main] mao.spring_boot_log.Log                  : hello
2022-04-10 20:33:01.444  INFO 10448 --- [main] mao.spring_boot_log.Log                  : hello
2022-04-10 20:33:01.444  WARN 10448 --- [main] mao.spring_boot_log.Log                  : hello
2022-04-10 20:33:01.444 ERROR 10448 --- [main] mao.spring_boot_log.Log                  : hello
2022-04-10 20:33:01.444 DEBUG 10448 --- [main] mao.spring_boot_log.Log                  : hello
2022-04-10 20:33:01.444  INFO 10448 --- [main] mao.spring_boot_log.Log                  : hello
2022-04-10 20:33:01.444  WARN 10448 --- [main] mao.spring_boot_log.Log                  : hello
2022-04-10 20:33:01.445 ERROR 10448 --- [main] mao.spring_boot_log.Log                  : hello
2022-04-10 20:33:01.445 DEBUG 10448 --- [main] mao.spring_boot_log.Log                  : hello
2022-04-10 20:33:01.445  INFO 10448 --- [main] mao.spring_boot_log.Log                  : hello
2022-04-10 20:33:01.445  WARN 10448 --- [main] mao.spring_boot_log.Log                  : hello
2022-04-10 20:33:01.445 ERROR 10448 --- [main] mao.spring_boot_log.Log                  : hello
2022-04-10 20:33:01.445 DEBUG 10448 --- [main] mao.spring_boot_log.Log                  : hello
2022-04-10 20:33:01.445  INFO 10448 --- [main] mao.spring_boot_log.Log                  : hello
2022-04-10 20:33:01.445  WARN 10448 --- [main] mao.spring_boot_log.Log                  : hello
2022-04-10 20:33:01.445 ERROR 10448 --- [main] mao.spring_boot_log.Log                  : hello
2022-04-10 20:33:01.445 DEBUG 10448 --- [main] mao.spring_boot_log.Log                  : hello
2022-04-10 20:33:01.445  INFO 10448 --- [main] mao.spring_boot_log.Log                  : hello
2022-04-10 20:33:01.445  WARN 10448 --- [main] mao.spring_boot_log.Log                  : hello
2022-04-10 20:33:01.445 ERROR 10448 --- [main] mao.spring_boot_log.Log                  : hello
2022-04-10 20:33:01.445 DEBUG 10448 --- [main] mao.spring_boot_log.Log                  : hello
2022-04-10 20:33:01.445  INFO 10448 --- [main] mao.spring_boot_log.Log                  : hello
2022-04-10 20:33:01.445  WARN 10448 --- [main] mao.spring_boot_log.Log                  : hello
2022-04-10 20:33:01.445 ERROR 10448 --- [main] mao.spring_boot_log.Log                  : hello
2022-04-10 20:33:01.445 DEBUG 10448 --- [main] mao.spring_boot_log.Log                  : hello
2022-04-10 20:33:01.445  INFO 10448 --- [main] mao.spring_boot_log.Log                  : hello
2022-04-10 20:33:01.445  WARN 10448 --- [main] mao.spring_boot_log.Log                  : hello
2022-04-10 20:33:01.445 ERROR 10448 --- [main] mao.spring_boot_log.Log                  : hello
2022-04-10 20:33:01.445 DEBUG 10448 --- [main] mao.spring_boot_log.Log                  : hello
2022-04-10 20:33:01.445  INFO 10448 --- [main] mao.spring_boot_log.Log                  : hello
2022-04-10 20:33:01.445  WARN 10448 --- [main] mao.spring_boot_log.Log                  : hello
2022-04-10 20:33:01.445 ERROR 10448 --- [main] mao.spring_boot_log.Log                  : hello
2022-04-10 20:33:01.445 DEBUG 10448 --- [main] mao.spring_boot_log.Log                  : hello
2022-04-10 20:33:01.445  INFO 10448 --- [main] mao.spring_boot_log.Log                  : hello
2022-04-10 20:33:01.445  WARN 10448 --- [main] mao.spring_boot_log.Log                  : hello
2022-04-10 20:33:01.445 ERROR 10448 --- [main] mao.spring_boot_log.Log                  : hello
2022-04-10 20:33:01.445 DEBUG 10448 --- [main] mao.spring_boot_log.Log                  : hello
2022-04-10 20:33:01.445  INFO 10448 --- [main] mao.spring_boot_log.Log                  : hello
2022-04-10 20:33:01.445  WARN 10448 --- [main] mao.spring_boot_log.Log                  : hello
2022-04-10 20:33:01.445 ERROR 10448 --- [main] mao.spring_boot_log.Log                  : hello
2022-04-10 20:33:01.445 DEBUG 10448 --- [main] mao.spring_boot_log.Log                  : hello
2022-04-10 20:33:01.445  INFO 10448 --- [main] mao.spring_boot_log.Log                  : hello
2022-04-10 20:33:01.445  WARN 10448 --- [main] mao.spring_boot_log.Log                  : hello
2022-04-10 20:33:01.445 ERROR 10448 --- [main] mao.spring_boot_log.Log                  : hello
2022-04-10 20:33:01.445 DEBUG 10448 --- [main] mao.spring_boot_log.Log                  : hello
2022-04-10 20:33:01.445  INFO 10448 --- [main] mao.spring_boot_log.Log                  : hello
2022-04-10 20:33:01.445  WARN 10448 --- [main] mao.spring_boot_log.Log                  : hello
2022-04-10 20:33:01.445 ERROR 10448 --- [main] mao.spring_boot_log.Log                  : hello
2022-04-10 20:33:01.445 DEBUG 10448 --- [main] mao.spring_boot_log.Log                  : hello
2022-04-10 20:33:01.446  INFO 10448 --- [main] mao.spring_boot_log.Log                  : hello
2022-04-10 20:33:01.446  WARN 10448 --- [main] mao.spring_boot_log.Log                  : hello
2022-04-10 20:33:01.446 ERROR 10448 --- [main] mao.spring_boot_log.Log                  : hello
2022-04-10 20:33:01.446 DEBUG 10448 --- [main] mao.spring_boot_log.Log                  : hello
2022-04-10 20:33:01.446  INFO 10448 --- [main] mao.spring_boot_log.Log                  : hello
2022-04-10 20:33:01.446  WARN 10448 --- [main] mao.spring_boot_log.Log                  : hello
2022-04-10 20:33:01.446 ERROR 10448 --- [main] mao.spring_boot_log.Log                  : hello
2022-04-10 20:33:01.446 DEBUG 10448 --- [main] mao.spring_boot_log.Log                  : hello
2022-04-10 20:33:01.446  INFO 10448 --- [main] mao.spring_boot_log.Log                  : hello
2022-04-10 20:33:01.446  WARN 10448 --- [main] mao.spring_boot_log.Log                  : hello
2022-04-10 20:33:01.446 ERROR 10448 --- [main] mao.spring_boot_log.Log                  : hello
2022-04-10 20:33:01.446 DEBUG 10448 --- [main] mao.spring_boot_log.Log                  : hello
2022-04-10 20:33:01.446  INFO 10448 --- [main] mao.spring_boot_log.Log                  : hello
2022-04-10 20:33:01.446  WARN 10448 --- [main] mao.spring_boot_log.Log                  : hello
2022-04-10 20:33:01.446 ERROR 10448 --- [main] mao.spring_boot_log.Log                  : hello
2022-04-10 20:33:01.446 DEBUG 10448 --- [main] mao.spring_boot_log.Log                  : hello
2022-04-10 20:33:01.446  INFO 10448 --- [main] mao.spring_boot_log.Log                  : hello
2022-04-10 20:33:01.446  WARN 10448 --- [main] mao.spring_boot_log.Log                  : hello
2022-04-10 20:33:01.446 ERROR 10448 --- [main] mao.spring_boot_log.Log                  : hello
2022-04-10 20:33:01.446 DEBUG 10448 --- [main] mao.spring_boot_log.Log                  : hello
2022-04-10 20:33:01.446  INFO 10448 --- [main] mao.spring_boot_log.Log                  : hello
2022-04-10 20:33:01.446  WARN 10448 --- [main] mao.spring_boot_log.Log                  : hello
2022-04-10 20:33:01.446 ERROR 10448 --- [main] mao.spring_boot_log.Log                  : hello
2022-04-10 20:33:01.446 DEBUG 10448 --- [main] mao.spring_boot_log.Log                  : hello
2022-04-10 20:33:01.446  INFO 10448 --- [main] mao.spring_boot_log.Log                  : hello
2022-04-10 20:33:01.446  WARN 10448 --- [main] mao.spring_boot_log.Log                  : hello
2022-04-10 20:33:01.446 ERROR 10448 --- [main] mao.spring_boot_log.Log                  : hello
2022-04-10 20:33:01.446 DEBUG 10448 --- [main] mao.spring_boot_log.Log                  : hello
2022-04-10 20:33:01.446  INFO 10448 --- [main] mao.spring_boot_log.Log                  : hello
2022-04-10 20:33:01.446  WARN 10448 --- [main] mao.spring_boot_log.Log                  : hello
2022-04-10 20:33:01.446 ERROR 10448 --- [main] mao.spring_boot_log.Log                  : hello
2022-04-10 20:33:01.446 DEBUG 10448 --- [main] mao.spring_boot_log.Log                  : hello
2022-04-10 20:33:01.446  INFO 10448 --- [main] mao.spring_boot_log.Log                  : hello
2022-04-10 20:33:01.447  WARN 10448 --- [main] mao.spring_boot_log.Log                  : hello
2022-04-10 20:33:01.447 ERROR 10448 --- [main] mao.spring_boot_log.Log                  : hello
2022-04-10 20:33:01.447 DEBUG 10448 --- [main] mao.spring_boot_log.Log                  : hello
2022-04-10 20:33:01.447  INFO 10448 --- [main] mao.spring_boot_log.Log                  : hello
2022-04-10 20:33:01.447  WARN 10448 --- [main] mao.spring_boot_log.Log                  : hello
2022-04-10 20:33:01.447 ERROR 10448 --- [main] mao.spring_boot_log.Log                  : hello
2022-04-10 20:33:01.447 DEBUG 10448 --- [main] mao.spring_boot_log.Log                  : hello
2022-04-10 20:33:01.447  INFO 10448 --- [main] mao.spring_boot_log.Log                  : hello
2022-04-10 20:33:01.447  WARN 10448 --- [main] mao.spring_boot_log.Log                  : hello
2022-04-10 20:33:01.447 ERROR 10448 --- [main] mao.spring_boot_log.Log                  : hello
2022-04-10 20:33:01.447 DEBUG 10448 --- [main] mao.spring_boot_log.Log                  : hello
2022-04-10 20:33:01.447  INFO 10448 --- [main] mao.spring_boot_log.Log                  : hello
2022-04-10 20:33:01.447  WARN 10448 --- [main] mao.spring_boot_log.Log                  : hello
2022-04-10 20:33:01.447 ERROR 10448 --- [main] mao.spring_boot_log.Log                  : hello
2022-04-10 20:33:01.447 DEBUG 10448 --- [main] mao.spring_boot_log.Log                  : hello
2022-04-10 20:33:01.447  INFO 10448 --- [main] mao.spring_boot_log.Log                  : hello
2022-04-10 20:33:01.447  WARN 10448 --- [main] mao.spring_boot_log.Log                  : hello
2022-04-10 20:33:01.447 ERROR 10448 --- [main] mao.spring_boot_log.Log                  : hello
2022-04-10 20:33:01.447 DEBUG 10448 --- [main] mao.spring_boot_log.Log                  : hello
2022-04-10 20:33:01.447  INFO 10448 --- [main] mao.spring_boot_log.Log                  : hello
2022-04-10 20:33:01.447  WARN 10448 --- [main] mao.spring_boot_log.Log                  : hello
2022-04-10 20:33:01.447 ERROR 10448 --- [main] mao.spring_boot_log.Log                  : hello
2022-04-10 20:33:01.447 DEBUG 10448 --- [main] mao.spring_boot_log.Log                  : hello
2022-04-10 20:33:01.447  INFO 10448 --- [main] mao.spring_boot_log.Log                  : hello
2022-04-10 20:33:01.447  WARN 10448 --- [main] mao.spring_boot_log.Log                  : hello
2022-04-10 20:33:01.447 ERROR 10448 --- [main] mao.spring_boot_log.Log                  : hello
2022-04-10 20:33:01.447 DEBUG 10448 --- [main] mao.spring_boot_log.Log                  : hello
2022-04-10 20:33:01.447  INFO 10448 --- [main] mao.spring_boot_log.Log                  : hello
2022-04-10 20:33:01.447  WARN 10448 --- [main] mao.spring_boot_log.Log                  : hello
2022-04-10 20:33:01.447 ERROR 10448 --- [main] mao.spring_boot_log.Log                  : hello
2022-04-10 20:33:01.447 DEBUG 10448 --- [main] mao.spring_boot_log.Log                  : hello
2022-04-10 20:33:01.447  INFO 10448 --- [main] mao.spring_boot_log.Log                  : hello
2022-04-10 20:33:01.447  WARN 10448 --- [main] mao.spring_boot_log.Log                  : hello
2022-04-10 20:33:01.447 ERROR 10448 --- [main] mao.spring_boot_log.Log                  : hello
2022-04-10 20:33:01.447 DEBUG 10448 --- [main] mao.spring_boot_log.Log                  : hello
2022-04-10 20:33:01.447  INFO 10448 --- [main] mao.spring_boot_log.Log                  : hello
2022-04-10 20:33:01.447  WARN 10448 --- [main] mao.spring_boot_log.Log                  : hello
2022-04-10 20:33:01.447 ERROR 10448 --- [main] mao.spring_boot_log.Log                  : hello
2022-04-10 20:33:01.447 DEBUG 10448 --- [main] mao.spring_boot_log.Log                  : hello
2022-04-10 20:33:01.447  INFO 10448 --- [main] mao.spring_boot_log.Log                  : hello
2022-04-10 20:33:01.447  WARN 10448 --- [main] mao.spring_boot_log.Log                  : hello
2022-04-10 20:33:01.447 ERROR 10448 --- [main] mao.spring_boot_log.Log                  : hello
2022-04-10 20:33:01.448 DEBUG 10448 --- [main] mao.spring_boot_log.Log                  : hello
2022-04-10 20:33:01.448  INFO 10448 --- [main] mao.spring_boot_log.Log                  : hello
2022-04-10 20:33:01.448  WARN 10448 --- [main] mao.spring_boot_log.Log                  : hello
2022-04-10 20:33:01.448 ERROR 10448 --- [main] mao.spring_boot_log.Log                  : hello
2022-04-10 20:33:01.448 DEBUG 10448 --- [main] mao.spring_boot_log.Log                  : hello
2022-04-10 20:33:01.448  INFO 10448 --- [main] mao.spring_boot_log.Log                  : hello
2022-04-10 20:33:01.448  WARN 10448 --- [main] mao.spring_boot_log.Log                  : hello
2022-04-10 20:33:01.448 ERROR 10448 --- [main] mao.spring_boot_log.Log                  : hello
2022-04-10 20:33:01.448 DEBUG 10448 --- [main] mao.spring_boot_log.Log                  : hello
2022-04-10 20:33:01.448  INFO 10448 --- [main] mao.spring_boot_log.Log                  : hello
2022-04-10 20:33:01.448  WARN 10448 --- [main] mao.spring_boot_log.Log                  : hello
2022-04-10 20:33:01.448 ERROR 10448 --- [main] mao.spring_boot_log.Log                  : hello
2022-04-10 20:33:01.448 DEBUG 10448 --- [main] mao.spring_boot_log.Log                  : hello
2022-04-10 20:33:01.448  INFO 10448 --- [main] mao.spring_boot_log.Log                  : hello
2022-04-10 20:33:01.448  WARN 10448 --- [main] mao.spring_boot_log.Log                  : hello
2022-04-10 20:33:01.448 ERROR 10448 --- [main] mao.spring_boot_log.Log                  : hello
2022-04-10 20:33:01.448 DEBUG 10448 --- [main] mao.spring_boot_log.Log                  : hello
2022-04-10 20:33:01.448  INFO 10448 --- [main] mao.spring_boot_log.Log                  : hello
2022-04-10 20:33:01.448  WARN 10448 --- [main] mao.spring_boot_log.Log                  : hello
2022-04-10 20:33:01.448 ERROR 10448 --- [main] mao.spring_boot_log.Log                  : hello
2022-04-10 20:33:01.448 DEBUG 10448 --- [main] mao.spring_boot_log.Log                  : hello
2022-04-10 20:33:01.448  INFO 10448 --- [main] mao.spring_boot_log.Log                  : hello
2022-04-10 20:33:01.448  WARN 10448 --- [main] mao.spring_boot_log.Log                  : hello
2022-04-10 20:33:01.448 ERROR 10448 --- [main] mao.spring_boot_log.Log                  : hello
2022-04-10 20:33:01.448 DEBUG 10448 --- [main] mao.spring_boot_log.Log                  : hello
2022-04-10 20:33:01.448  INFO 10448 --- [main] mao.spring_boot_log.Log                  : hello
2022-04-10 20:33:01.448  WARN 10448 --- [main] mao.spring_boot_log.Log                  : hello
2022-04-10 20:33:01.448 ERROR 10448 --- [main] mao.spring_boot_log.Log                  : hello
2022-04-10 20:33:01.448 DEBUG 10448 --- [main] mao.spring_boot_log.Log                  : hello
2022-04-10 20:33:01.448  INFO 10448 --- [main] mao.spring_boot_log.Log                  : hello
2022-04-10 20:33:01.448  WARN 10448 --- [main] mao.spring_boot_log.Log                  : hello
2022-04-10 20:33:01.448 ERROR 10448 --- [main] mao.spring_boot_log.Log                  : hello
2022-04-10 20:33:01.448 DEBUG 10448 --- [main] mao.spring_boot_log.Log                  : hello
2022-04-10 20:33:01.448  INFO 10448 --- [main] mao.spring_boot_log.Log                  : hello
2022-04-10 20:33:01.448  WARN 10448 --- [main] mao.spring_boot_log.Log                  : hello
2022-04-10 20:33:01.448 ERROR 10448 --- [main] mao.spring_boot_log.Log                  : hello
2022-04-10 20:33:01.448 DEBUG 10448 --- [main] mao.spring_boot_log.Log                  : hello
2022-04-10 20:33:01.448  INFO 10448 --- [main] mao.spring_boot_log.Log                  : hello
2022-04-10 20:33:01.448  WARN 10448 --- [main] mao.spring_boot_log.Log                  : hello
2022-04-10 20:33:01.448 ERROR 10448 --- [main] mao.spring_boot_log.Log                  : hello
2022-04-10 20:33:01.449 DEBUG 10448 --- [main] mao.spring_boot_log.Log                  : hello
2022-04-10 20:33:01.449  INFO 10448 --- [main] mao.spring_boot_log.Log                  : hello
2022-04-10 20:33:01.449  WARN 10448 --- [main] mao.spring_boot_log.Log                  : hello
2022-04-10 20:33:01.449 ERROR 10448 --- [main] mao.spring_boot_log.Log                  : hello
2022-04-10 20:33:01.449 DEBUG 10448 --- [main] mao.spring_boot_log.Log                  : hello
2022-04-10 20:33:01.449  INFO 10448 --- [main] mao.spring_boot_log.Log                  : hello
2022-04-10 20:33:01.449  WARN 10448 --- [main] mao.spring_boot_log.Log                  : hello
2022-04-10 20:33:01.449 ERROR 10448 --- [main] mao.spring_boot_log.Log                  : hello
2022-04-10 20:33:01.449 DEBUG 10448 --- [main] mao.spring_boot_log.Log                  : hello
2022-04-10 20:33:01.449  INFO 10448 --- [main] mao.spring_boot_log.Log                  : hello
2022-04-10 20:33:01.449  WARN 10448 --- [main] mao.spring_boot_log.Log                  : hello
2022-04-10 20:33:01.449 ERROR 10448 --- [main] mao.spring_boot_log.Log                  : hello
2022-04-10 20:33:01.449 DEBUG 10448 --- [main] mao.spring_boot_log.Log                  : hello
2022-04-10 20:33:01.449  INFO 10448 --- [main] mao.spring_boot_log.Log                  : hello
2022-04-10 20:33:01.449  WARN 10448 --- [main] mao.spring_boot_log.Log                  : hello
2022-04-10 20:33:01.449 ERROR 10448 --- [main] mao.spring_boot_log.Log                  : hello
2022-04-10 20:33:01.449 DEBUG 10448 --- [main] mao.spring_boot_log.Log                  : hello
2022-04-10 20:33:01.449  INFO 10448 --- [main] mao.spring_boot_log.Log                  : hello
2022-04-10 20:33:01.449  WARN 10448 --- [main] mao.spring_boot_log.Log                  : hello
2022-04-10 20:33:01.449 ERROR 10448 --- [main] mao.spring_boot_log.Log                  : hello
2022-04-10 20:33:01.449 DEBUG 10448 --- [main] mao.spring_boot_log.Log                  : hello
2022-04-10 20:33:01.449  INFO 10448 --- [main] mao.spring_boot_log.Log                  : hello
2022-04-10 20:33:01.449  WARN 10448 --- [main] mao.spring_boot_log.Log                  : hello
2022-04-10 20:33:01.449 ERROR 10448 --- [main] mao.spring_boot_log.Log                  : hello
2022-04-10 20:33:01.449 DEBUG 10448 --- [main] mao.spring_boot_log.Log                  : hello
2022-04-10 20:33:01.449  INFO 10448 --- [main] mao.spring_boot_log.Log                  : hello
2022-04-10 20:33:01.449  WARN 10448 --- [main] mao.spring_boot_log.Log                  : hello
2022-04-10 20:33:01.449 ERROR 10448 --- [main] mao.spring_boot_log.Log                  : hello
2022-04-10 20:33:01.449 DEBUG 10448 --- [main] mao.spring_boot_log.Log                  : hello
2022-04-10 20:33:01.449  INFO 10448 --- [main] mao.spring_boot_log.Log                  : hello
2022-04-10 20:33:01.449  WARN 10448 --- [main] mao.spring_boot_log.Log                  : hello
2022-04-10 20:33:01.449 ERROR 10448 --- [main] mao.spring_boot_log.Log                  : hello
2022-04-10 20:33:01.449 DEBUG 10448 --- [main] mao.spring_boot_log.Log                  : hello
2022-04-10 20:33:01.449  INFO 10448 --- [main] mao.spring_boot_log.Log                  : hello
2022-04-10 20:33:01.449  WARN 10448 --- [main] mao.spring_boot_log.Log                  : hello
2022-04-10 20:33:01.449 ERROR 10448 --- [main] mao.spring_boot_log.Log                  : hello
2022-04-10 20:33:01.449 DEBUG 10448 --- [main] mao.spring_boot_log.Log                  : hello
2022-04-10 20:33:01.450  INFO 10448 --- [main] mao.spring_boot_log.Log                  : hello
2022-04-10 20:33:01.450  WARN 10448 --- [main] mao.spring_boot_log.Log                  : hello
2022-04-10 20:33:01.450 ERROR 10448 --- [main] mao.spring_boot_log.Log                  : hello
2022-04-10 20:33:01.450 DEBUG 10448 --- [main] mao.spring_boot_log.Log                  : hello
2022-04-10 20:33:01.450  INFO 10448 --- [main] mao.spring_boot_log.Log                  : hello
2022-04-10 20:33:01.450  WARN 10448 --- [main] mao.spring_boot_log.Log                  : hello
2022-04-10 20:33:01.450 ERROR 10448 --- [main] mao.spring_boot_log.Log                  : hello
2022-04-10 20:33:01.450 DEBUG 10448 --- [main] mao.spring_boot_log.Log                  : hello
2022-04-10 20:33:01.450  INFO 10448 --- [main] mao.spring_boot_log.Log                  : hello
2022-04-10 20:33:01.450  WARN 10448 --- [main] mao.spring_boot_log.Log                  : hello
2022-04-10 20:33:01.450 ERROR 10448 --- [main] mao.spring_boot_log.Log                  : hello
2022-04-10 20:33:01.450 DEBUG 10448 --- [main] mao.spring_boot_log.Log                  : hello
2022-04-10 20:33:01.450  INFO 10448 --- [main] mao.spring_boot_log.Log                  : hello
2022-04-10 20:33:01.450  WARN 10448 --- [main] mao.spring_boot_log.Log                  : hello
2022-04-10 20:33:01.450 ERROR 10448 --- [main] mao.spring_boot_log.Log                  : hello
2022-04-10 20:33:01.450 DEBUG 10448 --- [main] mao.spring_boot_log.Log                  : hello
2022-04-10 20:33:01.450  INFO 10448 --- [main] mao.spring_boot_log.Log                  : hello
2022-04-10 20:33:01.450  WARN 10448 --- [main] mao.spring_boot_log.Log                  : hello
2022-04-10 20:33:01.450 ERROR 10448 --- [main] mao.spring_boot_log.Log                  : hello
2022-04-10 20:33:01.450 DEBUG 10448 --- [main] mao.spring_boot_log.Log                  : hello
2022-04-10 20:33:01.450  INFO 10448 --- [main] mao.spring_boot_log.Log                  : hello
2022-04-10 20:33:01.450  WARN 10448 --- [main] mao.spring_boot_log.Log                  : hello
2022-04-10 20:33:01.450 ERROR 10448 --- [main] mao.spring_boot_log.Log                  : hello
2022-04-10 20:33:01.450 DEBUG 10448 --- [main] mao.spring_boot_log.Log                  : hello
2022-04-10 20:33:01.450  INFO 10448 --- [main] mao.spring_boot_log.Log                  : hello
2022-04-10 20:33:01.450  WARN 10448 --- [main] mao.spring_boot_log.Log                  : hello
2022-04-10 20:33:01.450 ERROR 10448 --- [main] mao.spring_boot_log.Log                  : hello
2022-04-10 20:33:01.450 DEBUG 10448 --- [main] mao.spring_boot_log.Log                  : hello
2022-04-10 20:33:01.450  INFO 10448 --- [main] mao.spring_boot_log.Log                  : hello
2022-04-10 20:33:01.450  WARN 10448 --- [main] mao.spring_boot_log.Log                  : hello
2022-04-10 20:33:01.450 ERROR 10448 --- [main] mao.spring_boot_log.Log                  : hello
2022-04-10 20:33:01.451 DEBUG 10448 --- [main] mao.spring_boot_log.Log                  : hello
2022-04-10 20:33:01.451  INFO 10448 --- [main] mao.spring_boot_log.Log                  : hello
2022-04-10 20:33:01.451  WARN 10448 --- [main] mao.spring_boot_log.Log                  : hello
2022-04-10 20:33:01.451 ERROR 10448 --- [main] mao.spring_boot_log.Log                  : hello
2022-04-10 20:33:01.451 DEBUG 10448 --- [main] mao.spring_boot_log.Log                  : hello
2022-04-10 20:33:01.451  INFO 10448 --- [main] mao.spring_boot_log.Log                  : hello
2022-04-10 20:33:01.451  WARN 10448 --- [main] mao.spring_boot_log.Log                  : hello
2022-04-10 20:33:01.451 ERROR 10448 --- [main] mao.spring_boot_log.Log                  : hello
2022-04-10 20:33:01.451 DEBUG 10448 --- [main] mao.spring_boot_log.Log                  : hello
2022-04-10 20:33:01.451  INFO 10448 --- [main] mao.spring_boot_log.Log                  : hello
2022-04-10 20:33:01.451  WARN 10448 --- [main] mao.spring_boot_log.Log                  : hello
2022-04-10 20:33:01.451 ERROR 10448 --- [main] mao.spring_boot_log.Log                  : hello
2022-04-10 20:33:01.451 DEBUG 10448 --- [main] mao.spring_boot_log.Log                  : hello
2022-04-10 20:33:01.451  INFO 10448 --- [main] mao.spring_boot_log.Log                  : hello
2022-04-10 20:33:01.451  WARN 10448 --- [main] mao.spring_boot_log.Log                  : hello
2022-04-10 20:33:01.451 ERROR 10448 --- [main] mao.spring_boot_log.Log                  : hello
2022-04-10 20:33:01.451 DEBUG 10448 --- [main] mao.spring_boot_log.Log                  : hello
2022-04-10 20:33:01.451  INFO 10448 --- [main] mao.spring_boot_log.Log                  : hello
2022-04-10 20:33:01.451  WARN 10448 --- [main] mao.spring_boot_log.Log                  : hello
2022-04-10 20:33:01.451 ERROR 10448 --- [main] mao.spring_boot_log.Log                  : hello
2022-04-10 20:33:01.451 DEBUG 10448 --- [main] mao.spring_boot_log.Log                  : hello
2022-04-10 20:33:01.451  INFO 10448 --- [main] mao.spring_boot_log.Log                  : hello
2022-04-10 20:33:01.451  WARN 10448 --- [main] mao.spring_boot_log.Log                  : hello
2022-04-10 20:33:01.451 ERROR 10448 --- [main] mao.spring_boot_log.Log                  : hello
2022-04-10 20:33:01.451 DEBUG 10448 --- [main] mao.spring_boot_log.Log                  : hello
2022-04-10 20:33:01.451  INFO 10448 --- [main] mao.spring_boot_log.Log                  : hello
2022-04-10 20:33:01.451  WARN 10448 --- [main] mao.spring_boot_log.Log                  : hello
2022-04-10 20:33:01.451 ERROR 10448 --- [main] mao.spring_boot_log.Log                  : hello
2022-04-10 20:33:01.451 DEBUG 10448 --- [main] mao.spring_boot_log.Log                  : hello
2022-04-10 20:33:01.451  INFO 10448 --- [main] mao.spring_boot_log.Log                  : hello
2022-04-10 20:33:01.451  WARN 10448 --- [main] mao.spring_boot_log.Log                  : hello
2022-04-10 20:33:01.452 ERROR 10448 --- [main] mao.spring_boot_log.Log                  : hello
2022-04-10 20:33:01.452 DEBUG 10448 --- [main] mao.spring_boot_log.Log                  : hello
2022-04-10 20:33:01.452  INFO 10448 --- [main] mao.spring_boot_log.Log                  : hello
2022-04-10 20:33:01.452  WARN 10448 --- [main] mao.spring_boot_log.Log                  : hello
2022-04-10 20:33:01.452 ERROR 10448 --- [main] mao.spring_boot_log.Log                  : hello
2022-04-10 20:33:01.452 DEBUG 10448 --- [main] mao.spring_boot_log.Log                  : hello
2022-04-10 20:33:01.452  INFO 10448 --- [main] mao.spring_boot_log.Log                  : hello
2022-04-10 20:33:01.452  WARN 10448 --- [main] mao.spring_boot_log.Log                  : hello
2022-04-10 20:33:01.452 ERROR 10448 --- [main] mao.spring_boot_log.Log                  : hello
2022-04-10 20:33:01.452 DEBUG 10448 --- [main] mao.spring_boot_log.Log                  : hello
2022-04-10 20:33:01.452  INFO 10448 --- [main] mao.spring_boot_log.Log                  : hello
2022-04-10 20:33:01.452  WARN 10448 --- [main] mao.spring_boot_log.Log                  : hello
2022-04-10 20:33:01.452 ERROR 10448 --- [main] mao.spring_boot_log.Log                  : hello
2022-04-10 20:33:01.452 DEBUG 10448 --- [main] mao.spring_boot_log.Log                  : hello
2022-04-10 20:33:01.452  INFO 10448 --- [main] mao.spring_boot_log.Log                  : hello
2022-04-10 20:33:01.452  WARN 10448 --- [main] mao.spring_boot_log.Log                  : hello
2022-04-10 20:33:01.452 ERROR 10448 --- [main] mao.spring_boot_log.Log                  : hello
2022-04-10 20:33:01.452 DEBUG 10448 --- [main] mao.spring_boot_log.Log                  : hello
2022-04-10 20:33:01.452  INFO 10448 --- [main] mao.spring_boot_log.Log                  : hello
2022-04-10 20:33:01.452  WARN 10448 --- [main] mao.spring_boot_log.Log                  : hello
2022-04-10 20:33:01.452 ERROR 10448 --- [main] mao.spring_boot_log.Log                  : hello
2022-04-10 20:33:01.452 DEBUG 10448 --- [main] mao.spring_boot_log.Log                  : hello
2022-04-10 20:33:01.452  INFO 10448 --- [main] mao.spring_boot_log.Log                  : hello
2022-04-10 20:33:01.452  WARN 10448 --- [main] mao.spring_boot_log.Log                  : hello
2022-04-10 20:33:01.452 ERROR 10448 --- [main] mao.spring_boot_log.Log                  : hello
2022-04-10 20:33:01.452 DEBUG 10448 --- [main] mao.spring_boot_log.Log                  : hello
2022-04-10 20:33:01.452  INFO 10448 --- [main] mao.spring_boot_log.Log                  : hello
2022-04-10 20:33:01.452  WARN 10448 --- [main] mao.spring_boot_log.Log                  : hello
2022-04-10 20:33:01.452 ERROR 10448 --- [main] mao.spring_boot_log.Log                  : hello
2022-04-10 20:33:01.452 DEBUG 10448 --- [main] mao.spring_boot_log.Log                  : hello
2022-04-10 20:33:01.452  INFO 10448 --- [main] mao.spring_boot_log.Log                  : hello
2022-04-10 20:33:01.452  WARN 10448 --- [main] mao.spring_boot_log.Log                  : hello
2022-04-10 20:33:01.452 ERROR 10448 --- [main] mao.spring_boot_log.Log                  : hello
2022-04-10 20:33:01.452 DEBUG 10448 --- [main] mao.spring_boot_log.Log                  : hello
2022-04-10 20:33:01.452  INFO 10448 --- [main] mao.spring_boot_log.Log                  : hello
2022-04-10 20:33:01.452  WARN 10448 --- [main] mao.spring_boot_log.Log                  : hello
2022-04-10 20:33:01.452 ERROR 10448 --- [main] mao.spring_boot_log.Log                  : hello
2022-04-10 20:33:01.453 DEBUG 10448 --- [main] mao.spring_boot_log.Log                  : hello
2022-04-10 20:33:01.453  INFO 10448 --- [main] mao.spring_boot_log.Log                  : hello
2022-04-10 20:33:01.453  WARN 10448 --- [main] mao.spring_boot_log.Log                  : hello
2022-04-10 20:33:01.453 ERROR 10448 --- [main] mao.spring_boot_log.Log                  : hello
2022-04-10 20:33:01.453 DEBUG 10448 --- [main] mao.spring_boot_log.Log                  : hello
2022-04-10 20:33:01.453  INFO 10448 --- [main] mao.spring_boot_log.Log                  : hello
2022-04-10 20:33:01.453  WARN 10448 --- [main] mao.spring_boot_log.Log                  : hello
2022-04-10 20:33:01.453 ERROR 10448 --- [main] mao.spring_boot_log.Log                  : hello
2022-04-10 20:33:01.453 DEBUG 10448 --- [main] mao.spring_boot_log.Log                  : hello
2022-04-10 20:33:01.453  INFO 10448 --- [main] mao.spring_boot_log.Log                  : hello
2022-04-10 20:33:01.453  WARN 10448 --- [main] mao.spring_boot_log.Log                  : hello
2022-04-10 20:33:01.453 ERROR 10448 --- [main] mao.spring_boot_log.Log                  : hello
2022-04-10 20:33:01.453 DEBUG 10448 --- [main] mao.spring_boot_log.Log                  : hello
2022-04-10 20:33:01.453  INFO 10448 --- [main] mao.spring_boot_log.Log                  : hello
2022-04-10 20:33:01.453  WARN 10448 --- [main] mao.spring_boot_log.Log                  : hello
2022-04-10 20:33:01.453 ERROR 10448 --- [main] mao.spring_boot_log.Log                  : hello
2022-04-10 20:33:01.453 DEBUG 10448 --- [main] mao.spring_boot_log.Log                  : hello
2022-04-10 20:33:01.453  INFO 10448 --- [main] mao.spring_boot_log.Log                  : hello
2022-04-10 20:33:01.453  WARN 10448 --- [main] mao.spring_boot_log.Log                  : hello
2022-04-10 20:33:01.453 ERROR 10448 --- [main] mao.spring_boot_log.Log                  : hello
2022-04-10 20:33:01.453 DEBUG 10448 --- [main] mao.spring_boot_log.Log                  : hello
2022-04-10 20:33:01.453  INFO 10448 --- [main] mao.spring_boot_log.Log                  : hello
2022-04-10 20:33:01.453  WARN 10448 --- [main] mao.spring_boot_log.Log                  : hello
2022-04-10 20:33:01.453 ERROR 10448 --- [main] mao.spring_boot_log.Log                  : hello
2022-04-10 20:33:01.453 DEBUG 10448 --- [main] mao.spring_boot_log.Log                  : hello
2022-04-10 20:33:01.453  INFO 10448 --- [main] mao.spring_boot_log.Log                  : hello
2022-04-10 20:33:01.453  WARN 10448 --- [main] mao.spring_boot_log.Log                  : hello
2022-04-10 20:33:01.453 ERROR 10448 --- [main] mao.spring_boot_log.Log                  : hello
2022-04-10 20:33:01.453 DEBUG 10448 --- [main] mao.spring_boot_log.Log                  : hello
2022-04-10 20:33:01.453  INFO 10448 --- [main] mao.spring_boot_log.Log                  : hello
2022-04-10 20:33:01.453  WARN 10448 --- [main] mao.spring_boot_log.Log                  : hello
2022-04-10 20:33:01.453 ERROR 10448 --- [main] mao.spring_boot_log.Log                  : hello
2022-04-10 20:33:01.453 DEBUG 10448 --- [main] mao.spring_boot_log.Log                  : hello
2022-04-10 20:33:01.453  INFO 10448 --- [main] mao.spring_boot_log.Log                  : hello
2022-04-10 20:33:01.453  WARN 10448 --- [main] mao.spring_boot_log.Log                  : hello
2022-04-10 20:33:01.453 ERROR 10448 --- [main] mao.spring_boot_log.Log                  : hello
2022-04-10 20:33:01.453 DEBUG 10448 --- [main] mao.spring_boot_log.Log                  : hello
2022-04-10 20:33:01.454  INFO 10448 --- [main] mao.spring_boot_log.Log                  : hello
2022-04-10 20:33:01.454  WARN 10448 --- [main] mao.spring_boot_log.Log                  : hello
2022-04-10 20:33:01.454 ERROR 10448 --- [main] mao.spring_boot_log.Log                  : hello
2022-04-10 20:33:01.454 DEBUG 10448 --- [main] mao.spring_boot_log.Log                  : hello
2022-04-10 20:33:01.454  INFO 10448 --- [main] mao.spring_boot_log.Log                  : hello
2022-04-10 20:33:01.454  WARN 10448 --- [main] mao.spring_boot_log.Log                  : hello
2022-04-10 20:33:01.454 ERROR 10448 --- [main] mao.spring_boot_log.Log                  : hello
2022-04-10 20:33:01.454 DEBUG 10448 --- [main] mao.spring_boot_log.Log                  : hello
2022-04-10 20:33:01.454  INFO 10448 --- [main] mao.spring_boot_log.Log                  : hello
2022-04-10 20:33:01.454  WARN 10448 --- [main] mao.spring_boot_log.Log                  : hello
2022-04-10 20:33:01.454 ERROR 10448 --- [main] mao.spring_boot_log.Log                  : hello
2022-04-10 20:33:01.454 DEBUG 10448 --- [main] mao.spring_boot_log.Log                  : hello
2022-04-10 20:33:01.454  INFO 10448 --- [main] mao.spring_boot_log.Log                  : hello
2022-04-10 20:33:01.454  WARN 10448 --- [main] mao.spring_boot_log.Log                  : hello
2022-04-10 20:33:01.454 ERROR 10448 --- [main] mao.spring_boot_log.Log                  : hello
2022-04-10 20:33:01.454 DEBUG 10448 --- [main] mao.spring_boot_log.Log                  : hello
2022-04-10 20:33:01.454  INFO 10448 --- [main] mao.spring_boot_log.Log                  : hello
2022-04-10 20:33:01.454  WARN 10448 --- [main] mao.spring_boot_log.Log                  : hello
2022-04-10 20:33:01.454 ERROR 10448 --- [main] mao.spring_boot_log.Log                  : hello
2022-04-10 20:33:01.454 DEBUG 10448 --- [main] mao.spring_boot_log.Log                  : hello
2022-04-10 20:33:01.454  INFO 10448 --- [main] mao.spring_boot_log.Log                  : hello
2022-04-10 20:33:01.454  WARN 10448 --- [main] mao.spring_boot_log.Log                  : hello
2022-04-10 20:33:01.454 ERROR 10448 --- [main] mao.spring_boot_log.Log                  : hello
2022-04-10 20:33:01.454 DEBUG 10448 --- [main] mao.spring_boot_log.Log                  : hello
2022-04-10 20:33:01.454  INFO 10448 --- [main] mao.spring_boot_log.Log                  : hello
2022-04-10 20:33:01.454  WARN 10448 --- [main] mao.spring_boot_log.Log                  : hello
2022-04-10 20:33:01.454 ERROR 10448 --- [main] mao.spring_boot_log.Log                  : hello
2022-04-10 20:33:01.454 DEBUG 10448 --- [main] mao.spring_boot_log.Log                  : hello
2022-04-10 20:33:01.454  INFO 10448 --- [main] mao.spring_boot_log.Log                  : hello
2022-04-10 20:33:01.454  WARN 10448 --- [main] mao.spring_boot_log.Log                  : hello
2022-04-10 20:33:01.454 ERROR 10448 --- [main] mao.spring_boot_log.Log                  : hello
2022-04-10 20:33:01.454 DEBUG 10448 --- [main] mao.spring_boot_log.Log                  : hello
2022-04-10 20:33:01.454  INFO 10448 --- [main] mao.spring_boot_log.Log                  : hello
2022-04-10 20:33:01.454  WARN 10448 --- [main] mao.spring_boot_log.Log                  : hello
2022-04-10 20:33:01.454 ERROR 10448 --- [main] mao.spring_boot_log.Log                  : hello
2022-04-10 20:33:01.454 DEBUG 10448 --- [main] mao.spring_boot_log.Log                  : hello
2022-04-10 20:33:01.454  INFO 10448 --- [main] mao.spring_boot_log.Log                  : hello
2022-04-10 20:33:01.454  WARN 10448 --- [main] mao.spring_boot_log.Log                  : hello
2022-04-10 20:33:01.454 ERROR 10448 --- [main] mao.spring_boot_log.Log                  : hello
2022-04-10 20:33:01.454 DEBUG 10448 --- [main] mao.spring_boot_log.Log                  : hello
2022-04-10 20:33:01.454  INFO 10448 --- [main] mao.spring_boot_log.Log                  : hello
2022-04-10 20:33:01.454  WARN 10448 --- [main] mao.spring_boot_log.Log                  : hello
2022-04-10 20:33:01.454 ERROR 10448 --- [main] mao.spring_boot_log.Log                  : hello
2022-04-10 20:33:01.454 DEBUG 10448 --- [main] mao.spring_boot_log.Log                  : hello
2022-04-10 20:33:01.455  INFO 10448 --- [main] mao.spring_boot_log.Log                  : hello
2022-04-10 20:33:01.455  WARN 10448 --- [main] mao.spring_boot_log.Log                  : hello
2022-04-10 20:33:01.455 ERROR 10448 --- [main] mao.spring_boot_log.Log                  : hello
2022-04-10 20:33:01.455 DEBUG 10448 --- [main] mao.spring_boot_log.Log                  : hello
2022-04-10 20:33:01.455  INFO 10448 --- [main] mao.spring_boot_log.Log                  : hello
2022-04-10 20:33:01.455  WARN 10448 --- [main] mao.spring_boot_log.Log                  : hello
2022-04-10 20:33:01.455 ERROR 10448 --- [main] mao.spring_boot_log.Log                  : hello
2022-04-10 20:33:01.455 DEBUG 10448 --- [main] mao.spring_boot_log.Log                  : hello
2022-04-10 20:33:01.455  INFO 10448 --- [main] mao.spring_boot_log.Log                  : hello
2022-04-10 20:33:01.455  WARN 10448 --- [main] mao.spring_boot_log.Log                  : hello
2022-04-10 20:33:01.455 ERROR 10448 --- [main] mao.spring_boot_log.Log                  : hello
2022-04-10 20:33:01.455 DEBUG 10448 --- [main] mao.spring_boot_log.Log                  : hello
2022-04-10 20:33:01.455  INFO 10448 --- [main] mao.spring_boot_log.Log                  : hello
2022-04-10 20:33:01.455  WARN 10448 --- [main] mao.spring_boot_log.Log                  : hello
2022-04-10 20:33:01.455 ERROR 10448 --- [main] mao.spring_boot_log.Log                  : hello
2022-04-10 20:33:01.455 DEBUG 10448 --- [main] mao.spring_boot_log.Log                  : hello
2022-04-10 20:33:01.455  INFO 10448 --- [main] mao.spring_boot_log.Log                  : hello
2022-04-10 20:33:01.455  WARN 10448 --- [main] mao.spring_boot_log.Log                  : hello
2022-04-10 20:33:01.455 ERROR 10448 --- [main] mao.spring_boot_log.Log                  : hello
2022-04-10 20:33:01.455 DEBUG 10448 --- [main] mao.spring_boot_log.Log                  : hello
2022-04-10 20:33:01.455  INFO 10448 --- [main] mao.spring_boot_log.Log                  : hello
2022-04-10 20:33:01.455  WARN 10448 --- [main] mao.spring_boot_log.Log                  : hello
2022-04-10 20:33:01.455 ERROR 10448 --- [main] mao.spring_boot_log.Log                  : hello
2022-04-10 20:33:01.455 DEBUG 10448 --- [main] mao.spring_boot_log.Log                  : hello
2022-04-10 20:33:01.455  INFO 10448 --- [main] mao.spring_boot_log.Log                  : hello
2022-04-10 20:33:01.455  WARN 10448 --- [main] mao.spring_boot_log.Log                  : hello
2022-04-10 20:33:01.455 ERROR 10448 --- [main] mao.spring_boot_log.Log                  : hello
2022-04-10 20:33:01.455 DEBUG 10448 --- [main] mao.spring_boot_log.Log                  : hello
2022-04-10 20:33:01.455  INFO 10448 --- [main] mao.spring_boot_log.Log                  : hello
2022-04-10 20:33:01.455  WARN 10448 --- [main] mao.spring_boot_log.Log                  : hello
2022-04-10 20:33:01.455 ERROR 10448 --- [main] mao.spring_boot_log.Log                  : hello
2022-04-10 20:33:01.455 DEBUG 10448 --- [main] mao.spring_boot_log.Log                  : hello
2022-04-10 20:33:01.455  INFO 10448 --- [main] mao.spring_boot_log.Log                  : hello
2022-04-10 20:33:01.455  WARN 10448 --- [main] mao.spring_boot_log.Log                  : hello
2022-04-10 20:33:01.455 ERROR 10448 --- [main] mao.spring_boot_log.Log                  : hello
2022-04-10 20:33:01.456 DEBUG 10448 --- [main] mao.spring_boot_log.Log                  : hello
2022-04-10 20:33:01.456  INFO 10448 --- [main] mao.spring_boot_log.Log                  : hello
2022-04-10 20:33:01.456  WARN 10448 --- [main] mao.spring_boot_log.Log                  : hello
2022-04-10 20:33:01.456 ERROR 10448 --- [main] mao.spring_boot_log.Log                  : hello
2022-04-10 20:33:01.456 DEBUG 10448 --- [main] mao.spring_boot_log.Log                  : hello
2022-04-10 20:33:01.456  INFO 10448 --- [main] mao.spring_boot_log.Log                  : hello
2022-04-10 20:33:01.456  WARN 10448 --- [main] mao.spring_boot_log.Log                  : hello
2022-04-10 20:33:01.456 ERROR 10448 --- [main] mao.spring_boot_log.Log                  : hello
2022-04-10 20:33:01.456 DEBUG 10448 --- [main] mao.spring_boot_log.Log                  : hello
2022-04-10 20:33:01.456  INFO 10448 --- [main] mao.spring_boot_log.Log                  : hello
2022-04-10 20:33:01.456  WARN 10448 --- [main] mao.spring_boot_log.Log                  : hello
2022-04-10 20:33:01.456 ERROR 10448 --- [main] mao.spring_boot_log.Log                  : hello
2022-04-10 20:33:01.456 DEBUG 10448 --- [main] mao.spring_boot_log.Log                  : hello
2022-04-10 20:33:01.456  INFO 10448 --- [main] mao.spring_boot_log.Log                  : hello
2022-04-10 20:33:01.456  WARN 10448 --- [main] mao.spring_boot_log.Log                  : hello
2022-04-10 20:33:01.456 ERROR 10448 --- [main] mao.spring_boot_log.Log                  : hello
2022-04-10 20:33:01.456 DEBUG 10448 --- [main] mao.spring_boot_log.Log                  : hello
2022-04-10 20:33:01.456  INFO 10448 --- [main] mao.spring_boot_log.Log                  : hello
2022-04-10 20:33:01.456  WARN 10448 --- [main] mao.spring_boot_log.Log                  : hello
2022-04-10 20:33:01.456 ERROR 10448 --- [main] mao.spring_boot_log.Log                  : hello
2022-04-10 20:33:01.456 DEBUG 10448 --- [main] mao.spring_boot_log.Log                  : hello
2022-04-10 20:33:01.456  INFO 10448 --- [main] mao.spring_boot_log.Log                  : hello
2022-04-10 20:33:01.456  WARN 10448 --- [main] mao.spring_boot_log.Log                  : hello
2022-04-10 20:33:01.456 ERROR 10448 --- [main] mao.spring_boot_log.Log                  : hello
2022-04-10 20:33:01.456 DEBUG 10448 --- [main] mao.spring_boot_log.Log                  : hello
2022-04-10 20:33:01.456  INFO 10448 --- [main] mao.spring_boot_log.Log                  : hello
2022-04-10 20:33:01.456  WARN 10448 --- [main] mao.spring_boot_log.Log                  : hello
2022-04-10 20:33:01.456 ERROR 10448 --- [main] mao.spring_boot_log.Log                  : hello
2022-04-10 20:33:01.456 DEBUG 10448 --- [main] mao.spring_boot_log.Log                  : hello
2022-04-10 20:33:01.456  INFO 10448 --- [main] mao.spring_boot_log.Log                  : hello
2022-04-10 20:33:01.456  WARN 10448 --- [main] mao.spring_boot_log.Log                  : hello
2022-04-10 20:33:01.456 ERROR 10448 --- [main] mao.spring_boot_log.Log                  : hello
2022-04-10 20:33:01.456 DEBUG 10448 --- [main] mao.spring_boot_log.Log                  : hello
2022-04-10 20:33:01.457  INFO 10448 --- [main] mao.spring_boot_log.Log                  : hello
2022-04-10 20:33:01.457  WARN 10448 --- [main] mao.spring_boot_log.Log                  : hello
2022-04-10 20:33:01.457 ERROR 10448 --- [main] mao.spring_boot_log.Log                  : hello
2022-04-10 20:33:01.457 DEBUG 10448 --- [main] mao.spring_boot_log.Log                  : hello
2022-04-10 20:33:01.457  INFO 10448 --- [main] mao.spring_boot_log.Log                  : hello
2022-04-10 20:33:01.457  WARN 10448 --- [main] mao.spring_boot_log.Log                  : hello
2022-04-10 20:33:01.457 ERROR 10448 --- [main] mao.spring_boot_log.Log                  : hello
2022-04-10 20:33:01.457 DEBUG 10448 --- [main] mao.spring_boot_log.Log                  : hello
2022-04-10 20:33:01.457  INFO 10448 --- [main] mao.spring_boot_log.Log                  : hello
2022-04-10 20:33:01.457  WARN 10448 --- [main] mao.spring_boot_log.Log                  : hello
2022-04-10 20:33:01.457 ERROR 10448 --- [main] mao.spring_boot_log.Log                  : hello
2022-04-10 20:33:01.457 DEBUG 10448 --- [main] mao.spring_boot_log.Log                  : hello
2022-04-10 20:33:01.457  INFO 10448 --- [main] mao.spring_boot_log.Log                  : hello
2022-04-10 20:33:01.457  WARN 10448 --- [main] mao.spring_boot_log.Log                  : hello
2022-04-10 20:33:01.457 ERROR 10448 --- [main] mao.spring_boot_log.Log                  : hello
2022-04-10 20:33:01.457 DEBUG 10448 --- [main] mao.spring_boot_log.Log                  : hello
2022-04-10 20:33:01.457  INFO 10448 --- [main] mao.spring_boot_log.Log                  : hello
2022-04-10 20:33:01.457  WARN 10448 --- [main] mao.spring_boot_log.Log                  : hello
2022-04-10 20:33:01.457 ERROR 10448 --- [main] mao.spring_boot_log.Log                  : hello
2022-04-10 20:33:01.457 DEBUG 10448 --- [main] mao.spring_boot_log.Log                  : hello
2022-04-10 20:33:01.457  INFO 10448 --- [main] mao.spring_boot_log.Log                  : hello
2022-04-10 20:33:01.457  WARN 10448 --- [main] mao.spring_boot_log.Log                  : hello
2022-04-10 20:33:01.457 ERROR 10448 --- [main] mao.spring_boot_log.Log                  : hello
2022-04-10 20:33:01.457 DEBUG 10448 --- [main] mao.spring_boot_log.Log                  : hello
2022-04-10 20:33:01.457  INFO 10448 --- [main] mao.spring_boot_log.Log                  : hello
2022-04-10 20:33:01.458  WARN 10448 --- [main] mao.spring_boot_log.Log                  : hello
2022-04-10 20:33:01.458 ERROR 10448 --- [main] mao.spring_boot_log.Log                  : hello
2022-04-10 20:33:01.458 DEBUG 10448 --- [main] mao.spring_boot_log.Log                  : hello
2022-04-10 20:33:01.458  INFO 10448 --- [main] mao.spring_boot_log.Log                  : hello
2022-04-10 20:33:01.458  WARN 10448 --- [main] mao.spring_boot_log.Log                  : hello
2022-04-10 20:33:01.458 ERROR 10448 --- [main] mao.spring_boot_log.Log                  : hello
2022-04-10 20:33:01.458 DEBUG 10448 --- [main] mao.spring_boot_log.Log                  : hello
2022-04-10 20:33:01.458  INFO 10448 --- [main] mao.spring_boot_log.Log                  : hello
2022-04-10 20:33:01.458  WARN 10448 --- [main] mao.spring_boot_log.Log                  : hello
2022-04-10 20:33:01.458 ERROR 10448 --- [main] mao.spring_boot_log.Log                  : hello
2022-04-10 20:33:01.458 DEBUG 10448 --- [main] mao.spring_boot_log.Log                  : hello
2022-04-10 20:33:01.458  INFO 10448 --- [main] mao.spring_boot_log.Log                  : hello
2022-04-10 20:33:01.458  WARN 10448 --- [main] mao.spring_boot_log.Log                  : hello
2022-04-10 20:33:01.458 ERROR 10448 --- [main] mao.spring_boot_log.Log                  : hello
2022-04-10 20:33:01.458 DEBUG 10448 --- [main] mao.spring_boot_log.Log                  : hello
2022-04-10 20:33:01.458  INFO 10448 --- [main] mao.spring_boot_log.Log                  : hello
2022-04-10 20:33:01.458  WARN 10448 --- [main] mao.spring_boot_log.Log                  : hello
2022-04-10 20:33:01.458 ERROR 10448 --- [main] mao.spring_boot_log.Log                  : hello
2022-04-10 20:33:01.458 DEBUG 10448 --- [main] mao.spring_boot_log.Log                  : hello
2022-04-10 20:33:01.458  INFO 10448 --- [main] mao.spring_boot_log.Log                  : hello
2022-04-10 20:33:01.458  WARN 10448 --- [main] mao.spring_boot_log.Log                  : hello
2022-04-10 20:33:01.458 ERROR 10448 --- [main] mao.spring_boot_log.Log                  : hello
2022-04-10 20:33:01.458 DEBUG 10448 --- [main] mao.spring_boot_log.Log                  : hello
2022-04-10 20:33:01.458  INFO 10448 --- [main] mao.spring_boot_log.Log                  : hello
2022-04-10 20:33:01.458  WARN 10448 --- [main] mao.spring_boot_log.Log                  : hello
2022-04-10 20:33:01.458 ERROR 10448 --- [main] mao.spring_boot_log.Log                  : hello
2022-04-10 20:33:01.458 DEBUG 10448 --- [main] mao.spring_boot_log.Log                  : hello
2022-04-10 20:33:01.458  INFO 10448 --- [main] mao.spring_boot_log.Log                  : hello
2022-04-10 20:33:01.458  WARN 10448 --- [main] mao.spring_boot_log.Log                  : hello
2022-04-10 20:33:01.458 ERROR 10448 --- [main] mao.spring_boot_log.Log                  : hello
2022-04-10 20:33:01.458 DEBUG 10448 --- [main] mao.spring_boot_log.Log                  : hello
2022-04-10 20:33:01.458  INFO 10448 --- [main] mao.spring_boot_log.Log                  : hello
2022-04-10 20:33:01.458  WARN 10448 --- [main] mao.spring_boot_log.Log                  : hello
2022-04-10 20:33:01.458 ERROR 10448 --- [main] mao.spring_boot_log.Log                  : hello
2022-04-10 20:33:01.458 DEBUG 10448 --- [main] mao.spring_boot_log.Log                  : hello
2022-04-10 20:33:01.458  INFO 10448 --- [main] mao.spring_boot_log.Log                  : hello
2022-04-10 20:33:01.458  WARN 10448 --- [main] mao.spring_boot_log.Log                  : hello
2022-04-10 20:33:01.458 ERROR 10448 --- [main] mao.spring_boot_log.Log                  : hello
2022-04-10 20:33:01.458 DEBUG 10448 --- [main] mao.spring_boot_log.Log                  : hello
2022-04-10 20:33:01.459  INFO 10448 --- [main] mao.spring_boot_log.Log                  : hello
2022-04-10 20:33:01.459  WARN 10448 --- [main] mao.spring_boot_log.Log                  : hello
2022-04-10 20:33:01.459 ERROR 10448 --- [main] mao.spring_boot_log.Log                  : hello
2022-04-10 20:33:01.459 DEBUG 10448 --- [main] mao.spring_boot_log.Log                  : hello
2022-04-10 20:33:01.459  INFO 10448 --- [main] mao.spring_boot_log.Log                  : hello
2022-04-10 20:33:01.459  WARN 10448 --- [main] mao.spring_boot_log.Log                  : hello
2022-04-10 20:33:01.459 ERROR 10448 --- [main] mao.spring_boot_log.Log                  : hello
2022-04-10 20:33:01.459 DEBUG 10448 --- [main] mao.spring_boot_log.Log                  : hello
2022-04-10 20:33:01.459  INFO 10448 --- [main] mao.spring_boot_log.Log                  : hello
2022-04-10 20:33:01.459  WARN 10448 --- [main] mao.spring_boot_log.Log                  : hello
2022-04-10 20:33:01.459 ERROR 10448 --- [main] mao.spring_boot_log.Log                  : hello
2022-04-10 20:33:01.459 DEBUG 10448 --- [main] mao.spring_boot_log.Log                  : hello
2022-04-10 20:33:01.459  INFO 10448 --- [main] mao.spring_boot_log.Log                  : hello
2022-04-10 20:33:01.459  WARN 10448 --- [main] mao.spring_boot_log.Log                  : hello
2022-04-10 20:33:01.459 ERROR 10448 --- [main] mao.spring_boot_log.Log                  : hello
2022-04-10 20:33:01.459 DEBUG 10448 --- [main] mao.spring_boot_log.Log                  : hello
2022-04-10 20:33:01.459  INFO 10448 --- [main] mao.spring_boot_log.Log                  : hello
2022-04-10 20:33:01.459  WARN 10448 --- [main] mao.spring_boot_log.Log                  : hello
2022-04-10 20:33:01.459 ERROR 10448 --- [main] mao.spring_boot_log.Log                  : hello
2022-04-10 20:33:01.459 DEBUG 10448 --- [main] mao.spring_boot_log.Log                  : hello
2022-04-10 20:33:01.459  INFO 10448 --- [main] mao.spring_boot_log.Log                  : hello
2022-04-10 20:33:01.459  WARN 10448 --- [main] mao.spring_boot_log.Log                  : hello
2022-04-10 20:33:01.459 ERROR 10448 --- [main] mao.spring_boot_log.Log                  : hello
2022-04-10 20:33:01.459 DEBUG 10448 --- [main] mao.spring_boot_log.Log                  : hello
2022-04-10 20:33:01.459  INFO 10448 --- [main] mao.spring_boot_log.Log                  : hello
2022-04-10 20:33:01.459  WARN 10448 --- [main] mao.spring_boot_log.Log                  : hello
2022-04-10 20:33:01.459 ERROR 10448 --- [main] mao.spring_boot_log.Log                  : hello
2022-04-10 20:33:01.459 DEBUG 10448 --- [main] mao.spring_boot_log.Log                  : hello
2022-04-10 20:33:01.459  INFO 10448 --- [main] mao.spring_boot_log.Log                  : hello
2022-04-10 20:33:01.459  WARN 10448 --- [main] mao.spring_boot_log.Log                  : hello
2022-04-10 20:33:01.459 ERROR 10448 --- [main] mao.spring_boot_log.Log                  : hello
2022-04-10 20:33:01.460 DEBUG 10448 --- [main] mao.spring_boot_log.Log                  : hello
2022-04-10 20:33:01.460  INFO 10448 --- [main] mao.spring_boot_log.Log                  : hello
2022-04-10 20:33:01.460  WARN 10448 --- [main] mao.spring_boot_log.Log                  : hello
2022-04-10 20:33:01.460 ERROR 10448 --- [main] mao.spring_boot_log.Log                  : hello
2022-04-10 20:33:01.460 DEBUG 10448 --- [main] mao.spring_boot_log.Log                  : hello
2022-04-10 20:33:01.460  INFO 10448 --- [main] mao.spring_boot_log.Log                  : hello
2022-04-10 20:33:01.460  WARN 10448 --- [main] mao.spring_boot_log.Log                  : hello
2022-04-10 20:33:01.460 ERROR 10448 --- [main] mao.spring_boot_log.Log                  : hello
2022-04-10 20:33:01.460 DEBUG 10448 --- [main] mao.spring_boot_log.Log                  : hello
2022-04-10 20:33:01.460  INFO 10448 --- [main] mao.spring_boot_log.Log                  : hello
2022-04-10 20:33:01.460  WARN 10448 --- [main] mao.spring_boot_log.Log                  : hello
2022-04-10 20:33:01.460 ERROR 10448 --- [main] mao.spring_boot_log.Log                  : hello
2022-04-10 20:33:01.460 DEBUG 10448 --- [main] mao.spring_boot_log.Log                  : hello
2022-04-10 20:33:01.460  INFO 10448 --- [main] mao.spring_boot_log.Log                  : hello
2022-04-10 20:33:01.460  WARN 10448 --- [main] mao.spring_boot_log.Log                  : hello
2022-04-10 20:33:01.460 ERROR 10448 --- [main] mao.spring_boot_log.Log                  : hello
2022-04-10 20:33:01.460 DEBUG 10448 --- [main] mao.spring_boot_log.Log                  : hello
2022-04-10 20:33:01.460  INFO 10448 --- [main] mao.spring_boot_log.Log                  : hello
2022-04-10 20:33:01.460  WARN 10448 --- [main] mao.spring_boot_log.Log                  : hello
2022-04-10 20:33:01.460 ERROR 10448 --- [main] mao.spring_boot_log.Log                  : hello
2022-04-10 20:33:01.460 DEBUG 10448 --- [main] mao.spring_boot_log.Log                  : hello
2022-04-10 20:33:01.460  INFO 10448 --- [main] mao.spring_boot_log.Log                  : hello
2022-04-10 20:33:01.460  WARN 10448 --- [main] mao.spring_boot_log.Log                  : hello
2022-04-10 20:33:01.460 ERROR 10448 --- [main] mao.spring_boot_log.Log                  : hello
2022-04-10 20:33:01.460 DEBUG 10448 --- [main] mao.spring_boot_log.Log                  : hello
2022-04-10 20:33:01.460  INFO 10448 --- [main] mao.spring_boot_log.Log                  : hello
2022-04-10 20:33:01.460  WARN 10448 --- [main] mao.spring_boot_log.Log                  : hello
2022-04-10 20:33:01.460 ERROR 10448 --- [main] mao.spring_boot_log.Log                  : hello
2022-04-10 20:33:01.460 DEBUG 10448 --- [main] mao.spring_boot_log.Log                  : hello
2022-04-10 20:33:01.460  INFO 10448 --- [main] mao.spring_boot_log.Log                  : hello
2022-04-10 20:33:01.460  WARN 10448 --- [main] mao.spring_boot_log.Log                  : hello
2022-04-10 20:33:01.460 ERROR 10448 --- [main] mao.spring_boot_log.Log                  : hello
2022-04-10 20:33:01.460 DEBUG 10448 --- [main] mao.spring_boot_log.Log                  : hello
2022-04-10 20:33:01.460  INFO 10448 --- [main] mao.spring_boot_log.Log                  : hello
2022-04-10 20:33:01.460  WARN 10448 --- [main] mao.spring_boot_log.Log                  : hello
