2022-04-10 20:40:15.657  INFO 14100 --- [main] mao.spring_boot_log.LogTest              : Started LogTest in 1.701 seconds (JVM running for 2.568)
2022-04-10 20:40:16.125 DEBUG 14100 --- [main] mao.spring_boot_log.Log                  : hello
2022-04-10 20:40:16.125  INFO 14100 --- [main] mao.spring_boot_log.Log                  : hello
2022-04-10 20:40:16.126  WARN 14100 --- [main] mao.spring_boot_log.Log                  : hello
2022-04-10 20:40:16.126 ERROR 14100 --- [main] mao.spring_boot_log.Log                  : hello
2022-04-10 20:40:16.126 DEBUG 14100 --- [main] mao.spring_boot_log.Log                  : hello
2022-04-10 20:40:16.126  INFO 14100 --- [main] mao.spring_boot_log.Log                  : hello
2022-04-10 20:40:16.126  WARN 14100 --- [main] mao.spring_boot_log.Log                  : hello
2022-04-10 20:40:16.126 ERROR 14100 --- [main] mao.spring_boot_log.Log                  : hello
2022-04-10 20:40:16.126 DEBUG 14100 --- [main] mao.spring_boot_log.Log                  : hello
2022-04-10 20:40:16.126  INFO 14100 --- [main] mao.spring_boot_log.Log                  : hello
2022-04-10 20:40:16.126  WARN 14100 --- [main] mao.spring_boot_log.Log                  : hello
2022-04-10 20:40:16.126 ERROR 14100 --- [main] mao.spring_boot_log.Log                  : hello
2022-04-10 20:40:16.126 DEBUG 14100 --- [main] mao.spring_boot_log.Log                  : hello
2022-04-10 20:40:16.127  INFO 14100 --- [main] mao.spring_boot_log.Log                  : hello
2022-04-10 20:40:16.127  WARN 14100 --- [main] mao.spring_boot_log.Log                  : hello
2022-04-10 20:40:16.127 ERROR 14100 --- [main] mao.spring_boot_log.Log                  : hello
2022-04-10 20:40:16.127 DEBUG 14100 --- [main] mao.spring_boot_log.Log                  : hello
2022-04-10 20:40:16.127  INFO 14100 --- [main] mao.spring_boot_log.Log                  : hello
2022-04-10 20:40:16.127  WARN 14100 --- [main] mao.spring_boot_log.Log                  : hello
2022-04-10 20:40:16.127 ERROR 14100 --- [main] mao.spring_boot_log.Log                  : hello
2022-04-10 20:40:16.127 DEBUG 14100 --- [main] mao.spring_boot_log.Log                  : hello
2022-04-10 20:40:16.127  INFO 14100 --- [main] mao.spring_boot_log.Log                  : hello
2022-04-10 20:40:16.127  WARN 14100 --- [main] mao.spring_boot_log.Log                  : hello
2022-04-10 20:40:16.127 ERROR 14100 --- [main] mao.spring_boot_log.Log                  : hello
2022-04-10 20:40:16.127 DEBUG 14100 --- [main] mao.spring_boot_log.Log                  : hello
2022-04-10 20:40:16.127  INFO 14100 --- [main] mao.spring_boot_log.Log                  : hello
2022-04-10 20:40:16.127  WARN 14100 --- [main] mao.spring_boot_log.Log                  : hello
2022-04-10 20:40:16.127 ERROR 14100 --- [main] mao.spring_boot_log.Log                  : hello
2022-04-10 20:40:16.127 DEBUG 14100 --- [main] mao.spring_boot_log.Log                  : hello
2022-04-10 20:40:16.127  INFO 14100 --- [main] mao.spring_boot_log.Log                  : hello
2022-04-10 20:40:16.128  WARN 14100 --- [main] mao.spring_boot_log.Log                  : hello
2022-04-10 20:40:16.128 ERROR 14100 --- [main] mao.spring_boot_log.Log                  : hello
2022-04-10 20:40:16.128 DEBUG 14100 --- [main] mao.spring_boot_log.Log                  : hello
2022-04-10 20:40:16.128  INFO 14100 --- [main] mao.spring_boot_log.Log                  : hello
2022-04-10 20:40:16.128  WARN 14100 --- [main] mao.spring_boot_log.Log                  : hello
2022-04-10 20:40:16.128 ERROR 14100 --- [main] mao.spring_boot_log.Log                  : hello
2022-04-10 20:40:16.128 DEBUG 14100 --- [main] mao.spring_boot_log.Log                  : hello
2022-04-10 20:40:16.128  INFO 14100 --- [main] mao.spring_boot_log.Log                  : hello
2022-04-10 20:40:16.128  WARN 14100 --- [main] mao.spring_boot_log.Log                  : hello
2022-04-10 20:40:16.128 ERROR 14100 --- [main] mao.spring_boot_log.Log                  : hello
2022-04-10 20:40:16.128 DEBUG 14100 --- [main] mao.spring_boot_log.Log                  : hello
2022-04-10 20:40:16.128  INFO 14100 --- [main] mao.spring_boot_log.Log                  : hello
2022-04-10 20:40:16.128  WARN 14100 --- [main] mao.spring_boot_log.Log                  : hello
2022-04-10 20:40:16.128 ERROR 14100 --- [main] mao.spring_boot_log.Log                  : hello
2022-04-10 20:40:16.128 DEBUG 14100 --- [main] mao.spring_boot_log.Log                  : hello
2022-04-10 20:40:16.128  INFO 14100 --- [main] mao.spring_boot_log.Log                  : hello
2022-04-10 20:40:16.128  WARN 14100 --- [main] mao.spring_boot_log.Log                  : hello
2022-04-10 20:40:16.129 ERROR 14100 --- [main] mao.spring_boot_log.Log                  : hello
2022-04-10 20:40:16.129 DEBUG 14100 --- [main] mao.spring_boot_log.Log                  : hello
2022-04-10 20:40:16.129  INFO 14100 --- [main] mao.spring_boot_log.Log                  : hello
2022-04-10 20:40:16.129  WARN 14100 --- [main] mao.spring_boot_log.Log                  : hello
2022-04-10 20:40:16.129 ERROR 14100 --- [main] mao.spring_boot_log.Log                  : hello
2022-04-10 20:40:16.129 DEBUG 14100 --- [main] mao.spring_boot_log.Log                  : hello
2022-04-10 20:40:16.129  INFO 14100 --- [main] mao.spring_boot_log.Log                  : hello
2022-04-10 20:40:16.129  WARN 14100 --- [main] mao.spring_boot_log.Log                  : hello
2022-04-10 20:40:16.129 ERROR 14100 --- [main] mao.spring_boot_log.Log                  : hello
2022-04-10 20:40:16.129 DEBUG 14100 --- [main] mao.spring_boot_log.Log                  : hello
2022-04-10 20:40:16.129  INFO 14100 --- [main] mao.spring_boot_log.Log                  : hello
2022-04-10 20:40:16.129  WARN 14100 --- [main] mao.spring_boot_log.Log                  : hello
2022-04-10 20:40:16.129 ERROR 14100 --- [main] mao.spring_boot_log.Log                  : hello
2022-04-10 20:40:16.129 DEBUG 14100 --- [main] mao.spring_boot_log.Log                  : hello
2022-04-10 20:40:16.129  INFO 14100 --- [main] mao.spring_boot_log.Log                  : hello
2022-04-10 20:40:16.129  WARN 14100 --- [main] mao.spring_boot_log.Log                  : hello
2022-04-10 20:40:16.129 ERROR 14100 --- [main] mao.spring_boot_log.Log                  : hello
2022-04-10 20:40:16.129 DEBUG 14100 --- [main] mao.spring_boot_log.Log                  : hello
2022-04-10 20:40:16.129  INFO 14100 --- [main] mao.spring_boot_log.Log                  : hello
2022-04-10 20:40:16.130  WARN 14100 --- [main] mao.spring_boot_log.Log                  : hello
2022-04-10 20:40:16.130 ERROR 14100 --- [main] mao.spring_boot_log.Log                  : hello
2022-04-10 20:40:16.130 DEBUG 14100 --- [main] mao.spring_boot_log.Log                  : hello
2022-04-10 20:40:16.130  INFO 14100 --- [main] mao.spring_boot_log.Log                  : hello
2022-04-10 20:40:16.130  WARN 14100 --- [main] mao.spring_boot_log.Log                  : hello
2022-04-10 20:40:16.130 ERROR 14100 --- [main] mao.spring_boot_log.Log                  : hello
2022-04-10 20:40:16.130 DEBUG 14100 --- [main] mao.spring_boot_log.Log                  : hello
2022-04-10 20:40:16.130  INFO 14100 --- [main] mao.spring_boot_log.Log                  : hello
2022-04-10 20:40:16.130  WARN 14100 --- [main] mao.spring_boot_log.Log                  : hello
2022-04-10 20:40:16.130 ERROR 14100 --- [main] mao.spring_boot_log.Log                  : hello
2022-04-10 20:40:16.130 DEBUG 14100 --- [main] mao.spring_boot_log.Log                  : hello
2022-04-10 20:40:16.130  INFO 14100 --- [main] mao.spring_boot_log.Log                  : hello
2022-04-10 20:40:16.130  WARN 14100 --- [main] mao.spring_boot_log.Log                  : hello
2022-04-10 20:40:16.130 ERROR 14100 --- [main] mao.spring_boot_log.Log                  : hello
2022-04-10 20:40:16.130 DEBUG 14100 --- [main] mao.spring_boot_log.Log                  : hello
2022-04-10 20:40:16.130  INFO 14100 --- [main] mao.spring_boot_log.Log                  : hello
2022-04-10 20:40:16.130  WARN 14100 --- [main] mao.spring_boot_log.Log                  : hello
2022-04-10 20:40:16.130 ERROR 14100 --- [main] mao.spring_boot_log.Log                  : hello
2022-04-10 20:40:16.130 DEBUG 14100 --- [main] mao.spring_boot_log.Log                  : hello
2022-04-10 20:40:16.130  INFO 14100 --- [main] mao.spring_boot_log.Log                  : hello
2022-04-10 20:40:16.130  WARN 14100 --- [main] mao.spring_boot_log.Log                  : hello
2022-04-10 20:40:16.130 ERROR 14100 --- [main] mao.spring_boot_log.Log                  : hello
2022-04-10 20:40:16.130 DEBUG 14100 --- [main] mao.spring_boot_log.Log                  : hello
2022-04-10 20:40:16.130  INFO 14100 --- [main] mao.spring_boot_log.Log                  : hello
2022-04-10 20:40:16.130  WARN 14100 --- [main] mao.spring_boot_log.Log                  : hello
2022-04-10 20:40:16.130 ERROR 14100 --- [main] mao.spring_boot_log.Log                  : hello
2022-04-10 20:40:16.131 DEBUG 14100 --- [main] mao.spring_boot_log.Log                  : hello
2022-04-10 20:40:16.131  INFO 14100 --- [main] mao.spring_boot_log.Log                  : hello
2022-04-10 20:40:16.131  WARN 14100 --- [main] mao.spring_boot_log.Log                  : hello
2022-04-10 20:40:16.131 ERROR 14100 --- [main] mao.spring_boot_log.Log                  : hello
2022-04-10 20:40:16.131 DEBUG 14100 --- [main] mao.spring_boot_log.Log                  : hello
2022-04-10 20:40:16.131  INFO 14100 --- [main] mao.spring_boot_log.Log                  : hello
2022-04-10 20:40:16.131  WARN 14100 --- [main] mao.spring_boot_log.Log                  : hello
2022-04-10 20:40:16.131 ERROR 14100 --- [main] mao.spring_boot_log.Log                  : hello
2022-04-10 20:40:16.131 DEBUG 14100 --- [main] mao.spring_boot_log.Log                  : hello
2022-04-10 20:40:16.131  INFO 14100 --- [main] mao.spring_boot_log.Log                  : hello
2022-04-10 20:40:16.131  WARN 14100 --- [main] mao.spring_boot_log.Log                  : hello
2022-04-10 20:40:16.131 ERROR 14100 --- [main] mao.spring_boot_log.Log                  : hello
2022-04-10 20:40:16.131 DEBUG 14100 --- [main] mao.spring_boot_log.Log                  : hello
2022-04-10 20:40:16.131  INFO 14100 --- [main] mao.spring_boot_log.Log                  : hello
2022-04-10 20:40:16.131  WARN 14100 --- [main] mao.spring_boot_log.Log                  : hello
2022-04-10 20:40:16.131 ERROR 14100 --- [main] mao.spring_boot_log.Log                  : hello
2022-04-10 20:40:16.131 DEBUG 14100 --- [main] mao.spring_boot_log.Log                  : hello
2022-04-10 20:40:16.131  INFO 14100 --- [main] mao.spring_boot_log.Log                  : hello
2022-04-10 20:40:16.131  WARN 14100 --- [main] mao.spring_boot_log.Log                  : hello
2022-04-10 20:40:16.131 ERROR 14100 --- [main] mao.spring_boot_log.Log                  : hello
2022-04-10 20:40:16.131 DEBUG 14100 --- [main] mao.spring_boot_log.Log                  : hello
2022-04-10 20:40:16.131  INFO 14100 --- [main] mao.spring_boot_log.Log                  : hello
2022-04-10 20:40:16.131  WARN 14100 --- [main] mao.spring_boot_log.Log                  : hello
2022-04-10 20:40:16.131 ERROR 14100 --- [main] mao.spring_boot_log.Log                  : hello
2022-04-10 20:40:16.132 DEBUG 14100 --- [main] mao.spring_boot_log.Log                  : hello
2022-04-10 20:40:16.132  INFO 14100 --- [main] mao.spring_boot_log.Log                  : hello
2022-04-10 20:40:16.132  WARN 14100 --- [main] mao.spring_boot_log.Log                  : hello
2022-04-10 20:40:16.132 ERROR 14100 --- [main] mao.spring_boot_log.Log                  : hello
2022-04-10 20:40:16.132 DEBUG 14100 --- [main] mao.spring_boot_log.Log                  : hello
2022-04-10 20:40:16.132  INFO 14100 --- [main] mao.spring_boot_log.Log                  : hello
2022-04-10 20:40:16.132  WARN 14100 --- [main] mao.spring_boot_log.Log                  : hello
2022-04-10 20:40:16.132 ERROR 14100 --- [main] mao.spring_boot_log.Log                  : hello
2022-04-10 20:40:16.132 DEBUG 14100 --- [main] mao.spring_boot_log.Log                  : hello
2022-04-10 20:40:16.132  INFO 14100 --- [main] mao.spring_boot_log.Log                  : hello
2022-04-10 20:40:16.132  WARN 14100 --- [main] mao.spring_boot_log.Log                  : hello
2022-04-10 20:40:16.132 ERROR 14100 --- [main] mao.spring_boot_log.Log                  : hello
2022-04-10 20:40:16.132 DEBUG 14100 --- [main] mao.spring_boot_log.Log                  : hello
2022-04-10 20:40:16.132  INFO 14100 --- [main] mao.spring_boot_log.Log                  : hello
2022-04-10 20:40:16.132  WARN 14100 --- [main] mao.spring_boot_log.Log                  : hello
2022-04-10 20:40:16.132 ERROR 14100 --- [main] mao.spring_boot_log.Log                  : hello
2022-04-10 20:40:16.132 DEBUG 14100 --- [main] mao.spring_boot_log.Log                  : hello
2022-04-10 20:40:16.132  INFO 14100 --- [main] mao.spring_boot_log.Log                  : hello
2022-04-10 20:40:16.132  WARN 14100 --- [main] mao.spring_boot_log.Log                  : hello
2022-04-10 20:40:16.132 ERROR 14100 --- [main] mao.spring_boot_log.Log                  : hello
2022-04-10 20:40:16.132 DEBUG 14100 --- [main] mao.spring_boot_log.Log                  : hello
2022-04-10 20:40:16.132  INFO 14100 --- [main] mao.spring_boot_log.Log                  : hello
2022-04-10 20:40:16.132  WARN 14100 --- [main] mao.spring_boot_log.Log                  : hello
2022-04-10 20:40:16.132 ERROR 14100 --- [main] mao.spring_boot_log.Log                  : hello
2022-04-10 20:40:16.133 DEBUG 14100 --- [main] mao.spring_boot_log.Log                  : hello
2022-04-10 20:40:16.133  INFO 14100 --- [main] mao.spring_boot_log.Log                  : hello
2022-04-10 20:40:16.133  WARN 14100 --- [main] mao.spring_boot_log.Log                  : hello
2022-04-10 20:40:16.133 ERROR 14100 --- [main] mao.spring_boot_log.Log                  : hello
2022-04-10 20:40:16.133 DEBUG 14100 --- [main] mao.spring_boot_log.Log                  : hello
2022-04-10 20:40:16.133  INFO 14100 --- [main] mao.spring_boot_log.Log                  : hello
2022-04-10 20:40:16.133  WARN 14100 --- [main] mao.spring_boot_log.Log                  : hello
2022-04-10 20:40:16.133 ERROR 14100 --- [main] mao.spring_boot_log.Log                  : hello
2022-04-10 20:40:16.133 DEBUG 14100 --- [main] mao.spring_boot_log.Log                  : hello
2022-04-10 20:40:16.133  INFO 14100 --- [main] mao.spring_boot_log.Log                  : hello
2022-04-10 20:40:16.133  WARN 14100 --- [main] mao.spring_boot_log.Log                  : hello
2022-04-10 20:40:16.133 ERROR 14100 --- [main] mao.spring_boot_log.Log                  : hello
2022-04-10 20:40:16.133 DEBUG 14100 --- [main] mao.spring_boot_log.Log                  : hello
2022-04-10 20:40:16.133  INFO 14100 --- [main] mao.spring_boot_log.Log                  : hello
2022-04-10 20:40:16.133  WARN 14100 --- [main] mao.spring_boot_log.Log                  : hello
2022-04-10 20:40:16.133 ERROR 14100 --- [main] mao.spring_boot_log.Log                  : hello
2022-04-10 20:40:16.133 DEBUG 14100 --- [main] mao.spring_boot_log.Log                  : hello
2022-04-10 20:40:16.133  INFO 14100 --- [main] mao.spring_boot_log.Log                  : hello
2022-04-10 20:40:16.133  WARN 14100 --- [main] mao.spring_boot_log.Log                  : hello
2022-04-10 20:40:16.133 ERROR 14100 --- [main] mao.spring_boot_log.Log                  : hello
2022-04-10 20:40:16.133 DEBUG 14100 --- [main] mao.spring_boot_log.Log                  : hello
2022-04-10 20:40:16.133  INFO 14100 --- [main] mao.spring_boot_log.Log                  : hello
2022-04-10 20:40:16.133  WARN 14100 --- [main] mao.spring_boot_log.Log                  : hello
2022-04-10 20:40:16.133 ERROR 14100 --- [main] mao.spring_boot_log.Log                  : hello
2022-04-10 20:40:16.133 DEBUG 14100 --- [main] mao.spring_boot_log.Log                  : hello
2022-04-10 20:40:16.133  INFO 14100 --- [main] mao.spring_boot_log.Log                  : hello
2022-04-10 20:40:16.133  WARN 14100 --- [main] mao.spring_boot_log.Log                  : hello
2022-04-10 20:40:16.133 ERROR 14100 --- [main] mao.spring_boot_log.Log                  : hello
2022-04-10 20:40:16.133 DEBUG 14100 --- [main] mao.spring_boot_log.Log                  : hello
2022-04-10 20:40:16.133  INFO 14100 --- [main] mao.spring_boot_log.Log                  : hello
2022-04-10 20:40:16.133  WARN 14100 --- [main] mao.spring_boot_log.Log                  : hello
2022-04-10 20:40:16.133 ERROR 14100 --- [main] mao.spring_boot_log.Log                  : hello
2022-04-10 20:40:16.133 DEBUG 14100 --- [main] mao.spring_boot_log.Log                  : hello
2022-04-10 20:40:16.133  INFO 14100 --- [main] mao.spring_boot_log.Log                  : hello
2022-04-10 20:40:16.133  WARN 14100 --- [main] mao.spring_boot_log.Log                  : hello
2022-04-10 20:40:16.133 ERROR 14100 --- [main] mao.spring_boot_log.Log                  : hello
2022-04-10 20:40:16.133 DEBUG 14100 --- [main] mao.spring_boot_log.Log                  : hello
2022-04-10 20:40:16.134  INFO 14100 --- [main] mao.spring_boot_log.Log                  : hello
2022-04-10 20:40:16.134  WARN 14100 --- [main] mao.spring_boot_log.Log                  : hello
2022-04-10 20:40:16.134 ERROR 14100 --- [main] mao.spring_boot_log.Log                  : hello
2022-04-10 20:40:16.134 DEBUG 14100 --- [main] mao.spring_boot_log.Log                  : hello
2022-04-10 20:40:16.134  INFO 14100 --- [main] mao.spring_boot_log.Log                  : hello
2022-04-10 20:40:16.134  WARN 14100 --- [main] mao.spring_boot_log.Log                  : hello
2022-04-10 20:40:16.134 ERROR 14100 --- [main] mao.spring_boot_log.Log                  : hello
2022-04-10 20:40:16.134 DEBUG 14100 --- [main] mao.spring_boot_log.Log                  : hello
2022-04-10 20:40:16.134  INFO 14100 --- [main] mao.spring_boot_log.Log                  : hello
2022-04-10 20:40:16.134  WARN 14100 --- [main] mao.spring_boot_log.Log                  : hello
2022-04-10 20:40:16.134 ERROR 14100 --- [main] mao.spring_boot_log.Log                  : hello
2022-04-10 20:40:16.134 DEBUG 14100 --- [main] mao.spring_boot_log.Log                  : hello
2022-04-10 20:40:16.134  INFO 14100 --- [main] mao.spring_boot_log.Log                  : hello
2022-04-10 20:40:16.134  WARN 14100 --- [main] mao.spring_boot_log.Log                  : hello
2022-04-10 20:40:16.134 ERROR 14100 --- [main] mao.spring_boot_log.Log                  : hello
2022-04-10 20:40:16.134 DEBUG 14100 --- [main] mao.spring_boot_log.Log                  : hello
2022-04-10 20:40:16.134  INFO 14100 --- [main] mao.spring_boot_log.Log                  : hello
2022-04-10 20:40:16.134  WARN 14100 --- [main] mao.spring_boot_log.Log                  : hello
2022-04-10 20:40:16.134 ERROR 14100 --- [main] mao.spring_boot_log.Log                  : hello
2022-04-10 20:40:16.134 DEBUG 14100 --- [main] mao.spring_boot_log.Log                  : hello
2022-04-10 20:40:16.134  INFO 14100 --- [main] mao.spring_boot_log.Log                  : hello
2022-04-10 20:40:16.134  WARN 14100 --- [main] mao.spring_boot_log.Log                  : hello
2022-04-10 20:40:16.134 ERROR 14100 --- [main] mao.spring_boot_log.Log                  : hello
2022-04-10 20:40:16.134 DEBUG 14100 --- [main] mao.spring_boot_log.Log                  : hello
2022-04-10 20:40:16.134  INFO 14100 --- [main] mao.spring_boot_log.Log                  : hello
2022-04-10 20:40:16.134  WARN 14100 --- [main] mao.spring_boot_log.Log                  : hello
2022-04-10 20:40:16.134 ERROR 14100 --- [main] mao.spring_boot_log.Log                  : hello
2022-04-10 20:40:16.134 DEBUG 14100 --- [main] mao.spring_boot_log.Log                  : hello
2022-04-10 20:40:16.134  INFO 14100 --- [main] mao.spring_boot_log.Log                  : hello
2022-04-10 20:40:16.134  WARN 14100 --- [main] mao.spring_boot_log.Log                  : hello
2022-04-10 20:40:16.134 ERROR 14100 --- [main] mao.spring_boot_log.Log                  : hello
2022-04-10 20:40:16.134 DEBUG 14100 --- [main] mao.spring_boot_log.Log                  : hello
2022-04-10 20:40:16.134  INFO 14100 --- [main] mao.spring_boot_log.Log                  : hello
2022-04-10 20:40:16.135  WARN 14100 --- [main] mao.spring_boot_log.Log                  : hello
2022-04-10 20:40:16.135 ERROR 14100 --- [main] mao.spring_boot_log.Log                  : hello
2022-04-10 20:40:16.135 DEBUG 14100 --- [main] mao.spring_boot_log.Log                  : hello
2022-04-10 20:40:16.135  INFO 14100 --- [main] mao.spring_boot_log.Log                  : hello
2022-04-10 20:40:16.135  WARN 14100 --- [main] mao.spring_boot_log.Log                  : hello
2022-04-10 20:40:16.135 ERROR 14100 --- [main] mao.spring_boot_log.Log                  : hello
2022-04-10 20:40:16.135 DEBUG 14100 --- [main] mao.spring_boot_log.Log                  : hello
2022-04-10 20:40:16.135  INFO 14100 --- [main] mao.spring_boot_log.Log                  : hello
2022-04-10 20:40:16.135  WARN 14100 --- [main] mao.spring_boot_log.Log                  : hello
2022-04-10 20:40:16.135 ERROR 14100 --- [main] mao.spring_boot_log.Log                  : hello
2022-04-10 20:40:16.135 DEBUG 14100 --- [main] mao.spring_boot_log.Log                  : hello
2022-04-10 20:40:16.135  INFO 14100 --- [main] mao.spring_boot_log.Log                  : hello
2022-04-10 20:40:16.135  WARN 14100 --- [main] mao.spring_boot_log.Log                  : hello
2022-04-10 20:40:16.135 ERROR 14100 --- [main] mao.spring_boot_log.Log                  : hello
2022-04-10 20:40:16.135 DEBUG 14100 --- [main] mao.spring_boot_log.Log                  : hello
2022-04-10 20:40:16.135  INFO 14100 --- [main] mao.spring_boot_log.Log                  : hello
2022-04-10 20:40:16.135  WARN 14100 --- [main] mao.spring_boot_log.Log                  : hello
2022-04-10 20:40:16.135 ERROR 14100 --- [main] mao.spring_boot_log.Log                  : hello
2022-04-10 20:40:16.135 DEBUG 14100 --- [main] mao.spring_boot_log.Log                  : hello
2022-04-10 20:40:16.135  INFO 14100 --- [main] mao.spring_boot_log.Log                  : hello
2022-04-10 20:40:16.135  WARN 14100 --- [main] mao.spring_boot_log.Log                  : hello
2022-04-10 20:40:16.135 ERROR 14100 --- [main] mao.spring_boot_log.Log                  : hello
2022-04-10 20:40:16.135 DEBUG 14100 --- [main] mao.spring_boot_log.Log                  : hello
2022-04-10 20:40:16.135  INFO 14100 --- [main] mao.spring_boot_log.Log                  : hello
2022-04-10 20:40:16.135  WARN 14100 --- [main] mao.spring_boot_log.Log                  : hello
2022-04-10 20:40:16.135 ERROR 14100 --- [main] mao.spring_boot_log.Log                  : hello
2022-04-10 20:40:16.135 DEBUG 14100 --- [main] mao.spring_boot_log.Log                  : hello
2022-04-10 20:40:16.135  INFO 14100 --- [main] mao.spring_boot_log.Log                  : hello
2022-04-10 20:40:16.135  WARN 14100 --- [main] mao.spring_boot_log.Log                  : hello
2022-04-10 20:40:16.135 ERROR 14100 --- [main] mao.spring_boot_log.Log                  : hello
2022-04-10 20:40:16.135 DEBUG 14100 --- [main] mao.spring_boot_log.Log                  : hello
2022-04-10 20:40:16.135  INFO 14100 --- [main] mao.spring_boot_log.Log                  : hello
2022-04-10 20:40:16.135  WARN 14100 --- [main] mao.spring_boot_log.Log                  : hello
2022-04-10 20:40:16.135 ERROR 14100 --- [main] mao.spring_boot_log.Log                  : hello
2022-04-10 20:40:16.135 DEBUG 14100 --- [main] mao.spring_boot_log.Log                  : hello
2022-04-10 20:40:16.135  INFO 14100 --- [main] mao.spring_boot_log.Log                  : hello
2022-04-10 20:40:16.135  WARN 14100 --- [main] mao.spring_boot_log.Log                  : hello
2022-04-10 20:40:16.135 ERROR 14100 --- [main] mao.spring_boot_log.Log                  : hello
2022-04-10 20:40:16.135 DEBUG 14100 --- [main] mao.spring_boot_log.Log                  : hello
2022-04-10 20:40:16.136  INFO 14100 --- [main] mao.spring_boot_log.Log                  : hello
2022-04-10 20:40:16.136  WARN 14100 --- [main] mao.spring_boot_log.Log                  : hello
