2022-04-10 20:33:24.290 ERROR 7048 --- [main] mao.spring_boot_log.Log                  : hello
2022-04-10 20:33:24.291 DEBUG 7048 --- [main] mao.spring_boot_log.Log                  : hello
2022-04-10 20:33:24.292  INFO 7048 --- [main] mao.spring_boot_log.Log                  : hello
2022-04-10 20:33:24.292  WARN 7048 --- [main] mao.spring_boot_log.Log                  : hello
2022-04-10 20:33:24.292 ERROR 7048 --- [main] mao.spring_boot_log.Log                  : hello
2022-04-10 20:33:24.292 DEBUG 7048 --- [main] mao.spring_boot_log.Log                  : hello
2022-04-10 20:33:24.292  INFO 7048 --- [main] mao.spring_boot_log.Log                  : hello
2022-04-10 20:33:24.292  WARN 7048 --- [main] mao.spring_boot_log.Log                  : hello
2022-04-10 20:33:24.292 ERROR 7048 --- [main] mao.spring_boot_log.Log                  : hello
2022-04-10 20:33:24.292 DEBUG 7048 --- [main] mao.spring_boot_log.Log                  : hello
2022-04-10 20:33:24.292  INFO 7048 --- [main] mao.spring_boot_log.Log                  : hello
2022-04-10 20:33:24.292  WARN 7048 --- [main] mao.spring_boot_log.Log                  : hello
2022-04-10 20:33:24.292 ERROR 7048 --- [main] mao.spring_boot_log.Log                  : hello
2022-04-10 20:33:24.293 DEBUG 7048 --- [main] mao.spring_boot_log.Log                  : hello
2022-04-10 20:33:24.293  INFO 7048 --- [main] mao.spring_boot_log.Log                  : hello
2022-04-10 20:33:24.293  WARN 7048 --- [main] mao.spring_boot_log.Log                  : hello
2022-04-10 20:33:24.293 ERROR 7048 --- [main] mao.spring_boot_log.Log                  : hello
2022-04-10 20:33:24.293 DEBUG 7048 --- [main] mao.spring_boot_log.Log                  : hello
2022-04-10 20:33:24.293  INFO 7048 --- [main] mao.spring_boot_log.Log                  : hello
2022-04-10 20:33:24.293  WARN 7048 --- [main] mao.spring_boot_log.Log                  : hello
2022-04-10 20:33:24.293 ERROR 7048 --- [main] mao.spring_boot_log.Log                  : hello
2022-04-10 20:33:24.293 DEBUG 7048 --- [main] mao.spring_boot_log.Log                  : hello
2022-04-10 20:33:24.293  INFO 7048 --- [main] mao.spring_boot_log.Log                  : hello
2022-04-10 20:33:24.293  WARN 7048 --- [main] mao.spring_boot_log.Log                  : hello
2022-04-10 20:33:24.293 ERROR 7048 --- [main] mao.spring_boot_log.Log                  : hello
2022-04-10 20:33:24.293 DEBUG 7048 --- [main] mao.spring_boot_log.Log                  : hello
2022-04-10 20:33:24.293  INFO 7048 --- [main] mao.spring_boot_log.Log                  : hello
2022-04-10 20:33:24.293  WARN 7048 --- [main] mao.spring_boot_log.Log                  : hello
2022-04-10 20:33:24.293 ERROR 7048 --- [main] mao.spring_boot_log.Log                  : hello
2022-04-10 20:33:24.293 DEBUG 7048 --- [main] mao.spring_boot_log.Log                  : hello
2022-04-10 20:33:24.293  INFO 7048 --- [main] mao.spring_boot_log.Log                  : hello
2022-04-10 20:33:24.293  WARN 7048 --- [main] mao.spring_boot_log.Log                  : hello
2022-04-10 20:33:24.293 ERROR 7048 --- [main] mao.spring_boot_log.Log                  : hello
2022-04-10 20:33:24.293 DEBUG 7048 --- [main] mao.spring_boot_log.Log                  : hello
2022-04-10 20:33:24.293  INFO 7048 --- [main] mao.spring_boot_log.Log                  : hello
2022-04-10 20:33:24.293  WARN 7048 --- [main] mao.spring_boot_log.Log                  : hello
2022-04-10 20:33:24.293 ERROR 7048 --- [main] mao.spring_boot_log.Log                  : hello
2022-04-10 20:33:24.293 DEBUG 7048 --- [main] mao.spring_boot_log.Log                  : hello
2022-04-10 20:33:24.293  INFO 7048 --- [main] mao.spring_boot_log.Log                  : hello
2022-04-10 20:33:24.293  WARN 7048 --- [main] mao.spring_boot_log.Log                  : hello
2022-04-10 20:33:24.293 ERROR 7048 --- [main] mao.spring_boot_log.Log                  : hello
2022-04-10 20:33:24.293 DEBUG 7048 --- [main] mao.spring_boot_log.Log                  : hello
2022-04-10 20:33:24.293  INFO 7048 --- [main] mao.spring_boot_log.Log                  : hello
2022-04-10 20:33:24.294  WARN 7048 --- [main] mao.spring_boot_log.Log                  : hello
2022-04-10 20:33:24.294 ERROR 7048 --- [main] mao.spring_boot_log.Log                  : hello
2022-04-10 20:33:24.294 DEBUG 7048 --- [main] mao.spring_boot_log.Log                  : hello
2022-04-10 20:33:24.294  INFO 7048 --- [main] mao.spring_boot_log.Log                  : hello
2022-04-10 20:33:24.294  WARN 7048 --- [main] mao.spring_boot_log.Log                  : hello
2022-04-10 20:33:24.294 ERROR 7048 --- [main] mao.spring_boot_log.Log                  : hello
2022-04-10 20:33:24.294 DEBUG 7048 --- [main] mao.spring_boot_log.Log                  : hello
2022-04-10 20:33:24.294  INFO 7048 --- [main] mao.spring_boot_log.Log                  : hello
2022-04-10 20:33:24.294  WARN 7048 --- [main] mao.spring_boot_log.Log                  : hello
2022-04-10 20:33:24.294 ERROR 7048 --- [main] mao.spring_boot_log.Log                  : hello
2022-04-10 20:33:24.294 DEBUG 7048 --- [main] mao.spring_boot_log.Log                  : hello
2022-04-10 20:33:24.294  INFO 7048 --- [main] mao.spring_boot_log.Log                  : hello
2022-04-10 20:33:24.294  WARN 7048 --- [main] mao.spring_boot_log.Log                  : hello
2022-04-10 20:33:24.294 ERROR 7048 --- [main] mao.spring_boot_log.Log                  : hello
2022-04-10 20:33:24.294 DEBUG 7048 --- [main] mao.spring_boot_log.Log                  : hello
2022-04-10 20:33:24.294  INFO 7048 --- [main] mao.spring_boot_log.Log                  : hello
2022-04-10 20:33:24.294  WARN 7048 --- [main] mao.spring_boot_log.Log                  : hello
2022-04-10 20:33:24.294 ERROR 7048 --- [main] mao.spring_boot_log.Log                  : hello
2022-04-10 20:33:24.294 DEBUG 7048 --- [main] mao.spring_boot_log.Log                  : hello
2022-04-10 20:33:24.294  INFO 7048 --- [main] mao.spring_boot_log.Log                  : hello
2022-04-10 20:33:24.294  WARN 7048 --- [main] mao.spring_boot_log.Log                  : hello
2022-04-10 20:33:24.294 ERROR 7048 --- [main] mao.spring_boot_log.Log                  : hello
2022-04-10 20:33:24.294 DEBUG 7048 --- [main] mao.spring_boot_log.Log                  : hello
2022-04-10 20:33:24.294  INFO 7048 --- [main] mao.spring_boot_log.Log                  : hello
2022-04-10 20:33:24.294  WARN 7048 --- [main] mao.spring_boot_log.Log                  : hello
2022-04-10 20:33:24.294 ERROR 7048 --- [main] mao.spring_boot_log.Log                  : hello
2022-04-10 20:33:24.294 DEBUG 7048 --- [main] mao.spring_boot_log.Log                  : hello
2022-04-10 20:33:24.294  INFO 7048 --- [main] mao.spring_boot_log.Log                  : hello
2022-04-10 20:33:24.294  WARN 7048 --- [main] mao.spring_boot_log.Log                  : hello
2022-04-10 20:33:24.294 ERROR 7048 --- [main] mao.spring_boot_log.Log                  : hello
2022-04-10 20:33:24.294 DEBUG 7048 --- [main] mao.spring_boot_log.Log                  : hello
2022-04-10 20:33:24.294  INFO 7048 --- [main] mao.spring_boot_log.Log                  : hello
2022-04-10 20:33:24.294  WARN 7048 --- [main] mao.spring_boot_log.Log                  : hello
2022-04-10 20:33:24.295 ERROR 7048 --- [main] mao.spring_boot_log.Log                  : hello
2022-04-10 20:33:24.295 DEBUG 7048 --- [main] mao.spring_boot_log.Log                  : hello
2022-04-10 20:33:24.295  INFO 7048 --- [main] mao.spring_boot_log.Log                  : hello
2022-04-10 20:33:24.295  WARN 7048 --- [main] mao.spring_boot_log.Log                  : hello
2022-04-10 20:33:24.295 ERROR 7048 --- [main] mao.spring_boot_log.Log                  : hello
2022-04-10 20:33:24.295 DEBUG 7048 --- [main] mao.spring_boot_log.Log                  : hello
2022-04-10 20:33:24.295  INFO 7048 --- [main] mao.spring_boot_log.Log                  : hello
2022-04-10 20:33:24.295  WARN 7048 --- [main] mao.spring_boot_log.Log                  : hello
2022-04-10 20:33:24.295 ERROR 7048 --- [main] mao.spring_boot_log.Log                  : hello
2022-04-10 20:33:24.295 DEBUG 7048 --- [main] mao.spring_boot_log.Log                  : hello
2022-04-10 20:33:24.295  INFO 7048 --- [main] mao.spring_boot_log.Log                  : hello
2022-04-10 20:33:24.295  WARN 7048 --- [main] mao.spring_boot_log.Log                  : hello
2022-04-10 20:33:24.295 ERROR 7048 --- [main] mao.spring_boot_log.Log                  : hello
2022-04-10 20:33:24.295 DEBUG 7048 --- [main] mao.spring_boot_log.Log                  : hello
2022-04-10 20:33:24.295  INFO 7048 --- [main] mao.spring_boot_log.Log                  : hello
2022-04-10 20:33:24.295  WARN 7048 --- [main] mao.spring_boot_log.Log                  : hello
2022-04-10 20:33:24.295 ERROR 7048 --- [main] mao.spring_boot_log.Log                  : hello
2022-04-10 20:33:24.295 DEBUG 7048 --- [main] mao.spring_boot_log.Log                  : hello
2022-04-10 20:33:24.295  INFO 7048 --- [main] mao.spring_boot_log.Log                  : hello
2022-04-10 20:33:24.295  WARN 7048 --- [main] mao.spring_boot_log.Log                  : hello
2022-04-10 20:33:24.295 ERROR 7048 --- [main] mao.spring_boot_log.Log                  : hello
2022-04-10 20:33:24.295 DEBUG 7048 --- [main] mao.spring_boot_log.Log                  : hello
2022-04-10 20:33:24.295  INFO 7048 --- [main] mao.spring_boot_log.Log                  : hello
2022-04-10 20:33:24.295  WARN 7048 --- [main] mao.spring_boot_log.Log                  : hello
2022-04-10 20:33:24.295 ERROR 7048 --- [main] mao.spring_boot_log.Log                  : hello
2022-04-10 20:33:24.295 DEBUG 7048 --- [main] mao.spring_boot_log.Log                  : hello
2022-04-10 20:33:24.295  INFO 7048 --- [main] mao.spring_boot_log.Log                  : hello
2022-04-10 20:33:24.295  WARN 7048 --- [main] mao.spring_boot_log.Log                  : hello
2022-04-10 20:33:24.295 ERROR 7048 --- [main] mao.spring_boot_log.Log                  : hello
2022-04-10 20:33:24.295 DEBUG 7048 --- [main] mao.spring_boot_log.Log                  : hello
2022-04-10 20:33:24.296  INFO 7048 --- [main] mao.spring_boot_log.Log                  : hello
2022-04-10 20:33:24.296  WARN 7048 --- [main] mao.spring_boot_log.Log                  : hello
2022-04-10 20:33:24.296 ERROR 7048 --- [main] mao.spring_boot_log.Log                  : hello
2022-04-10 20:33:24.296 DEBUG 7048 --- [main] mao.spring_boot_log.Log                  : hello
2022-04-10 20:33:24.296  INFO 7048 --- [main] mao.spring_boot_log.Log                  : hello
2022-04-10 20:33:24.296  WARN 7048 --- [main] mao.spring_boot_log.Log                  : hello
2022-04-10 20:33:24.296 ERROR 7048 --- [main] mao.spring_boot_log.Log                  : hello
2022-04-10 20:33:24.296 DEBUG 7048 --- [main] mao.spring_boot_log.Log                  : hello
2022-04-10 20:33:24.296  INFO 7048 --- [main] mao.spring_boot_log.Log                  : hello
2022-04-10 20:33:24.296  WARN 7048 --- [main] mao.spring_boot_log.Log                  : hello
2022-04-10 20:33:24.296 ERROR 7048 --- [main] mao.spring_boot_log.Log                  : hello
2022-04-10 20:33:24.296 DEBUG 7048 --- [main] mao.spring_boot_log.Log                  : hello
2022-04-10 20:33:24.296  INFO 7048 --- [main] mao.spring_boot_log.Log                  : hello
2022-04-10 20:33:24.296  WARN 7048 --- [main] mao.spring_boot_log.Log                  : hello
2022-04-10 20:33:24.296 ERROR 7048 --- [main] mao.spring_boot_log.Log                  : hello
2022-04-10 20:33:24.296 DEBUG 7048 --- [main] mao.spring_boot_log.Log                  : hello
2022-04-10 20:33:24.296  INFO 7048 --- [main] mao.spring_boot_log.Log                  : hello
2022-04-10 20:33:24.296  WARN 7048 --- [main] mao.spring_boot_log.Log                  : hello
2022-04-10 20:33:24.296 ERROR 7048 --- [main] mao.spring_boot_log.Log                  : hello
2022-04-10 20:33:24.296 DEBUG 7048 --- [main] mao.spring_boot_log.Log                  : hello
2022-04-10 20:33:24.296  INFO 7048 --- [main] mao.spring_boot_log.Log                  : hello
2022-04-10 20:33:24.296  WARN 7048 --- [main] mao.spring_boot_log.Log                  : hello
2022-04-10 20:33:24.296 ERROR 7048 --- [main] mao.spring_boot_log.Log                  : hello
2022-04-10 20:33:24.296 DEBUG 7048 --- [main] mao.spring_boot_log.Log                  : hello
2022-04-10 20:33:24.296  INFO 7048 --- [main] mao.spring_boot_log.Log                  : hello
2022-04-10 20:33:24.296  WARN 7048 --- [main] mao.spring_boot_log.Log                  : hello
2022-04-10 20:33:24.296 ERROR 7048 --- [main] mao.spring_boot_log.Log                  : hello
2022-04-10 20:33:24.296 DEBUG 7048 --- [main] mao.spring_boot_log.Log                  : hello
2022-04-10 20:33:24.296  INFO 7048 --- [main] mao.spring_boot_log.Log                  : hello
2022-04-10 20:33:24.296  WARN 7048 --- [main] mao.spring_boot_log.Log                  : hello
2022-04-10 20:33:24.296 ERROR 7048 --- [main] mao.spring_boot_log.Log                  : hello
2022-04-10 20:33:24.296 DEBUG 7048 --- [main] mao.spring_boot_log.Log                  : hello
2022-04-10 20:33:24.296  INFO 7048 --- [main] mao.spring_boot_log.Log                  : hello
2022-04-10 20:33:24.297  WARN 7048 --- [main] mao.spring_boot_log.Log                  : hello
2022-04-10 20:33:24.297 ERROR 7048 --- [main] mao.spring_boot_log.Log                  : hello
2022-04-10 20:33:24.297 DEBUG 7048 --- [main] mao.spring_boot_log.Log                  : hello
2022-04-10 20:33:24.297  INFO 7048 --- [main] mao.spring_boot_log.Log                  : hello
2022-04-10 20:33:24.297  WARN 7048 --- [main] mao.spring_boot_log.Log                  : hello
2022-04-10 20:33:24.297 ERROR 7048 --- [main] mao.spring_boot_log.Log                  : hello
2022-04-10 20:33:24.297 DEBUG 7048 --- [main] mao.spring_boot_log.Log                  : hello
2022-04-10 20:33:24.297  INFO 7048 --- [main] mao.spring_boot_log.Log                  : hello
2022-04-10 20:33:24.297  WARN 7048 --- [main] mao.spring_boot_log.Log                  : hello
2022-04-10 20:33:24.297 ERROR 7048 --- [main] mao.spring_boot_log.Log                  : hello
2022-04-10 20:33:24.297 DEBUG 7048 --- [main] mao.spring_boot_log.Log                  : hello
2022-04-10 20:33:24.297  INFO 7048 --- [main] mao.spring_boot_log.Log                  : hello
2022-04-10 20:33:24.297  WARN 7048 --- [main] mao.spring_boot_log.Log                  : hello
2022-04-10 20:33:24.297 ERROR 7048 --- [main] mao.spring_boot_log.Log                  : hello
2022-04-10 20:33:24.297 DEBUG 7048 --- [main] mao.spring_boot_log.Log                  : hello
2022-04-10 20:33:24.297  INFO 7048 --- [main] mao.spring_boot_log.Log                  : hello
2022-04-10 20:33:24.297  WARN 7048 --- [main] mao.spring_boot_log.Log                  : hello
2022-04-10 20:33:24.297 ERROR 7048 --- [main] mao.spring_boot_log.Log                  : hello
2022-04-10 20:33:24.297 DEBUG 7048 --- [main] mao.spring_boot_log.Log                  : hello
2022-04-10 20:33:24.297  INFO 7048 --- [main] mao.spring_boot_log.Log                  : hello
2022-04-10 20:33:24.297  WARN 7048 --- [main] mao.spring_boot_log.Log                  : hello
2022-04-10 20:33:24.297 ERROR 7048 --- [main] mao.spring_boot_log.Log                  : hello
2022-04-10 20:33:24.297 DEBUG 7048 --- [main] mao.spring_boot_log.Log                  : hello
2022-04-10 20:33:24.297  INFO 7048 --- [main] mao.spring_boot_log.Log                  : hello
2022-04-10 20:33:24.297  WARN 7048 --- [main] mao.spring_boot_log.Log                  : hello
2022-04-10 20:33:24.297 ERROR 7048 --- [main] mao.spring_boot_log.Log                  : hello
2022-04-10 20:33:24.297 DEBUG 7048 --- [main] mao.spring_boot_log.Log                  : hello
2022-04-10 20:33:24.297  INFO 7048 --- [main] mao.spring_boot_log.Log                  : hello
2022-04-10 20:33:24.297  WARN 7048 --- [main] mao.spring_boot_log.Log                  : hello
2022-04-10 20:33:24.297 ERROR 7048 --- [main] mao.spring_boot_log.Log                  : hello
2022-04-10 20:33:24.297 DEBUG 7048 --- [main] mao.spring_boot_log.Log                  : hello
2022-04-10 20:33:24.298  INFO 7048 --- [main] mao.spring_boot_log.Log                  : hello
2022-04-10 20:33:24.298  WARN 7048 --- [main] mao.spring_boot_log.Log                  : hello
2022-04-10 20:33:24.298 ERROR 7048 --- [main] mao.spring_boot_log.Log                  : hello
2022-04-10 20:33:24.298 DEBUG 7048 --- [main] mao.spring_boot_log.Log                  : hello
2022-04-10 20:33:24.298  INFO 7048 --- [main] mao.spring_boot_log.Log                  : hello
2022-04-10 20:33:24.298  WARN 7048 --- [main] mao.spring_boot_log.Log                  : hello
2022-04-10 20:33:24.298 ERROR 7048 --- [main] mao.spring_boot_log.Log                  : hello
2022-04-10 20:33:24.298 DEBUG 7048 --- [main] mao.spring_boot_log.Log                  : hello
2022-04-10 20:33:24.298  INFO 7048 --- [main] mao.spring_boot_log.Log                  : hello
2022-04-10 20:33:24.298  WARN 7048 --- [main] mao.spring_boot_log.Log                  : hello
2022-04-10 20:33:24.298 ERROR 7048 --- [main] mao.spring_boot_log.Log                  : hello
2022-04-10 20:33:24.298 DEBUG 7048 --- [main] mao.spring_boot_log.Log                  : hello
2022-04-10 20:33:24.298  INFO 7048 --- [main] mao.spring_boot_log.Log                  : hello
2022-04-10 20:33:24.298  WARN 7048 --- [main] mao.spring_boot_log.Log                  : hello
2022-04-10 20:33:24.298 ERROR 7048 --- [main] mao.spring_boot_log.Log                  : hello
2022-04-10 20:33:24.298 DEBUG 7048 --- [main] mao.spring_boot_log.Log                  : hello
2022-04-10 20:33:24.298  INFO 7048 --- [main] mao.spring_boot_log.Log                  : hello
2022-04-10 20:33:24.298  WARN 7048 --- [main] mao.spring_boot_log.Log                  : hello
2022-04-10 20:33:24.298 ERROR 7048 --- [main] mao.spring_boot_log.Log                  : hello
2022-04-10 20:33:24.298 DEBUG 7048 --- [main] mao.spring_boot_log.Log                  : hello
2022-04-10 20:33:24.298  INFO 7048 --- [main] mao.spring_boot_log.Log                  : hello
2022-04-10 20:33:24.298  WARN 7048 --- [main] mao.spring_boot_log.Log                  : hello
2022-04-10 20:33:24.298 ERROR 7048 --- [main] mao.spring_boot_log.Log                  : hello
2022-04-10 20:33:24.298 DEBUG 7048 --- [main] mao.spring_boot_log.Log                  : hello
2022-04-10 20:33:24.298  INFO 7048 --- [main] mao.spring_boot_log.Log                  : hello
2022-04-10 20:33:24.298  WARN 7048 --- [main] mao.spring_boot_log.Log                  : hello
2022-04-10 20:33:24.298 ERROR 7048 --- [main] mao.spring_boot_log.Log                  : hello
2022-04-10 20:33:24.298 DEBUG 7048 --- [main] mao.spring_boot_log.Log                  : hello
2022-04-10 20:33:24.298  INFO 7048 --- [main] mao.spring_boot_log.Log                  : hello
2022-04-10 20:33:24.298  WARN 7048 --- [main] mao.spring_boot_log.Log                  : hello
2022-04-10 20:33:24.298 ERROR 7048 --- [main] mao.spring_boot_log.Log                  : hello
2022-04-10 20:33:24.298 DEBUG 7048 --- [main] mao.spring_boot_log.Log                  : hello
2022-04-10 20:33:24.298  INFO 7048 --- [main] mao.spring_boot_log.Log                  : hello
2022-04-10 20:33:24.298  WARN 7048 --- [main] mao.spring_boot_log.Log                  : hello
2022-04-10 20:33:24.299 ERROR 7048 --- [main] mao.spring_boot_log.Log                  : hello
2022-04-10 20:33:24.299 DEBUG 7048 --- [main] mao.spring_boot_log.Log                  : hello
2022-04-10 20:33:24.299  INFO 7048 --- [main] mao.spring_boot_log.Log                  : hello
2022-04-10 20:33:24.299  WARN 7048 --- [main] mao.spring_boot_log.Log                  : hello
2022-04-10 20:33:24.299 ERROR 7048 --- [main] mao.spring_boot_log.Log                  : hello
2022-04-10 20:33:24.299 DEBUG 7048 --- [main] mao.spring_boot_log.Log                  : hello
2022-04-10 20:33:24.299  INFO 7048 --- [main] mao.spring_boot_log.Log                  : hello
2022-04-10 20:33:24.299  WARN 7048 --- [main] mao.spring_boot_log.Log                  : hello
2022-04-10 20:33:24.299 ERROR 7048 --- [main] mao.spring_boot_log.Log                  : hello
2022-04-10 20:33:24.299 DEBUG 7048 --- [main] mao.spring_boot_log.Log                  : hello
2022-04-10 20:33:24.299  INFO 7048 --- [main] mao.spring_boot_log.Log                  : hello
2022-04-10 20:33:24.299  WARN 7048 --- [main] mao.spring_boot_log.Log                  : hello
2022-04-10 20:33:24.299 ERROR 7048 --- [main] mao.spring_boot_log.Log                  : hello
2022-04-10 20:33:24.299 DEBUG 7048 --- [main] mao.spring_boot_log.Log                  : hello
2022-04-10 20:33:24.299  INFO 7048 --- [main] mao.spring_boot_log.Log                  : hello
2022-04-10 20:33:24.299  WARN 7048 --- [main] mao.spring_boot_log.Log                  : hello
2022-04-10 20:33:24.299 ERROR 7048 --- [main] mao.spring_boot_log.Log                  : hello
2022-04-10 20:33:24.299 DEBUG 7048 --- [main] mao.spring_boot_log.Log                  : hello
2022-04-10 20:33:24.299  INFO 7048 --- [main] mao.spring_boot_log.Log                  : hello
2022-04-10 20:33:24.299  WARN 7048 --- [main] mao.spring_boot_log.Log                  : hello
2022-04-10 20:33:24.299 ERROR 7048 --- [main] mao.spring_boot_log.Log                  : hello
2022-04-10 20:33:24.299 DEBUG 7048 --- [main] mao.spring_boot_log.Log                  : hello
2022-04-10 20:33:24.299  INFO 7048 --- [main] mao.spring_boot_log.Log                  : hello
2022-04-10 20:33:24.299  WARN 7048 --- [main] mao.spring_boot_log.Log                  : hello
2022-04-10 20:33:24.299 ERROR 7048 --- [main] mao.spring_boot_log.Log                  : hello
2022-04-10 20:33:24.299 DEBUG 7048 --- [main] mao.spring_boot_log.Log                  : hello
2022-04-10 20:33:24.299  INFO 7048 --- [main] mao.spring_boot_log.Log                  : hello
2022-04-10 20:33:24.299  WARN 7048 --- [main] mao.spring_boot_log.Log                  : hello
2022-04-10 20:33:24.299 ERROR 7048 --- [main] mao.spring_boot_log.Log                  : hello
2022-04-10 20:33:24.299 DEBUG 7048 --- [main] mao.spring_boot_log.Log                  : hello
2022-04-10 20:33:24.299  INFO 7048 --- [main] mao.spring_boot_log.Log                  : hello
2022-04-10 20:33:24.299  WARN 7048 --- [main] mao.spring_boot_log.Log                  : hello
2022-04-10 20:33:24.299 ERROR 7048 --- [main] mao.spring_boot_log.Log                  : hello
2022-04-10 20:33:24.299 DEBUG 7048 --- [main] mao.spring_boot_log.Log                  : hello
2022-04-10 20:33:24.299  INFO 7048 --- [main] mao.spring_boot_log.Log                  : hello
2022-04-10 20:33:24.299  WARN 7048 --- [main] mao.spring_boot_log.Log                  : hello
2022-04-10 20:33:24.299 ERROR 7048 --- [main] mao.spring_boot_log.Log                  : hello
2022-04-10 20:33:24.299 DEBUG 7048 --- [main] mao.spring_boot_log.Log                  : hello
2022-04-10 20:33:24.299  INFO 7048 --- [main] mao.spring_boot_log.Log                  : hello
2022-04-10 20:33:24.299  WARN 7048 --- [main] mao.spring_boot_log.Log                  : hello
2022-04-10 20:33:24.299 ERROR 7048 --- [main] mao.spring_boot_log.Log                  : hello
2022-04-10 20:33:24.299 DEBUG 7048 --- [main] mao.spring_boot_log.Log                  : hello
2022-04-10 20:33:24.299  INFO 7048 --- [main] mao.spring_boot_log.Log                  : hello
2022-04-10 20:33:24.299  WARN 7048 --- [main] mao.spring_boot_log.Log                  : hello
2022-04-10 20:33:24.299 ERROR 7048 --- [main] mao.spring_boot_log.Log                  : hello
2022-04-10 20:33:24.299 DEBUG 7048 --- [main] mao.spring_boot_log.Log                  : hello
2022-04-10 20:33:24.299  INFO 7048 --- [main] mao.spring_boot_log.Log                  : hello
2022-04-10 20:33:24.299  WARN 7048 --- [main] mao.spring_boot_log.Log                  : hello
2022-04-10 20:33:24.299 ERROR 7048 --- [main] mao.spring_boot_log.Log                  : hello
2022-04-10 20:33:24.299 DEBUG 7048 --- [main] mao.spring_boot_log.Log                  : hello
2022-04-10 20:33:24.299  INFO 7048 --- [main] mao.spring_boot_log.Log                  : hello
2022-04-10 20:33:24.300  WARN 7048 --- [main] mao.spring_boot_log.Log                  : hello
2022-04-10 20:33:24.300 ERROR 7048 --- [main] mao.spring_boot_log.Log                  : hello
2022-04-10 20:33:24.300 DEBUG 7048 --- [main] mao.spring_boot_log.Log                  : hello
2022-04-10 20:33:24.300  INFO 7048 --- [main] mao.spring_boot_log.Log                  : hello
2022-04-10 20:33:24.300  WARN 7048 --- [main] mao.spring_boot_log.Log                  : hello
2022-04-10 20:33:24.300 ERROR 7048 --- [main] mao.spring_boot_log.Log                  : hello
2022-04-10 20:33:24.300 DEBUG 7048 --- [main] mao.spring_boot_log.Log                  : hello
2022-04-10 20:33:24.300  INFO 7048 --- [main] mao.spring_boot_log.Log                  : hello
2022-04-10 20:33:24.300  WARN 7048 --- [main] mao.spring_boot_log.Log                  : hello
2022-04-10 20:33:24.300 ERROR 7048 --- [main] mao.spring_boot_log.Log                  : hello
2022-04-10 20:33:24.300 DEBUG 7048 --- [main] mao.spring_boot_log.Log                  : hello
2022-04-10 20:33:24.300  INFO 7048 --- [main] mao.spring_boot_log.Log                  : hello
2022-04-10 20:33:24.300  WARN 7048 --- [main] mao.spring_boot_log.Log                  : hello
2022-04-10 20:33:24.300 ERROR 7048 --- [main] mao.spring_boot_log.Log                  : hello
2022-04-10 20:33:24.300 DEBUG 7048 --- [main] mao.spring_boot_log.Log                  : hello
2022-04-10 20:33:24.300  INFO 7048 --- [main] mao.spring_boot_log.Log                  : hello
2022-04-10 20:33:24.300  WARN 7048 --- [main] mao.spring_boot_log.Log                  : hello
2022-04-10 20:33:24.300 ERROR 7048 --- [main] mao.spring_boot_log.Log                  : hello
2022-04-10 20:33:24.300 DEBUG 7048 --- [main] mao.spring_boot_log.Log                  : hello
2022-04-10 20:33:24.300  INFO 7048 --- [main] mao.spring_boot_log.Log                  : hello
2022-04-10 20:33:24.300  WARN 7048 --- [main] mao.spring_boot_log.Log                  : hello
2022-04-10 20:33:24.300 ERROR 7048 --- [main] mao.spring_boot_log.Log                  : hello
2022-04-10 20:33:24.300 DEBUG 7048 --- [main] mao.spring_boot_log.Log                  : hello
2022-04-10 20:33:24.300  INFO 7048 --- [main] mao.spring_boot_log.Log                  : hello
2022-04-10 20:33:24.300  WARN 7048 --- [main] mao.spring_boot_log.Log                  : hello
2022-04-10 20:33:24.300 ERROR 7048 --- [main] mao.spring_boot_log.Log                  : hello
2022-04-10 20:33:24.300 DEBUG 7048 --- [main] mao.spring_boot_log.Log                  : hello
2022-04-10 20:33:24.300  INFO 7048 --- [main] mao.spring_boot_log.Log                  : hello
2022-04-10 20:33:24.300  WARN 7048 --- [main] mao.spring_boot_log.Log                  : hello
2022-04-10 20:33:24.300 ERROR 7048 --- [main] mao.spring_boot_log.Log                  : hello
2022-04-10 20:33:24.300 DEBUG 7048 --- [main] mao.spring_boot_log.Log                  : hello
2022-04-10 20:33:24.300  INFO 7048 --- [main] mao.spring_boot_log.Log                  : hello
2022-04-10 20:33:24.300  WARN 7048 --- [main] mao.spring_boot_log.Log                  : hello
2022-04-10 20:33:24.300 ERROR 7048 --- [main] mao.spring_boot_log.Log                  : hello
2022-04-10 20:33:24.300 DEBUG 7048 --- [main] mao.spring_boot_log.Log                  : hello
2022-04-10 20:33:24.300  INFO 7048 --- [main] mao.spring_boot_log.Log                  : hello
2022-04-10 20:33:24.300  WARN 7048 --- [main] mao.spring_boot_log.Log                  : hello
2022-04-10 20:33:24.300 ERROR 7048 --- [main] mao.spring_boot_log.Log                  : hello
2022-04-10 20:33:24.300 DEBUG 7048 --- [main] mao.spring_boot_log.Log                  : hello
2022-04-10 20:33:24.300  INFO 7048 --- [main] mao.spring_boot_log.Log                  : hello
2022-04-10 20:33:24.301  WARN 7048 --- [main] mao.spring_boot_log.Log                  : hello
2022-04-10 20:33:24.301 ERROR 7048 --- [main] mao.spring_boot_log.Log                  : hello
2022-04-10 20:33:24.301 DEBUG 7048 --- [main] mao.spring_boot_log.Log                  : hello
2022-04-10 20:33:24.301  INFO 7048 --- [main] mao.spring_boot_log.Log                  : hello
2022-04-10 20:33:24.301  WARN 7048 --- [main] mao.spring_boot_log.Log                  : hello
2022-04-10 20:33:24.301 ERROR 7048 --- [main] mao.spring_boot_log.Log                  : hello
2022-04-10 20:33:24.301 DEBUG 7048 --- [main] mao.spring_boot_log.Log                  : hello
2022-04-10 20:33:24.301  INFO 7048 --- [main] mao.spring_boot_log.Log                  : hello
2022-04-10 20:33:24.301  WARN 7048 --- [main] mao.spring_boot_log.Log                  : hello
2022-04-10 20:33:24.301 ERROR 7048 --- [main] mao.spring_boot_log.Log                  : hello
2022-04-10 20:33:24.301 DEBUG 7048 --- [main] mao.spring_boot_log.Log                  : hello
2022-04-10 20:33:24.301  INFO 7048 --- [main] mao.spring_boot_log.Log                  : hello
2022-04-10 20:33:24.301  WARN 7048 --- [main] mao.spring_boot_log.Log                  : hello
2022-04-10 20:33:24.301 ERROR 7048 --- [main] mao.spring_boot_log.Log                  : hello
2022-04-10 20:33:24.301 DEBUG 7048 --- [main] mao.spring_boot_log.Log                  : hello
2022-04-10 20:33:24.301  INFO 7048 --- [main] mao.spring_boot_log.Log                  : hello
2022-04-10 20:33:24.301  WARN 7048 --- [main] mao.spring_boot_log.Log                  : hello
2022-04-10 20:33:24.301 ERROR 7048 --- [main] mao.spring_boot_log.Log                  : hello
2022-04-10 20:33:24.301 DEBUG 7048 --- [main] mao.spring_boot_log.Log                  : hello
2022-04-10 20:33:24.301  INFO 7048 --- [main] mao.spring_boot_log.Log                  : hello
2022-04-10 20:33:24.301  WARN 7048 --- [main] mao.spring_boot_log.Log                  : hello
2022-04-10 20:33:24.301 ERROR 7048 --- [main] mao.spring_boot_log.Log                  : hello
2022-04-10 20:33:24.301 DEBUG 7048 --- [main] mao.spring_boot_log.Log                  : hello
2022-04-10 20:33:24.301  INFO 7048 --- [main] mao.spring_boot_log.Log                  : hello
2022-04-10 20:33:24.301  WARN 7048 --- [main] mao.spring_boot_log.Log                  : hello
2022-04-10 20:33:24.301 ERROR 7048 --- [main] mao.spring_boot_log.Log                  : hello
2022-04-10 20:33:24.301 DEBUG 7048 --- [main] mao.spring_boot_log.Log                  : hello
2022-04-10 20:33:24.301  INFO 7048 --- [main] mao.spring_boot_log.Log                  : hello
2022-04-10 20:33:24.301  WARN 7048 --- [main] mao.spring_boot_log.Log                  : hello
2022-04-10 20:33:24.301 ERROR 7048 --- [main] mao.spring_boot_log.Log                  : hello
2022-04-10 20:33:24.301 DEBUG 7048 --- [main] mao.spring_boot_log.Log                  : hello
2022-04-10 20:33:24.301  INFO 7048 --- [main] mao.spring_boot_log.Log                  : hello
2022-04-10 20:33:24.301  WARN 7048 --- [main] mao.spring_boot_log.Log                  : hello
2022-04-10 20:33:24.301 ERROR 7048 --- [main] mao.spring_boot_log.Log                  : hello
2022-04-10 20:33:24.301 DEBUG 7048 --- [main] mao.spring_boot_log.Log                  : hello
2022-04-10 20:33:24.301  INFO 7048 --- [main] mao.spring_boot_log.Log                  : hello
2022-04-10 20:33:24.301  WARN 7048 --- [main] mao.spring_boot_log.Log                  : hello
2022-04-10 20:33:24.301 ERROR 7048 --- [main] mao.spring_boot_log.Log                  : hello
2022-04-10 20:33:24.301 DEBUG 7048 --- [main] mao.spring_boot_log.Log                  : hello
2022-04-10 20:33:24.301  INFO 7048 --- [main] mao.spring_boot_log.Log                  : hello
2022-04-10 20:33:24.301  WARN 7048 --- [main] mao.spring_boot_log.Log                  : hello
2022-04-10 20:33:24.301 ERROR 7048 --- [main] mao.spring_boot_log.Log                  : hello
2022-04-10 20:33:24.301 DEBUG 7048 --- [main] mao.spring_boot_log.Log                  : hello
2022-04-10 20:33:24.302  INFO 7048 --- [main] mao.spring_boot_log.Log                  : hello
2022-04-10 20:33:24.302  WARN 7048 --- [main] mao.spring_boot_log.Log                  : hello
2022-04-10 20:33:24.302 ERROR 7048 --- [main] mao.spring_boot_log.Log                  : hello
2022-04-10 20:33:24.302 DEBUG 7048 --- [main] mao.spring_boot_log.Log                  : hello
2022-04-10 20:33:24.302  INFO 7048 --- [main] mao.spring_boot_log.Log                  : hello
2022-04-10 20:33:24.302  WARN 7048 --- [main] mao.spring_boot_log.Log                  : hello
2022-04-10 20:33:24.302 ERROR 7048 --- [main] mao.spring_boot_log.Log                  : hello
2022-04-10 20:33:24.302 DEBUG 7048 --- [main] mao.spring_boot_log.Log                  : hello
2022-04-10 20:33:24.302  INFO 7048 --- [main] mao.spring_boot_log.Log                  : hello
2022-04-10 20:33:24.302  WARN 7048 --- [main] mao.spring_boot_log.Log                  : hello
2022-04-10 20:33:24.302 ERROR 7048 --- [main] mao.spring_boot_log.Log                  : hello
2022-04-10 20:33:24.302 DEBUG 7048 --- [main] mao.spring_boot_log.Log                  : hello
2022-04-10 20:33:24.302  INFO 7048 --- [main] mao.spring_boot_log.Log                  : hello
2022-04-10 20:33:24.302  WARN 7048 --- [main] mao.spring_boot_log.Log                  : hello
2022-04-10 20:33:24.302 ERROR 7048 --- [main] mao.spring_boot_log.Log                  : hello
2022-04-10 20:33:24.302 DEBUG 7048 --- [main] mao.spring_boot_log.Log                  : hello
2022-04-10 20:33:24.302  INFO 7048 --- [main] mao.spring_boot_log.Log                  : hello
2022-04-10 20:33:24.302  WARN 7048 --- [main] mao.spring_boot_log.Log                  : hello
2022-04-10 20:33:24.302 ERROR 7048 --- [main] mao.spring_boot_log.Log                  : hello
2022-04-10 20:33:24.302 DEBUG 7048 --- [main] mao.spring_boot_log.Log                  : hello
2022-04-10 20:33:24.302  INFO 7048 --- [main] mao.spring_boot_log.Log                  : hello
2022-04-10 20:33:24.302  WARN 7048 --- [main] mao.spring_boot_log.Log                  : hello
2022-04-10 20:33:24.302 ERROR 7048 --- [main] mao.spring_boot_log.Log                  : hello
2022-04-10 20:33:24.302 DEBUG 7048 --- [main] mao.spring_boot_log.Log                  : hello
2022-04-10 20:33:24.302  INFO 7048 --- [main] mao.spring_boot_log.Log                  : hello
2022-04-10 20:33:24.302  WARN 7048 --- [main] mao.spring_boot_log.Log                  : hello
2022-04-10 20:33:24.302 ERROR 7048 --- [main] mao.spring_boot_log.Log                  : hello
2022-04-10 20:33:24.302 DEBUG 7048 --- [main] mao.spring_boot_log.Log                  : hello
2022-04-10 20:33:24.302  INFO 7048 --- [main] mao.spring_boot_log.Log                  : hello
2022-04-10 20:33:24.302  WARN 7048 --- [main] mao.spring_boot_log.Log                  : hello
2022-04-10 20:33:24.302 ERROR 7048 --- [main] mao.spring_boot_log.Log                  : hello
2022-04-10 20:33:24.302 DEBUG 7048 --- [main] mao.spring_boot_log.Log                  : hello
2022-04-10 20:33:24.302  INFO 7048 --- [main] mao.spring_boot_log.Log                  : hello
2022-04-10 20:33:24.302  WARN 7048 --- [main] mao.spring_boot_log.Log                  : hello
2022-04-10 20:33:24.302 ERROR 7048 --- [main] mao.spring_boot_log.Log                  : hello
2022-04-10 20:33:24.303 DEBUG 7048 --- [main] mao.spring_boot_log.Log                  : hello
2022-04-10 20:33:24.303  INFO 7048 --- [main] mao.spring_boot_log.Log                  : hello
2022-04-10 20:33:24.303  WARN 7048 --- [main] mao.spring_boot_log.Log                  : hello
2022-04-10 20:33:24.303 ERROR 7048 --- [main] mao.spring_boot_log.Log                  : hello
2022-04-10 20:33:24.303 DEBUG 7048 --- [main] mao.spring_boot_log.Log                  : hello
2022-04-10 20:33:24.303  INFO 7048 --- [main] mao.spring_boot_log.Log                  : hello
2022-04-10 20:33:24.303  WARN 7048 --- [main] mao.spring_boot_log.Log                  : hello
2022-04-10 20:33:24.303 ERROR 7048 --- [main] mao.spring_boot_log.Log                  : hello
2022-04-10 20:33:24.303 DEBUG 7048 --- [main] mao.spring_boot_log.Log                  : hello
2022-04-10 20:33:24.303  INFO 7048 --- [main] mao.spring_boot_log.Log                  : hello
2022-04-10 20:33:24.303  WARN 7048 --- [main] mao.spring_boot_log.Log                  : hello
2022-04-10 20:33:24.303 ERROR 7048 --- [main] mao.spring_boot_log.Log                  : hello
2022-04-10 20:33:24.303 DEBUG 7048 --- [main] mao.spring_boot_log.Log                  : hello
2022-04-10 20:33:24.303  INFO 7048 --- [main] mao.spring_boot_log.Log                  : hello
2022-04-10 20:33:24.303  WARN 7048 --- [main] mao.spring_boot_log.Log                  : hello
2022-04-10 20:33:24.303 ERROR 7048 --- [main] mao.spring_boot_log.Log                  : hello
2022-04-10 20:33:24.303 DEBUG 7048 --- [main] mao.spring_boot_log.Log                  : hello
2022-04-10 20:33:24.303  INFO 7048 --- [main] mao.spring_boot_log.Log                  : hello
2022-04-10 20:33:24.303  WARN 7048 --- [main] mao.spring_boot_log.Log                  : hello
2022-04-10 20:33:24.303 ERROR 7048 --- [main] mao.spring_boot_log.Log                  : hello
2022-04-10 20:33:24.303 DEBUG 7048 --- [main] mao.spring_boot_log.Log                  : hello
2022-04-10 20:33:24.303  INFO 7048 --- [main] mao.spring_boot_log.Log                  : hello
2022-04-10 20:33:24.303  WARN 7048 --- [main] mao.spring_boot_log.Log                  : hello
2022-04-10 20:33:24.303 ERROR 7048 --- [main] mao.spring_boot_log.Log                  : hello
2022-04-10 20:33:24.303 DEBUG 7048 --- [main] mao.spring_boot_log.Log                  : hello
2022-04-10 20:33:24.303  INFO 7048 --- [main] mao.spring_boot_log.Log                  : hello
2022-04-10 20:33:24.304  WARN 7048 --- [main] mao.spring_boot_log.Log                  : hello
2022-04-10 20:33:24.304 ERROR 7048 --- [main] mao.spring_boot_log.Log                  : hello
2022-04-10 20:33:24.304 DEBUG 7048 --- [main] mao.spring_boot_log.Log                  : hello
2022-04-10 20:33:24.304  INFO 7048 --- [main] mao.spring_boot_log.Log                  : hello
2022-04-10 20:33:24.304  WARN 7048 --- [main] mao.spring_boot_log.Log                  : hello
2022-04-10 20:33:24.304 ERROR 7048 --- [main] mao.spring_boot_log.Log                  : hello
2022-04-10 20:33:24.304 DEBUG 7048 --- [main] mao.spring_boot_log.Log                  : hello
2022-04-10 20:33:24.304  INFO 7048 --- [main] mao.spring_boot_log.Log                  : hello
2022-04-10 20:33:24.304  WARN 7048 --- [main] mao.spring_boot_log.Log                  : hello
2022-04-10 20:33:24.304 ERROR 7048 --- [main] mao.spring_boot_log.Log                  : hello
2022-04-10 20:33:24.304 DEBUG 7048 --- [main] mao.spring_boot_log.Log                  : hello
2022-04-10 20:33:24.304  INFO 7048 --- [main] mao.spring_boot_log.Log                  : hello
2022-04-10 20:33:24.304  WARN 7048 --- [main] mao.spring_boot_log.Log                  : hello
2022-04-10 20:33:24.304 ERROR 7048 --- [main] mao.spring_boot_log.Log                  : hello
2022-04-10 20:33:24.304 DEBUG 7048 --- [main] mao.spring_boot_log.Log                  : hello
2022-04-10 20:33:24.304  INFO 7048 --- [main] mao.spring_boot_log.Log                  : hello
2022-04-10 20:33:24.304  WARN 7048 --- [main] mao.spring_boot_log.Log                  : hello
2022-04-10 20:33:24.304 ERROR 7048 --- [main] mao.spring_boot_log.Log                  : hello
2022-04-10 20:33:24.304 DEBUG 7048 --- [main] mao.spring_boot_log.Log                  : hello
2022-04-10 20:33:24.305  INFO 7048 --- [main] mao.spring_boot_log.Log                  : hello
2022-04-10 20:33:24.305  WARN 7048 --- [main] mao.spring_boot_log.Log                  : hello
2022-04-10 20:33:24.305 ERROR 7048 --- [main] mao.spring_boot_log.Log                  : hello
2022-04-10 20:33:24.305 DEBUG 7048 --- [main] mao.spring_boot_log.Log                  : hello
2022-04-10 20:33:24.305  INFO 7048 --- [main] mao.spring_boot_log.Log                  : hello
2022-04-10 20:33:24.305  WARN 7048 --- [main] mao.spring_boot_log.Log                  : hello
2022-04-10 20:33:24.305 ERROR 7048 --- [main] mao.spring_boot_log.Log                  : hello
2022-04-10 20:33:24.305 DEBUG 7048 --- [main] mao.spring_boot_log.Log                  : hello
2022-04-10 20:33:24.305  INFO 7048 --- [main] mao.spring_boot_log.Log                  : hello
2022-04-10 20:33:24.305  WARN 7048 --- [main] mao.spring_boot_log.Log                  : hello
2022-04-10 20:33:24.305 ERROR 7048 --- [main] mao.spring_boot_log.Log                  : hello
2022-04-10 20:33:24.305 DEBUG 7048 --- [main] mao.spring_boot_log.Log                  : hello
2022-04-10 20:33:24.305  INFO 7048 --- [main] mao.spring_boot_log.Log                  : hello
2022-04-10 20:33:24.305  WARN 7048 --- [main] mao.spring_boot_log.Log                  : hello
2022-04-10 20:33:24.305 ERROR 7048 --- [main] mao.spring_boot_log.Log                  : hello
2022-04-10 20:33:24.305 DEBUG 7048 --- [main] mao.spring_boot_log.Log                  : hello
2022-04-10 20:33:24.305  INFO 7048 --- [main] mao.spring_boot_log.Log                  : hello
2022-04-10 20:33:24.305  WARN 7048 --- [main] mao.spring_boot_log.Log                  : hello
2022-04-10 20:33:24.305 ERROR 7048 --- [main] mao.spring_boot_log.Log                  : hello
2022-04-10 20:33:24.305 DEBUG 7048 --- [main] mao.spring_boot_log.Log                  : hello
2022-04-10 20:33:24.305  INFO 7048 --- [main] mao.spring_boot_log.Log                  : hello
2022-04-10 20:33:24.305  WARN 7048 --- [main] mao.spring_boot_log.Log                  : hello
2022-04-10 20:33:24.305 ERROR 7048 --- [main] mao.spring_boot_log.Log                  : hello
2022-04-10 20:33:24.305 DEBUG 7048 --- [main] mao.spring_boot_log.Log                  : hello
2022-04-10 20:33:24.305  INFO 7048 --- [main] mao.spring_boot_log.Log                  : hello
2022-04-10 20:33:24.305  WARN 7048 --- [main] mao.spring_boot_log.Log                  : hello
2022-04-10 20:33:24.306 ERROR 7048 --- [main] mao.spring_boot_log.Log                  : hello
2022-04-10 20:33:24.306 DEBUG 7048 --- [main] mao.spring_boot_log.Log                  : hello
2022-04-10 20:33:24.306  INFO 7048 --- [main] mao.spring_boot_log.Log                  : hello
2022-04-10 20:33:24.306  WARN 7048 --- [main] mao.spring_boot_log.Log                  : hello
2022-04-10 20:33:24.306 ERROR 7048 --- [main] mao.spring_boot_log.Log                  : hello
2022-04-10 20:33:24.306 DEBUG 7048 --- [main] mao.spring_boot_log.Log                  : hello
2022-04-10 20:33:24.306  INFO 7048 --- [main] mao.spring_boot_log.Log                  : hello
2022-04-10 20:33:24.306  WARN 7048 --- [main] mao.spring_boot_log.Log                  : hello
2022-04-10 20:33:24.306 ERROR 7048 --- [main] mao.spring_boot_log.Log                  : hello
2022-04-10 20:33:24.306 DEBUG 7048 --- [main] mao.spring_boot_log.Log                  : hello
2022-04-10 20:33:24.306  INFO 7048 --- [main] mao.spring_boot_log.Log                  : hello
2022-04-10 20:33:24.306  WARN 7048 --- [main] mao.spring_boot_log.Log                  : hello
2022-04-10 20:33:24.306 ERROR 7048 --- [main] mao.spring_boot_log.Log                  : hello
2022-04-10 20:33:24.306 DEBUG 7048 --- [main] mao.spring_boot_log.Log                  : hello
2022-04-10 20:33:24.306  INFO 7048 --- [main] mao.spring_boot_log.Log                  : hello
2022-04-10 20:33:24.306  WARN 7048 --- [main] mao.spring_boot_log.Log                  : hello
2022-04-10 20:33:24.306 ERROR 7048 --- [main] mao.spring_boot_log.Log                  : hello
2022-04-10 20:33:24.306 DEBUG 7048 --- [main] mao.spring_boot_log.Log                  : hello
2022-04-10 20:33:24.306  INFO 7048 --- [main] mao.spring_boot_log.Log                  : hello
2022-04-10 20:33:24.306  WARN 7048 --- [main] mao.spring_boot_log.Log                  : hello
2022-04-10 20:33:24.306 ERROR 7048 --- [main] mao.spring_boot_log.Log                  : hello
2022-04-10 20:33:24.306 DEBUG 7048 --- [main] mao.spring_boot_log.Log                  : hello
2022-04-10 20:33:24.306  INFO 7048 --- [main] mao.spring_boot_log.Log                  : hello
2022-04-10 20:33:24.306  WARN 7048 --- [main] mao.spring_boot_log.Log                  : hello
2022-04-10 20:33:24.306 ERROR 7048 --- [main] mao.spring_boot_log.Log                  : hello
2022-04-10 20:33:24.306 DEBUG 7048 --- [main] mao.spring_boot_log.Log                  : hello
2022-04-10 20:33:24.306  INFO 7048 --- [main] mao.spring_boot_log.Log                  : hello
2022-04-10 20:33:24.306  WARN 7048 --- [main] mao.spring_boot_log.Log                  : hello
2022-04-10 20:33:24.306 ERROR 7048 --- [main] mao.spring_boot_log.Log                  : hello
2022-04-10 20:33:24.306 DEBUG 7048 --- [main] mao.spring_boot_log.Log                  : hello
2022-04-10 20:33:24.307  INFO 7048 --- [main] mao.spring_boot_log.Log                  : hello
2022-04-10 20:33:24.307  WARN 7048 --- [main] mao.spring_boot_log.Log                  : hello
2022-04-10 20:33:24.307 ERROR 7048 --- [main] mao.spring_boot_log.Log                  : hello
2022-04-10 20:33:24.307 DEBUG 7048 --- [main] mao.spring_boot_log.Log                  : hello
2022-04-10 20:33:24.307  INFO 7048 --- [main] mao.spring_boot_log.Log                  : hello
2022-04-10 20:33:24.307  WARN 7048 --- [main] mao.spring_boot_log.Log                  : hello
2022-04-10 20:33:24.307 ERROR 7048 --- [main] mao.spring_boot_log.Log                  : hello
2022-04-10 20:33:24.307 DEBUG 7048 --- [main] mao.spring_boot_log.Log                  : hello
2022-04-10 20:33:24.307  INFO 7048 --- [main] mao.spring_boot_log.Log                  : hello
2022-04-10 20:33:24.307  WARN 7048 --- [main] mao.spring_boot_log.Log                  : hello
2022-04-10 20:33:24.307 ERROR 7048 --- [main] mao.spring_boot_log.Log                  : hello
2022-04-10 20:33:24.307 DEBUG 7048 --- [main] mao.spring_boot_log.Log                  : hello
2022-04-10 20:33:24.307  INFO 7048 --- [main] mao.spring_boot_log.Log                  : hello
2022-04-10 20:33:24.307  WARN 7048 --- [main] mao.spring_boot_log.Log                  : hello
2022-04-10 20:33:24.307 ERROR 7048 --- [main] mao.spring_boot_log.Log                  : hello
2022-04-10 20:33:24.307 DEBUG 7048 --- [main] mao.spring_boot_log.Log                  : hello
2022-04-10 20:33:24.307  INFO 7048 --- [main] mao.spring_boot_log.Log                  : hello
2022-04-10 20:33:24.307  WARN 7048 --- [main] mao.spring_boot_log.Log                  : hello
2022-04-10 20:33:24.307 ERROR 7048 --- [main] mao.spring_boot_log.Log                  : hello
2022-04-10 20:33:24.307 DEBUG 7048 --- [main] mao.spring_boot_log.Log                  : hello
2022-04-10 20:33:24.307  INFO 7048 --- [main] mao.spring_boot_log.Log                  : hello
2022-04-10 20:33:24.307  WARN 7048 --- [main] mao.spring_boot_log.Log                  : hello
2022-04-10 20:33:24.307 ERROR 7048 --- [main] mao.spring_boot_log.Log                  : hello
2022-04-10 20:33:24.307 DEBUG 7048 --- [main] mao.spring_boot_log.Log                  : hello
2022-04-10 20:33:24.307  INFO 7048 --- [main] mao.spring_boot_log.Log                  : hello
2022-04-10 20:33:24.307  WARN 7048 --- [main] mao.spring_boot_log.Log                  : hello
2022-04-10 20:33:24.308 ERROR 7048 --- [main] mao.spring_boot_log.Log                  : hello
2022-04-10 20:33:24.308 DEBUG 7048 --- [main] mao.spring_boot_log.Log                  : hello
2022-04-10 20:33:24.308  INFO 7048 --- [main] mao.spring_boot_log.Log                  : hello
2022-04-10 20:33:24.308  WARN 7048 --- [main] mao.spring_boot_log.Log                  : hello
2022-04-10 20:33:24.308 ERROR 7048 --- [main] mao.spring_boot_log.Log                  : hello
2022-04-10 20:33:24.308 DEBUG 7048 --- [main] mao.spring_boot_log.Log                  : hello
2022-04-10 20:33:24.308  INFO 7048 --- [main] mao.spring_boot_log.Log                  : hello
2022-04-10 20:33:24.308  WARN 7048 --- [main] mao.spring_boot_log.Log                  : hello
2022-04-10 20:33:24.308 ERROR 7048 --- [main] mao.spring_boot_log.Log                  : hello
2022-04-10 20:33:24.308 DEBUG 7048 --- [main] mao.spring_boot_log.Log                  : hello
2022-04-10 20:33:24.308  INFO 7048 --- [main] mao.spring_boot_log.Log                  : hello
2022-04-10 20:33:24.308  WARN 7048 --- [main] mao.spring_boot_log.Log                  : hello
