2022-04-10 20:33:53.667 ERROR 18120 --- [main] mao.spring_boot_log.Log                  : hello
2022-04-10 20:33:53.668 DEBUG 18120 --- [main] mao.spring_boot_log.Log                  : hello
2022-04-10 20:33:53.668  INFO 18120 --- [main] mao.spring_boot_log.Log                  : hello
2022-04-10 20:33:53.668  WARN 18120 --- [main] mao.spring_boot_log.Log                  : hello
2022-04-10 20:33:53.668 ERROR 18120 --- [main] mao.spring_boot_log.Log                  : hello
2022-04-10 20:33:53.668 DEBUG 18120 --- [main] mao.spring_boot_log.Log                  : hello
2022-04-10 20:33:53.668  INFO 18120 --- [main] mao.spring_boot_log.Log                  : hello
2022-04-10 20:33:53.668  WARN 18120 --- [main] mao.spring_boot_log.Log                  : hello
2022-04-10 20:33:53.669 ERROR 18120 --- [main] mao.spring_boot_log.Log                  : hello
2022-04-10 20:33:53.669 DEBUG 18120 --- [main] mao.spring_boot_log.Log                  : hello
2022-04-10 20:33:53.669  INFO 18120 --- [main] mao.spring_boot_log.Log                  : hello
2022-04-10 20:33:53.669  WARN 18120 --- [main] mao.spring_boot_log.Log                  : hello
2022-04-10 20:33:53.669 ERROR 18120 --- [main] mao.spring_boot_log.Log                  : hello
2022-04-10 20:33:53.669 DEBUG 18120 --- [main] mao.spring_boot_log.Log                  : hello
2022-04-10 20:33:53.669  INFO 18120 --- [main] mao.spring_boot_log.Log                  : hello
2022-04-10 20:33:53.669  WARN 18120 --- [main] mao.spring_boot_log.Log                  : hello
2022-04-10 20:33:53.669 ERROR 18120 --- [main] mao.spring_boot_log.Log                  : hello
2022-04-10 20:33:53.669 DEBUG 18120 --- [main] mao.spring_boot_log.Log                  : hello
2022-04-10 20:33:53.669  INFO 18120 --- [main] mao.spring_boot_log.Log                  : hello
2022-04-10 20:33:53.669  WARN 18120 --- [main] mao.spring_boot_log.Log                  : hello
2022-04-10 20:33:53.669 ERROR 18120 --- [main] mao.spring_boot_log.Log                  : hello
2022-04-10 20:33:53.669 DEBUG 18120 --- [main] mao.spring_boot_log.Log                  : hello
2022-04-10 20:33:53.669  INFO 18120 --- [main] mao.spring_boot_log.Log                  : hello
2022-04-10 20:33:53.669  WARN 18120 --- [main] mao.spring_boot_log.Log                  : hello
2022-04-10 20:33:53.669 ERROR 18120 --- [main] mao.spring_boot_log.Log                  : hello
2022-04-10 20:33:53.669 DEBUG 18120 --- [main] mao.spring_boot_log.Log                  : hello
2022-04-10 20:33:53.669  INFO 18120 --- [main] mao.spring_boot_log.Log                  : hello
2022-04-10 20:33:53.669  WARN 18120 --- [main] mao.spring_boot_log.Log                  : hello
2022-04-10 20:33:53.669 ERROR 18120 --- [main] mao.spring_boot_log.Log                  : hello
2022-04-10 20:33:53.669 DEBUG 18120 --- [main] mao.spring_boot_log.Log                  : hello
2022-04-10 20:33:53.669  INFO 18120 --- [main] mao.spring_boot_log.Log                  : hello
2022-04-10 20:33:53.669  WARN 18120 --- [main] mao.spring_boot_log.Log                  : hello
2022-04-10 20:33:53.669 ERROR 18120 --- [main] mao.spring_boot_log.Log                  : hello
2022-04-10 20:33:53.670 DEBUG 18120 --- [main] mao.spring_boot_log.Log                  : hello
2022-04-10 20:33:53.670  INFO 18120 --- [main] mao.spring_boot_log.Log                  : hello
2022-04-10 20:33:53.670  WARN 18120 --- [main] mao.spring_boot_log.Log                  : hello
2022-04-10 20:33:53.670 ERROR 18120 --- [main] mao.spring_boot_log.Log                  : hello
2022-04-10 20:33:53.670 DEBUG 18120 --- [main] mao.spring_boot_log.Log                  : hello
2022-04-10 20:33:53.670  INFO 18120 --- [main] mao.spring_boot_log.Log                  : hello
2022-04-10 20:33:53.670  WARN 18120 --- [main] mao.spring_boot_log.Log                  : hello
2022-04-10 20:33:53.670 ERROR 18120 --- [main] mao.spring_boot_log.Log                  : hello
2022-04-10 20:33:53.670 DEBUG 18120 --- [main] mao.spring_boot_log.Log                  : hello
2022-04-10 20:33:53.670  INFO 18120 --- [main] mao.spring_boot_log.Log                  : hello
2022-04-10 20:33:53.670  WARN 18120 --- [main] mao.spring_boot_log.Log                  : hello
2022-04-10 20:33:53.670 ERROR 18120 --- [main] mao.spring_boot_log.Log                  : hello
2022-04-10 20:33:53.670 DEBUG 18120 --- [main] mao.spring_boot_log.Log                  : hello
2022-04-10 20:33:53.670  INFO 18120 --- [main] mao.spring_boot_log.Log                  : hello
2022-04-10 20:33:53.670  WARN 18120 --- [main] mao.spring_boot_log.Log                  : hello
2022-04-10 20:33:53.670 ERROR 18120 --- [main] mao.spring_boot_log.Log                  : hello
2022-04-10 20:33:53.670 DEBUG 18120 --- [main] mao.spring_boot_log.Log                  : hello
2022-04-10 20:33:53.670  INFO 18120 --- [main] mao.spring_boot_log.Log                  : hello
2022-04-10 20:33:53.670  WARN 18120 --- [main] mao.spring_boot_log.Log                  : hello
2022-04-10 20:33:53.670 ERROR 18120 --- [main] mao.spring_boot_log.Log                  : hello
2022-04-10 20:33:53.670 DEBUG 18120 --- [main] mao.spring_boot_log.Log                  : hello
2022-04-10 20:33:53.670  INFO 18120 --- [main] mao.spring_boot_log.Log                  : hello
2022-04-10 20:33:53.670  WARN 18120 --- [main] mao.spring_boot_log.Log                  : hello
2022-04-10 20:33:53.670 ERROR 18120 --- [main] mao.spring_boot_log.Log                  : hello
2022-04-10 20:33:53.670 DEBUG 18120 --- [main] mao.spring_boot_log.Log                  : hello
2022-04-10 20:33:53.670  INFO 18120 --- [main] mao.spring_boot_log.Log                  : hello
2022-04-10 20:33:53.670  WARN 18120 --- [main] mao.spring_boot_log.Log                  : hello
2022-04-10 20:33:53.670 ERROR 18120 --- [main] mao.spring_boot_log.Log                  : hello
2022-04-10 20:33:53.670 DEBUG 18120 --- [main] mao.spring_boot_log.Log                  : hello
2022-04-10 20:33:53.670  INFO 18120 --- [main] mao.spring_boot_log.Log                  : hello
2022-04-10 20:33:53.671  WARN 18120 --- [main] mao.spring_boot_log.Log                  : hello
2022-04-10 20:33:53.671 ERROR 18120 --- [main] mao.spring_boot_log.Log                  : hello
2022-04-10 20:33:53.671 DEBUG 18120 --- [main] mao.spring_boot_log.Log                  : hello
2022-04-10 20:33:53.671  INFO 18120 --- [main] mao.spring_boot_log.Log                  : hello
2022-04-10 20:33:53.671  WARN 18120 --- [main] mao.spring_boot_log.Log                  : hello
2022-04-10 20:33:53.671 ERROR 18120 --- [main] mao.spring_boot_log.Log                  : hello
2022-04-10 20:33:53.671 DEBUG 18120 --- [main] mao.spring_boot_log.Log                  : hello
2022-04-10 20:33:53.671  INFO 18120 --- [main] mao.spring_boot_log.Log                  : hello
2022-04-10 20:33:53.671  WARN 18120 --- [main] mao.spring_boot_log.Log                  : hello
2022-04-10 20:33:53.671 ERROR 18120 --- [main] mao.spring_boot_log.Log                  : hello
2022-04-10 20:33:53.671 DEBUG 18120 --- [main] mao.spring_boot_log.Log                  : hello
2022-04-10 20:33:53.671  INFO 18120 --- [main] mao.spring_boot_log.Log                  : hello
2022-04-10 20:33:53.671  WARN 18120 --- [main] mao.spring_boot_log.Log                  : hello
2022-04-10 20:33:53.671 ERROR 18120 --- [main] mao.spring_boot_log.Log                  : hello
2022-04-10 20:33:53.671 DEBUG 18120 --- [main] mao.spring_boot_log.Log                  : hello
2022-04-10 20:33:53.671  INFO 18120 --- [main] mao.spring_boot_log.Log                  : hello
2022-04-10 20:33:53.671  WARN 18120 --- [main] mao.spring_boot_log.Log                  : hello
2022-04-10 20:33:53.671 ERROR 18120 --- [main] mao.spring_boot_log.Log                  : hello
2022-04-10 20:33:53.671 DEBUG 18120 --- [main] mao.spring_boot_log.Log                  : hello
2022-04-10 20:33:53.671  INFO 18120 --- [main] mao.spring_boot_log.Log                  : hello
2022-04-10 20:33:53.671  WARN 18120 --- [main] mao.spring_boot_log.Log                  : hello
2022-04-10 20:33:53.671 ERROR 18120 --- [main] mao.spring_boot_log.Log                  : hello
2022-04-10 20:33:53.671 DEBUG 18120 --- [main] mao.spring_boot_log.Log                  : hello
2022-04-10 20:33:53.671  INFO 18120 --- [main] mao.spring_boot_log.Log                  : hello
2022-04-10 20:33:53.671  WARN 18120 --- [main] mao.spring_boot_log.Log                  : hello
2022-04-10 20:33:53.671 ERROR 18120 --- [main] mao.spring_boot_log.Log                  : hello
2022-04-10 20:33:53.671 DEBUG 18120 --- [main] mao.spring_boot_log.Log                  : hello
2022-04-10 20:33:53.671  INFO 18120 --- [main] mao.spring_boot_log.Log                  : hello
2022-04-10 20:33:53.671  WARN 18120 --- [main] mao.spring_boot_log.Log                  : hello
2022-04-10 20:33:53.671 ERROR 18120 --- [main] mao.spring_boot_log.Log                  : hello
2022-04-10 20:33:53.671 DEBUG 18120 --- [main] mao.spring_boot_log.Log                  : hello
2022-04-10 20:33:53.671  INFO 18120 --- [main] mao.spring_boot_log.Log                  : hello
2022-04-10 20:33:53.671  WARN 18120 --- [main] mao.spring_boot_log.Log                  : hello
2022-04-10 20:33:53.671 ERROR 18120 --- [main] mao.spring_boot_log.Log                  : hello
2022-04-10 20:33:53.671 DEBUG 18120 --- [main] mao.spring_boot_log.Log                  : hello
2022-04-10 20:33:53.671  INFO 18120 --- [main] mao.spring_boot_log.Log                  : hello
2022-04-10 20:33:53.672  WARN 18120 --- [main] mao.spring_boot_log.Log                  : hello
2022-04-10 20:33:53.672 ERROR 18120 --- [main] mao.spring_boot_log.Log                  : hello
2022-04-10 20:33:53.672 DEBUG 18120 --- [main] mao.spring_boot_log.Log                  : hello
2022-04-10 20:33:53.672  INFO 18120 --- [main] mao.spring_boot_log.Log                  : hello
2022-04-10 20:33:53.672  WARN 18120 --- [main] mao.spring_boot_log.Log                  : hello
2022-04-10 20:33:53.672 ERROR 18120 --- [main] mao.spring_boot_log.Log                  : hello
2022-04-10 20:33:53.672 DEBUG 18120 --- [main] mao.spring_boot_log.Log                  : hello
2022-04-10 20:33:53.672  INFO 18120 --- [main] mao.spring_boot_log.Log                  : hello
2022-04-10 20:33:53.672  WARN 18120 --- [main] mao.spring_boot_log.Log                  : hello
2022-04-10 20:33:53.672 ERROR 18120 --- [main] mao.spring_boot_log.Log                  : hello
2022-04-10 20:33:53.672 DEBUG 18120 --- [main] mao.spring_boot_log.Log                  : hello
2022-04-10 20:33:53.672  INFO 18120 --- [main] mao.spring_boot_log.Log                  : hello
2022-04-10 20:33:53.672  WARN 18120 --- [main] mao.spring_boot_log.Log                  : hello
2022-04-10 20:33:53.672 ERROR 18120 --- [main] mao.spring_boot_log.Log                  : hello
2022-04-10 20:33:53.672 DEBUG 18120 --- [main] mao.spring_boot_log.Log                  : hello
2022-04-10 20:33:53.672  INFO 18120 --- [main] mao.spring_boot_log.Log                  : hello
2022-04-10 20:33:53.672  WARN 18120 --- [main] mao.spring_boot_log.Log                  : hello
2022-04-10 20:33:53.672 ERROR 18120 --- [main] mao.spring_boot_log.Log                  : hello
2022-04-10 20:33:53.672 DEBUG 18120 --- [main] mao.spring_boot_log.Log                  : hello
2022-04-10 20:33:53.672  INFO 18120 --- [main] mao.spring_boot_log.Log                  : hello
2022-04-10 20:33:53.672  WARN 18120 --- [main] mao.spring_boot_log.Log                  : hello
2022-04-10 20:33:53.672 ERROR 18120 --- [main] mao.spring_boot_log.Log                  : hello
2022-04-10 20:33:53.672 DEBUG 18120 --- [main] mao.spring_boot_log.Log                  : hello
2022-04-10 20:33:53.672  INFO 18120 --- [main] mao.spring_boot_log.Log                  : hello
2022-04-10 20:33:53.672  WARN 18120 --- [main] mao.spring_boot_log.Log                  : hello
2022-04-10 20:33:53.672 ERROR 18120 --- [main] mao.spring_boot_log.Log                  : hello
2022-04-10 20:33:53.672 DEBUG 18120 --- [main] mao.spring_boot_log.Log                  : hello
2022-04-10 20:33:53.672  INFO 18120 --- [main] mao.spring_boot_log.Log                  : hello
2022-04-10 20:33:53.672  WARN 18120 --- [main] mao.spring_boot_log.Log                  : hello
2022-04-10 20:33:53.672 ERROR 18120 --- [main] mao.spring_boot_log.Log                  : hello
2022-04-10 20:33:53.672 DEBUG 18120 --- [main] mao.spring_boot_log.Log                  : hello
2022-04-10 20:33:53.672  INFO 18120 --- [main] mao.spring_boot_log.Log                  : hello
2022-04-10 20:33:53.672  WARN 18120 --- [main] mao.spring_boot_log.Log                  : hello
2022-04-10 20:33:53.672 ERROR 18120 --- [main] mao.spring_boot_log.Log                  : hello
2022-04-10 20:33:53.672 DEBUG 18120 --- [main] mao.spring_boot_log.Log                  : hello
2022-04-10 20:33:53.672  INFO 18120 --- [main] mao.spring_boot_log.Log                  : hello
2022-04-10 20:33:53.673  WARN 18120 --- [main] mao.spring_boot_log.Log                  : hello
2022-04-10 20:33:53.673 ERROR 18120 --- [main] mao.spring_boot_log.Log                  : hello
2022-04-10 20:33:53.673 DEBUG 18120 --- [main] mao.spring_boot_log.Log                  : hello
2022-04-10 20:33:53.673  INFO 18120 --- [main] mao.spring_boot_log.Log                  : hello
2022-04-10 20:33:53.673  WARN 18120 --- [main] mao.spring_boot_log.Log                  : hello
2022-04-10 20:33:53.673 ERROR 18120 --- [main] mao.spring_boot_log.Log                  : hello
2022-04-10 20:33:53.673 DEBUG 18120 --- [main] mao.spring_boot_log.Log                  : hello
2022-04-10 20:33:53.673  INFO 18120 --- [main] mao.spring_boot_log.Log                  : hello
2022-04-10 20:33:53.673  WARN 18120 --- [main] mao.spring_boot_log.Log                  : hello
2022-04-10 20:33:53.673 ERROR 18120 --- [main] mao.spring_boot_log.Log                  : hello
2022-04-10 20:33:53.673 DEBUG 18120 --- [main] mao.spring_boot_log.Log                  : hello
2022-04-10 20:33:53.673  INFO 18120 --- [main] mao.spring_boot_log.Log                  : hello
2022-04-10 20:33:53.673  WARN 18120 --- [main] mao.spring_boot_log.Log                  : hello
2022-04-10 20:33:53.673 ERROR 18120 --- [main] mao.spring_boot_log.Log                  : hello
2022-04-10 20:33:53.673 DEBUG 18120 --- [main] mao.spring_boot_log.Log                  : hello
2022-04-10 20:33:53.673  INFO 18120 --- [main] mao.spring_boot_log.Log                  : hello
2022-04-10 20:33:53.673  WARN 18120 --- [main] mao.spring_boot_log.Log                  : hello
2022-04-10 20:33:53.673 ERROR 18120 --- [main] mao.spring_boot_log.Log                  : hello
2022-04-10 20:33:53.673 DEBUG 18120 --- [main] mao.spring_boot_log.Log                  : hello
2022-04-10 20:33:53.673  INFO 18120 --- [main] mao.spring_boot_log.Log                  : hello
2022-04-10 20:33:53.673  WARN 18120 --- [main] mao.spring_boot_log.Log                  : hello
2022-04-10 20:33:53.673 ERROR 18120 --- [main] mao.spring_boot_log.Log                  : hello
2022-04-10 20:33:53.673 DEBUG 18120 --- [main] mao.spring_boot_log.Log                  : hello
2022-04-10 20:33:53.673  INFO 18120 --- [main] mao.spring_boot_log.Log                  : hello
2022-04-10 20:33:53.673  WARN 18120 --- [main] mao.spring_boot_log.Log                  : hello
2022-04-10 20:33:53.674 ERROR 18120 --- [main] mao.spring_boot_log.Log                  : hello
2022-04-10 20:33:53.674 DEBUG 18120 --- [main] mao.spring_boot_log.Log                  : hello
2022-04-10 20:33:53.674  INFO 18120 --- [main] mao.spring_boot_log.Log                  : hello
2022-04-10 20:33:53.674  WARN 18120 --- [main] mao.spring_boot_log.Log                  : hello
2022-04-10 20:33:53.674 ERROR 18120 --- [main] mao.spring_boot_log.Log                  : hello
2022-04-10 20:33:53.674 DEBUG 18120 --- [main] mao.spring_boot_log.Log                  : hello
2022-04-10 20:33:53.674  INFO 18120 --- [main] mao.spring_boot_log.Log                  : hello
2022-04-10 20:33:53.674  WARN 18120 --- [main] mao.spring_boot_log.Log                  : hello
2022-04-10 20:33:53.674 ERROR 18120 --- [main] mao.spring_boot_log.Log                  : hello
2022-04-10 20:33:53.674 DEBUG 18120 --- [main] mao.spring_boot_log.Log                  : hello
2022-04-10 20:33:53.674  INFO 18120 --- [main] mao.spring_boot_log.Log                  : hello
2022-04-10 20:33:53.674  WARN 18120 --- [main] mao.spring_boot_log.Log                  : hello
2022-04-10 20:33:53.674 ERROR 18120 --- [main] mao.spring_boot_log.Log                  : hello
2022-04-10 20:33:53.674 DEBUG 18120 --- [main] mao.spring_boot_log.Log                  : hello
2022-04-10 20:33:53.674  INFO 18120 --- [main] mao.spring_boot_log.Log                  : hello
2022-04-10 20:33:53.674  WARN 18120 --- [main] mao.spring_boot_log.Log                  : hello
2022-04-10 20:33:53.674 ERROR 18120 --- [main] mao.spring_boot_log.Log                  : hello
2022-04-10 20:33:53.674 DEBUG 18120 --- [main] mao.spring_boot_log.Log                  : hello
2022-04-10 20:33:53.674  INFO 18120 --- [main] mao.spring_boot_log.Log                  : hello
2022-04-10 20:33:53.674  WARN 18120 --- [main] mao.spring_boot_log.Log                  : hello
2022-04-10 20:33:53.674 ERROR 18120 --- [main] mao.spring_boot_log.Log                  : hello
2022-04-10 20:33:53.674 DEBUG 18120 --- [main] mao.spring_boot_log.Log                  : hello
2022-04-10 20:33:53.674  INFO 18120 --- [main] mao.spring_boot_log.Log                  : hello
2022-04-10 20:33:53.674  WARN 18120 --- [main] mao.spring_boot_log.Log                  : hello
2022-04-10 20:33:53.674 ERROR 18120 --- [main] mao.spring_boot_log.Log                  : hello
2022-04-10 20:33:53.674 DEBUG 18120 --- [main] mao.spring_boot_log.Log                  : hello
2022-04-10 20:33:53.674  INFO 18120 --- [main] mao.spring_boot_log.Log                  : hello
2022-04-10 20:33:53.675  WARN 18120 --- [main] mao.spring_boot_log.Log                  : hello
2022-04-10 20:33:53.675 ERROR 18120 --- [main] mao.spring_boot_log.Log                  : hello
2022-04-10 20:33:53.675 DEBUG 18120 --- [main] mao.spring_boot_log.Log                  : hello
2022-04-10 20:33:53.675  INFO 18120 --- [main] mao.spring_boot_log.Log                  : hello
2022-04-10 20:33:53.675  WARN 18120 --- [main] mao.spring_boot_log.Log                  : hello
2022-04-10 20:33:53.675 ERROR 18120 --- [main] mao.spring_boot_log.Log                  : hello
2022-04-10 20:33:53.675 DEBUG 18120 --- [main] mao.spring_boot_log.Log                  : hello
2022-04-10 20:33:53.675  INFO 18120 --- [main] mao.spring_boot_log.Log                  : hello
2022-04-10 20:33:53.675  WARN 18120 --- [main] mao.spring_boot_log.Log                  : hello
2022-04-10 20:33:53.675 ERROR 18120 --- [main] mao.spring_boot_log.Log                  : hello
2022-04-10 20:33:53.675 DEBUG 18120 --- [main] mao.spring_boot_log.Log                  : hello
2022-04-10 20:33:53.675  INFO 18120 --- [main] mao.spring_boot_log.Log                  : hello
2022-04-10 20:33:53.675  WARN 18120 --- [main] mao.spring_boot_log.Log                  : hello
2022-04-10 20:33:53.675 ERROR 18120 --- [main] mao.spring_boot_log.Log                  : hello
2022-04-10 20:33:53.675 DEBUG 18120 --- [main] mao.spring_boot_log.Log                  : hello
2022-04-10 20:33:53.675  INFO 18120 --- [main] mao.spring_boot_log.Log                  : hello
2022-04-10 20:33:53.675  WARN 18120 --- [main] mao.spring_boot_log.Log                  : hello
2022-04-10 20:33:53.675 ERROR 18120 --- [main] mao.spring_boot_log.Log                  : hello
2022-04-10 20:33:53.675 DEBUG 18120 --- [main] mao.spring_boot_log.Log                  : hello
2022-04-10 20:33:53.675  INFO 18120 --- [main] mao.spring_boot_log.Log                  : hello
2022-04-10 20:33:53.675  WARN 18120 --- [main] mao.spring_boot_log.Log                  : hello
2022-04-10 20:33:53.675 ERROR 18120 --- [main] mao.spring_boot_log.Log                  : hello
2022-04-10 20:33:53.675 DEBUG 18120 --- [main] mao.spring_boot_log.Log                  : hello
2022-04-10 20:33:53.675  INFO 18120 --- [main] mao.spring_boot_log.Log                  : hello
2022-04-10 20:33:53.675  WARN 18120 --- [main] mao.spring_boot_log.Log                  : hello
2022-04-10 20:33:53.675 ERROR 18120 --- [main] mao.spring_boot_log.Log                  : hello
2022-04-10 20:33:53.675 DEBUG 18120 --- [main] mao.spring_boot_log.Log                  : hello
2022-04-10 20:33:53.675  INFO 18120 --- [main] mao.spring_boot_log.Log                  : hello
2022-04-10 20:33:53.675  WARN 18120 --- [main] mao.spring_boot_log.Log                  : hello
2022-04-10 20:33:53.675 ERROR 18120 --- [main] mao.spring_boot_log.Log                  : hello
2022-04-10 20:33:53.675 DEBUG 18120 --- [main] mao.spring_boot_log.Log                  : hello
2022-04-10 20:33:53.675  INFO 18120 --- [main] mao.spring_boot_log.Log                  : hello
2022-04-10 20:33:53.675  WARN 18120 --- [main] mao.spring_boot_log.Log                  : hello
2022-04-10 20:33:53.676 ERROR 18120 --- [main] mao.spring_boot_log.Log                  : hello
2022-04-10 20:33:53.676 DEBUG 18120 --- [main] mao.spring_boot_log.Log                  : hello
2022-04-10 20:33:53.676  INFO 18120 --- [main] mao.spring_boot_log.Log                  : hello
2022-04-10 20:33:53.676  WARN 18120 --- [main] mao.spring_boot_log.Log                  : hello
2022-04-10 20:33:53.676 ERROR 18120 --- [main] mao.spring_boot_log.Log                  : hello
2022-04-10 20:33:53.676 DEBUG 18120 --- [main] mao.spring_boot_log.Log                  : hello
2022-04-10 20:33:53.676  INFO 18120 --- [main] mao.spring_boot_log.Log                  : hello
2022-04-10 20:33:53.676  WARN 18120 --- [main] mao.spring_boot_log.Log                  : hello
2022-04-10 20:33:53.676 ERROR 18120 --- [main] mao.spring_boot_log.Log                  : hello
2022-04-10 20:33:53.676 DEBUG 18120 --- [main] mao.spring_boot_log.Log                  : hello
2022-04-10 20:33:53.676  INFO 18120 --- [main] mao.spring_boot_log.Log                  : hello
2022-04-10 20:33:53.676  WARN 18120 --- [main] mao.spring_boot_log.Log                  : hello
2022-04-10 20:33:53.676 ERROR 18120 --- [main] mao.spring_boot_log.Log                  : hello
2022-04-10 20:33:53.676 DEBUG 18120 --- [main] mao.spring_boot_log.Log                  : hello
2022-04-10 20:33:53.676  INFO 18120 --- [main] mao.spring_boot_log.Log                  : hello
2022-04-10 20:33:53.676  WARN 18120 --- [main] mao.spring_boot_log.Log                  : hello
2022-04-10 20:33:53.676 ERROR 18120 --- [main] mao.spring_boot_log.Log                  : hello
2022-04-10 20:33:53.676 DEBUG 18120 --- [main] mao.spring_boot_log.Log                  : hello
2022-04-10 20:33:53.676  INFO 18120 --- [main] mao.spring_boot_log.Log                  : hello
2022-04-10 20:33:53.676  WARN 18120 --- [main] mao.spring_boot_log.Log                  : hello
2022-04-10 20:33:53.676 ERROR 18120 --- [main] mao.spring_boot_log.Log                  : hello
2022-04-10 20:33:53.676 DEBUG 18120 --- [main] mao.spring_boot_log.Log                  : hello
2022-04-10 20:33:53.676  INFO 18120 --- [main] mao.spring_boot_log.Log                  : hello
2022-04-10 20:33:53.676  WARN 18120 --- [main] mao.spring_boot_log.Log                  : hello
2022-04-10 20:33:53.676 ERROR 18120 --- [main] mao.spring_boot_log.Log                  : hello
2022-04-10 20:33:53.676 DEBUG 18120 --- [main] mao.spring_boot_log.Log                  : hello
2022-04-10 20:33:53.676  INFO 18120 --- [main] mao.spring_boot_log.Log                  : hello
2022-04-10 20:33:53.676  WARN 18120 --- [main] mao.spring_boot_log.Log                  : hello
2022-04-10 20:33:53.676 ERROR 18120 --- [main] mao.spring_boot_log.Log                  : hello
2022-04-10 20:33:53.676 DEBUG 18120 --- [main] mao.spring_boot_log.Log                  : hello
2022-04-10 20:33:53.677  INFO 18120 --- [main] mao.spring_boot_log.Log                  : hello
2022-04-10 20:33:53.677  WARN 18120 --- [main] mao.spring_boot_log.Log                  : hello
2022-04-10 20:33:53.677 ERROR 18120 --- [main] mao.spring_boot_log.Log                  : hello
2022-04-10 20:33:53.677 DEBUG 18120 --- [main] mao.spring_boot_log.Log                  : hello
2022-04-10 20:33:53.677  INFO 18120 --- [main] mao.spring_boot_log.Log                  : hello
2022-04-10 20:33:53.677  WARN 18120 --- [main] mao.spring_boot_log.Log                  : hello
2022-04-10 20:33:53.677 ERROR 18120 --- [main] mao.spring_boot_log.Log                  : hello
2022-04-10 20:33:53.677 DEBUG 18120 --- [main] mao.spring_boot_log.Log                  : hello
2022-04-10 20:33:53.677  INFO 18120 --- [main] mao.spring_boot_log.Log                  : hello
2022-04-10 20:33:53.677  WARN 18120 --- [main] mao.spring_boot_log.Log                  : hello
2022-04-10 20:33:53.677 ERROR 18120 --- [main] mao.spring_boot_log.Log                  : hello
2022-04-10 20:33:53.677 DEBUG 18120 --- [main] mao.spring_boot_log.Log                  : hello
2022-04-10 20:33:53.677  INFO 18120 --- [main] mao.spring_boot_log.Log                  : hello
2022-04-10 20:33:53.677  WARN 18120 --- [main] mao.spring_boot_log.Log                  : hello
2022-04-10 20:33:53.677 ERROR 18120 --- [main] mao.spring_boot_log.Log                  : hello
2022-04-10 20:33:53.677 DEBUG 18120 --- [main] mao.spring_boot_log.Log                  : hello
2022-04-10 20:33:53.677  INFO 18120 --- [main] mao.spring_boot_log.Log                  : hello
2022-04-10 20:33:53.677  WARN 18120 --- [main] mao.spring_boot_log.Log                  : hello
2022-04-10 20:33:53.677 ERROR 18120 --- [main] mao.spring_boot_log.Log                  : hello
2022-04-10 20:33:53.677 DEBUG 18120 --- [main] mao.spring_boot_log.Log                  : hello
2022-04-10 20:33:53.677  INFO 18120 --- [main] mao.spring_boot_log.Log                  : hello
2022-04-10 20:33:53.677  WARN 18120 --- [main] mao.spring_boot_log.Log                  : hello
2022-04-10 20:33:53.677 ERROR 18120 --- [main] mao.spring_boot_log.Log                  : hello
2022-04-10 20:33:53.677 DEBUG 18120 --- [main] mao.spring_boot_log.Log                  : hello
2022-04-10 20:33:53.677  INFO 18120 --- [main] mao.spring_boot_log.Log                  : hello
2022-04-10 20:33:53.677  WARN 18120 --- [main] mao.spring_boot_log.Log                  : hello
2022-04-10 20:33:53.677 ERROR 18120 --- [main] mao.spring_boot_log.Log                  : hello
2022-04-10 20:33:53.677 DEBUG 18120 --- [main] mao.spring_boot_log.Log                  : hello
2022-04-10 20:33:53.677  INFO 18120 --- [main] mao.spring_boot_log.Log                  : hello
2022-04-10 20:33:53.677  WARN 18120 --- [main] mao.spring_boot_log.Log                  : hello
2022-04-10 20:33:53.677 ERROR 18120 --- [main] mao.spring_boot_log.Log                  : hello
2022-04-10 20:33:53.677 DEBUG 18120 --- [main] mao.spring_boot_log.Log                  : hello
2022-04-10 20:33:53.677  INFO 18120 --- [main] mao.spring_boot_log.Log                  : hello
2022-04-10 20:33:53.677  WARN 18120 --- [main] mao.spring_boot_log.Log                  : hello
2022-04-10 20:33:53.677 ERROR 18120 --- [main] mao.spring_boot_log.Log                  : hello
2022-04-10 20:33:53.678 DEBUG 18120 --- [main] mao.spring_boot_log.Log                  : hello
2022-04-10 20:33:53.678  INFO 18120 --- [main] mao.spring_boot_log.Log                  : hello
2022-04-10 20:33:53.678  WARN 18120 --- [main] mao.spring_boot_log.Log                  : hello
2022-04-10 20:33:53.678 ERROR 18120 --- [main] mao.spring_boot_log.Log                  : hello
2022-04-10 20:33:53.678 DEBUG 18120 --- [main] mao.spring_boot_log.Log                  : hello
2022-04-10 20:33:53.678  INFO 18120 --- [main] mao.spring_boot_log.Log                  : hello
2022-04-10 20:33:53.678  WARN 18120 --- [main] mao.spring_boot_log.Log                  : hello
2022-04-10 20:33:53.678 ERROR 18120 --- [main] mao.spring_boot_log.Log                  : hello
2022-04-10 20:33:53.678 DEBUG 18120 --- [main] mao.spring_boot_log.Log                  : hello
2022-04-10 20:33:53.678  INFO 18120 --- [main] mao.spring_boot_log.Log                  : hello
2022-04-10 20:33:53.678  WARN 18120 --- [main] mao.spring_boot_log.Log                  : hello
2022-04-10 20:33:53.678 ERROR 18120 --- [main] mao.spring_boot_log.Log                  : hello
2022-04-10 20:33:53.678 DEBUG 18120 --- [main] mao.spring_boot_log.Log                  : hello
2022-04-10 20:33:53.678  INFO 18120 --- [main] mao.spring_boot_log.Log                  : hello
2022-04-10 20:33:53.678  WARN 18120 --- [main] mao.spring_boot_log.Log                  : hello
2022-04-10 20:33:53.678 ERROR 18120 --- [main] mao.spring_boot_log.Log                  : hello
2022-04-10 20:33:53.678 DEBUG 18120 --- [main] mao.spring_boot_log.Log                  : hello
2022-04-10 20:33:53.678  INFO 18120 --- [main] mao.spring_boot_log.Log                  : hello
2022-04-10 20:33:53.678  WARN 18120 --- [main] mao.spring_boot_log.Log                  : hello
2022-04-10 20:33:53.678 ERROR 18120 --- [main] mao.spring_boot_log.Log                  : hello
2022-04-10 20:33:53.678 DEBUG 18120 --- [main] mao.spring_boot_log.Log                  : hello
2022-04-10 20:33:53.678  INFO 18120 --- [main] mao.spring_boot_log.Log                  : hello
2022-04-10 20:33:53.678  WARN 18120 --- [main] mao.spring_boot_log.Log                  : hello
2022-04-10 20:33:53.678 ERROR 18120 --- [main] mao.spring_boot_log.Log                  : hello
2022-04-10 20:33:53.678 DEBUG 18120 --- [main] mao.spring_boot_log.Log                  : hello
2022-04-10 20:33:53.678  INFO 18120 --- [main] mao.spring_boot_log.Log                  : hello
2022-04-10 20:33:53.678  WARN 18120 --- [main] mao.spring_boot_log.Log                  : hello
2022-04-10 20:33:53.678 ERROR 18120 --- [main] mao.spring_boot_log.Log                  : hello
2022-04-10 20:33:53.678 DEBUG 18120 --- [main] mao.spring_boot_log.Log                  : hello
2022-04-10 20:33:53.678  INFO 18120 --- [main] mao.spring_boot_log.Log                  : hello
2022-04-10 20:33:53.679  WARN 18120 --- [main] mao.spring_boot_log.Log                  : hello
2022-04-10 20:33:53.679 ERROR 18120 --- [main] mao.spring_boot_log.Log                  : hello
2022-04-10 20:33:53.679 DEBUG 18120 --- [main] mao.spring_boot_log.Log                  : hello
2022-04-10 20:33:53.679  INFO 18120 --- [main] mao.spring_boot_log.Log                  : hello
2022-04-10 20:33:53.679  WARN 18120 --- [main] mao.spring_boot_log.Log                  : hello
2022-04-10 20:33:53.679 ERROR 18120 --- [main] mao.spring_boot_log.Log                  : hello
2022-04-10 20:33:53.679 DEBUG 18120 --- [main] mao.spring_boot_log.Log                  : hello
2022-04-10 20:33:53.679  INFO 18120 --- [main] mao.spring_boot_log.Log                  : hello
2022-04-10 20:33:53.679  WARN 18120 --- [main] mao.spring_boot_log.Log                  : hello
2022-04-10 20:33:53.679 ERROR 18120 --- [main] mao.spring_boot_log.Log                  : hello
2022-04-10 20:33:53.679 DEBUG 18120 --- [main] mao.spring_boot_log.Log                  : hello
2022-04-10 20:33:53.679  INFO 18120 --- [main] mao.spring_boot_log.Log                  : hello
2022-04-10 20:33:53.679  WARN 18120 --- [main] mao.spring_boot_log.Log                  : hello
2022-04-10 20:33:53.679 ERROR 18120 --- [main] mao.spring_boot_log.Log                  : hello
2022-04-10 20:33:53.679 DEBUG 18120 --- [main] mao.spring_boot_log.Log                  : hello
2022-04-10 20:33:53.679  INFO 18120 --- [main] mao.spring_boot_log.Log                  : hello
2022-04-10 20:33:53.679  WARN 18120 --- [main] mao.spring_boot_log.Log                  : hello
2022-04-10 20:33:53.679 ERROR 18120 --- [main] mao.spring_boot_log.Log                  : hello
2022-04-10 20:33:53.679 DEBUG 18120 --- [main] mao.spring_boot_log.Log                  : hello
2022-04-10 20:33:53.679  INFO 18120 --- [main] mao.spring_boot_log.Log                  : hello
2022-04-10 20:33:53.679  WARN 18120 --- [main] mao.spring_boot_log.Log                  : hello
2022-04-10 20:33:53.679 ERROR 18120 --- [main] mao.spring_boot_log.Log                  : hello
2022-04-10 20:33:53.679 DEBUG 18120 --- [main] mao.spring_boot_log.Log                  : hello
2022-04-10 20:33:53.679  INFO 18120 --- [main] mao.spring_boot_log.Log                  : hello
2022-04-10 20:33:53.679  WARN 18120 --- [main] mao.spring_boot_log.Log                  : hello
2022-04-10 20:33:53.679 ERROR 18120 --- [main] mao.spring_boot_log.Log                  : hello
2022-04-10 20:33:53.679 DEBUG 18120 --- [main] mao.spring_boot_log.Log                  : hello
2022-04-10 20:33:53.679  INFO 18120 --- [main] mao.spring_boot_log.Log                  : hello
2022-04-10 20:33:53.679  WARN 18120 --- [main] mao.spring_boot_log.Log                  : hello
2022-04-10 20:33:53.679 ERROR 18120 --- [main] mao.spring_boot_log.Log                  : hello
2022-04-10 20:33:53.679 DEBUG 18120 --- [main] mao.spring_boot_log.Log                  : hello
2022-04-10 20:33:53.679  INFO 18120 --- [main] mao.spring_boot_log.Log                  : hello
2022-04-10 20:33:53.679  WARN 18120 --- [main] mao.spring_boot_log.Log                  : hello
2022-04-10 20:33:53.679 ERROR 18120 --- [main] mao.spring_boot_log.Log                  : hello
2022-04-10 20:33:53.679 DEBUG 18120 --- [main] mao.spring_boot_log.Log                  : hello
2022-04-10 20:33:53.680  INFO 18120 --- [main] mao.spring_boot_log.Log                  : hello
2022-04-10 20:33:53.680  WARN 18120 --- [main] mao.spring_boot_log.Log                  : hello
2022-04-10 20:33:53.680 ERROR 18120 --- [main] mao.spring_boot_log.Log                  : hello
2022-04-10 20:33:53.680 DEBUG 18120 --- [main] mao.spring_boot_log.Log                  : hello
2022-04-10 20:33:53.680  INFO 18120 --- [main] mao.spring_boot_log.Log                  : hello
2022-04-10 20:33:53.680  WARN 18120 --- [main] mao.spring_boot_log.Log                  : hello
2022-04-10 20:33:53.680 ERROR 18120 --- [main] mao.spring_boot_log.Log                  : hello
2022-04-10 20:33:53.680 DEBUG 18120 --- [main] mao.spring_boot_log.Log                  : hello
2022-04-10 20:33:53.680  INFO 18120 --- [main] mao.spring_boot_log.Log                  : hello
2022-04-10 20:33:53.680  WARN 18120 --- [main] mao.spring_boot_log.Log                  : hello
2022-04-10 20:33:53.680 ERROR 18120 --- [main] mao.spring_boot_log.Log                  : hello
2022-04-10 20:33:53.680 DEBUG 18120 --- [main] mao.spring_boot_log.Log                  : hello
2022-04-10 20:33:53.680  INFO 18120 --- [main] mao.spring_boot_log.Log                  : hello
2022-04-10 20:33:53.680  WARN 18120 --- [main] mao.spring_boot_log.Log                  : hello
2022-04-10 20:33:53.680 ERROR 18120 --- [main] mao.spring_boot_log.Log                  : hello
2022-04-10 20:33:53.680 DEBUG 18120 --- [main] mao.spring_boot_log.Log                  : hello
2022-04-10 20:33:53.680  INFO 18120 --- [main] mao.spring_boot_log.Log                  : hello
2022-04-10 20:33:53.680  WARN 18120 --- [main] mao.spring_boot_log.Log                  : hello
2022-04-10 20:33:53.680 ERROR 18120 --- [main] mao.spring_boot_log.Log                  : hello
2022-04-10 20:33:53.680 DEBUG 18120 --- [main] mao.spring_boot_log.Log                  : hello
2022-04-10 20:33:53.680  INFO 18120 --- [main] mao.spring_boot_log.Log                  : hello
2022-04-10 20:33:53.680  WARN 18120 --- [main] mao.spring_boot_log.Log                  : hello
2022-04-10 20:33:53.680 ERROR 18120 --- [main] mao.spring_boot_log.Log                  : hello
2022-04-10 20:33:53.680 DEBUG 18120 --- [main] mao.spring_boot_log.Log                  : hello
2022-04-10 20:33:53.680  INFO 18120 --- [main] mao.spring_boot_log.Log                  : hello
2022-04-10 20:33:53.680  WARN 18120 --- [main] mao.spring_boot_log.Log                  : hello
2022-04-10 20:33:53.680 ERROR 18120 --- [main] mao.spring_boot_log.Log                  : hello
2022-04-10 20:33:53.680 DEBUG 18120 --- [main] mao.spring_boot_log.Log                  : hello
2022-04-10 20:33:53.680  INFO 18120 --- [main] mao.spring_boot_log.Log                  : hello
2022-04-10 20:33:53.680  WARN 18120 --- [main] mao.spring_boot_log.Log                  : hello
2022-04-10 20:33:53.680 ERROR 18120 --- [main] mao.spring_boot_log.Log                  : hello
2022-04-10 20:33:53.680 DEBUG 18120 --- [main] mao.spring_boot_log.Log                  : hello
2022-04-10 20:33:53.680  INFO 18120 --- [main] mao.spring_boot_log.Log                  : hello
2022-04-10 20:33:53.680  WARN 18120 --- [main] mao.spring_boot_log.Log                  : hello
2022-04-10 20:33:53.680 ERROR 18120 --- [main] mao.spring_boot_log.Log                  : hello
2022-04-10 20:33:53.680 DEBUG 18120 --- [main] mao.spring_boot_log.Log                  : hello
2022-04-10 20:33:53.680  INFO 18120 --- [main] mao.spring_boot_log.Log                  : hello
2022-04-10 20:33:53.680  WARN 18120 --- [main] mao.spring_boot_log.Log                  : hello
2022-04-10 20:33:53.681 ERROR 18120 --- [main] mao.spring_boot_log.Log                  : hello
2022-04-10 20:33:53.681 DEBUG 18120 --- [main] mao.spring_boot_log.Log                  : hello
2022-04-10 20:33:53.681  INFO 18120 --- [main] mao.spring_boot_log.Log                  : hello
2022-04-10 20:33:53.681  WARN 18120 --- [main] mao.spring_boot_log.Log                  : hello
2022-04-10 20:33:53.681 ERROR 18120 --- [main] mao.spring_boot_log.Log                  : hello
2022-04-10 20:33:53.681 DEBUG 18120 --- [main] mao.spring_boot_log.Log                  : hello
2022-04-10 20:33:53.681  INFO 18120 --- [main] mao.spring_boot_log.Log                  : hello
2022-04-10 20:33:53.681  WARN 18120 --- [main] mao.spring_boot_log.Log                  : hello
2022-04-10 20:33:53.681 ERROR 18120 --- [main] mao.spring_boot_log.Log                  : hello
2022-04-10 20:33:53.681 DEBUG 18120 --- [main] mao.spring_boot_log.Log                  : hello
2022-04-10 20:33:53.681  INFO 18120 --- [main] mao.spring_boot_log.Log                  : hello
2022-04-10 20:33:53.681  WARN 18120 --- [main] mao.spring_boot_log.Log                  : hello
2022-04-10 20:33:53.681 ERROR 18120 --- [main] mao.spring_boot_log.Log                  : hello
2022-04-10 20:33:53.681 DEBUG 18120 --- [main] mao.spring_boot_log.Log                  : hello
2022-04-10 20:33:53.681  INFO 18120 --- [main] mao.spring_boot_log.Log                  : hello
2022-04-10 20:33:53.681  WARN 18120 --- [main] mao.spring_boot_log.Log                  : hello
2022-04-10 20:33:53.681 ERROR 18120 --- [main] mao.spring_boot_log.Log                  : hello
2022-04-10 20:33:53.681 DEBUG 18120 --- [main] mao.spring_boot_log.Log                  : hello
2022-04-10 20:33:53.681  INFO 18120 --- [main] mao.spring_boot_log.Log                  : hello
2022-04-10 20:33:53.681  WARN 18120 --- [main] mao.spring_boot_log.Log                  : hello
2022-04-10 20:33:53.681 ERROR 18120 --- [main] mao.spring_boot_log.Log                  : hello
2022-04-10 20:33:53.681 DEBUG 18120 --- [main] mao.spring_boot_log.Log                  : hello
2022-04-10 20:33:53.681  INFO 18120 --- [main] mao.spring_boot_log.Log                  : hello
2022-04-10 20:33:53.681  WARN 18120 --- [main] mao.spring_boot_log.Log                  : hello
2022-04-10 20:33:53.681 ERROR 18120 --- [main] mao.spring_boot_log.Log                  : hello
2022-04-10 20:33:53.681 DEBUG 18120 --- [main] mao.spring_boot_log.Log                  : hello
2022-04-10 20:33:53.681  INFO 18120 --- [main] mao.spring_boot_log.Log                  : hello
2022-04-10 20:33:53.681  WARN 18120 --- [main] mao.spring_boot_log.Log                  : hello
2022-04-10 20:33:53.681 ERROR 18120 --- [main] mao.spring_boot_log.Log                  : hello
2022-04-10 20:33:53.681 DEBUG 18120 --- [main] mao.spring_boot_log.Log                  : hello
2022-04-10 20:33:53.681  INFO 18120 --- [main] mao.spring_boot_log.Log                  : hello
2022-04-10 20:33:53.681  WARN 18120 --- [main] mao.spring_boot_log.Log                  : hello
2022-04-10 20:33:53.681 ERROR 18120 --- [main] mao.spring_boot_log.Log                  : hello
2022-04-10 20:33:53.681 DEBUG 18120 --- [main] mao.spring_boot_log.Log                  : hello
2022-04-10 20:33:53.682  INFO 18120 --- [main] mao.spring_boot_log.Log                  : hello
2022-04-10 20:33:53.682  WARN 18120 --- [main] mao.spring_boot_log.Log                  : hello
2022-04-10 20:33:53.682 ERROR 18120 --- [main] mao.spring_boot_log.Log                  : hello
2022-04-10 20:33:53.682 DEBUG 18120 --- [main] mao.spring_boot_log.Log                  : hello
2022-04-10 20:33:53.682  INFO 18120 --- [main] mao.spring_boot_log.Log                  : hello
2022-04-10 20:33:53.682  WARN 18120 --- [main] mao.spring_boot_log.Log                  : hello
2022-04-10 20:33:53.682 ERROR 18120 --- [main] mao.spring_boot_log.Log                  : hello
2022-04-10 20:33:53.682 DEBUG 18120 --- [main] mao.spring_boot_log.Log                  : hello
2022-04-10 20:33:53.682  INFO 18120 --- [main] mao.spring_boot_log.Log                  : hello
2022-04-10 20:33:53.682  WARN 18120 --- [main] mao.spring_boot_log.Log                  : hello
2022-04-10 20:33:53.682 ERROR 18120 --- [main] mao.spring_boot_log.Log                  : hello
2022-04-10 20:33:53.682 DEBUG 18120 --- [main] mao.spring_boot_log.Log                  : hello
2022-04-10 20:33:53.682  INFO 18120 --- [main] mao.spring_boot_log.Log                  : hello
2022-04-10 20:33:53.682  WARN 18120 --- [main] mao.spring_boot_log.Log                  : hello
2022-04-10 20:33:53.682 ERROR 18120 --- [main] mao.spring_boot_log.Log                  : hello
2022-04-10 20:33:53.682 DEBUG 18120 --- [main] mao.spring_boot_log.Log                  : hello
2022-04-10 20:33:53.682  INFO 18120 --- [main] mao.spring_boot_log.Log                  : hello
2022-04-10 20:33:53.682  WARN 18120 --- [main] mao.spring_boot_log.Log                  : hello
2022-04-10 20:33:53.682 ERROR 18120 --- [main] mao.spring_boot_log.Log                  : hello
2022-04-10 20:33:53.682 DEBUG 18120 --- [main] mao.spring_boot_log.Log                  : hello
2022-04-10 20:33:53.682  INFO 18120 --- [main] mao.spring_boot_log.Log                  : hello
2022-04-10 20:33:53.682  WARN 18120 --- [main] mao.spring_boot_log.Log                  : hello
2022-04-10 20:33:53.682 ERROR 18120 --- [main] mao.spring_boot_log.Log                  : hello
2022-04-10 20:33:53.682 DEBUG 18120 --- [main] mao.spring_boot_log.Log                  : hello
2022-04-10 20:33:53.682  INFO 18120 --- [main] mao.spring_boot_log.Log                  : hello
2022-04-10 20:33:53.682  WARN 18120 --- [main] mao.spring_boot_log.Log                  : hello
2022-04-10 20:33:53.682 ERROR 18120 --- [main] mao.spring_boot_log.Log                  : hello
2022-04-10 20:33:53.682 DEBUG 18120 --- [main] mao.spring_boot_log.Log                  : hello
2022-04-10 20:33:53.682  INFO 18120 --- [main] mao.spring_boot_log.Log                  : hello
2022-04-10 20:33:53.682  WARN 18120 --- [main] mao.spring_boot_log.Log                  : hello
2022-04-10 20:33:53.682 ERROR 18120 --- [main] mao.spring_boot_log.Log                  : hello
2022-04-10 20:33:53.682 DEBUG 18120 --- [main] mao.spring_boot_log.Log                  : hello
2022-04-10 20:33:53.682  INFO 18120 --- [main] mao.spring_boot_log.Log                  : hello
2022-04-10 20:33:53.682  WARN 18120 --- [main] mao.spring_boot_log.Log                  : hello
2022-04-10 20:33:53.682 ERROR 18120 --- [main] mao.spring_boot_log.Log                  : hello
2022-04-10 20:33:53.682 DEBUG 18120 --- [main] mao.spring_boot_log.Log                  : hello
2022-04-10 20:33:53.682  INFO 18120 --- [main] mao.spring_boot_log.Log                  : hello
2022-04-10 20:33:53.682  WARN 18120 --- [main] mao.spring_boot_log.Log                  : hello
2022-04-10 20:33:53.682 ERROR 18120 --- [main] mao.spring_boot_log.Log                  : hello
2022-04-10 20:33:53.682 DEBUG 18120 --- [main] mao.spring_boot_log.Log                  : hello
2022-04-10 20:33:53.682  INFO 18120 --- [main] mao.spring_boot_log.Log                  : hello
2022-04-10 20:33:53.682  WARN 18120 --- [main] mao.spring_boot_log.Log                  : hello
2022-04-10 20:33:53.682 ERROR 18120 --- [main] mao.spring_boot_log.Log                  : hello
2022-04-10 20:33:53.682 DEBUG 18120 --- [main] mao.spring_boot_log.Log                  : hello
2022-04-10 20:33:53.683  INFO 18120 --- [main] mao.spring_boot_log.Log                  : hello
2022-04-10 20:33:53.683  WARN 18120 --- [main] mao.spring_boot_log.Log                  : hello
2022-04-10 20:33:53.683 ERROR 18120 --- [main] mao.spring_boot_log.Log                  : hello
2022-04-10 20:33:53.683 DEBUG 18120 --- [main] mao.spring_boot_log.Log                  : hello
2022-04-10 20:33:53.683  INFO 18120 --- [main] mao.spring_boot_log.Log                  : hello
2022-04-10 20:33:53.683  WARN 18120 --- [main] mao.spring_boot_log.Log                  : hello
2022-04-10 20:33:53.683 ERROR 18120 --- [main] mao.spring_boot_log.Log                  : hello
2022-04-10 20:33:53.683 DEBUG 18120 --- [main] mao.spring_boot_log.Log                  : hello
2022-04-10 20:33:53.683  INFO 18120 --- [main] mao.spring_boot_log.Log                  : hello
2022-04-10 20:33:53.683  WARN 18120 --- [main] mao.spring_boot_log.Log                  : hello
2022-04-10 20:33:53.683 ERROR 18120 --- [main] mao.spring_boot_log.Log                  : hello
2022-04-10 20:33:53.683 DEBUG 18120 --- [main] mao.spring_boot_log.Log                  : hello
2022-04-10 20:33:53.683  INFO 18120 --- [main] mao.spring_boot_log.Log                  : hello
2022-04-10 20:33:53.683  WARN 18120 --- [main] mao.spring_boot_log.Log                  : hello
2022-04-10 20:33:53.683 ERROR 18120 --- [main] mao.spring_boot_log.Log                  : hello
2022-04-10 20:33:53.683 DEBUG 18120 --- [main] mao.spring_boot_log.Log                  : hello
2022-04-10 20:33:53.683  INFO 18120 --- [main] mao.spring_boot_log.Log                  : hello
2022-04-10 20:33:53.683  WARN 18120 --- [main] mao.spring_boot_log.Log                  : hello
2022-04-10 20:33:53.683 ERROR 18120 --- [main] mao.spring_boot_log.Log                  : hello
2022-04-10 20:33:53.683 DEBUG 18120 --- [main] mao.spring_boot_log.Log                  : hello
2022-04-10 20:33:53.683  INFO 18120 --- [main] mao.spring_boot_log.Log                  : hello
2022-04-10 20:33:53.683  WARN 18120 --- [main] mao.spring_boot_log.Log                  : hello
2022-04-10 20:33:53.683 ERROR 18120 --- [main] mao.spring_boot_log.Log                  : hello
2022-04-10 20:33:53.683 DEBUG 18120 --- [main] mao.spring_boot_log.Log                  : hello
2022-04-10 20:33:53.683  INFO 18120 --- [main] mao.spring_boot_log.Log                  : hello
2022-04-10 20:33:53.683  WARN 18120 --- [main] mao.spring_boot_log.Log                  : hello
2022-04-10 20:33:53.683 ERROR 18120 --- [main] mao.spring_boot_log.Log                  : hello
2022-04-10 20:33:53.683 DEBUG 18120 --- [main] mao.spring_boot_log.Log                  : hello
2022-04-10 20:33:53.683  INFO 18120 --- [main] mao.spring_boot_log.Log                  : hello
2022-04-10 20:33:53.683  WARN 18120 --- [main] mao.spring_boot_log.Log                  : hello
2022-04-10 20:33:53.683 ERROR 18120 --- [main] mao.spring_boot_log.Log                  : hello
2022-04-10 20:33:53.683 DEBUG 18120 --- [main] mao.spring_boot_log.Log                  : hello
2022-04-10 20:33:53.683  INFO 18120 --- [main] mao.spring_boot_log.Log                  : hello
2022-04-10 20:33:53.683  WARN 18120 --- [main] mao.spring_boot_log.Log                  : hello
2022-04-10 20:33:53.683 ERROR 18120 --- [main] mao.spring_boot_log.Log                  : hello
2022-04-10 20:33:53.683 DEBUG 18120 --- [main] mao.spring_boot_log.Log                  : hello
2022-04-10 20:33:53.684  INFO 18120 --- [main] mao.spring_boot_log.Log                  : hello
2022-04-10 20:33:53.684  WARN 18120 --- [main] mao.spring_boot_log.Log                  : hello
2022-04-10 20:33:53.684 ERROR 18120 --- [main] mao.spring_boot_log.Log                  : hello
2022-04-10 20:33:53.684 DEBUG 18120 --- [main] mao.spring_boot_log.Log                  : hello
2022-04-10 20:33:53.684  INFO 18120 --- [main] mao.spring_boot_log.Log                  : hello
2022-04-10 20:33:53.684  WARN 18120 --- [main] mao.spring_boot_log.Log                  : hello
2022-04-10 20:33:53.684 ERROR 18120 --- [main] mao.spring_boot_log.Log                  : hello
2022-04-10 20:33:53.684 DEBUG 18120 --- [main] mao.spring_boot_log.Log                  : hello
2022-04-10 20:33:53.684  INFO 18120 --- [main] mao.spring_boot_log.Log                  : hello
2022-04-10 20:33:53.684  WARN 18120 --- [main] mao.spring_boot_log.Log                  : hello
2022-04-10 20:33:53.684 ERROR 18120 --- [main] mao.spring_boot_log.Log                  : hello
2022-04-10 20:33:53.684 DEBUG 18120 --- [main] mao.spring_boot_log.Log                  : hello
2022-04-10 20:33:53.684  INFO 18120 --- [main] mao.spring_boot_log.Log                  : hello
2022-04-10 20:33:53.684  WARN 18120 --- [main] mao.spring_boot_log.Log                  : hello
2022-04-10 20:33:53.684 ERROR 18120 --- [main] mao.spring_boot_log.Log                  : hello
2022-04-10 20:33:53.684 DEBUG 18120 --- [main] mao.spring_boot_log.Log                  : hello
2022-04-10 20:33:53.684  INFO 18120 --- [main] mao.spring_boot_log.Log                  : hello
2022-04-10 20:33:53.684  WARN 18120 --- [main] mao.spring_boot_log.Log                  : hello
2022-04-10 20:33:53.684 ERROR 18120 --- [main] mao.spring_boot_log.Log                  : hello
2022-04-10 20:33:53.684 DEBUG 18120 --- [main] mao.spring_boot_log.Log                  : hello
2022-04-10 20:33:53.684  INFO 18120 --- [main] mao.spring_boot_log.Log                  : hello
2022-04-10 20:33:53.684  WARN 18120 --- [main] mao.spring_boot_log.Log                  : hello
2022-04-10 20:33:53.684 ERROR 18120 --- [main] mao.spring_boot_log.Log                  : hello
2022-04-10 20:33:53.684 DEBUG 18120 --- [main] mao.spring_boot_log.Log                  : hello
2022-04-10 20:33:53.684  INFO 18120 --- [main] mao.spring_boot_log.Log                  : hello
2022-04-10 20:33:53.684  WARN 18120 --- [main] mao.spring_boot_log.Log                  : hello
2022-04-10 20:33:53.684 ERROR 18120 --- [main] mao.spring_boot_log.Log                  : hello
2022-04-10 20:33:53.684 DEBUG 18120 --- [main] mao.spring_boot_log.Log                  : hello
2022-04-10 20:33:53.685  INFO 18120 --- [main] mao.spring_boot_log.Log                  : hello
2022-04-10 20:33:53.685  WARN 18120 --- [main] mao.spring_boot_log.Log                  : hello
2022-04-10 20:33:53.685 ERROR 18120 --- [main] mao.spring_boot_log.Log                  : hello
2022-04-10 20:33:53.685 DEBUG 18120 --- [main] mao.spring_boot_log.Log                  : hello
2022-04-10 20:33:53.685  INFO 18120 --- [main] mao.spring_boot_log.Log                  : hello
2022-04-10 20:33:53.685  WARN 18120 --- [main] mao.spring_boot_log.Log                  : hello
2022-04-10 20:33:53.685 ERROR 18120 --- [main] mao.spring_boot_log.Log                  : hello
2022-04-10 20:33:53.685 DEBUG 18120 --- [main] mao.spring_boot_log.Log                  : hello
2022-04-10 20:33:53.685  INFO 18120 --- [main] mao.spring_boot_log.Log                  : hello
2022-04-10 20:33:53.685  WARN 18120 --- [main] mao.spring_boot_log.Log                  : hello
2022-04-10 20:33:53.685 ERROR 18120 --- [main] mao.spring_boot_log.Log                  : hello
2022-04-10 20:33:53.685 DEBUG 18120 --- [main] mao.spring_boot_log.Log                  : hello
2022-04-10 20:33:53.685  INFO 18120 --- [main] mao.spring_boot_log.Log                  : hello
2022-04-10 20:33:53.685  WARN 18120 --- [main] mao.spring_boot_log.Log                  : hello
2022-04-10 20:33:53.685 ERROR 18120 --- [main] mao.spring_boot_log.Log                  : hello
2022-04-10 20:33:53.685 DEBUG 18120 --- [main] mao.spring_boot_log.Log                  : hello
2022-04-10 20:33:53.685  INFO 18120 --- [main] mao.spring_boot_log.Log                  : hello
2022-04-10 20:33:53.685  WARN 18120 --- [main] mao.spring_boot_log.Log                  : hello
2022-04-10 20:33:53.685 ERROR 18120 --- [main] mao.spring_boot_log.Log                  : hello
2022-04-10 20:33:53.685 DEBUG 18120 --- [main] mao.spring_boot_log.Log                  : hello
2022-04-10 20:33:53.685  INFO 18120 --- [main] mao.spring_boot_log.Log                  : hello
2022-04-10 20:33:53.685  WARN 18120 --- [main] mao.spring_boot_log.Log                  : hello
2022-04-10 20:33:53.685 ERROR 18120 --- [main] mao.spring_boot_log.Log                  : hello
2022-04-10 20:33:53.685 DEBUG 18120 --- [main] mao.spring_boot_log.Log                  : hello
2022-04-10 20:33:53.685  INFO 18120 --- [main] mao.spring_boot_log.Log                  : hello
2022-04-10 20:33:53.685  WARN 18120 --- [main] mao.spring_boot_log.Log                  : hello
2022-04-10 20:33:53.685 ERROR 18120 --- [main] mao.spring_boot_log.Log                  : hello
2022-04-10 20:33:53.685 DEBUG 18120 --- [main] mao.spring_boot_log.Log                  : hello
2022-04-10 20:33:53.685  INFO 18120 --- [main] mao.spring_boot_log.Log                  : hello
2022-04-10 20:33:53.685  WARN 18120 --- [main] mao.spring_boot_log.Log                  : hello
2022-04-10 20:33:53.685 ERROR 18120 --- [main] mao.spring_boot_log.Log                  : hello
2022-04-10 20:33:53.685 DEBUG 18120 --- [main] mao.spring_boot_log.Log                  : hello
2022-04-10 20:33:53.685  INFO 18120 --- [main] mao.spring_boot_log.Log                  : hello
2022-04-10 20:33:53.685  WARN 18120 --- [main] mao.spring_boot_log.Log                  : hello
2022-04-10 20:33:53.685 ERROR 18120 --- [main] mao.spring_boot_log.Log                  : hello
2022-04-10 20:33:53.685 DEBUG 18120 --- [main] mao.spring_boot_log.Log                  : hello
2022-04-10 20:33:53.685  INFO 18120 --- [main] mao.spring_boot_log.Log                  : hello
2022-04-10 20:33:53.685  WARN 18120 --- [main] mao.spring_boot_log.Log                  : hello
2022-04-10 20:33:53.685 ERROR 18120 --- [main] mao.spring_boot_log.Log                  : hello
2022-04-10 20:33:53.686 DEBUG 18120 --- [main] mao.spring_boot_log.Log                  : hello
2022-04-10 20:33:53.686  INFO 18120 --- [main] mao.spring_boot_log.Log                  : hello
2022-04-10 20:33:53.686  WARN 18120 --- [main] mao.spring_boot_log.Log                  : hello
2022-04-10 20:33:53.686 ERROR 18120 --- [main] mao.spring_boot_log.Log                  : hello
2022-04-10 20:33:53.686 DEBUG 18120 --- [main] mao.spring_boot_log.Log                  : hello
2022-04-10 20:33:53.686  INFO 18120 --- [main] mao.spring_boot_log.Log                  : hello
2022-04-10 20:33:53.686  WARN 18120 --- [main] mao.spring_boot_log.Log                  : hello
2022-04-10 20:33:53.686 ERROR 18120 --- [main] mao.spring_boot_log.Log                  : hello
2022-04-10 20:33:53.686 DEBUG 18120 --- [main] mao.spring_boot_log.Log                  : hello
2022-04-10 20:33:53.686  INFO 18120 --- [main] mao.spring_boot_log.Log                  : hello
2022-04-10 20:33:53.686  WARN 18120 --- [main] mao.spring_boot_log.Log                  : hello
2022-04-10 20:33:53.686 ERROR 18120 --- [main] mao.spring_boot_log.Log                  : hello
2022-04-10 20:33:53.686 DEBUG 18120 --- [main] mao.spring_boot_log.Log                  : hello
2022-04-10 20:33:53.686  INFO 18120 --- [main] mao.spring_boot_log.Log                  : hello
2022-04-10 20:33:53.686  WARN 18120 --- [main] mao.spring_boot_log.Log                  : hello
2022-04-10 20:33:53.686 ERROR 18120 --- [main] mao.spring_boot_log.Log                  : hello
2022-04-10 20:33:53.686 DEBUG 18120 --- [main] mao.spring_boot_log.Log                  : hello
2022-04-10 20:33:53.686  INFO 18120 --- [main] mao.spring_boot_log.Log                  : hello
2022-04-10 20:33:53.686  WARN 18120 --- [main] mao.spring_boot_log.Log                  : hello
2022-04-10 20:33:53.686 ERROR 18120 --- [main] mao.spring_boot_log.Log                  : hello
2022-04-10 20:33:53.686 DEBUG 18120 --- [main] mao.spring_boot_log.Log                  : hello
2022-04-10 20:33:53.686  INFO 18120 --- [main] mao.spring_boot_log.Log                  : hello
2022-04-10 20:33:53.686  WARN 18120 --- [main] mao.spring_boot_log.Log                  : hello
2022-04-10 20:33:53.686 ERROR 18120 --- [main] mao.spring_boot_log.Log                  : hello
2022-04-10 20:33:53.686 DEBUG 18120 --- [main] mao.spring_boot_log.Log                  : hello
2022-04-10 20:33:53.686  INFO 18120 --- [main] mao.spring_boot_log.Log                  : hello
2022-04-10 20:33:53.686  WARN 18120 --- [main] mao.spring_boot_log.Log                  : hello
2022-04-10 20:33:53.686 ERROR 18120 --- [main] mao.spring_boot_log.Log                  : hello
2022-04-10 20:33:53.686 DEBUG 18120 --- [main] mao.spring_boot_log.Log                  : hello
2022-04-10 20:33:53.686  INFO 18120 --- [main] mao.spring_boot_log.Log                  : hello
2022-04-10 20:33:53.686  WARN 18120 --- [main] mao.spring_boot_log.Log                  : hello
2022-04-10 20:33:53.686 ERROR 18120 --- [main] mao.spring_boot_log.Log                  : hello
2022-04-10 20:33:53.686 DEBUG 18120 --- [main] mao.spring_boot_log.Log                  : hello
2022-04-10 20:33:53.686  INFO 18120 --- [main] mao.spring_boot_log.Log                  : hello
2022-04-10 20:33:53.686  WARN 18120 --- [main] mao.spring_boot_log.Log                  : hello
2022-04-10 20:33:53.686 ERROR 18120 --- [main] mao.spring_boot_log.Log                  : hello
2022-04-10 20:33:53.686 DEBUG 18120 --- [main] mao.spring_boot_log.Log                  : hello
2022-04-10 20:33:53.686  INFO 18120 --- [main] mao.spring_boot_log.Log                  : hello
2022-04-10 20:33:53.686  WARN 18120 --- [main] mao.spring_boot_log.Log                  : hello
2022-04-10 20:33:53.686 ERROR 18120 --- [main] mao.spring_boot_log.Log                  : hello
2022-04-10 20:33:53.686 DEBUG 18120 --- [main] mao.spring_boot_log.Log                  : hello
2022-04-10 20:33:53.686  INFO 18120 --- [main] mao.spring_boot_log.Log                  : hello
2022-04-10 20:33:53.686  WARN 18120 --- [main] mao.spring_boot_log.Log                  : hello
2022-04-10 20:33:53.686 ERROR 18120 --- [main] mao.spring_boot_log.Log                  : hello
2022-04-10 20:33:53.686 DEBUG 18120 --- [main] mao.spring_boot_log.Log                  : hello
2022-04-10 20:33:53.686  INFO 18120 --- [main] mao.spring_boot_log.Log                  : hello
2022-04-10 20:33:53.686  WARN 18120 --- [main] mao.spring_boot_log.Log                  : hello
2022-04-10 20:33:53.686 ERROR 18120 --- [main] mao.spring_boot_log.Log                  : hello
2022-04-10 20:33:53.686 DEBUG 18120 --- [main] mao.spring_boot_log.Log                  : hello
2022-04-10 20:33:53.686  INFO 18120 --- [main] mao.spring_boot_log.Log                  : hello
2022-04-10 20:33:53.687  WARN 18120 --- [main] mao.spring_boot_log.Log                  : hello
2022-04-10 20:33:53.687 ERROR 18120 --- [main] mao.spring_boot_log.Log                  : hello
2022-04-10 20:33:53.687 DEBUG 18120 --- [main] mao.spring_boot_log.Log                  : hello
2022-04-10 20:33:53.687  INFO 18120 --- [main] mao.spring_boot_log.Log                  : hello
2022-04-10 20:33:53.687  WARN 18120 --- [main] mao.spring_boot_log.Log                  : hello
2022-04-10 20:33:53.687 ERROR 18120 --- [main] mao.spring_boot_log.Log                  : hello
2022-04-10 20:33:53.687 DEBUG 18120 --- [main] mao.spring_boot_log.Log                  : hello
2022-04-10 20:33:53.687  INFO 18120 --- [main] mao.spring_boot_log.Log                  : hello
2022-04-10 20:33:53.687  WARN 18120 --- [main] mao.spring_boot_log.Log                  : hello
2022-04-10 20:33:53.687 ERROR 18120 --- [main] mao.spring_boot_log.Log                  : hello
2022-04-10 20:33:53.687 DEBUG 18120 --- [main] mao.spring_boot_log.Log                  : hello
2022-04-10 20:33:53.687  INFO 18120 --- [main] mao.spring_boot_log.Log                  : hello
2022-04-10 20:33:53.687  WARN 18120 --- [main] mao.spring_boot_log.Log                  : hello
2022-04-10 20:33:53.687 ERROR 18120 --- [main] mao.spring_boot_log.Log                  : hello
2022-04-10 20:33:53.687 DEBUG 18120 --- [main] mao.spring_boot_log.Log                  : hello
2022-04-10 20:33:53.687  INFO 18120 --- [main] mao.spring_boot_log.Log                  : hello
2022-04-10 20:33:53.687  WARN 18120 --- [main] mao.spring_boot_log.Log                  : hello
2022-04-10 20:33:53.687 ERROR 18120 --- [main] mao.spring_boot_log.Log                  : hello
2022-04-10 20:33:53.687 DEBUG 18120 --- [main] mao.spring_boot_log.Log                  : hello
2022-04-10 20:33:53.687  INFO 18120 --- [main] mao.spring_boot_log.Log                  : hello
2022-04-10 20:33:53.687  WARN 18120 --- [main] mao.spring_boot_log.Log                  : hello
2022-04-10 20:33:53.687 ERROR 18120 --- [main] mao.spring_boot_log.Log                  : hello
2022-04-10 20:33:53.687 DEBUG 18120 --- [main] mao.spring_boot_log.Log                  : hello
2022-04-10 20:33:53.687  INFO 18120 --- [main] mao.spring_boot_log.Log                  : hello
2022-04-10 20:33:53.687  WARN 18120 --- [main] mao.spring_boot_log.Log                  : hello
2022-04-10 20:33:53.687 ERROR 18120 --- [main] mao.spring_boot_log.Log                  : hello
2022-04-10 20:33:53.687 DEBUG 18120 --- [main] mao.spring_boot_log.Log                  : hello
2022-04-10 20:33:53.687  INFO 18120 --- [main] mao.spring_boot_log.Log                  : hello
2022-04-10 20:33:53.687  WARN 18120 --- [main] mao.spring_boot_log.Log                  : hello
2022-04-10 20:33:53.687 ERROR 18120 --- [main] mao.spring_boot_log.Log                  : hello
2022-04-10 20:33:53.687 DEBUG 18120 --- [main] mao.spring_boot_log.Log                  : hello
2022-04-10 20:33:53.687  INFO 18120 --- [main] mao.spring_boot_log.Log                  : hello
2022-04-10 20:33:53.687  WARN 18120 --- [main] mao.spring_boot_log.Log                  : hello
2022-04-10 20:33:53.687 ERROR 18120 --- [main] mao.spring_boot_log.Log                  : hello
2022-04-10 20:33:53.687 DEBUG 18120 --- [main] mao.spring_boot_log.Log                  : hello
2022-04-10 20:33:53.687  INFO 18120 --- [main] mao.spring_boot_log.Log                  : hello
2022-04-10 20:33:53.687  WARN 18120 --- [main] mao.spring_boot_log.Log                  : hello
2022-04-10 20:33:53.687 ERROR 18120 --- [main] mao.spring_boot_log.Log                  : hello
2022-04-10 20:33:53.687 DEBUG 18120 --- [main] mao.spring_boot_log.Log                  : hello
2022-04-10 20:33:53.687  INFO 18120 --- [main] mao.spring_boot_log.Log                  : hello
2022-04-10 20:33:53.687  WARN 18120 --- [main] mao.spring_boot_log.Log                  : hello
2022-04-10 20:33:53.688 ERROR 18120 --- [main] mao.spring_boot_log.Log                  : hello
2022-04-10 20:33:53.688 DEBUG 18120 --- [main] mao.spring_boot_log.Log                  : hello
2022-04-10 20:33:53.688  INFO 18120 --- [main] mao.spring_boot_log.Log                  : hello
2022-04-10 20:33:53.688  WARN 18120 --- [main] mao.spring_boot_log.Log                  : hello
2022-04-10 20:33:53.688 ERROR 18120 --- [main] mao.spring_boot_log.Log                  : hello
2022-04-10 20:33:53.688 DEBUG 18120 --- [main] mao.spring_boot_log.Log                  : hello
2022-04-10 20:33:53.688  INFO 18120 --- [main] mao.spring_boot_log.Log                  : hello
2022-04-10 20:33:53.688  WARN 18120 --- [main] mao.spring_boot_log.Log                  : hello
2022-04-10 20:33:53.688 ERROR 18120 --- [main] mao.spring_boot_log.Log                  : hello
2022-04-10 20:33:53.688 DEBUG 18120 --- [main] mao.spring_boot_log.Log                  : hello
2022-04-10 20:33:53.688  INFO 18120 --- [main] mao.spring_boot_log.Log                  : hello
2022-04-10 20:33:53.688  WARN 18120 --- [main] mao.spring_boot_log.Log                  : hello
2022-04-10 20:33:53.688 ERROR 18120 --- [main] mao.spring_boot_log.Log                  : hello
2022-04-10 20:33:53.688 DEBUG 18120 --- [main] mao.spring_boot_log.Log                  : hello
2022-04-10 20:33:53.688  INFO 18120 --- [main] mao.spring_boot_log.Log                  : hello
2022-04-10 20:33:53.688  WARN 18120 --- [main] mao.spring_boot_log.Log                  : hello
2022-04-10 20:33:53.688 ERROR 18120 --- [main] mao.spring_boot_log.Log                  : hello
2022-04-10 20:33:53.688 DEBUG 18120 --- [main] mao.spring_boot_log.Log                  : hello
2022-04-10 20:33:53.688  INFO 18120 --- [main] mao.spring_boot_log.Log                  : hello
2022-04-10 20:33:53.688  WARN 18120 --- [main] mao.spring_boot_log.Log                  : hello
2022-04-10 20:33:53.688 ERROR 18120 --- [main] mao.spring_boot_log.Log                  : hello
2022-04-10 20:33:53.688 DEBUG 18120 --- [main] mao.spring_boot_log.Log                  : hello
2022-04-10 20:33:53.688  INFO 18120 --- [main] mao.spring_boot_log.Log                  : hello
2022-04-10 20:33:53.688  WARN 18120 --- [main] mao.spring_boot_log.Log                  : hello
2022-04-10 20:33:53.688 ERROR 18120 --- [main] mao.spring_boot_log.Log                  : hello
2022-04-10 20:33:53.688 DEBUG 18120 --- [main] mao.spring_boot_log.Log                  : hello
2022-04-10 20:33:53.688  INFO 18120 --- [main] mao.spring_boot_log.Log                  : hello
2022-04-10 20:33:53.688  WARN 18120 --- [main] mao.spring_boot_log.Log                  : hello
2022-04-10 20:33:53.688 ERROR 18120 --- [main] mao.spring_boot_log.Log                  : hello
2022-04-10 20:33:53.688 DEBUG 18120 --- [main] mao.spring_boot_log.Log                  : hello
2022-04-10 20:33:53.688  INFO 18120 --- [main] mao.spring_boot_log.Log                  : hello
2022-04-10 20:33:53.688  WARN 18120 --- [main] mao.spring_boot_log.Log                  : hello
2022-04-10 20:33:53.688 ERROR 18120 --- [main] mao.spring_boot_log.Log                  : hello
2022-04-10 20:33:53.688 DEBUG 18120 --- [main] mao.spring_boot_log.Log                  : hello
2022-04-10 20:33:53.688  INFO 18120 --- [main] mao.spring_boot_log.Log                  : hello
2022-04-10 20:33:53.688  WARN 18120 --- [main] mao.spring_boot_log.Log                  : hello
2022-04-10 20:33:53.688 ERROR 18120 --- [main] mao.spring_boot_log.Log                  : hello
2022-04-10 20:33:53.688 DEBUG 18120 --- [main] mao.spring_boot_log.Log                  : hello
2022-04-10 20:33:53.688  INFO 18120 --- [main] mao.spring_boot_log.Log                  : hello
2022-04-10 20:33:53.688  WARN 18120 --- [main] mao.spring_boot_log.Log                  : hello
2022-04-10 20:33:53.688 ERROR 18120 --- [main] mao.spring_boot_log.Log                  : hello
2022-04-10 20:33:53.688 DEBUG 18120 --- [main] mao.spring_boot_log.Log                  : hello
2022-04-10 20:33:53.688  INFO 18120 --- [main] mao.spring_boot_log.Log                  : hello
2022-04-10 20:33:53.688  WARN 18120 --- [main] mao.spring_boot_log.Log                  : hello
2022-04-10 20:33:53.688 ERROR 18120 --- [main] mao.spring_boot_log.Log                  : hello
2022-04-10 20:33:53.688 DEBUG 18120 --- [main] mao.spring_boot_log.Log                  : hello
2022-04-10 20:33:53.689  INFO 18120 --- [main] mao.spring_boot_log.Log                  : hello
2022-04-10 20:33:53.689  WARN 18120 --- [main] mao.spring_boot_log.Log                  : hello
2022-04-10 20:33:53.689 ERROR 18120 --- [main] mao.spring_boot_log.Log                  : hello
2022-04-10 20:33:53.689 DEBUG 18120 --- [main] mao.spring_boot_log.Log                  : hello
2022-04-10 20:33:53.689  INFO 18120 --- [main] mao.spring_boot_log.Log                  : hello
2022-04-10 20:33:53.689  WARN 18120 --- [main] mao.spring_boot_log.Log                  : hello
2022-04-10 20:33:53.689 ERROR 18120 --- [main] mao.spring_boot_log.Log                  : hello
2022-04-10 20:33:53.689 DEBUG 18120 --- [main] mao.spring_boot_log.Log                  : hello
2022-04-10 20:33:53.689  INFO 18120 --- [main] mao.spring_boot_log.Log                  : hello
2022-04-10 20:33:53.689  WARN 18120 --- [main] mao.spring_boot_log.Log                  : hello
2022-04-10 20:33:53.689 ERROR 18120 --- [main] mao.spring_boot_log.Log                  : hello
2022-04-10 20:33:53.689 DEBUG 18120 --- [main] mao.spring_boot_log.Log                  : hello
2022-04-10 20:33:53.689  INFO 18120 --- [main] mao.spring_boot_log.Log                  : hello
2022-04-10 20:33:53.689  WARN 18120 --- [main] mao.spring_boot_log.Log                  : hello
2022-04-10 20:33:53.689 ERROR 18120 --- [main] mao.spring_boot_log.Log                  : hello
2022-04-10 20:33:53.689 DEBUG 18120 --- [main] mao.spring_boot_log.Log                  : hello
2022-04-10 20:33:53.689  INFO 18120 --- [main] mao.spring_boot_log.Log                  : hello
2022-04-10 20:33:53.689  WARN 18120 --- [main] mao.spring_boot_log.Log                  : hello
2022-04-10 20:33:53.689 ERROR 18120 --- [main] mao.spring_boot_log.Log                  : hello
2022-04-10 20:33:53.689 DEBUG 18120 --- [main] mao.spring_boot_log.Log                  : hello
2022-04-10 20:33:53.689  INFO 18120 --- [main] mao.spring_boot_log.Log                  : hello
2022-04-10 20:33:53.689  WARN 18120 --- [main] mao.spring_boot_log.Log                  : hello
2022-04-10 20:33:53.689 ERROR 18120 --- [main] mao.spring_boot_log.Log                  : hello
2022-04-10 20:33:53.689 DEBUG 18120 --- [main] mao.spring_boot_log.Log                  : hello
2022-04-10 20:33:53.689  INFO 18120 --- [main] mao.spring_boot_log.Log                  : hello
2022-04-10 20:33:53.689  WARN 18120 --- [main] mao.spring_boot_log.Log                  : hello
2022-04-10 20:33:53.689 ERROR 18120 --- [main] mao.spring_boot_log.Log                  : hello
2022-04-10 20:33:53.689 DEBUG 18120 --- [main] mao.spring_boot_log.Log                  : hello
2022-04-10 20:33:53.689  INFO 18120 --- [main] mao.spring_boot_log.Log                  : hello
2022-04-10 20:33:53.689  WARN 18120 --- [main] mao.spring_boot_log.Log                  : hello
2022-04-10 20:33:53.689 ERROR 18120 --- [main] mao.spring_boot_log.Log                  : hello
2022-04-10 20:33:53.689 DEBUG 18120 --- [main] mao.spring_boot_log.Log                  : hello
2022-04-10 20:33:53.689  INFO 18120 --- [main] mao.spring_boot_log.Log                  : hello
2022-04-10 20:33:53.689  WARN 18120 --- [main] mao.spring_boot_log.Log                  : hello
2022-04-10 20:33:53.689 ERROR 18120 --- [main] mao.spring_boot_log.Log                  : hello
2022-04-10 20:33:53.689 DEBUG 18120 --- [main] mao.spring_boot_log.Log                  : hello
2022-04-10 20:33:53.689  INFO 18120 --- [main] mao.spring_boot_log.Log                  : hello
2022-04-10 20:33:53.689  WARN 18120 --- [main] mao.spring_boot_log.Log                  : hello
2022-04-10 20:33:53.689 ERROR 18120 --- [main] mao.spring_boot_log.Log                  : hello
2022-04-10 20:33:53.689 DEBUG 18120 --- [main] mao.spring_boot_log.Log                  : hello
2022-04-10 20:33:53.689  INFO 18120 --- [main] mao.spring_boot_log.Log                  : hello
2022-04-10 20:33:53.689  WARN 18120 --- [main] mao.spring_boot_log.Log                  : hello
2022-04-10 20:33:53.689 ERROR 18120 --- [main] mao.spring_boot_log.Log                  : hello
2022-04-10 20:33:53.689 DEBUG 18120 --- [main] mao.spring_boot_log.Log                  : hello
2022-04-10 20:33:53.689  INFO 18120 --- [main] mao.spring_boot_log.Log                  : hello
2022-04-10 20:33:53.689  WARN 18120 --- [main] mao.spring_boot_log.Log                  : hello
2022-04-10 20:33:53.689 ERROR 18120 --- [main] mao.spring_boot_log.Log                  : hello
2022-04-10 20:33:53.690 DEBUG 18120 --- [main] mao.spring_boot_log.Log                  : hello
2022-04-10 20:33:53.690  INFO 18120 --- [main] mao.spring_boot_log.Log                  : hello
2022-04-10 20:33:53.690  WARN 18120 --- [main] mao.spring_boot_log.Log                  : hello
2022-04-10 20:33:53.690 ERROR 18120 --- [main] mao.spring_boot_log.Log                  : hello
2022-04-10 20:33:53.690 DEBUG 18120 --- [main] mao.spring_boot_log.Log                  : hello
2022-04-10 20:33:53.690  INFO 18120 --- [main] mao.spring_boot_log.Log                  : hello
2022-04-10 20:33:53.690  WARN 18120 --- [main] mao.spring_boot_log.Log                  : hello
2022-04-10 20:33:53.690 ERROR 18120 --- [main] mao.spring_boot_log.Log                  : hello
2022-04-10 20:33:53.690 DEBUG 18120 --- [main] mao.spring_boot_log.Log                  : hello
2022-04-10 20:33:53.690  INFO 18120 --- [main] mao.spring_boot_log.Log                  : hello
2022-04-10 20:33:53.690  WARN 18120 --- [main] mao.spring_boot_log.Log                  : hello
2022-04-10 20:33:53.690 ERROR 18120 --- [main] mao.spring_boot_log.Log                  : hello
2022-04-10 20:33:53.690 DEBUG 18120 --- [main] mao.spring_boot_log.Log                  : hello
2022-04-10 20:33:53.690  INFO 18120 --- [main] mao.spring_boot_log.Log                  : hello
2022-04-10 20:33:53.690  WARN 18120 --- [main] mao.spring_boot_log.Log                  : hello
2022-04-10 20:33:53.690 ERROR 18120 --- [main] mao.spring_boot_log.Log                  : hello
2022-04-10 20:33:53.690 DEBUG 18120 --- [main] mao.spring_boot_log.Log                  : hello
2022-04-10 20:33:53.690  INFO 18120 --- [main] mao.spring_boot_log.Log                  : hello
2022-04-10 20:33:53.690  WARN 18120 --- [main] mao.spring_boot_log.Log                  : hello
2022-04-10 20:33:53.690 ERROR 18120 --- [main] mao.spring_boot_log.Log                  : hello
2022-04-10 20:33:53.690 DEBUG 18120 --- [main] mao.spring_boot_log.Log                  : hello
2022-04-10 20:33:53.690  INFO 18120 --- [main] mao.spring_boot_log.Log                  : hello
2022-04-10 20:33:53.690  WARN 18120 --- [main] mao.spring_boot_log.Log                  : hello
2022-04-10 20:33:53.690 ERROR 18120 --- [main] mao.spring_boot_log.Log                  : hello
2022-04-10 20:33:53.690 DEBUG 18120 --- [main] mao.spring_boot_log.Log                  : hello
2022-04-10 20:33:53.690  INFO 18120 --- [main] mao.spring_boot_log.Log                  : hello
2022-04-10 20:33:53.690  WARN 18120 --- [main] mao.spring_boot_log.Log                  : hello
2022-04-10 20:33:53.690 ERROR 18120 --- [main] mao.spring_boot_log.Log                  : hello
2022-04-10 20:33:53.690 DEBUG 18120 --- [main] mao.spring_boot_log.Log                  : hello
2022-04-10 20:33:53.690  INFO 18120 --- [main] mao.spring_boot_log.Log                  : hello
2022-04-10 20:33:53.690  WARN 18120 --- [main] mao.spring_boot_log.Log                  : hello
2022-04-10 20:33:53.690 ERROR 18120 --- [main] mao.spring_boot_log.Log                  : hello
2022-04-10 20:33:53.690 DEBUG 18120 --- [main] mao.spring_boot_log.Log                  : hello
2022-04-10 20:33:53.690  INFO 18120 --- [main] mao.spring_boot_log.Log                  : hello
2022-04-10 20:33:53.690  WARN 18120 --- [main] mao.spring_boot_log.Log                  : hello
2022-04-10 20:33:53.690 ERROR 18120 --- [main] mao.spring_boot_log.Log                  : hello
2022-04-10 20:33:53.690 DEBUG 18120 --- [main] mao.spring_boot_log.Log                  : hello
2022-04-10 20:33:53.691  INFO 18120 --- [main] mao.spring_boot_log.Log                  : hello
2022-04-10 20:33:53.691  WARN 18120 --- [main] mao.spring_boot_log.Log                  : hello
2022-04-10 20:33:53.691 ERROR 18120 --- [main] mao.spring_boot_log.Log                  : hello
2022-04-10 20:33:53.691 DEBUG 18120 --- [main] mao.spring_boot_log.Log                  : hello
2022-04-10 20:33:53.691  INFO 18120 --- [main] mao.spring_boot_log.Log                  : hello
2022-04-10 20:33:53.691  WARN 18120 --- [main] mao.spring_boot_log.Log                  : hello
2022-04-10 20:33:53.691 ERROR 18120 --- [main] mao.spring_boot_log.Log                  : hello
2022-04-10 20:33:53.691 DEBUG 18120 --- [main] mao.spring_boot_log.Log                  : hello
2022-04-10 20:33:53.691  INFO 18120 --- [main] mao.spring_boot_log.Log                  : hello
2022-04-10 20:33:53.691  WARN 18120 --- [main] mao.spring_boot_log.Log                  : hello
2022-04-10 20:33:53.691 ERROR 18120 --- [main] mao.spring_boot_log.Log                  : hello
2022-04-10 20:33:53.691 DEBUG 18120 --- [main] mao.spring_boot_log.Log                  : hello
2022-04-10 20:33:53.691  INFO 18120 --- [main] mao.spring_boot_log.Log                  : hello
2022-04-10 20:33:53.691  WARN 18120 --- [main] mao.spring_boot_log.Log                  : hello
2022-04-10 20:33:53.691 ERROR 18120 --- [main] mao.spring_boot_log.Log                  : hello
2022-04-10 20:33:53.691 DEBUG 18120 --- [main] mao.spring_boot_log.Log                  : hello
2022-04-10 20:33:53.691  INFO 18120 --- [main] mao.spring_boot_log.Log                  : hello
2022-04-10 20:33:53.691  WARN 18120 --- [main] mao.spring_boot_log.Log                  : hello
2022-04-10 20:33:53.691 ERROR 18120 --- [main] mao.spring_boot_log.Log                  : hello
2022-04-10 20:33:53.691 DEBUG 18120 --- [main] mao.spring_boot_log.Log                  : hello
2022-04-10 20:33:53.691  INFO 18120 --- [main] mao.spring_boot_log.Log                  : hello
2022-04-10 20:33:53.691  WARN 18120 --- [main] mao.spring_boot_log.Log                  : hello
2022-04-10 20:33:53.691 ERROR 18120 --- [main] mao.spring_boot_log.Log                  : hello
2022-04-10 20:33:53.691 DEBUG 18120 --- [main] mao.spring_boot_log.Log                  : hello
2022-04-10 20:33:53.691  INFO 18120 --- [main] mao.spring_boot_log.Log                  : hello
2022-04-10 20:33:53.691  WARN 18120 --- [main] mao.spring_boot_log.Log                  : hello
2022-04-10 20:33:53.691 ERROR 18120 --- [main] mao.spring_boot_log.Log                  : hello
2022-04-10 20:33:53.691 DEBUG 18120 --- [main] mao.spring_boot_log.Log                  : hello
2022-04-10 20:33:53.691  INFO 18120 --- [main] mao.spring_boot_log.Log                  : hello
2022-04-10 20:33:53.691  WARN 18120 --- [main] mao.spring_boot_log.Log                  : hello
2022-04-10 20:33:53.691 ERROR 18120 --- [main] mao.spring_boot_log.Log                  : hello
2022-04-10 20:33:53.691 DEBUG 18120 --- [main] mao.spring_boot_log.Log                  : hello
2022-04-10 20:33:53.691  INFO 18120 --- [main] mao.spring_boot_log.Log                  : hello
2022-04-10 20:33:53.691  WARN 18120 --- [main] mao.spring_boot_log.Log                  : hello
2022-04-10 20:33:53.691 ERROR 18120 --- [main] mao.spring_boot_log.Log                  : hello
2022-04-10 20:33:53.692 DEBUG 18120 --- [main] mao.spring_boot_log.Log                  : hello
2022-04-10 20:33:53.692  INFO 18120 --- [main] mao.spring_boot_log.Log                  : hello
2022-04-10 20:33:53.692  WARN 18120 --- [main] mao.spring_boot_log.Log                  : hello
2022-04-10 20:33:53.692 ERROR 18120 --- [main] mao.spring_boot_log.Log                  : hello
2022-04-10 20:33:53.692 DEBUG 18120 --- [main] mao.spring_boot_log.Log                  : hello
2022-04-10 20:33:53.692  INFO 18120 --- [main] mao.spring_boot_log.Log                  : hello
2022-04-10 20:33:53.692  WARN 18120 --- [main] mao.spring_boot_log.Log                  : hello
2022-04-10 20:33:53.692 ERROR 18120 --- [main] mao.spring_boot_log.Log                  : hello
2022-04-10 20:33:53.692 DEBUG 18120 --- [main] mao.spring_boot_log.Log                  : hello
2022-04-10 20:33:53.692  INFO 18120 --- [main] mao.spring_boot_log.Log                  : hello
2022-04-10 20:33:53.692  WARN 18120 --- [main] mao.spring_boot_log.Log                  : hello
2022-04-10 20:33:53.692 ERROR 18120 --- [main] mao.spring_boot_log.Log                  : hello
2022-04-10 20:33:53.692 DEBUG 18120 --- [main] mao.spring_boot_log.Log                  : hello
2022-04-10 20:33:53.692  INFO 18120 --- [main] mao.spring_boot_log.Log                  : hello
2022-04-10 20:33:53.692  WARN 18120 --- [main] mao.spring_boot_log.Log                  : hello
2022-04-10 20:33:53.692 ERROR 18120 --- [main] mao.spring_boot_log.Log                  : hello
2022-04-10 20:33:53.692 DEBUG 18120 --- [main] mao.spring_boot_log.Log                  : hello
2022-04-10 20:33:53.692  INFO 18120 --- [main] mao.spring_boot_log.Log                  : hello
2022-04-10 20:33:53.692  WARN 18120 --- [main] mao.spring_boot_log.Log                  : hello
2022-04-10 20:33:53.692 ERROR 18120 --- [main] mao.spring_boot_log.Log                  : hello
2022-04-10 20:33:53.692 DEBUG 18120 --- [main] mao.spring_boot_log.Log                  : hello
2022-04-10 20:33:53.692  INFO 18120 --- [main] mao.spring_boot_log.Log                  : hello
2022-04-10 20:33:53.692  WARN 18120 --- [main] mao.spring_boot_log.Log                  : hello
2022-04-10 20:33:53.692 ERROR 18120 --- [main] mao.spring_boot_log.Log                  : hello
2022-04-10 20:33:53.692 DEBUG 18120 --- [main] mao.spring_boot_log.Log                  : hello
2022-04-10 20:33:53.692  INFO 18120 --- [main] mao.spring_boot_log.Log                  : hello
2022-04-10 20:33:53.692  WARN 18120 --- [main] mao.spring_boot_log.Log                  : hello
2022-04-10 20:33:53.692 ERROR 18120 --- [main] mao.spring_boot_log.Log                  : hello
2022-04-10 20:33:53.692 DEBUG 18120 --- [main] mao.spring_boot_log.Log                  : hello
2022-04-10 20:33:53.692  INFO 18120 --- [main] mao.spring_boot_log.Log                  : hello
2022-04-10 20:33:53.692  WARN 18120 --- [main] mao.spring_boot_log.Log                  : hello
2022-04-10 20:33:53.692 ERROR 18120 --- [main] mao.spring_boot_log.Log                  : hello
2022-04-10 20:33:53.692 DEBUG 18120 --- [main] mao.spring_boot_log.Log                  : hello
2022-04-10 20:33:53.692  INFO 18120 --- [main] mao.spring_boot_log.Log                  : hello
2022-04-10 20:33:53.692  WARN 18120 --- [main] mao.spring_boot_log.Log                  : hello
2022-04-10 20:33:53.692 ERROR 18120 --- [main] mao.spring_boot_log.Log                  : hello
2022-04-10 20:33:53.693 DEBUG 18120 --- [main] mao.spring_boot_log.Log                  : hello
2022-04-10 20:33:53.693  INFO 18120 --- [main] mao.spring_boot_log.Log                  : hello
2022-04-10 20:33:53.693  WARN 18120 --- [main] mao.spring_boot_log.Log                  : hello
2022-04-10 20:33:53.693 ERROR 18120 --- [main] mao.spring_boot_log.Log                  : hello
2022-04-10 20:33:53.693 DEBUG 18120 --- [main] mao.spring_boot_log.Log                  : hello
2022-04-10 20:33:53.693  INFO 18120 --- [main] mao.spring_boot_log.Log                  : hello
2022-04-10 20:33:53.693  WARN 18120 --- [main] mao.spring_boot_log.Log                  : hello
2022-04-10 20:33:53.693 ERROR 18120 --- [main] mao.spring_boot_log.Log                  : hello
2022-04-10 20:33:53.693 DEBUG 18120 --- [main] mao.spring_boot_log.Log                  : hello
2022-04-10 20:33:53.693  INFO 18120 --- [main] mao.spring_boot_log.Log                  : hello
2022-04-10 20:33:53.693  WARN 18120 --- [main] mao.spring_boot_log.Log                  : hello
2022-04-10 20:33:53.693 ERROR 18120 --- [main] mao.spring_boot_log.Log                  : hello
2022-04-10 20:33:53.693 DEBUG 18120 --- [main] mao.spring_boot_log.Log                  : hello
2022-04-10 20:33:53.693  INFO 18120 --- [main] mao.spring_boot_log.Log                  : hello
2022-04-10 20:33:53.693  WARN 18120 --- [main] mao.spring_boot_log.Log                  : hello
2022-04-10 20:33:53.693 ERROR 18120 --- [main] mao.spring_boot_log.Log                  : hello
2022-04-10 20:33:53.693 DEBUG 18120 --- [main] mao.spring_boot_log.Log                  : hello
2022-04-10 20:33:53.693  INFO 18120 --- [main] mao.spring_boot_log.Log                  : hello
2022-04-10 20:33:53.693  WARN 18120 --- [main] mao.spring_boot_log.Log                  : hello
2022-04-10 20:33:53.693 ERROR 18120 --- [main] mao.spring_boot_log.Log                  : hello
2022-04-10 20:33:53.693 DEBUG 18120 --- [main] mao.spring_boot_log.Log                  : hello
2022-04-10 20:33:53.693  INFO 18120 --- [main] mao.spring_boot_log.Log                  : hello
2022-04-10 20:33:53.693  WARN 18120 --- [main] mao.spring_boot_log.Log                  : hello
2022-04-10 20:33:53.693 ERROR 18120 --- [main] mao.spring_boot_log.Log                  : hello
2022-04-10 20:33:53.693 DEBUG 18120 --- [main] mao.spring_boot_log.Log                  : hello
2022-04-10 20:33:53.693  INFO 18120 --- [main] mao.spring_boot_log.Log                  : hello
2022-04-10 20:33:53.693  WARN 18120 --- [main] mao.spring_boot_log.Log                  : hello
2022-04-10 20:33:53.693 ERROR 18120 --- [main] mao.spring_boot_log.Log                  : hello
2022-04-10 20:33:53.693 DEBUG 18120 --- [main] mao.spring_boot_log.Log                  : hello
2022-04-10 20:33:53.693  INFO 18120 --- [main] mao.spring_boot_log.Log                  : hello
2022-04-10 20:33:53.693  WARN 18120 --- [main] mao.spring_boot_log.Log                  : hello
2022-04-10 20:33:53.693 ERROR 18120 --- [main] mao.spring_boot_log.Log                  : hello
2022-04-10 20:33:53.693 DEBUG 18120 --- [main] mao.spring_boot_log.Log                  : hello
2022-04-10 20:33:53.693  INFO 18120 --- [main] mao.spring_boot_log.Log                  : hello
2022-04-10 20:33:53.693  WARN 18120 --- [main] mao.spring_boot_log.Log                  : hello
2022-04-10 20:33:53.693 ERROR 18120 --- [main] mao.spring_boot_log.Log                  : hello
2022-04-10 20:33:53.693 DEBUG 18120 --- [main] mao.spring_boot_log.Log                  : hello
2022-04-10 20:33:53.693  INFO 18120 --- [main] mao.spring_boot_log.Log                  : hello
2022-04-10 20:33:53.693  WARN 18120 --- [main] mao.spring_boot_log.Log                  : hello
2022-04-10 20:33:53.693 ERROR 18120 --- [main] mao.spring_boot_log.Log                  : hello
2022-04-10 20:33:53.693 DEBUG 18120 --- [main] mao.spring_boot_log.Log                  : hello
2022-04-10 20:33:53.694  INFO 18120 --- [main] mao.spring_boot_log.Log                  : hello
2022-04-10 20:33:53.694  WARN 18120 --- [main] mao.spring_boot_log.Log                  : hello
2022-04-10 20:33:53.694 ERROR 18120 --- [main] mao.spring_boot_log.Log                  : hello
2022-04-10 20:33:53.694 DEBUG 18120 --- [main] mao.spring_boot_log.Log                  : hello
2022-04-10 20:33:53.694  INFO 18120 --- [main] mao.spring_boot_log.Log                  : hello
2022-04-10 20:33:53.694  WARN 18120 --- [main] mao.spring_boot_log.Log                  : hello
2022-04-10 20:33:53.694 ERROR 18120 --- [main] mao.spring_boot_log.Log                  : hello
2022-04-10 20:33:53.694 DEBUG 18120 --- [main] mao.spring_boot_log.Log                  : hello
2022-04-10 20:33:53.694  INFO 18120 --- [main] mao.spring_boot_log.Log                  : hello
2022-04-10 20:33:53.694  WARN 18120 --- [main] mao.spring_boot_log.Log                  : hello
2022-04-10 20:33:53.694 ERROR 18120 --- [main] mao.spring_boot_log.Log                  : hello
2022-04-10 20:33:53.694 DEBUG 18120 --- [main] mao.spring_boot_log.Log                  : hello
2022-04-10 20:33:53.694  INFO 18120 --- [main] mao.spring_boot_log.Log                  : hello
2022-04-10 20:33:53.694  WARN 18120 --- [main] mao.spring_boot_log.Log                  : hello
2022-04-10 20:33:53.694 ERROR 18120 --- [main] mao.spring_boot_log.Log                  : hello
2022-04-10 20:33:53.694 DEBUG 18120 --- [main] mao.spring_boot_log.Log                  : hello
2022-04-10 20:33:53.694  INFO 18120 --- [main] mao.spring_boot_log.Log                  : hello
2022-04-10 20:33:53.694  WARN 18120 --- [main] mao.spring_boot_log.Log                  : hello
2022-04-10 20:33:53.694 ERROR 18120 --- [main] mao.spring_boot_log.Log                  : hello
2022-04-10 20:33:53.694 DEBUG 18120 --- [main] mao.spring_boot_log.Log                  : hello
2022-04-10 20:33:53.695  INFO 18120 --- [main] mao.spring_boot_log.Log                  : hello
2022-04-10 20:33:53.695  WARN 18120 --- [main] mao.spring_boot_log.Log                  : hello
2022-04-10 20:33:53.695 ERROR 18120 --- [main] mao.spring_boot_log.Log                  : hello
2022-04-10 20:33:53.695 DEBUG 18120 --- [main] mao.spring_boot_log.Log                  : hello
2022-04-10 20:33:53.695  INFO 18120 --- [main] mao.spring_boot_log.Log                  : hello
2022-04-10 20:33:53.695  WARN 18120 --- [main] mao.spring_boot_log.Log                  : hello
2022-04-10 20:33:53.695 ERROR 18120 --- [main] mao.spring_boot_log.Log                  : hello
2022-04-10 20:33:53.695 DEBUG 18120 --- [main] mao.spring_boot_log.Log                  : hello
2022-04-10 20:33:53.695  INFO 18120 --- [main] mao.spring_boot_log.Log                  : hello
2022-04-10 20:33:53.695  WARN 18120 --- [main] mao.spring_boot_log.Log                  : hello
2022-04-10 20:33:53.695 ERROR 18120 --- [main] mao.spring_boot_log.Log                  : hello
2022-04-10 20:33:53.695 DEBUG 18120 --- [main] mao.spring_boot_log.Log                  : hello
2022-04-10 20:33:53.695  INFO 18120 --- [main] mao.spring_boot_log.Log                  : hello
2022-04-10 20:33:53.695  WARN 18120 --- [main] mao.spring_boot_log.Log                  : hello
2022-04-10 20:33:53.695 ERROR 18120 --- [main] mao.spring_boot_log.Log                  : hello
2022-04-10 20:33:53.695 DEBUG 18120 --- [main] mao.spring_boot_log.Log                  : hello
2022-04-10 20:33:53.695  INFO 18120 --- [main] mao.spring_boot_log.Log                  : hello
2022-04-10 20:33:53.695  WARN 18120 --- [main] mao.spring_boot_log.Log                  : hello
2022-04-10 20:33:53.695 ERROR 18120 --- [main] mao.spring_boot_log.Log                  : hello
2022-04-10 20:33:53.695 DEBUG 18120 --- [main] mao.spring_boot_log.Log                  : hello
2022-04-10 20:33:53.695  INFO 18120 --- [main] mao.spring_boot_log.Log                  : hello
2022-04-10 20:33:53.695  WARN 18120 --- [main] mao.spring_boot_log.Log                  : hello
2022-04-10 20:33:53.695 ERROR 18120 --- [main] mao.spring_boot_log.Log                  : hello
2022-04-10 20:33:53.695 DEBUG 18120 --- [main] mao.spring_boot_log.Log                  : hello
2022-04-10 20:33:53.695  INFO 18120 --- [main] mao.spring_boot_log.Log                  : hello
2022-04-10 20:33:53.695  WARN 18120 --- [main] mao.spring_boot_log.Log                  : hello
2022-04-10 20:33:53.695 ERROR 18120 --- [main] mao.spring_boot_log.Log                  : hello
2022-04-10 20:33:53.695 DEBUG 18120 --- [main] mao.spring_boot_log.Log                  : hello
2022-04-10 20:33:53.695  INFO 18120 --- [main] mao.spring_boot_log.Log                  : hello
2022-04-10 20:33:53.695  WARN 18120 --- [main] mao.spring_boot_log.Log                  : hello
2022-04-10 20:33:53.695 ERROR 18120 --- [main] mao.spring_boot_log.Log                  : hello
2022-04-10 20:33:53.695 DEBUG 18120 --- [main] mao.spring_boot_log.Log                  : hello
2022-04-10 20:33:53.695  INFO 18120 --- [main] mao.spring_boot_log.Log                  : hello
2022-04-10 20:33:53.695  WARN 18120 --- [main] mao.spring_boot_log.Log                  : hello
2022-04-10 20:33:53.695 ERROR 18120 --- [main] mao.spring_boot_log.Log                  : hello
2022-04-10 20:33:53.695 DEBUG 18120 --- [main] mao.spring_boot_log.Log                  : hello
2022-04-10 20:33:53.695  INFO 18120 --- [main] mao.spring_boot_log.Log                  : hello
2022-04-10 20:33:53.695  WARN 18120 --- [main] mao.spring_boot_log.Log                  : hello
2022-04-10 20:33:53.695 ERROR 18120 --- [main] mao.spring_boot_log.Log                  : hello
2022-04-10 20:33:53.695 DEBUG 18120 --- [main] mao.spring_boot_log.Log                  : hello
2022-04-10 20:33:53.695  INFO 18120 --- [main] mao.spring_boot_log.Log                  : hello
2022-04-10 20:33:53.695  WARN 18120 --- [main] mao.spring_boot_log.Log                  : hello
2022-04-10 20:33:53.695 ERROR 18120 --- [main] mao.spring_boot_log.Log                  : hello
2022-04-10 20:33:53.695 DEBUG 18120 --- [main] mao.spring_boot_log.Log                  : hello
2022-04-10 20:33:53.696  INFO 18120 --- [main] mao.spring_boot_log.Log                  : hello
2022-04-10 20:33:53.696  WARN 18120 --- [main] mao.spring_boot_log.Log                  : hello
2022-04-10 20:33:53.696 ERROR 18120 --- [main] mao.spring_boot_log.Log                  : hello
2022-04-10 20:33:53.696 DEBUG 18120 --- [main] mao.spring_boot_log.Log                  : hello
2022-04-10 20:33:53.696  INFO 18120 --- [main] mao.spring_boot_log.Log                  : hello
2022-04-10 20:33:53.696  WARN 18120 --- [main] mao.spring_boot_log.Log                  : hello
2022-04-10 20:33:53.696 ERROR 18120 --- [main] mao.spring_boot_log.Log                  : hello
2022-04-10 20:33:53.696 DEBUG 18120 --- [main] mao.spring_boot_log.Log                  : hello
2022-04-10 20:33:53.696  INFO 18120 --- [main] mao.spring_boot_log.Log                  : hello
2022-04-10 20:33:53.696  WARN 18120 --- [main] mao.spring_boot_log.Log                  : hello
2022-04-10 20:33:53.696 ERROR 18120 --- [main] mao.spring_boot_log.Log                  : hello
2022-04-10 20:33:53.696 DEBUG 18120 --- [main] mao.spring_boot_log.Log                  : hello
2022-04-10 20:33:53.696  INFO 18120 --- [main] mao.spring_boot_log.Log                  : hello
2022-04-10 20:33:53.696  WARN 18120 --- [main] mao.spring_boot_log.Log                  : hello
2022-04-10 20:33:53.696 ERROR 18120 --- [main] mao.spring_boot_log.Log                  : hello
2022-04-10 20:33:53.696 DEBUG 18120 --- [main] mao.spring_boot_log.Log                  : hello
2022-04-10 20:33:53.696  INFO 18120 --- [main] mao.spring_boot_log.Log                  : hello
2022-04-10 20:33:53.696  WARN 18120 --- [main] mao.spring_boot_log.Log                  : hello
2022-04-10 20:33:53.696 ERROR 18120 --- [main] mao.spring_boot_log.Log                  : hello
2022-04-10 20:33:53.696 DEBUG 18120 --- [main] mao.spring_boot_log.Log                  : hello
2022-04-10 20:33:53.696  INFO 18120 --- [main] mao.spring_boot_log.Log                  : hello
2022-04-10 20:33:53.696  WARN 18120 --- [main] mao.spring_boot_log.Log                  : hello
2022-04-10 20:33:53.696 ERROR 18120 --- [main] mao.spring_boot_log.Log                  : hello
2022-04-10 20:33:53.696 DEBUG 18120 --- [main] mao.spring_boot_log.Log                  : hello
2022-04-10 20:33:53.696  INFO 18120 --- [main] mao.spring_boot_log.Log                  : hello
2022-04-10 20:33:53.696  WARN 18120 --- [main] mao.spring_boot_log.Log                  : hello
2022-04-10 20:33:53.696 ERROR 18120 --- [main] mao.spring_boot_log.Log                  : hello
2022-04-10 20:33:53.696 DEBUG 18120 --- [main] mao.spring_boot_log.Log                  : hello
2022-04-10 20:33:53.696  INFO 18120 --- [main] mao.spring_boot_log.Log                  : hello
2022-04-10 20:33:53.696  WARN 18120 --- [main] mao.spring_boot_log.Log                  : hello
2022-04-10 20:33:53.696 ERROR 18120 --- [main] mao.spring_boot_log.Log                  : hello
2022-04-10 20:33:53.696 DEBUG 18120 --- [main] mao.spring_boot_log.Log                  : hello
2022-04-10 20:33:53.696  INFO 18120 --- [main] mao.spring_boot_log.Log                  : hello
2022-04-10 20:33:53.696  WARN 18120 --- [main] mao.spring_boot_log.Log                  : hello
2022-04-10 20:33:53.696 ERROR 18120 --- [main] mao.spring_boot_log.Log                  : hello
2022-04-10 20:33:53.696 DEBUG 18120 --- [main] mao.spring_boot_log.Log                  : hello
2022-04-10 20:33:53.697  INFO 18120 --- [main] mao.spring_boot_log.Log                  : hello
2022-04-10 20:33:53.697  WARN 18120 --- [main] mao.spring_boot_log.Log                  : hello
2022-04-10 20:33:53.697 ERROR 18120 --- [main] mao.spring_boot_log.Log                  : hello
2022-04-10 20:33:53.697 DEBUG 18120 --- [main] mao.spring_boot_log.Log                  : hello
2022-04-10 20:33:53.697  INFO 18120 --- [main] mao.spring_boot_log.Log                  : hello
2022-04-10 20:33:53.697  WARN 18120 --- [main] mao.spring_boot_log.Log                  : hello
2022-04-10 20:33:53.697 ERROR 18120 --- [main] mao.spring_boot_log.Log                  : hello
2022-04-10 20:33:53.697 DEBUG 18120 --- [main] mao.spring_boot_log.Log                  : hello
2022-04-10 20:33:53.697  INFO 18120 --- [main] mao.spring_boot_log.Log                  : hello
2022-04-10 20:33:53.697  WARN 18120 --- [main] mao.spring_boot_log.Log                  : hello
2022-04-10 20:33:53.697 ERROR 18120 --- [main] mao.spring_boot_log.Log                  : hello
2022-04-10 20:33:53.697 DEBUG 18120 --- [main] mao.spring_boot_log.Log                  : hello
2022-04-10 20:33:53.697  INFO 18120 --- [main] mao.spring_boot_log.Log                  : hello
2022-04-10 20:33:53.697  WARN 18120 --- [main] mao.spring_boot_log.Log                  : hello
2022-04-10 20:33:53.697 ERROR 18120 --- [main] mao.spring_boot_log.Log                  : hello
2022-04-10 20:33:53.697 DEBUG 18120 --- [main] mao.spring_boot_log.Log                  : hello
2022-04-10 20:33:53.697  INFO 18120 --- [main] mao.spring_boot_log.Log                  : hello
2022-04-10 20:33:53.697  WARN 18120 --- [main] mao.spring_boot_log.Log                  : hello
2022-04-10 20:33:53.697 ERROR 18120 --- [main] mao.spring_boot_log.Log                  : hello
2022-04-10 20:33:53.697 DEBUG 18120 --- [main] mao.spring_boot_log.Log                  : hello
2022-04-10 20:33:53.697  INFO 18120 --- [main] mao.spring_boot_log.Log                  : hello
2022-04-10 20:33:53.697  WARN 18120 --- [main] mao.spring_boot_log.Log                  : hello
