2022-04-10 20:33:53.646 ERROR 18120 --- [main] mao.spring_boot_log.Log                  : hello
2022-04-10 20:33:53.647 DEBUG 18120 --- [main] mao.spring_boot_log.Log                  : hello
2022-04-10 20:33:53.647  INFO 18120 --- [main] mao.spring_boot_log.Log                  : hello
2022-04-10 20:33:53.647  WARN 18120 --- [main] mao.spring_boot_log.Log                  : hello
2022-04-10 20:33:53.647 ERROR 18120 --- [main] mao.spring_boot_log.Log                  : hello
2022-04-10 20:33:53.647 DEBUG 18120 --- [main] mao.spring_boot_log.Log                  : hello
2022-04-10 20:33:53.648  INFO 18120 --- [main] mao.spring_boot_log.Log                  : hello
2022-04-10 20:33:53.648  WARN 18120 --- [main] mao.spring_boot_log.Log                  : hello
2022-04-10 20:33:53.648 ERROR 18120 --- [main] mao.spring_boot_log.Log                  : hello
2022-04-10 20:33:53.648 DEBUG 18120 --- [main] mao.spring_boot_log.Log                  : hello
2022-04-10 20:33:53.648  INFO 18120 --- [main] mao.spring_boot_log.Log                  : hello
2022-04-10 20:33:53.648  WARN 18120 --- [main] mao.spring_boot_log.Log                  : hello
2022-04-10 20:33:53.648 ERROR 18120 --- [main] mao.spring_boot_log.Log                  : hello
2022-04-10 20:33:53.648 DEBUG 18120 --- [main] mao.spring_boot_log.Log                  : hello
2022-04-10 20:33:53.648  INFO 18120 --- [main] mao.spring_boot_log.Log                  : hello
2022-04-10 20:33:53.648  WARN 18120 --- [main] mao.spring_boot_log.Log                  : hello
2022-04-10 20:33:53.648 ERROR 18120 --- [main] mao.spring_boot_log.Log                  : hello
2022-04-10 20:33:53.648 DEBUG 18120 --- [main] mao.spring_boot_log.Log                  : hello
2022-04-10 20:33:53.649  INFO 18120 --- [main] mao.spring_boot_log.Log                  : hello
2022-04-10 20:33:53.649  WARN 18120 --- [main] mao.spring_boot_log.Log                  : hello
2022-04-10 20:33:53.649 ERROR 18120 --- [main] mao.spring_boot_log.Log                  : hello
2022-04-10 20:33:53.649 DEBUG 18120 --- [main] mao.spring_boot_log.Log                  : hello
2022-04-10 20:33:53.649  INFO 18120 --- [main] mao.spring_boot_log.Log                  : hello
2022-04-10 20:33:53.649  WARN 18120 --- [main] mao.spring_boot_log.Log                  : hello
2022-04-10 20:33:53.649 ERROR 18120 --- [main] mao.spring_boot_log.Log                  : hello
2022-04-10 20:33:53.649 DEBUG 18120 --- [main] mao.spring_boot_log.Log                  : hello
2022-04-10 20:33:53.649  INFO 18120 --- [main] mao.spring_boot_log.Log                  : hello
2022-04-10 20:33:53.649  WARN 18120 --- [main] mao.spring_boot_log.Log                  : hello
2022-04-10 20:33:53.649 ERROR 18120 --- [main] mao.spring_boot_log.Log                  : hello
2022-04-10 20:33:53.649 DEBUG 18120 --- [main] mao.spring_boot_log.Log                  : hello
2022-04-10 20:33:53.649  INFO 18120 --- [main] mao.spring_boot_log.Log                  : hello
2022-04-10 20:33:53.649  WARN 18120 --- [main] mao.spring_boot_log.Log                  : hello
2022-04-10 20:33:53.649 ERROR 18120 --- [main] mao.spring_boot_log.Log                  : hello
2022-04-10 20:33:53.649 DEBUG 18120 --- [main] mao.spring_boot_log.Log                  : hello
2022-04-10 20:33:53.649  INFO 18120 --- [main] mao.spring_boot_log.Log                  : hello
2022-04-10 20:33:53.649  WARN 18120 --- [main] mao.spring_boot_log.Log                  : hello
2022-04-10 20:33:53.649 ERROR 18120 --- [main] mao.spring_boot_log.Log                  : hello
2022-04-10 20:33:53.649 DEBUG 18120 --- [main] mao.spring_boot_log.Log                  : hello
2022-04-10 20:33:53.649  INFO 18120 --- [main] mao.spring_boot_log.Log                  : hello
2022-04-10 20:33:53.649  WARN 18120 --- [main] mao.spring_boot_log.Log                  : hello
2022-04-10 20:33:53.649 ERROR 18120 --- [main] mao.spring_boot_log.Log                  : hello
2022-04-10 20:33:53.649 DEBUG 18120 --- [main] mao.spring_boot_log.Log                  : hello
2022-04-10 20:33:53.649  INFO 18120 --- [main] mao.spring_boot_log.Log                  : hello
2022-04-10 20:33:53.649  WARN 18120 --- [main] mao.spring_boot_log.Log                  : hello
2022-04-10 20:33:53.649 ERROR 18120 --- [main] mao.spring_boot_log.Log                  : hello
2022-04-10 20:33:53.649 DEBUG 18120 --- [main] mao.spring_boot_log.Log                  : hello
2022-04-10 20:33:53.649  INFO 18120 --- [main] mao.spring_boot_log.Log                  : hello
2022-04-10 20:33:53.649  WARN 18120 --- [main] mao.spring_boot_log.Log                  : hello
2022-04-10 20:33:53.649 ERROR 18120 --- [main] mao.spring_boot_log.Log                  : hello
2022-04-10 20:33:53.650 DEBUG 18120 --- [main] mao.spring_boot_log.Log                  : hello
2022-04-10 20:33:53.650  INFO 18120 --- [main] mao.spring_boot_log.Log                  : hello
2022-04-10 20:33:53.650  WARN 18120 --- [main] mao.spring_boot_log.Log                  : hello
2022-04-10 20:33:53.650 ERROR 18120 --- [main] mao.spring_boot_log.Log                  : hello
2022-04-10 20:33:53.650 DEBUG 18120 --- [main] mao.spring_boot_log.Log                  : hello
2022-04-10 20:33:53.650  INFO 18120 --- [main] mao.spring_boot_log.Log                  : hello
2022-04-10 20:33:53.650  WARN 18120 --- [main] mao.spring_boot_log.Log                  : hello
2022-04-10 20:33:53.650 ERROR 18120 --- [main] mao.spring_boot_log.Log                  : hello
2022-04-10 20:33:53.650 DEBUG 18120 --- [main] mao.spring_boot_log.Log                  : hello
2022-04-10 20:33:53.650  INFO 18120 --- [main] mao.spring_boot_log.Log                  : hello
2022-04-10 20:33:53.650  WARN 18120 --- [main] mao.spring_boot_log.Log                  : hello
2022-04-10 20:33:53.650 ERROR 18120 --- [main] mao.spring_boot_log.Log                  : hello
2022-04-10 20:33:53.650 DEBUG 18120 --- [main] mao.spring_boot_log.Log                  : hello
2022-04-10 20:33:53.650  INFO 18120 --- [main] mao.spring_boot_log.Log                  : hello
2022-04-10 20:33:53.650  WARN 18120 --- [main] mao.spring_boot_log.Log                  : hello
2022-04-10 20:33:53.650 ERROR 18120 --- [main] mao.spring_boot_log.Log                  : hello
2022-04-10 20:33:53.650 DEBUG 18120 --- [main] mao.spring_boot_log.Log                  : hello
2022-04-10 20:33:53.650  INFO 18120 --- [main] mao.spring_boot_log.Log                  : hello
2022-04-10 20:33:53.650  WARN 18120 --- [main] mao.spring_boot_log.Log                  : hello
2022-04-10 20:33:53.650 ERROR 18120 --- [main] mao.spring_boot_log.Log                  : hello
2022-04-10 20:33:53.650 DEBUG 18120 --- [main] mao.spring_boot_log.Log                  : hello
2022-04-10 20:33:53.650  INFO 18120 --- [main] mao.spring_boot_log.Log                  : hello
2022-04-10 20:33:53.650  WARN 18120 --- [main] mao.spring_boot_log.Log                  : hello
2022-04-10 20:33:53.650 ERROR 18120 --- [main] mao.spring_boot_log.Log                  : hello
2022-04-10 20:33:53.650 DEBUG 18120 --- [main] mao.spring_boot_log.Log                  : hello
2022-04-10 20:33:53.650  INFO 18120 --- [main] mao.spring_boot_log.Log                  : hello
2022-04-10 20:33:53.650  WARN 18120 --- [main] mao.spring_boot_log.Log                  : hello
2022-04-10 20:33:53.650 ERROR 18120 --- [main] mao.spring_boot_log.Log                  : hello
2022-04-10 20:33:53.650 DEBUG 18120 --- [main] mao.spring_boot_log.Log                  : hello
2022-04-10 20:33:53.650  INFO 18120 --- [main] mao.spring_boot_log.Log                  : hello
2022-04-10 20:33:53.650  WARN 18120 --- [main] mao.spring_boot_log.Log                  : hello
2022-04-10 20:33:53.650 ERROR 18120 --- [main] mao.spring_boot_log.Log                  : hello
2022-04-10 20:33:53.650 DEBUG 18120 --- [main] mao.spring_boot_log.Log                  : hello
2022-04-10 20:33:53.651  INFO 18120 --- [main] mao.spring_boot_log.Log                  : hello
2022-04-10 20:33:53.651  WARN 18120 --- [main] mao.spring_boot_log.Log                  : hello
2022-04-10 20:33:53.651 ERROR 18120 --- [main] mao.spring_boot_log.Log                  : hello
2022-04-10 20:33:53.651 DEBUG 18120 --- [main] mao.spring_boot_log.Log                  : hello
2022-04-10 20:33:53.651  INFO 18120 --- [main] mao.spring_boot_log.Log                  : hello
2022-04-10 20:33:53.651  WARN 18120 --- [main] mao.spring_boot_log.Log                  : hello
2022-04-10 20:33:53.651 ERROR 18120 --- [main] mao.spring_boot_log.Log                  : hello
2022-04-10 20:33:53.651 DEBUG 18120 --- [main] mao.spring_boot_log.Log                  : hello
2022-04-10 20:33:53.651  INFO 18120 --- [main] mao.spring_boot_log.Log                  : hello
2022-04-10 20:33:53.651  WARN 18120 --- [main] mao.spring_boot_log.Log                  : hello
2022-04-10 20:33:53.651 ERROR 18120 --- [main] mao.spring_boot_log.Log                  : hello
2022-04-10 20:33:53.651 DEBUG 18120 --- [main] mao.spring_boot_log.Log                  : hello
2022-04-10 20:33:53.651  INFO 18120 --- [main] mao.spring_boot_log.Log                  : hello
2022-04-10 20:33:53.651  WARN 18120 --- [main] mao.spring_boot_log.Log                  : hello
2022-04-10 20:33:53.651 ERROR 18120 --- [main] mao.spring_boot_log.Log                  : hello
2022-04-10 20:33:53.651 DEBUG 18120 --- [main] mao.spring_boot_log.Log                  : hello
2022-04-10 20:33:53.651  INFO 18120 --- [main] mao.spring_boot_log.Log                  : hello
2022-04-10 20:33:53.651  WARN 18120 --- [main] mao.spring_boot_log.Log                  : hello
2022-04-10 20:33:53.651 ERROR 18120 --- [main] mao.spring_boot_log.Log                  : hello
2022-04-10 20:33:53.651 DEBUG 18120 --- [main] mao.spring_boot_log.Log                  : hello
2022-04-10 20:33:53.651  INFO 18120 --- [main] mao.spring_boot_log.Log                  : hello
2022-04-10 20:33:53.651  WARN 18120 --- [main] mao.spring_boot_log.Log                  : hello
2022-04-10 20:33:53.651 ERROR 18120 --- [main] mao.spring_boot_log.Log                  : hello
2022-04-10 20:33:53.651 DEBUG 18120 --- [main] mao.spring_boot_log.Log                  : hello
2022-04-10 20:33:53.651  INFO 18120 --- [main] mao.spring_boot_log.Log                  : hello
2022-04-10 20:33:53.651  WARN 18120 --- [main] mao.spring_boot_log.Log                  : hello
2022-04-10 20:33:53.651 ERROR 18120 --- [main] mao.spring_boot_log.Log                  : hello
2022-04-10 20:33:53.651 DEBUG 18120 --- [main] mao.spring_boot_log.Log                  : hello
2022-04-10 20:33:53.651  INFO 18120 --- [main] mao.spring_boot_log.Log                  : hello
2022-04-10 20:33:53.652  WARN 18120 --- [main] mao.spring_boot_log.Log                  : hello
2022-04-10 20:33:53.652 ERROR 18120 --- [main] mao.spring_boot_log.Log                  : hello
2022-04-10 20:33:53.652 DEBUG 18120 --- [main] mao.spring_boot_log.Log                  : hello
2022-04-10 20:33:53.652  INFO 18120 --- [main] mao.spring_boot_log.Log                  : hello
2022-04-10 20:33:53.652  WARN 18120 --- [main] mao.spring_boot_log.Log                  : hello
2022-04-10 20:33:53.652 ERROR 18120 --- [main] mao.spring_boot_log.Log                  : hello
2022-04-10 20:33:53.652 DEBUG 18120 --- [main] mao.spring_boot_log.Log                  : hello
2022-04-10 20:33:53.652  INFO 18120 --- [main] mao.spring_boot_log.Log                  : hello
2022-04-10 20:33:53.652  WARN 18120 --- [main] mao.spring_boot_log.Log                  : hello
2022-04-10 20:33:53.652 ERROR 18120 --- [main] mao.spring_boot_log.Log                  : hello
2022-04-10 20:33:53.652 DEBUG 18120 --- [main] mao.spring_boot_log.Log                  : hello
2022-04-10 20:33:53.652  INFO 18120 --- [main] mao.spring_boot_log.Log                  : hello
2022-04-10 20:33:53.652  WARN 18120 --- [main] mao.spring_boot_log.Log                  : hello
2022-04-10 20:33:53.652 ERROR 18120 --- [main] mao.spring_boot_log.Log                  : hello
2022-04-10 20:33:53.652 DEBUG 18120 --- [main] mao.spring_boot_log.Log                  : hello
2022-04-10 20:33:53.652  INFO 18120 --- [main] mao.spring_boot_log.Log                  : hello
2022-04-10 20:33:53.652  WARN 18120 --- [main] mao.spring_boot_log.Log                  : hello
2022-04-10 20:33:53.652 ERROR 18120 --- [main] mao.spring_boot_log.Log                  : hello
2022-04-10 20:33:53.652 DEBUG 18120 --- [main] mao.spring_boot_log.Log                  : hello
2022-04-10 20:33:53.652  INFO 18120 --- [main] mao.spring_boot_log.Log                  : hello
2022-04-10 20:33:53.652  WARN 18120 --- [main] mao.spring_boot_log.Log                  : hello
2022-04-10 20:33:53.653 ERROR 18120 --- [main] mao.spring_boot_log.Log                  : hello
2022-04-10 20:33:53.653 DEBUG 18120 --- [main] mao.spring_boot_log.Log                  : hello
2022-04-10 20:33:53.653  INFO 18120 --- [main] mao.spring_boot_log.Log                  : hello
2022-04-10 20:33:53.653  WARN 18120 --- [main] mao.spring_boot_log.Log                  : hello
2022-04-10 20:33:53.653 ERROR 18120 --- [main] mao.spring_boot_log.Log                  : hello
2022-04-10 20:33:53.653 DEBUG 18120 --- [main] mao.spring_boot_log.Log                  : hello
2022-04-10 20:33:53.653  INFO 18120 --- [main] mao.spring_boot_log.Log                  : hello
2022-04-10 20:33:53.653  WARN 18120 --- [main] mao.spring_boot_log.Log                  : hello
2022-04-10 20:33:53.653 ERROR 18120 --- [main] mao.spring_boot_log.Log                  : hello
2022-04-10 20:33:53.653 DEBUG 18120 --- [main] mao.spring_boot_log.Log                  : hello
2022-04-10 20:33:53.653  INFO 18120 --- [main] mao.spring_boot_log.Log                  : hello
2022-04-10 20:33:53.653  WARN 18120 --- [main] mao.spring_boot_log.Log                  : hello
2022-04-10 20:33:53.653 ERROR 18120 --- [main] mao.spring_boot_log.Log                  : hello
2022-04-10 20:33:53.653 DEBUG 18120 --- [main] mao.spring_boot_log.Log                  : hello
2022-04-10 20:33:53.653  INFO 18120 --- [main] mao.spring_boot_log.Log                  : hello
2022-04-10 20:33:53.653  WARN 18120 --- [main] mao.spring_boot_log.Log                  : hello
2022-04-10 20:33:53.653 ERROR 18120 --- [main] mao.spring_boot_log.Log                  : hello
2022-04-10 20:33:53.653 DEBUG 18120 --- [main] mao.spring_boot_log.Log                  : hello
2022-04-10 20:33:53.653  INFO 18120 --- [main] mao.spring_boot_log.Log                  : hello
2022-04-10 20:33:53.653  WARN 18120 --- [main] mao.spring_boot_log.Log                  : hello
2022-04-10 20:33:53.653 ERROR 18120 --- [main] mao.spring_boot_log.Log                  : hello
2022-04-10 20:33:53.653 DEBUG 18120 --- [main] mao.spring_boot_log.Log                  : hello
2022-04-10 20:33:53.653  INFO 18120 --- [main] mao.spring_boot_log.Log                  : hello
2022-04-10 20:33:53.654  WARN 18120 --- [main] mao.spring_boot_log.Log                  : hello
2022-04-10 20:33:53.654 ERROR 18120 --- [main] mao.spring_boot_log.Log                  : hello
2022-04-10 20:33:53.654 DEBUG 18120 --- [main] mao.spring_boot_log.Log                  : hello
2022-04-10 20:33:53.654  INFO 18120 --- [main] mao.spring_boot_log.Log                  : hello
2022-04-10 20:33:53.654  WARN 18120 --- [main] mao.spring_boot_log.Log                  : hello
2022-04-10 20:33:53.654 ERROR 18120 --- [main] mao.spring_boot_log.Log                  : hello
2022-04-10 20:33:53.654 DEBUG 18120 --- [main] mao.spring_boot_log.Log                  : hello
2022-04-10 20:33:53.654  INFO 18120 --- [main] mao.spring_boot_log.Log                  : hello
2022-04-10 20:33:53.654  WARN 18120 --- [main] mao.spring_boot_log.Log                  : hello
2022-04-10 20:33:53.654 ERROR 18120 --- [main] mao.spring_boot_log.Log                  : hello
2022-04-10 20:33:53.654 DEBUG 18120 --- [main] mao.spring_boot_log.Log                  : hello
2022-04-10 20:33:53.654  INFO 18120 --- [main] mao.spring_boot_log.Log                  : hello
2022-04-10 20:33:53.654  WARN 18120 --- [main] mao.spring_boot_log.Log                  : hello
2022-04-10 20:33:53.654 ERROR 18120 --- [main] mao.spring_boot_log.Log                  : hello
2022-04-10 20:33:53.654 DEBUG 18120 --- [main] mao.spring_boot_log.Log                  : hello
2022-04-10 20:33:53.654  INFO 18120 --- [main] mao.spring_boot_log.Log                  : hello
2022-04-10 20:33:53.654  WARN 18120 --- [main] mao.spring_boot_log.Log                  : hello
2022-04-10 20:33:53.654 ERROR 18120 --- [main] mao.spring_boot_log.Log                  : hello
2022-04-10 20:33:53.654 DEBUG 18120 --- [main] mao.spring_boot_log.Log                  : hello
2022-04-10 20:33:53.654  INFO 18120 --- [main] mao.spring_boot_log.Log                  : hello
2022-04-10 20:33:53.654  WARN 18120 --- [main] mao.spring_boot_log.Log                  : hello
2022-04-10 20:33:53.654 ERROR 18120 --- [main] mao.spring_boot_log.Log                  : hello
2022-04-10 20:33:53.655 DEBUG 18120 --- [main] mao.spring_boot_log.Log                  : hello
2022-04-10 20:33:53.655  INFO 18120 --- [main] mao.spring_boot_log.Log                  : hello
2022-04-10 20:33:53.655  WARN 18120 --- [main] mao.spring_boot_log.Log                  : hello
2022-04-10 20:33:53.655 ERROR 18120 --- [main] mao.spring_boot_log.Log                  : hello
2022-04-10 20:33:53.655 DEBUG 18120 --- [main] mao.spring_boot_log.Log                  : hello
2022-04-10 20:33:53.655  INFO 18120 --- [main] mao.spring_boot_log.Log                  : hello
2022-04-10 20:33:53.655  WARN 18120 --- [main] mao.spring_boot_log.Log                  : hello
2022-04-10 20:33:53.655 ERROR 18120 --- [main] mao.spring_boot_log.Log                  : hello
2022-04-10 20:33:53.655 DEBUG 18120 --- [main] mao.spring_boot_log.Log                  : hello
2022-04-10 20:33:53.655  INFO 18120 --- [main] mao.spring_boot_log.Log                  : hello
2022-04-10 20:33:53.655  WARN 18120 --- [main] mao.spring_boot_log.Log                  : hello
2022-04-10 20:33:53.655 ERROR 18120 --- [main] mao.spring_boot_log.Log                  : hello
2022-04-10 20:33:53.655 DEBUG 18120 --- [main] mao.spring_boot_log.Log                  : hello
2022-04-10 20:33:53.655  INFO 18120 --- [main] mao.spring_boot_log.Log                  : hello
2022-04-10 20:33:53.655  WARN 18120 --- [main] mao.spring_boot_log.Log                  : hello
2022-04-10 20:33:53.655 ERROR 18120 --- [main] mao.spring_boot_log.Log                  : hello
2022-04-10 20:33:53.655 DEBUG 18120 --- [main] mao.spring_boot_log.Log                  : hello
2022-04-10 20:33:53.655  INFO 18120 --- [main] mao.spring_boot_log.Log                  : hello
2022-04-10 20:33:53.655  WARN 18120 --- [main] mao.spring_boot_log.Log                  : hello
2022-04-10 20:33:53.655 ERROR 18120 --- [main] mao.spring_boot_log.Log                  : hello
2022-04-10 20:33:53.655 DEBUG 18120 --- [main] mao.spring_boot_log.Log                  : hello
2022-04-10 20:33:53.655  INFO 18120 --- [main] mao.spring_boot_log.Log                  : hello
2022-04-10 20:33:53.655  WARN 18120 --- [main] mao.spring_boot_log.Log                  : hello
2022-04-10 20:33:53.655 ERROR 18120 --- [main] mao.spring_boot_log.Log                  : hello
2022-04-10 20:33:53.655 DEBUG 18120 --- [main] mao.spring_boot_log.Log                  : hello
2022-04-10 20:33:53.655  INFO 18120 --- [main] mao.spring_boot_log.Log                  : hello
2022-04-10 20:33:53.655  WARN 18120 --- [main] mao.spring_boot_log.Log                  : hello
2022-04-10 20:33:53.655 ERROR 18120 --- [main] mao.spring_boot_log.Log                  : hello
2022-04-10 20:33:53.655 DEBUG 18120 --- [main] mao.spring_boot_log.Log                  : hello
2022-04-10 20:33:53.656  INFO 18120 --- [main] mao.spring_boot_log.Log                  : hello
2022-04-10 20:33:53.656  WARN 18120 --- [main] mao.spring_boot_log.Log                  : hello
2022-04-10 20:33:53.656 ERROR 18120 --- [main] mao.spring_boot_log.Log                  : hello
2022-04-10 20:33:53.656 DEBUG 18120 --- [main] mao.spring_boot_log.Log                  : hello
2022-04-10 20:33:53.656  INFO 18120 --- [main] mao.spring_boot_log.Log                  : hello
2022-04-10 20:33:53.656  WARN 18120 --- [main] mao.spring_boot_log.Log                  : hello
2022-04-10 20:33:53.656 ERROR 18120 --- [main] mao.spring_boot_log.Log                  : hello
2022-04-10 20:33:53.656 DEBUG 18120 --- [main] mao.spring_boot_log.Log                  : hello
2022-04-10 20:33:53.656  INFO 18120 --- [main] mao.spring_boot_log.Log                  : hello
2022-04-10 20:33:53.656  WARN 18120 --- [main] mao.spring_boot_log.Log                  : hello
2022-04-10 20:33:53.656 ERROR 18120 --- [main] mao.spring_boot_log.Log                  : hello
2022-04-10 20:33:53.656 DEBUG 18120 --- [main] mao.spring_boot_log.Log                  : hello
2022-04-10 20:33:53.656  INFO 18120 --- [main] mao.spring_boot_log.Log                  : hello
2022-04-10 20:33:53.656  WARN 18120 --- [main] mao.spring_boot_log.Log                  : hello
2022-04-10 20:33:53.656 ERROR 18120 --- [main] mao.spring_boot_log.Log                  : hello
2022-04-10 20:33:53.656 DEBUG 18120 --- [main] mao.spring_boot_log.Log                  : hello
2022-04-10 20:33:53.656  INFO 18120 --- [main] mao.spring_boot_log.Log                  : hello
2022-04-10 20:33:53.656  WARN 18120 --- [main] mao.spring_boot_log.Log                  : hello
2022-04-10 20:33:53.656 ERROR 18120 --- [main] mao.spring_boot_log.Log                  : hello
2022-04-10 20:33:53.656 DEBUG 18120 --- [main] mao.spring_boot_log.Log                  : hello
2022-04-10 20:33:53.656  INFO 18120 --- [main] mao.spring_boot_log.Log                  : hello
2022-04-10 20:33:53.656  WARN 18120 --- [main] mao.spring_boot_log.Log                  : hello
2022-04-10 20:33:53.656 ERROR 18120 --- [main] mao.spring_boot_log.Log                  : hello
2022-04-10 20:33:53.656 DEBUG 18120 --- [main] mao.spring_boot_log.Log                  : hello
2022-04-10 20:33:53.656  INFO 18120 --- [main] mao.spring_boot_log.Log                  : hello
2022-04-10 20:33:53.656  WARN 18120 --- [main] mao.spring_boot_log.Log                  : hello
2022-04-10 20:33:53.656 ERROR 18120 --- [main] mao.spring_boot_log.Log                  : hello
2022-04-10 20:33:53.656 DEBUG 18120 --- [main] mao.spring_boot_log.Log                  : hello
2022-04-10 20:33:53.656  INFO 18120 --- [main] mao.spring_boot_log.Log                  : hello
2022-04-10 20:33:53.656  WARN 18120 --- [main] mao.spring_boot_log.Log                  : hello
2022-04-10 20:33:53.657 ERROR 18120 --- [main] mao.spring_boot_log.Log                  : hello
2022-04-10 20:33:53.657 DEBUG 18120 --- [main] mao.spring_boot_log.Log                  : hello
2022-04-10 20:33:53.657  INFO 18120 --- [main] mao.spring_boot_log.Log                  : hello
2022-04-10 20:33:53.657  WARN 18120 --- [main] mao.spring_boot_log.Log                  : hello
2022-04-10 20:33:53.657 ERROR 18120 --- [main] mao.spring_boot_log.Log                  : hello
2022-04-10 20:33:53.657 DEBUG 18120 --- [main] mao.spring_boot_log.Log                  : hello
2022-04-10 20:33:53.657  INFO 18120 --- [main] mao.spring_boot_log.Log                  : hello
2022-04-10 20:33:53.657  WARN 18120 --- [main] mao.spring_boot_log.Log                  : hello
2022-04-10 20:33:53.657 ERROR 18120 --- [main] mao.spring_boot_log.Log                  : hello
2022-04-10 20:33:53.657 DEBUG 18120 --- [main] mao.spring_boot_log.Log                  : hello
2022-04-10 20:33:53.657  INFO 18120 --- [main] mao.spring_boot_log.Log                  : hello
2022-04-10 20:33:53.657  WARN 18120 --- [main] mao.spring_boot_log.Log                  : hello
2022-04-10 20:33:53.657 ERROR 18120 --- [main] mao.spring_boot_log.Log                  : hello
2022-04-10 20:33:53.657 DEBUG 18120 --- [main] mao.spring_boot_log.Log                  : hello
2022-04-10 20:33:53.657  INFO 18120 --- [main] mao.spring_boot_log.Log                  : hello
2022-04-10 20:33:53.657  WARN 18120 --- [main] mao.spring_boot_log.Log                  : hello
2022-04-10 20:33:53.657 ERROR 18120 --- [main] mao.spring_boot_log.Log                  : hello
2022-04-10 20:33:53.657 DEBUG 18120 --- [main] mao.spring_boot_log.Log                  : hello
2022-04-10 20:33:53.657  INFO 18120 --- [main] mao.spring_boot_log.Log                  : hello
2022-04-10 20:33:53.657  WARN 18120 --- [main] mao.spring_boot_log.Log                  : hello
2022-04-10 20:33:53.657 ERROR 18120 --- [main] mao.spring_boot_log.Log                  : hello
2022-04-10 20:33:53.657 DEBUG 18120 --- [main] mao.spring_boot_log.Log                  : hello
2022-04-10 20:33:53.657  INFO 18120 --- [main] mao.spring_boot_log.Log                  : hello
2022-04-10 20:33:53.657  WARN 18120 --- [main] mao.spring_boot_log.Log                  : hello
2022-04-10 20:33:53.657 ERROR 18120 --- [main] mao.spring_boot_log.Log                  : hello
2022-04-10 20:33:53.658 DEBUG 18120 --- [main] mao.spring_boot_log.Log                  : hello
2022-04-10 20:33:53.658  INFO 18120 --- [main] mao.spring_boot_log.Log                  : hello
2022-04-10 20:33:53.658  WARN 18120 --- [main] mao.spring_boot_log.Log                  : hello
2022-04-10 20:33:53.658 ERROR 18120 --- [main] mao.spring_boot_log.Log                  : hello
2022-04-10 20:33:53.658 DEBUG 18120 --- [main] mao.spring_boot_log.Log                  : hello
2022-04-10 20:33:53.658  INFO 18120 --- [main] mao.spring_boot_log.Log                  : hello
2022-04-10 20:33:53.658  WARN 18120 --- [main] mao.spring_boot_log.Log                  : hello
2022-04-10 20:33:53.658 ERROR 18120 --- [main] mao.spring_boot_log.Log                  : hello
2022-04-10 20:33:53.658 DEBUG 18120 --- [main] mao.spring_boot_log.Log                  : hello
2022-04-10 20:33:53.658  INFO 18120 --- [main] mao.spring_boot_log.Log                  : hello
2022-04-10 20:33:53.658  WARN 18120 --- [main] mao.spring_boot_log.Log                  : hello
2022-04-10 20:33:53.658 ERROR 18120 --- [main] mao.spring_boot_log.Log                  : hello
2022-04-10 20:33:53.658 DEBUG 18120 --- [main] mao.spring_boot_log.Log                  : hello
2022-04-10 20:33:53.658  INFO 18120 --- [main] mao.spring_boot_log.Log                  : hello
2022-04-10 20:33:53.658  WARN 18120 --- [main] mao.spring_boot_log.Log                  : hello
2022-04-10 20:33:53.658 ERROR 18120 --- [main] mao.spring_boot_log.Log                  : hello
2022-04-10 20:33:53.658 DEBUG 18120 --- [main] mao.spring_boot_log.Log                  : hello
2022-04-10 20:33:53.658  INFO 18120 --- [main] mao.spring_boot_log.Log                  : hello
2022-04-10 20:33:53.658  WARN 18120 --- [main] mao.spring_boot_log.Log                  : hello
2022-04-10 20:33:53.658 ERROR 18120 --- [main] mao.spring_boot_log.Log                  : hello
2022-04-10 20:33:53.659 DEBUG 18120 --- [main] mao.spring_boot_log.Log                  : hello
2022-04-10 20:33:53.659  INFO 18120 --- [main] mao.spring_boot_log.Log                  : hello
2022-04-10 20:33:53.659  WARN 18120 --- [main] mao.spring_boot_log.Log                  : hello
2022-04-10 20:33:53.659 ERROR 18120 --- [main] mao.spring_boot_log.Log                  : hello
2022-04-10 20:33:53.659 DEBUG 18120 --- [main] mao.spring_boot_log.Log                  : hello
2022-04-10 20:33:53.659  INFO 18120 --- [main] mao.spring_boot_log.Log                  : hello
2022-04-10 20:33:53.659  WARN 18120 --- [main] mao.spring_boot_log.Log                  : hello
2022-04-10 20:33:53.659 ERROR 18120 --- [main] mao.spring_boot_log.Log                  : hello
2022-04-10 20:33:53.659 DEBUG 18120 --- [main] mao.spring_boot_log.Log                  : hello
2022-04-10 20:33:53.659  INFO 18120 --- [main] mao.spring_boot_log.Log                  : hello
2022-04-10 20:33:53.659  WARN 18120 --- [main] mao.spring_boot_log.Log                  : hello
2022-04-10 20:33:53.659 ERROR 18120 --- [main] mao.spring_boot_log.Log                  : hello
2022-04-10 20:33:53.659 DEBUG 18120 --- [main] mao.spring_boot_log.Log                  : hello
2022-04-10 20:33:53.659  INFO 18120 --- [main] mao.spring_boot_log.Log                  : hello
2022-04-10 20:33:53.659  WARN 18120 --- [main] mao.spring_boot_log.Log                  : hello
2022-04-10 20:33:53.659 ERROR 18120 --- [main] mao.spring_boot_log.Log                  : hello
2022-04-10 20:33:53.659 DEBUG 18120 --- [main] mao.spring_boot_log.Log                  : hello
2022-04-10 20:33:53.659  INFO 18120 --- [main] mao.spring_boot_log.Log                  : hello
2022-04-10 20:33:53.659  WARN 18120 --- [main] mao.spring_boot_log.Log                  : hello
2022-04-10 20:33:53.659 ERROR 18120 --- [main] mao.spring_boot_log.Log                  : hello
2022-04-10 20:33:53.659 DEBUG 18120 --- [main] mao.spring_boot_log.Log                  : hello
2022-04-10 20:33:53.659  INFO 18120 --- [main] mao.spring_boot_log.Log                  : hello
2022-04-10 20:33:53.659  WARN 18120 --- [main] mao.spring_boot_log.Log                  : hello
2022-04-10 20:33:53.659 ERROR 18120 --- [main] mao.spring_boot_log.Log                  : hello
2022-04-10 20:33:53.659 DEBUG 18120 --- [main] mao.spring_boot_log.Log                  : hello
2022-04-10 20:33:53.660  INFO 18120 --- [main] mao.spring_boot_log.Log                  : hello
2022-04-10 20:33:53.660  WARN 18120 --- [main] mao.spring_boot_log.Log                  : hello
2022-04-10 20:33:53.660 ERROR 18120 --- [main] mao.spring_boot_log.Log                  : hello
2022-04-10 20:33:53.660 DEBUG 18120 --- [main] mao.spring_boot_log.Log                  : hello
2022-04-10 20:33:53.660  INFO 18120 --- [main] mao.spring_boot_log.Log                  : hello
2022-04-10 20:33:53.660  WARN 18120 --- [main] mao.spring_boot_log.Log                  : hello
2022-04-10 20:33:53.660 ERROR 18120 --- [main] mao.spring_boot_log.Log                  : hello
2022-04-10 20:33:53.660 DEBUG 18120 --- [main] mao.spring_boot_log.Log                  : hello
2022-04-10 20:33:53.660  INFO 18120 --- [main] mao.spring_boot_log.Log                  : hello
2022-04-10 20:33:53.660  WARN 18120 --- [main] mao.spring_boot_log.Log                  : hello
2022-04-10 20:33:53.660 ERROR 18120 --- [main] mao.spring_boot_log.Log                  : hello
2022-04-10 20:33:53.660 DEBUG 18120 --- [main] mao.spring_boot_log.Log                  : hello
2022-04-10 20:33:53.660  INFO 18120 --- [main] mao.spring_boot_log.Log                  : hello
2022-04-10 20:33:53.660  WARN 18120 --- [main] mao.spring_boot_log.Log                  : hello
2022-04-10 20:33:53.660 ERROR 18120 --- [main] mao.spring_boot_log.Log                  : hello
2022-04-10 20:33:53.660 DEBUG 18120 --- [main] mao.spring_boot_log.Log                  : hello
2022-04-10 20:33:53.660  INFO 18120 --- [main] mao.spring_boot_log.Log                  : hello
2022-04-10 20:33:53.660  WARN 18120 --- [main] mao.spring_boot_log.Log                  : hello
2022-04-10 20:33:53.660 ERROR 18120 --- [main] mao.spring_boot_log.Log                  : hello
2022-04-10 20:33:53.660 DEBUG 18120 --- [main] mao.spring_boot_log.Log                  : hello
2022-04-10 20:33:53.660  INFO 18120 --- [main] mao.spring_boot_log.Log                  : hello
2022-04-10 20:33:53.660  WARN 18120 --- [main] mao.spring_boot_log.Log                  : hello
2022-04-10 20:33:53.660 ERROR 18120 --- [main] mao.spring_boot_log.Log                  : hello
2022-04-10 20:33:53.660 DEBUG 18120 --- [main] mao.spring_boot_log.Log                  : hello
2022-04-10 20:33:53.660  INFO 18120 --- [main] mao.spring_boot_log.Log                  : hello
2022-04-10 20:33:53.661  WARN 18120 --- [main] mao.spring_boot_log.Log                  : hello
2022-04-10 20:33:53.661 ERROR 18120 --- [main] mao.spring_boot_log.Log                  : hello
2022-04-10 20:33:53.661 DEBUG 18120 --- [main] mao.spring_boot_log.Log                  : hello
2022-04-10 20:33:53.661  INFO 18120 --- [main] mao.spring_boot_log.Log                  : hello
2022-04-10 20:33:53.661  WARN 18120 --- [main] mao.spring_boot_log.Log                  : hello
2022-04-10 20:33:53.661 ERROR 18120 --- [main] mao.spring_boot_log.Log                  : hello
2022-04-10 20:33:53.661 DEBUG 18120 --- [main] mao.spring_boot_log.Log                  : hello
2022-04-10 20:33:53.661  INFO 18120 --- [main] mao.spring_boot_log.Log                  : hello
2022-04-10 20:33:53.661  WARN 18120 --- [main] mao.spring_boot_log.Log                  : hello
2022-04-10 20:33:53.661 ERROR 18120 --- [main] mao.spring_boot_log.Log                  : hello
2022-04-10 20:33:53.661 DEBUG 18120 --- [main] mao.spring_boot_log.Log                  : hello
2022-04-10 20:33:53.661  INFO 18120 --- [main] mao.spring_boot_log.Log                  : hello
2022-04-10 20:33:53.661  WARN 18120 --- [main] mao.spring_boot_log.Log                  : hello
2022-04-10 20:33:53.661 ERROR 18120 --- [main] mao.spring_boot_log.Log                  : hello
2022-04-10 20:33:53.661 DEBUG 18120 --- [main] mao.spring_boot_log.Log                  : hello
2022-04-10 20:33:53.661  INFO 18120 --- [main] mao.spring_boot_log.Log                  : hello
2022-04-10 20:33:53.661  WARN 18120 --- [main] mao.spring_boot_log.Log                  : hello
2022-04-10 20:33:53.661 ERROR 18120 --- [main] mao.spring_boot_log.Log                  : hello
2022-04-10 20:33:53.661 DEBUG 18120 --- [main] mao.spring_boot_log.Log                  : hello
2022-04-10 20:33:53.661  INFO 18120 --- [main] mao.spring_boot_log.Log                  : hello
2022-04-10 20:33:53.662  WARN 18120 --- [main] mao.spring_boot_log.Log                  : hello
2022-04-10 20:33:53.662 ERROR 18120 --- [main] mao.spring_boot_log.Log                  : hello
2022-04-10 20:33:53.662 DEBUG 18120 --- [main] mao.spring_boot_log.Log                  : hello
2022-04-10 20:33:53.662  INFO 18120 --- [main] mao.spring_boot_log.Log                  : hello
2022-04-10 20:33:53.662  WARN 18120 --- [main] mao.spring_boot_log.Log                  : hello
2022-04-10 20:33:53.662 ERROR 18120 --- [main] mao.spring_boot_log.Log                  : hello
2022-04-10 20:33:53.662 DEBUG 18120 --- [main] mao.spring_boot_log.Log                  : hello
2022-04-10 20:33:53.662  INFO 18120 --- [main] mao.spring_boot_log.Log                  : hello
2022-04-10 20:33:53.662  WARN 18120 --- [main] mao.spring_boot_log.Log                  : hello
2022-04-10 20:33:53.662 ERROR 18120 --- [main] mao.spring_boot_log.Log                  : hello
2022-04-10 20:33:53.662 DEBUG 18120 --- [main] mao.spring_boot_log.Log                  : hello
2022-04-10 20:33:53.662  INFO 18120 --- [main] mao.spring_boot_log.Log                  : hello
2022-04-10 20:33:53.662  WARN 18120 --- [main] mao.spring_boot_log.Log                  : hello
2022-04-10 20:33:53.662 ERROR 18120 --- [main] mao.spring_boot_log.Log                  : hello
2022-04-10 20:33:53.662 DEBUG 18120 --- [main] mao.spring_boot_log.Log                  : hello
2022-04-10 20:33:53.662  INFO 18120 --- [main] mao.spring_boot_log.Log                  : hello
2022-04-10 20:33:53.662  WARN 18120 --- [main] mao.spring_boot_log.Log                  : hello
2022-04-10 20:33:53.662 ERROR 18120 --- [main] mao.spring_boot_log.Log                  : hello
2022-04-10 20:33:53.662 DEBUG 18120 --- [main] mao.spring_boot_log.Log                  : hello
2022-04-10 20:33:53.662  INFO 18120 --- [main] mao.spring_boot_log.Log                  : hello
2022-04-10 20:33:53.662  WARN 18120 --- [main] mao.spring_boot_log.Log                  : hello
2022-04-10 20:33:53.662 ERROR 18120 --- [main] mao.spring_boot_log.Log                  : hello
2022-04-10 20:33:53.662 DEBUG 18120 --- [main] mao.spring_boot_log.Log                  : hello
2022-04-10 20:33:53.662  INFO 18120 --- [main] mao.spring_boot_log.Log                  : hello
2022-04-10 20:33:53.662  WARN 18120 --- [main] mao.spring_boot_log.Log                  : hello
2022-04-10 20:33:53.662 ERROR 18120 --- [main] mao.spring_boot_log.Log                  : hello
2022-04-10 20:33:53.662 DEBUG 18120 --- [main] mao.spring_boot_log.Log                  : hello
2022-04-10 20:33:53.662  INFO 18120 --- [main] mao.spring_boot_log.Log                  : hello
2022-04-10 20:33:53.663  WARN 18120 --- [main] mao.spring_boot_log.Log                  : hello
2022-04-10 20:33:53.663 ERROR 18120 --- [main] mao.spring_boot_log.Log                  : hello
2022-04-10 20:33:53.663 DEBUG 18120 --- [main] mao.spring_boot_log.Log                  : hello
2022-04-10 20:33:53.663  INFO 18120 --- [main] mao.spring_boot_log.Log                  : hello
2022-04-10 20:33:53.663  WARN 18120 --- [main] mao.spring_boot_log.Log                  : hello
2022-04-10 20:33:53.663 ERROR 18120 --- [main] mao.spring_boot_log.Log                  : hello
2022-04-10 20:33:53.663 DEBUG 18120 --- [main] mao.spring_boot_log.Log                  : hello
2022-04-10 20:33:53.663  INFO 18120 --- [main] mao.spring_boot_log.Log                  : hello
2022-04-10 20:33:53.663  WARN 18120 --- [main] mao.spring_boot_log.Log                  : hello
2022-04-10 20:33:53.663 ERROR 18120 --- [main] mao.spring_boot_log.Log                  : hello
2022-04-10 20:33:53.663 DEBUG 18120 --- [main] mao.spring_boot_log.Log                  : hello
2022-04-10 20:33:53.663  INFO 18120 --- [main] mao.spring_boot_log.Log                  : hello
2022-04-10 20:33:53.663  WARN 18120 --- [main] mao.spring_boot_log.Log                  : hello
2022-04-10 20:33:53.663 ERROR 18120 --- [main] mao.spring_boot_log.Log                  : hello
2022-04-10 20:33:53.663 DEBUG 18120 --- [main] mao.spring_boot_log.Log                  : hello
2022-04-10 20:33:53.663  INFO 18120 --- [main] mao.spring_boot_log.Log                  : hello
2022-04-10 20:33:53.663  WARN 18120 --- [main] mao.spring_boot_log.Log                  : hello
2022-04-10 20:33:53.663 ERROR 18120 --- [main] mao.spring_boot_log.Log                  : hello
2022-04-10 20:33:53.663 DEBUG 18120 --- [main] mao.spring_boot_log.Log                  : hello
2022-04-10 20:33:53.663  INFO 18120 --- [main] mao.spring_boot_log.Log                  : hello
2022-04-10 20:33:53.663  WARN 18120 --- [main] mao.spring_boot_log.Log                  : hello
2022-04-10 20:33:53.664 ERROR 18120 --- [main] mao.spring_boot_log.Log                  : hello
2022-04-10 20:33:53.664 DEBUG 18120 --- [main] mao.spring_boot_log.Log                  : hello
2022-04-10 20:33:53.664  INFO 18120 --- [main] mao.spring_boot_log.Log                  : hello
2022-04-10 20:33:53.664  WARN 18120 --- [main] mao.spring_boot_log.Log                  : hello
2022-04-10 20:33:53.664 ERROR 18120 --- [main] mao.spring_boot_log.Log                  : hello
2022-04-10 20:33:53.664 DEBUG 18120 --- [main] mao.spring_boot_log.Log                  : hello
2022-04-10 20:33:53.664  INFO 18120 --- [main] mao.spring_boot_log.Log                  : hello
2022-04-10 20:33:53.664  WARN 18120 --- [main] mao.spring_boot_log.Log                  : hello
2022-04-10 20:33:53.664 ERROR 18120 --- [main] mao.spring_boot_log.Log                  : hello
2022-04-10 20:33:53.664 DEBUG 18120 --- [main] mao.spring_boot_log.Log                  : hello
2022-04-10 20:33:53.664  INFO 18120 --- [main] mao.spring_boot_log.Log                  : hello
2022-04-10 20:33:53.664  WARN 18120 --- [main] mao.spring_boot_log.Log                  : hello
2022-04-10 20:33:53.664 ERROR 18120 --- [main] mao.spring_boot_log.Log                  : hello
2022-04-10 20:33:53.664 DEBUG 18120 --- [main] mao.spring_boot_log.Log                  : hello
2022-04-10 20:33:53.664  INFO 18120 --- [main] mao.spring_boot_log.Log                  : hello
2022-04-10 20:33:53.664  WARN 18120 --- [main] mao.spring_boot_log.Log                  : hello
2022-04-10 20:33:53.664 ERROR 18120 --- [main] mao.spring_boot_log.Log                  : hello
2022-04-10 20:33:53.664 DEBUG 18120 --- [main] mao.spring_boot_log.Log                  : hello
2022-04-10 20:33:53.664  INFO 18120 --- [main] mao.spring_boot_log.Log                  : hello
2022-04-10 20:33:53.664  WARN 18120 --- [main] mao.spring_boot_log.Log                  : hello
2022-04-10 20:33:53.664 ERROR 18120 --- [main] mao.spring_boot_log.Log                  : hello
2022-04-10 20:33:53.664 DEBUG 18120 --- [main] mao.spring_boot_log.Log                  : hello
2022-04-10 20:33:53.664  INFO 18120 --- [main] mao.spring_boot_log.Log                  : hello
2022-04-10 20:33:53.664  WARN 18120 --- [main] mao.spring_boot_log.Log                  : hello
2022-04-10 20:33:53.664 ERROR 18120 --- [main] mao.spring_boot_log.Log                  : hello
2022-04-10 20:33:53.664 DEBUG 18120 --- [main] mao.spring_boot_log.Log                  : hello
2022-04-10 20:33:53.664  INFO 18120 --- [main] mao.spring_boot_log.Log                  : hello
2022-04-10 20:33:53.664  WARN 18120 --- [main] mao.spring_boot_log.Log                  : hello
2022-04-10 20:33:53.664 ERROR 18120 --- [main] mao.spring_boot_log.Log                  : hello
2022-04-10 20:33:53.664 DEBUG 18120 --- [main] mao.spring_boot_log.Log                  : hello
2022-04-10 20:33:53.664  INFO 18120 --- [main] mao.spring_boot_log.Log                  : hello
2022-04-10 20:33:53.664  WARN 18120 --- [main] mao.spring_boot_log.Log                  : hello
2022-04-10 20:33:53.664 ERROR 18120 --- [main] mao.spring_boot_log.Log                  : hello
2022-04-10 20:33:53.664 DEBUG 18120 --- [main] mao.spring_boot_log.Log                  : hello
2022-04-10 20:33:53.664  INFO 18120 --- [main] mao.spring_boot_log.Log                  : hello
2022-04-10 20:33:53.664  WARN 18120 --- [main] mao.spring_boot_log.Log                  : hello
2022-04-10 20:33:53.664 ERROR 18120 --- [main] mao.spring_boot_log.Log                  : hello
2022-04-10 20:33:53.665 DEBUG 18120 --- [main] mao.spring_boot_log.Log                  : hello
2022-04-10 20:33:53.665  INFO 18120 --- [main] mao.spring_boot_log.Log                  : hello
2022-04-10 20:33:53.665  WARN 18120 --- [main] mao.spring_boot_log.Log                  : hello
2022-04-10 20:33:53.665 ERROR 18120 --- [main] mao.spring_boot_log.Log                  : hello
2022-04-10 20:33:53.665 DEBUG 18120 --- [main] mao.spring_boot_log.Log                  : hello
2022-04-10 20:33:53.665  INFO 18120 --- [main] mao.spring_boot_log.Log                  : hello
2022-04-10 20:33:53.665  WARN 18120 --- [main] mao.spring_boot_log.Log                  : hello
2022-04-10 20:33:53.665 ERROR 18120 --- [main] mao.spring_boot_log.Log                  : hello
2022-04-10 20:33:53.665 DEBUG 18120 --- [main] mao.spring_boot_log.Log                  : hello
2022-04-10 20:33:53.665  INFO 18120 --- [main] mao.spring_boot_log.Log                  : hello
2022-04-10 20:33:53.665  WARN 18120 --- [main] mao.spring_boot_log.Log                  : hello
2022-04-10 20:33:53.665 ERROR 18120 --- [main] mao.spring_boot_log.Log                  : hello
2022-04-10 20:33:53.665 DEBUG 18120 --- [main] mao.spring_boot_log.Log                  : hello
2022-04-10 20:33:53.665  INFO 18120 --- [main] mao.spring_boot_log.Log                  : hello
2022-04-10 20:33:53.665  WARN 18120 --- [main] mao.spring_boot_log.Log                  : hello
2022-04-10 20:33:53.665 ERROR 18120 --- [main] mao.spring_boot_log.Log                  : hello
2022-04-10 20:33:53.665 DEBUG 18120 --- [main] mao.spring_boot_log.Log                  : hello
2022-04-10 20:33:53.665  INFO 18120 --- [main] mao.spring_boot_log.Log                  : hello
2022-04-10 20:33:53.665  WARN 18120 --- [main] mao.spring_boot_log.Log                  : hello
2022-04-10 20:33:53.665 ERROR 18120 --- [main] mao.spring_boot_log.Log                  : hello
2022-04-10 20:33:53.665 DEBUG 18120 --- [main] mao.spring_boot_log.Log                  : hello
2022-04-10 20:33:53.665  INFO 18120 --- [main] mao.spring_boot_log.Log                  : hello
2022-04-10 20:33:53.665  WARN 18120 --- [main] mao.spring_boot_log.Log                  : hello
2022-04-10 20:33:53.665 ERROR 18120 --- [main] mao.spring_boot_log.Log                  : hello
2022-04-10 20:33:53.665 DEBUG 18120 --- [main] mao.spring_boot_log.Log                  : hello
2022-04-10 20:33:53.665  INFO 18120 --- [main] mao.spring_boot_log.Log                  : hello
2022-04-10 20:33:53.665  WARN 18120 --- [main] mao.spring_boot_log.Log                  : hello
2022-04-10 20:33:53.665 ERROR 18120 --- [main] mao.spring_boot_log.Log                  : hello
2022-04-10 20:33:53.665 DEBUG 18120 --- [main] mao.spring_boot_log.Log                  : hello
2022-04-10 20:33:53.665  INFO 18120 --- [main] mao.spring_boot_log.Log                  : hello
2022-04-10 20:33:53.665  WARN 18120 --- [main] mao.spring_boot_log.Log                  : hello
2022-04-10 20:33:53.665 ERROR 18120 --- [main] mao.spring_boot_log.Log                  : hello
2022-04-10 20:33:53.665 DEBUG 18120 --- [main] mao.spring_boot_log.Log                  : hello
2022-04-10 20:33:53.665  INFO 18120 --- [main] mao.spring_boot_log.Log                  : hello
2022-04-10 20:33:53.665  WARN 18120 --- [main] mao.spring_boot_log.Log                  : hello
2022-04-10 20:33:53.665 ERROR 18120 --- [main] mao.spring_boot_log.Log                  : hello
2022-04-10 20:33:53.665 DEBUG 18120 --- [main] mao.spring_boot_log.Log                  : hello
2022-04-10 20:33:53.665  INFO 18120 --- [main] mao.spring_boot_log.Log                  : hello
2022-04-10 20:33:53.665  WARN 18120 --- [main] mao.spring_boot_log.Log                  : hello
2022-04-10 20:33:53.665 ERROR 18120 --- [main] mao.spring_boot_log.Log                  : hello
2022-04-10 20:33:53.665 DEBUG 18120 --- [main] mao.spring_boot_log.Log                  : hello
2022-04-10 20:33:53.666  INFO 18120 --- [main] mao.spring_boot_log.Log                  : hello
2022-04-10 20:33:53.666  WARN 18120 --- [main] mao.spring_boot_log.Log                  : hello
2022-04-10 20:33:53.666 ERROR 18120 --- [main] mao.spring_boot_log.Log                  : hello
2022-04-10 20:33:53.666 DEBUG 18120 --- [main] mao.spring_boot_log.Log                  : hello
2022-04-10 20:33:53.666  INFO 18120 --- [main] mao.spring_boot_log.Log                  : hello
2022-04-10 20:33:53.666  WARN 18120 --- [main] mao.spring_boot_log.Log                  : hello
2022-04-10 20:33:53.666 ERROR 18120 --- [main] mao.spring_boot_log.Log                  : hello
2022-04-10 20:33:53.666 DEBUG 18120 --- [main] mao.spring_boot_log.Log                  : hello
2022-04-10 20:33:53.666  INFO 18120 --- [main] mao.spring_boot_log.Log                  : hello
2022-04-10 20:33:53.666  WARN 18120 --- [main] mao.spring_boot_log.Log                  : hello
2022-04-10 20:33:53.666 ERROR 18120 --- [main] mao.spring_boot_log.Log                  : hello
2022-04-10 20:33:53.666 DEBUG 18120 --- [main] mao.spring_boot_log.Log                  : hello
2022-04-10 20:33:53.666  INFO 18120 --- [main] mao.spring_boot_log.Log                  : hello
2022-04-10 20:33:53.666  WARN 18120 --- [main] mao.spring_boot_log.Log                  : hello
2022-04-10 20:33:53.666 ERROR 18120 --- [main] mao.spring_boot_log.Log                  : hello
2022-04-10 20:33:53.666 DEBUG 18120 --- [main] mao.spring_boot_log.Log                  : hello
2022-04-10 20:33:53.666  INFO 18120 --- [main] mao.spring_boot_log.Log                  : hello
2022-04-10 20:33:53.666  WARN 18120 --- [main] mao.spring_boot_log.Log                  : hello
2022-04-10 20:33:53.666 ERROR 18120 --- [main] mao.spring_boot_log.Log                  : hello
2022-04-10 20:33:53.666 DEBUG 18120 --- [main] mao.spring_boot_log.Log                  : hello
2022-04-10 20:33:53.666  INFO 18120 --- [main] mao.spring_boot_log.Log                  : hello
2022-04-10 20:33:53.666  WARN 18120 --- [main] mao.spring_boot_log.Log                  : hello
2022-04-10 20:33:53.666 ERROR 18120 --- [main] mao.spring_boot_log.Log                  : hello
2022-04-10 20:33:53.666 DEBUG 18120 --- [main] mao.spring_boot_log.Log                  : hello
2022-04-10 20:33:53.666  INFO 18120 --- [main] mao.spring_boot_log.Log                  : hello
2022-04-10 20:33:53.666  WARN 18120 --- [main] mao.spring_boot_log.Log                  : hello
2022-04-10 20:33:53.666 ERROR 18120 --- [main] mao.spring_boot_log.Log                  : hello
2022-04-10 20:33:53.666 DEBUG 18120 --- [main] mao.spring_boot_log.Log                  : hello
2022-04-10 20:33:53.666  INFO 18120 --- [main] mao.spring_boot_log.Log                  : hello
2022-04-10 20:33:53.666  WARN 18120 --- [main] mao.spring_boot_log.Log                  : hello
2022-04-10 20:33:53.666 ERROR 18120 --- [main] mao.spring_boot_log.Log                  : hello
2022-04-10 20:33:53.666 DEBUG 18120 --- [main] mao.spring_boot_log.Log                  : hello
2022-04-10 20:33:53.666  INFO 18120 --- [main] mao.spring_boot_log.Log                  : hello
2022-04-10 20:33:53.666  WARN 18120 --- [main] mao.spring_boot_log.Log                  : hello
