2022-04-10 20:40:16.164 ERROR 14100 --- [main] mao.spring_boot_log.Log                  : hello
2022-04-10 20:40:16.165 DEBUG 14100 --- [main] mao.spring_boot_log.Log                  : hello
2022-04-10 20:40:16.166  INFO 14100 --- [main] mao.spring_boot_log.Log                  : hello
2022-04-10 20:40:16.166  WARN 14100 --- [main] mao.spring_boot_log.Log                  : hello
2022-04-10 20:40:16.166 ERROR 14100 --- [main] mao.spring_boot_log.Log                  : hello
2022-04-10 20:40:16.166 DEBUG 14100 --- [main] mao.spring_boot_log.Log                  : hello
2022-04-10 20:40:16.166  INFO 14100 --- [main] mao.spring_boot_log.Log                  : hello
2022-04-10 20:40:16.166  WARN 14100 --- [main] mao.spring_boot_log.Log                  : hello
2022-04-10 20:40:16.166 ERROR 14100 --- [main] mao.spring_boot_log.Log                  : hello
2022-04-10 20:40:16.167 DEBUG 14100 --- [main] mao.spring_boot_log.Log                  : hello
2022-04-10 20:40:16.167  INFO 14100 --- [main] mao.spring_boot_log.Log                  : hello
2022-04-10 20:40:16.167  WARN 14100 --- [main] mao.spring_boot_log.Log                  : hello
2022-04-10 20:40:16.167 ERROR 14100 --- [main] mao.spring_boot_log.Log                  : hello
2022-04-10 20:40:16.167 DEBUG 14100 --- [main] mao.spring_boot_log.Log                  : hello
2022-04-10 20:40:16.167  INFO 14100 --- [main] mao.spring_boot_log.Log                  : hello
2022-04-10 20:40:16.167  WARN 14100 --- [main] mao.spring_boot_log.Log                  : hello
2022-04-10 20:40:16.167 ERROR 14100 --- [main] mao.spring_boot_log.Log                  : hello
2022-04-10 20:40:16.167 DEBUG 14100 --- [main] mao.spring_boot_log.Log                  : hello
2022-04-10 20:40:16.167  INFO 14100 --- [main] mao.spring_boot_log.Log                  : hello
2022-04-10 20:40:16.167  WARN 14100 --- [main] mao.spring_boot_log.Log                  : hello
2022-04-10 20:40:16.167 ERROR 14100 --- [main] mao.spring_boot_log.Log                  : hello
2022-04-10 20:40:16.167 DEBUG 14100 --- [main] mao.spring_boot_log.Log                  : hello
2022-04-10 20:40:16.167  INFO 14100 --- [main] mao.spring_boot_log.Log                  : hello
2022-04-10 20:40:16.167  WARN 14100 --- [main] mao.spring_boot_log.Log                  : hello
2022-04-10 20:40:16.167 ERROR 14100 --- [main] mao.spring_boot_log.Log                  : hello
2022-04-10 20:40:16.167 DEBUG 14100 --- [main] mao.spring_boot_log.Log                  : hello
2022-04-10 20:40:16.167  INFO 14100 --- [main] mao.spring_boot_log.Log                  : hello
2022-04-10 20:40:16.167  WARN 14100 --- [main] mao.spring_boot_log.Log                  : hello
2022-04-10 20:40:16.167 ERROR 14100 --- [main] mao.spring_boot_log.Log                  : hello
2022-04-10 20:40:16.167 DEBUG 14100 --- [main] mao.spring_boot_log.Log                  : hello
2022-04-10 20:40:16.167  INFO 14100 --- [main] mao.spring_boot_log.Log                  : hello
2022-04-10 20:40:16.167  WARN 14100 --- [main] mao.spring_boot_log.Log                  : hello
2022-04-10 20:40:16.167 ERROR 14100 --- [main] mao.spring_boot_log.Log                  : hello
2022-04-10 20:40:16.167 DEBUG 14100 --- [main] mao.spring_boot_log.Log                  : hello
2022-04-10 20:40:16.167  INFO 14100 --- [main] mao.spring_boot_log.Log                  : hello
2022-04-10 20:40:16.167  WARN 14100 --- [main] mao.spring_boot_log.Log                  : hello
2022-04-10 20:40:16.167 ERROR 14100 --- [main] mao.spring_boot_log.Log                  : hello
2022-04-10 20:40:16.167 DEBUG 14100 --- [main] mao.spring_boot_log.Log                  : hello
2022-04-10 20:40:16.167  INFO 14100 --- [main] mao.spring_boot_log.Log                  : hello
2022-04-10 20:40:16.167  WARN 14100 --- [main] mao.spring_boot_log.Log                  : hello
2022-04-10 20:40:16.167 ERROR 14100 --- [main] mao.spring_boot_log.Log                  : hello
2022-04-10 20:40:16.167 DEBUG 14100 --- [main] mao.spring_boot_log.Log                  : hello
2022-04-10 20:40:16.167  INFO 14100 --- [main] mao.spring_boot_log.Log                  : hello
2022-04-10 20:40:16.167  WARN 14100 --- [main] mao.spring_boot_log.Log                  : hello
2022-04-10 20:40:16.167 ERROR 14100 --- [main] mao.spring_boot_log.Log                  : hello
2022-04-10 20:40:16.167 DEBUG 14100 --- [main] mao.spring_boot_log.Log                  : hello
2022-04-10 20:40:16.167  INFO 14100 --- [main] mao.spring_boot_log.Log                  : hello
2022-04-10 20:40:16.167  WARN 14100 --- [main] mao.spring_boot_log.Log                  : hello
2022-04-10 20:40:16.167 ERROR 14100 --- [main] mao.spring_boot_log.Log                  : hello
2022-04-10 20:40:16.167 DEBUG 14100 --- [main] mao.spring_boot_log.Log                  : hello
2022-04-10 20:40:16.167  INFO 14100 --- [main] mao.spring_boot_log.Log                  : hello
2022-04-10 20:40:16.167  WARN 14100 --- [main] mao.spring_boot_log.Log                  : hello
2022-04-10 20:40:16.167 ERROR 14100 --- [main] mao.spring_boot_log.Log                  : hello
2022-04-10 20:40:16.167 DEBUG 14100 --- [main] mao.spring_boot_log.Log                  : hello
2022-04-10 20:40:16.167  INFO 14100 --- [main] mao.spring_boot_log.Log                  : hello
2022-04-10 20:40:16.168  WARN 14100 --- [main] mao.spring_boot_log.Log                  : hello
2022-04-10 20:40:16.168 ERROR 14100 --- [main] mao.spring_boot_log.Log                  : hello
2022-04-10 20:40:16.168 DEBUG 14100 --- [main] mao.spring_boot_log.Log                  : hello
2022-04-10 20:40:16.168  INFO 14100 --- [main] mao.spring_boot_log.Log                  : hello
2022-04-10 20:40:16.168  WARN 14100 --- [main] mao.spring_boot_log.Log                  : hello
2022-04-10 20:40:16.168 ERROR 14100 --- [main] mao.spring_boot_log.Log                  : hello
2022-04-10 20:40:16.168 DEBUG 14100 --- [main] mao.spring_boot_log.Log                  : hello
2022-04-10 20:40:16.168  INFO 14100 --- [main] mao.spring_boot_log.Log                  : hello
2022-04-10 20:40:16.168  WARN 14100 --- [main] mao.spring_boot_log.Log                  : hello
2022-04-10 20:40:16.168 ERROR 14100 --- [main] mao.spring_boot_log.Log                  : hello
2022-04-10 20:40:16.168 DEBUG 14100 --- [main] mao.spring_boot_log.Log                  : hello
2022-04-10 20:40:16.168  INFO 14100 --- [main] mao.spring_boot_log.Log                  : hello
2022-04-10 20:40:16.168  WARN 14100 --- [main] mao.spring_boot_log.Log                  : hello
2022-04-10 20:40:16.168 ERROR 14100 --- [main] mao.spring_boot_log.Log                  : hello
2022-04-10 20:40:16.168 DEBUG 14100 --- [main] mao.spring_boot_log.Log                  : hello
2022-04-10 20:40:16.168  INFO 14100 --- [main] mao.spring_boot_log.Log                  : hello
2022-04-10 20:40:16.168  WARN 14100 --- [main] mao.spring_boot_log.Log                  : hello
2022-04-10 20:40:16.168 ERROR 14100 --- [main] mao.spring_boot_log.Log                  : hello
2022-04-10 20:40:16.168 DEBUG 14100 --- [main] mao.spring_boot_log.Log                  : hello
2022-04-10 20:40:16.168  INFO 14100 --- [main] mao.spring_boot_log.Log                  : hello
2022-04-10 20:40:16.168  WARN 14100 --- [main] mao.spring_boot_log.Log                  : hello
2022-04-10 20:40:16.168 ERROR 14100 --- [main] mao.spring_boot_log.Log                  : hello
2022-04-10 20:40:16.168 DEBUG 14100 --- [main] mao.spring_boot_log.Log                  : hello
2022-04-10 20:40:16.168  INFO 14100 --- [main] mao.spring_boot_log.Log                  : hello
2022-04-10 20:40:16.168  WARN 14100 --- [main] mao.spring_boot_log.Log                  : hello
2022-04-10 20:40:16.168 ERROR 14100 --- [main] mao.spring_boot_log.Log                  : hello
2022-04-10 20:40:16.168 DEBUG 14100 --- [main] mao.spring_boot_log.Log                  : hello
2022-04-10 20:40:16.168  INFO 14100 --- [main] mao.spring_boot_log.Log                  : hello
2022-04-10 20:40:16.168  WARN 14100 --- [main] mao.spring_boot_log.Log                  : hello
2022-04-10 20:40:16.168 ERROR 14100 --- [main] mao.spring_boot_log.Log                  : hello
2022-04-10 20:40:16.168 DEBUG 14100 --- [main] mao.spring_boot_log.Log                  : hello
2022-04-10 20:40:16.168  INFO 14100 --- [main] mao.spring_boot_log.Log                  : hello
2022-04-10 20:40:16.168  WARN 14100 --- [main] mao.spring_boot_log.Log                  : hello
2022-04-10 20:40:16.168 ERROR 14100 --- [main] mao.spring_boot_log.Log                  : hello
2022-04-10 20:40:16.168 DEBUG 14100 --- [main] mao.spring_boot_log.Log                  : hello
2022-04-10 20:40:16.168  INFO 14100 --- [main] mao.spring_boot_log.Log                  : hello
2022-04-10 20:40:16.169  WARN 14100 --- [main] mao.spring_boot_log.Log                  : hello
2022-04-10 20:40:16.169 ERROR 14100 --- [main] mao.spring_boot_log.Log                  : hello
2022-04-10 20:40:16.169 DEBUG 14100 --- [main] mao.spring_boot_log.Log                  : hello
2022-04-10 20:40:16.169  INFO 14100 --- [main] mao.spring_boot_log.Log                  : hello
2022-04-10 20:40:16.169  WARN 14100 --- [main] mao.spring_boot_log.Log                  : hello
2022-04-10 20:40:16.169 ERROR 14100 --- [main] mao.spring_boot_log.Log                  : hello
2022-04-10 20:40:16.169 DEBUG 14100 --- [main] mao.spring_boot_log.Log                  : hello
2022-04-10 20:40:16.169  INFO 14100 --- [main] mao.spring_boot_log.Log                  : hello
2022-04-10 20:40:16.169  WARN 14100 --- [main] mao.spring_boot_log.Log                  : hello
2022-04-10 20:40:16.169 ERROR 14100 --- [main] mao.spring_boot_log.Log                  : hello
2022-04-10 20:40:16.169 DEBUG 14100 --- [main] mao.spring_boot_log.Log                  : hello
2022-04-10 20:40:16.169  INFO 14100 --- [main] mao.spring_boot_log.Log                  : hello
2022-04-10 20:40:16.169  WARN 14100 --- [main] mao.spring_boot_log.Log                  : hello
2022-04-10 20:40:16.169 ERROR 14100 --- [main] mao.spring_boot_log.Log                  : hello
2022-04-10 20:40:16.169 DEBUG 14100 --- [main] mao.spring_boot_log.Log                  : hello
2022-04-10 20:40:16.169  INFO 14100 --- [main] mao.spring_boot_log.Log                  : hello
2022-04-10 20:40:16.169  WARN 14100 --- [main] mao.spring_boot_log.Log                  : hello
2022-04-10 20:40:16.169 ERROR 14100 --- [main] mao.spring_boot_log.Log                  : hello
2022-04-10 20:40:16.169 DEBUG 14100 --- [main] mao.spring_boot_log.Log                  : hello
2022-04-10 20:40:16.169  INFO 14100 --- [main] mao.spring_boot_log.Log                  : hello
2022-04-10 20:40:16.169  WARN 14100 --- [main] mao.spring_boot_log.Log                  : hello
2022-04-10 20:40:16.169 ERROR 14100 --- [main] mao.spring_boot_log.Log                  : hello
2022-04-10 20:40:16.169 DEBUG 14100 --- [main] mao.spring_boot_log.Log                  : hello
2022-04-10 20:40:16.169  INFO 14100 --- [main] mao.spring_boot_log.Log                  : hello
2022-04-10 20:40:16.169  WARN 14100 --- [main] mao.spring_boot_log.Log                  : hello
2022-04-10 20:40:16.169 ERROR 14100 --- [main] mao.spring_boot_log.Log                  : hello
2022-04-10 20:40:16.169 DEBUG 14100 --- [main] mao.spring_boot_log.Log                  : hello
2022-04-10 20:40:16.169  INFO 14100 --- [main] mao.spring_boot_log.Log                  : hello
2022-04-10 20:40:16.169  WARN 14100 --- [main] mao.spring_boot_log.Log                  : hello
2022-04-10 20:40:16.169 ERROR 14100 --- [main] mao.spring_boot_log.Log                  : hello
2022-04-10 20:40:16.169 DEBUG 14100 --- [main] mao.spring_boot_log.Log                  : hello
2022-04-10 20:40:16.169  INFO 14100 --- [main] mao.spring_boot_log.Log                  : hello
2022-04-10 20:40:16.169  WARN 14100 --- [main] mao.spring_boot_log.Log                  : hello
2022-04-10 20:40:16.169 ERROR 14100 --- [main] mao.spring_boot_log.Log                  : hello
2022-04-10 20:40:16.169 DEBUG 14100 --- [main] mao.spring_boot_log.Log                  : hello
2022-04-10 20:40:16.169  INFO 14100 --- [main] mao.spring_boot_log.Log                  : hello
2022-04-10 20:40:16.169  WARN 14100 --- [main] mao.spring_boot_log.Log                  : hello
2022-04-10 20:40:16.169 ERROR 14100 --- [main] mao.spring_boot_log.Log                  : hello
2022-04-10 20:40:16.169 DEBUG 14100 --- [main] mao.spring_boot_log.Log                  : hello
2022-04-10 20:40:16.169  INFO 14100 --- [main] mao.spring_boot_log.Log                  : hello
2022-04-10 20:40:16.170  WARN 14100 --- [main] mao.spring_boot_log.Log                  : hello
2022-04-10 20:40:16.170 ERROR 14100 --- [main] mao.spring_boot_log.Log                  : hello
2022-04-10 20:40:16.170 DEBUG 14100 --- [main] mao.spring_boot_log.Log                  : hello
2022-04-10 20:40:16.170  INFO 14100 --- [main] mao.spring_boot_log.Log                  : hello
2022-04-10 20:40:16.170  WARN 14100 --- [main] mao.spring_boot_log.Log                  : hello
2022-04-10 20:40:16.170 ERROR 14100 --- [main] mao.spring_boot_log.Log                  : hello
2022-04-10 20:40:16.170 DEBUG 14100 --- [main] mao.spring_boot_log.Log                  : hello
2022-04-10 20:40:16.170  INFO 14100 --- [main] mao.spring_boot_log.Log                  : hello
2022-04-10 20:40:16.170  WARN 14100 --- [main] mao.spring_boot_log.Log                  : hello
2022-04-10 20:40:16.170 ERROR 14100 --- [main] mao.spring_boot_log.Log                  : hello
2022-04-10 20:40:16.170 DEBUG 14100 --- [main] mao.spring_boot_log.Log                  : hello
2022-04-10 20:40:16.170  INFO 14100 --- [main] mao.spring_boot_log.Log                  : hello
2022-04-10 20:40:16.170  WARN 14100 --- [main] mao.spring_boot_log.Log                  : hello
2022-04-10 20:40:16.170 ERROR 14100 --- [main] mao.spring_boot_log.Log                  : hello
2022-04-10 20:40:16.170 DEBUG 14100 --- [main] mao.spring_boot_log.Log                  : hello
2022-04-10 20:40:16.170  INFO 14100 --- [main] mao.spring_boot_log.Log                  : hello
2022-04-10 20:40:16.170  WARN 14100 --- [main] mao.spring_boot_log.Log                  : hello
2022-04-10 20:40:16.170 ERROR 14100 --- [main] mao.spring_boot_log.Log                  : hello
2022-04-10 20:40:16.170 DEBUG 14100 --- [main] mao.spring_boot_log.Log                  : hello
2022-04-10 20:40:16.170  INFO 14100 --- [main] mao.spring_boot_log.Log                  : hello
2022-04-10 20:40:16.170  WARN 14100 --- [main] mao.spring_boot_log.Log                  : hello
2022-04-10 20:40:16.170 ERROR 14100 --- [main] mao.spring_boot_log.Log                  : hello
2022-04-10 20:40:16.170 DEBUG 14100 --- [main] mao.spring_boot_log.Log                  : hello
2022-04-10 20:40:16.170  INFO 14100 --- [main] mao.spring_boot_log.Log                  : hello
2022-04-10 20:40:16.170  WARN 14100 --- [main] mao.spring_boot_log.Log                  : hello
2022-04-10 20:40:16.170 ERROR 14100 --- [main] mao.spring_boot_log.Log                  : hello
2022-04-10 20:40:16.170 DEBUG 14100 --- [main] mao.spring_boot_log.Log                  : hello
2022-04-10 20:40:16.170  INFO 14100 --- [main] mao.spring_boot_log.Log                  : hello
2022-04-10 20:40:16.170  WARN 14100 --- [main] mao.spring_boot_log.Log                  : hello
2022-04-10 20:40:16.170 ERROR 14100 --- [main] mao.spring_boot_log.Log                  : hello
2022-04-10 20:40:16.170 DEBUG 14100 --- [main] mao.spring_boot_log.Log                  : hello
2022-04-10 20:40:16.170  INFO 14100 --- [main] mao.spring_boot_log.Log                  : hello
2022-04-10 20:40:16.170  WARN 14100 --- [main] mao.spring_boot_log.Log                  : hello
2022-04-10 20:40:16.170 ERROR 14100 --- [main] mao.spring_boot_log.Log                  : hello
2022-04-10 20:40:16.170 DEBUG 14100 --- [main] mao.spring_boot_log.Log                  : hello
2022-04-10 20:40:16.170  INFO 14100 --- [main] mao.spring_boot_log.Log                  : hello
2022-04-10 20:40:16.170  WARN 14100 --- [main] mao.spring_boot_log.Log                  : hello
2022-04-10 20:40:16.170 ERROR 14100 --- [main] mao.spring_boot_log.Log                  : hello
2022-04-10 20:40:16.171 DEBUG 14100 --- [main] mao.spring_boot_log.Log                  : hello
2022-04-10 20:40:16.171  INFO 14100 --- [main] mao.spring_boot_log.Log                  : hello
2022-04-10 20:40:16.171  WARN 14100 --- [main] mao.spring_boot_log.Log                  : hello
2022-04-10 20:40:16.171 ERROR 14100 --- [main] mao.spring_boot_log.Log                  : hello
2022-04-10 20:40:16.171 DEBUG 14100 --- [main] mao.spring_boot_log.Log                  : hello
2022-04-10 20:40:16.171  INFO 14100 --- [main] mao.spring_boot_log.Log                  : hello
2022-04-10 20:40:16.171  WARN 14100 --- [main] mao.spring_boot_log.Log                  : hello
2022-04-10 20:40:16.171 ERROR 14100 --- [main] mao.spring_boot_log.Log                  : hello
2022-04-10 20:40:16.171 DEBUG 14100 --- [main] mao.spring_boot_log.Log                  : hello
2022-04-10 20:40:16.171  INFO 14100 --- [main] mao.spring_boot_log.Log                  : hello
2022-04-10 20:40:16.171  WARN 14100 --- [main] mao.spring_boot_log.Log                  : hello
2022-04-10 20:40:16.171 ERROR 14100 --- [main] mao.spring_boot_log.Log                  : hello
2022-04-10 20:40:16.171 DEBUG 14100 --- [main] mao.spring_boot_log.Log                  : hello
2022-04-10 20:40:16.171  INFO 14100 --- [main] mao.spring_boot_log.Log                  : hello
2022-04-10 20:40:16.171  WARN 14100 --- [main] mao.spring_boot_log.Log                  : hello
2022-04-10 20:40:16.171 ERROR 14100 --- [main] mao.spring_boot_log.Log                  : hello
2022-04-10 20:40:16.171 DEBUG 14100 --- [main] mao.spring_boot_log.Log                  : hello
2022-04-10 20:40:16.171  INFO 14100 --- [main] mao.spring_boot_log.Log                  : hello
2022-04-10 20:40:16.171  WARN 14100 --- [main] mao.spring_boot_log.Log                  : hello
2022-04-10 20:40:16.171 ERROR 14100 --- [main] mao.spring_boot_log.Log                  : hello
2022-04-10 20:40:16.171 DEBUG 14100 --- [main] mao.spring_boot_log.Log                  : hello
2022-04-10 20:40:16.171  INFO 14100 --- [main] mao.spring_boot_log.Log                  : hello
2022-04-10 20:40:16.171  WARN 14100 --- [main] mao.spring_boot_log.Log                  : hello
2022-04-10 20:40:16.171 ERROR 14100 --- [main] mao.spring_boot_log.Log                  : hello
2022-04-10 20:40:16.171 DEBUG 14100 --- [main] mao.spring_boot_log.Log                  : hello
2022-04-10 20:40:16.171  INFO 14100 --- [main] mao.spring_boot_log.Log                  : hello
2022-04-10 20:40:16.171  WARN 14100 --- [main] mao.spring_boot_log.Log                  : hello
2022-04-10 20:40:16.171 ERROR 14100 --- [main] mao.spring_boot_log.Log                  : hello
2022-04-10 20:40:16.171 DEBUG 14100 --- [main] mao.spring_boot_log.Log                  : hello
2022-04-10 20:40:16.171  INFO 14100 --- [main] mao.spring_boot_log.Log                  : hello
2022-04-10 20:40:16.171  WARN 14100 --- [main] mao.spring_boot_log.Log                  : hello
2022-04-10 20:40:16.171 ERROR 14100 --- [main] mao.spring_boot_log.Log                  : hello
2022-04-10 20:40:16.171 DEBUG 14100 --- [main] mao.spring_boot_log.Log                  : hello
2022-04-10 20:40:16.171  INFO 14100 --- [main] mao.spring_boot_log.Log                  : hello
2022-04-10 20:40:16.172  WARN 14100 --- [main] mao.spring_boot_log.Log                  : hello
2022-04-10 20:40:16.172 ERROR 14100 --- [main] mao.spring_boot_log.Log                  : hello
2022-04-10 20:40:16.172 DEBUG 14100 --- [main] mao.spring_boot_log.Log                  : hello
2022-04-10 20:40:16.172  INFO 14100 --- [main] mao.spring_boot_log.Log                  : hello
2022-04-10 20:40:16.172  WARN 14100 --- [main] mao.spring_boot_log.Log                  : hello
2022-04-10 20:40:16.172 ERROR 14100 --- [main] mao.spring_boot_log.Log                  : hello
2022-04-10 20:40:16.172 DEBUG 14100 --- [main] mao.spring_boot_log.Log                  : hello
2022-04-10 20:40:16.172  INFO 14100 --- [main] mao.spring_boot_log.Log                  : hello
2022-04-10 20:40:16.172  WARN 14100 --- [main] mao.spring_boot_log.Log                  : hello
2022-04-10 20:40:16.172 ERROR 14100 --- [main] mao.spring_boot_log.Log                  : hello
2022-04-10 20:40:16.172 DEBUG 14100 --- [main] mao.spring_boot_log.Log                  : hello
2022-04-10 20:40:16.172  INFO 14100 --- [main] mao.spring_boot_log.Log                  : hello
2022-04-10 20:40:16.172  WARN 14100 --- [main] mao.spring_boot_log.Log                  : hello
2022-04-10 20:40:16.172 ERROR 14100 --- [main] mao.spring_boot_log.Log                  : hello
2022-04-10 20:40:16.172 DEBUG 14100 --- [main] mao.spring_boot_log.Log                  : hello
2022-04-10 20:40:16.172  INFO 14100 --- [main] mao.spring_boot_log.Log                  : hello
2022-04-10 20:40:16.172  WARN 14100 --- [main] mao.spring_boot_log.Log                  : hello
2022-04-10 20:40:16.172 ERROR 14100 --- [main] mao.spring_boot_log.Log                  : hello
2022-04-10 20:40:16.172 DEBUG 14100 --- [main] mao.spring_boot_log.Log                  : hello
2022-04-10 20:40:16.172  INFO 14100 --- [main] mao.spring_boot_log.Log                  : hello
2022-04-10 20:40:16.172  WARN 14100 --- [main] mao.spring_boot_log.Log                  : hello
2022-04-10 20:40:16.172 ERROR 14100 --- [main] mao.spring_boot_log.Log                  : hello
2022-04-10 20:40:16.172 DEBUG 14100 --- [main] mao.spring_boot_log.Log                  : hello
2022-04-10 20:40:16.172  INFO 14100 --- [main] mao.spring_boot_log.Log                  : hello
2022-04-10 20:40:16.172  WARN 14100 --- [main] mao.spring_boot_log.Log                  : hello
2022-04-10 20:40:16.172 ERROR 14100 --- [main] mao.spring_boot_log.Log                  : hello
2022-04-10 20:40:16.172 DEBUG 14100 --- [main] mao.spring_boot_log.Log                  : hello
2022-04-10 20:40:16.172  INFO 14100 --- [main] mao.spring_boot_log.Log                  : hello
2022-04-10 20:40:16.172  WARN 14100 --- [main] mao.spring_boot_log.Log                  : hello
2022-04-10 20:40:16.172 ERROR 14100 --- [main] mao.spring_boot_log.Log                  : hello
2022-04-10 20:40:16.172 DEBUG 14100 --- [main] mao.spring_boot_log.Log                  : hello
2022-04-10 20:40:16.172  INFO 14100 --- [main] mao.spring_boot_log.Log                  : hello
2022-04-10 20:40:16.172  WARN 14100 --- [main] mao.spring_boot_log.Log                  : hello
2022-04-10 20:40:16.172 ERROR 14100 --- [main] mao.spring_boot_log.Log                  : hello
2022-04-10 20:40:16.173 DEBUG 14100 --- [main] mao.spring_boot_log.Log                  : hello
2022-04-10 20:40:16.173  INFO 14100 --- [main] mao.spring_boot_log.Log                  : hello
2022-04-10 20:40:16.173  WARN 14100 --- [main] mao.spring_boot_log.Log                  : hello
2022-04-10 20:40:16.173 ERROR 14100 --- [main] mao.spring_boot_log.Log                  : hello
2022-04-10 20:40:16.173 DEBUG 14100 --- [main] mao.spring_boot_log.Log                  : hello
2022-04-10 20:40:16.173  INFO 14100 --- [main] mao.spring_boot_log.Log                  : hello
2022-04-10 20:40:16.173  WARN 14100 --- [main] mao.spring_boot_log.Log                  : hello
2022-04-10 20:40:16.173 ERROR 14100 --- [main] mao.spring_boot_log.Log                  : hello
2022-04-10 20:40:16.173 DEBUG 14100 --- [main] mao.spring_boot_log.Log                  : hello
2022-04-10 20:40:16.173  INFO 14100 --- [main] mao.spring_boot_log.Log                  : hello
2022-04-10 20:40:16.173  WARN 14100 --- [main] mao.spring_boot_log.Log                  : hello
2022-04-10 20:40:16.173 ERROR 14100 --- [main] mao.spring_boot_log.Log                  : hello
2022-04-10 20:40:16.173 DEBUG 14100 --- [main] mao.spring_boot_log.Log                  : hello
2022-04-10 20:40:16.173  INFO 14100 --- [main] mao.spring_boot_log.Log                  : hello
2022-04-10 20:40:16.173  WARN 14100 --- [main] mao.spring_boot_log.Log                  : hello
2022-04-10 20:40:16.173 ERROR 14100 --- [main] mao.spring_boot_log.Log                  : hello
2022-04-10 20:40:16.173 DEBUG 14100 --- [main] mao.spring_boot_log.Log                  : hello
2022-04-10 20:40:16.173  INFO 14100 --- [main] mao.spring_boot_log.Log                  : hello
2022-04-10 20:40:16.173  WARN 14100 --- [main] mao.spring_boot_log.Log                  : hello
2022-04-10 20:40:16.173 ERROR 14100 --- [main] mao.spring_boot_log.Log                  : hello
2022-04-10 20:40:16.173 DEBUG 14100 --- [main] mao.spring_boot_log.Log                  : hello
2022-04-10 20:40:16.173  INFO 14100 --- [main] mao.spring_boot_log.Log                  : hello
2022-04-10 20:40:16.173  WARN 14100 --- [main] mao.spring_boot_log.Log                  : hello
2022-04-10 20:40:16.173 ERROR 14100 --- [main] mao.spring_boot_log.Log                  : hello
2022-04-10 20:40:16.173 DEBUG 14100 --- [main] mao.spring_boot_log.Log                  : hello
2022-04-10 20:40:16.173  INFO 14100 --- [main] mao.spring_boot_log.Log                  : hello
2022-04-10 20:40:16.173  WARN 14100 --- [main] mao.spring_boot_log.Log                  : hello
2022-04-10 20:40:16.173 ERROR 14100 --- [main] mao.spring_boot_log.Log                  : hello
2022-04-10 20:40:16.173 DEBUG 14100 --- [main] mao.spring_boot_log.Log                  : hello
2022-04-10 20:40:16.173  INFO 14100 --- [main] mao.spring_boot_log.Log                  : hello
2022-04-10 20:40:16.173  WARN 14100 --- [main] mao.spring_boot_log.Log                  : hello
2022-04-10 20:40:16.173 ERROR 14100 --- [main] mao.spring_boot_log.Log                  : hello
2022-04-10 20:40:16.173 DEBUG 14100 --- [main] mao.spring_boot_log.Log                  : hello
2022-04-10 20:40:16.173  INFO 14100 --- [main] mao.spring_boot_log.Log                  : hello
2022-04-10 20:40:16.173  WARN 14100 --- [main] mao.spring_boot_log.Log                  : hello
2022-04-10 20:40:16.173 ERROR 14100 --- [main] mao.spring_boot_log.Log                  : hello
2022-04-10 20:40:16.173 DEBUG 14100 --- [main] mao.spring_boot_log.Log                  : hello
2022-04-10 20:40:16.174  INFO 14100 --- [main] mao.spring_boot_log.Log                  : hello
2022-04-10 20:40:16.174  WARN 14100 --- [main] mao.spring_boot_log.Log                  : hello
2022-04-10 20:40:16.174 ERROR 14100 --- [main] mao.spring_boot_log.Log                  : hello
2022-04-10 20:40:16.174 DEBUG 14100 --- [main] mao.spring_boot_log.Log                  : hello
2022-04-10 20:40:16.174  INFO 14100 --- [main] mao.spring_boot_log.Log                  : hello
2022-04-10 20:40:16.174  WARN 14100 --- [main] mao.spring_boot_log.Log                  : hello
2022-04-10 20:40:16.174 ERROR 14100 --- [main] mao.spring_boot_log.Log                  : hello
2022-04-10 20:40:16.174 DEBUG 14100 --- [main] mao.spring_boot_log.Log                  : hello
2022-04-10 20:40:16.174  INFO 14100 --- [main] mao.spring_boot_log.Log                  : hello
2022-04-10 20:40:16.174  WARN 14100 --- [main] mao.spring_boot_log.Log                  : hello
2022-04-10 20:40:16.174 ERROR 14100 --- [main] mao.spring_boot_log.Log                  : hello
2022-04-10 20:40:16.174 DEBUG 14100 --- [main] mao.spring_boot_log.Log                  : hello
2022-04-10 20:40:16.174  INFO 14100 --- [main] mao.spring_boot_log.Log                  : hello
2022-04-10 20:40:16.174  WARN 14100 --- [main] mao.spring_boot_log.Log                  : hello
2022-04-10 20:40:16.174 ERROR 14100 --- [main] mao.spring_boot_log.Log                  : hello
2022-04-10 20:40:16.174 DEBUG 14100 --- [main] mao.spring_boot_log.Log                  : hello
2022-04-10 20:40:16.174  INFO 14100 --- [main] mao.spring_boot_log.Log                  : hello
2022-04-10 20:40:16.174  WARN 14100 --- [main] mao.spring_boot_log.Log                  : hello
2022-04-10 20:40:16.174 ERROR 14100 --- [main] mao.spring_boot_log.Log                  : hello
2022-04-10 20:40:16.174 DEBUG 14100 --- [main] mao.spring_boot_log.Log                  : hello
2022-04-10 20:40:16.174  INFO 14100 --- [main] mao.spring_boot_log.Log                  : hello
2022-04-10 20:40:16.174  WARN 14100 --- [main] mao.spring_boot_log.Log                  : hello
2022-04-10 20:40:16.174 ERROR 14100 --- [main] mao.spring_boot_log.Log                  : hello
2022-04-10 20:40:16.174 DEBUG 14100 --- [main] mao.spring_boot_log.Log                  : hello
2022-04-10 20:40:16.174  INFO 14100 --- [main] mao.spring_boot_log.Log                  : hello
2022-04-10 20:40:16.174  WARN 14100 --- [main] mao.spring_boot_log.Log                  : hello
2022-04-10 20:40:16.174 ERROR 14100 --- [main] mao.spring_boot_log.Log                  : hello
2022-04-10 20:40:16.174 DEBUG 14100 --- [main] mao.spring_boot_log.Log                  : hello
2022-04-10 20:40:16.174  INFO 14100 --- [main] mao.spring_boot_log.Log                  : hello
2022-04-10 20:40:16.174  WARN 14100 --- [main] mao.spring_boot_log.Log                  : hello
2022-04-10 20:40:16.174 ERROR 14100 --- [main] mao.spring_boot_log.Log                  : hello
2022-04-10 20:40:16.174 DEBUG 14100 --- [main] mao.spring_boot_log.Log                  : hello
2022-04-10 20:40:16.174  INFO 14100 --- [main] mao.spring_boot_log.Log                  : hello
2022-04-10 20:40:16.174  WARN 14100 --- [main] mao.spring_boot_log.Log                  : hello
2022-04-10 20:40:16.175 ERROR 14100 --- [main] mao.spring_boot_log.Log                  : hello
2022-04-10 20:40:16.175 DEBUG 14100 --- [main] mao.spring_boot_log.Log                  : hello
2022-04-10 20:40:16.175  INFO 14100 --- [main] mao.spring_boot_log.Log                  : hello
2022-04-10 20:40:16.175  WARN 14100 --- [main] mao.spring_boot_log.Log                  : hello
2022-04-10 20:40:16.175 ERROR 14100 --- [main] mao.spring_boot_log.Log                  : hello
2022-04-10 20:40:16.175 DEBUG 14100 --- [main] mao.spring_boot_log.Log                  : hello
2022-04-10 20:40:16.175  INFO 14100 --- [main] mao.spring_boot_log.Log                  : hello
2022-04-10 20:40:16.175  WARN 14100 --- [main] mao.spring_boot_log.Log                  : hello
2022-04-10 20:40:16.175 ERROR 14100 --- [main] mao.spring_boot_log.Log                  : hello
2022-04-10 20:40:16.175 DEBUG 14100 --- [main] mao.spring_boot_log.Log                  : hello
2022-04-10 20:40:16.175  INFO 14100 --- [main] mao.spring_boot_log.Log                  : hello
2022-04-10 20:40:16.175  WARN 14100 --- [main] mao.spring_boot_log.Log                  : hello
2022-04-10 20:40:16.175 ERROR 14100 --- [main] mao.spring_boot_log.Log                  : hello
2022-04-10 20:40:16.175 DEBUG 14100 --- [main] mao.spring_boot_log.Log                  : hello
2022-04-10 20:40:16.175  INFO 14100 --- [main] mao.spring_boot_log.Log                  : hello
2022-04-10 20:40:16.175  WARN 14100 --- [main] mao.spring_boot_log.Log                  : hello
2022-04-10 20:40:16.175 ERROR 14100 --- [main] mao.spring_boot_log.Log                  : hello
2022-04-10 20:40:16.175 DEBUG 14100 --- [main] mao.spring_boot_log.Log                  : hello
2022-04-10 20:40:16.175  INFO 14100 --- [main] mao.spring_boot_log.Log                  : hello
2022-04-10 20:40:16.175  WARN 14100 --- [main] mao.spring_boot_log.Log                  : hello
2022-04-10 20:40:16.175 ERROR 14100 --- [main] mao.spring_boot_log.Log                  : hello
2022-04-10 20:40:16.175 DEBUG 14100 --- [main] mao.spring_boot_log.Log                  : hello
2022-04-10 20:40:16.175  INFO 14100 --- [main] mao.spring_boot_log.Log                  : hello
2022-04-10 20:40:16.175  WARN 14100 --- [main] mao.spring_boot_log.Log                  : hello
2022-04-10 20:40:16.175 ERROR 14100 --- [main] mao.spring_boot_log.Log                  : hello
2022-04-10 20:40:16.175 DEBUG 14100 --- [main] mao.spring_boot_log.Log                  : hello
2022-04-10 20:40:16.175  INFO 14100 --- [main] mao.spring_boot_log.Log                  : hello
2022-04-10 20:40:16.175  WARN 14100 --- [main] mao.spring_boot_log.Log                  : hello
2022-04-10 20:40:16.175 ERROR 14100 --- [main] mao.spring_boot_log.Log                  : hello
2022-04-10 20:40:16.175 DEBUG 14100 --- [main] mao.spring_boot_log.Log                  : hello
2022-04-10 20:40:16.175  INFO 14100 --- [main] mao.spring_boot_log.Log                  : hello
2022-04-10 20:40:16.175  WARN 14100 --- [main] mao.spring_boot_log.Log                  : hello
2022-04-10 20:40:16.176 ERROR 14100 --- [main] mao.spring_boot_log.Log                  : hello
2022-04-10 20:40:16.176 DEBUG 14100 --- [main] mao.spring_boot_log.Log                  : hello
2022-04-10 20:40:16.176  INFO 14100 --- [main] mao.spring_boot_log.Log                  : hello
2022-04-10 20:40:16.176  WARN 14100 --- [main] mao.spring_boot_log.Log                  : hello
2022-04-10 20:40:16.176 ERROR 14100 --- [main] mao.spring_boot_log.Log                  : hello
2022-04-10 20:40:16.176 DEBUG 14100 --- [main] mao.spring_boot_log.Log                  : hello
2022-04-10 20:40:16.176  INFO 14100 --- [main] mao.spring_boot_log.Log                  : hello
2022-04-10 20:40:16.176  WARN 14100 --- [main] mao.spring_boot_log.Log                  : hello
2022-04-10 20:40:16.176 ERROR 14100 --- [main] mao.spring_boot_log.Log                  : hello
2022-04-10 20:40:16.176 DEBUG 14100 --- [main] mao.spring_boot_log.Log                  : hello
2022-04-10 20:40:16.176  INFO 14100 --- [main] mao.spring_boot_log.Log                  : hello
2022-04-10 20:40:16.176  WARN 14100 --- [main] mao.spring_boot_log.Log                  : hello
2022-04-10 20:40:16.176 ERROR 14100 --- [main] mao.spring_boot_log.Log                  : hello
2022-04-10 20:40:16.176 DEBUG 14100 --- [main] mao.spring_boot_log.Log                  : hello
2022-04-10 20:40:16.176  INFO 14100 --- [main] mao.spring_boot_log.Log                  : hello
2022-04-10 20:40:16.176  WARN 14100 --- [main] mao.spring_boot_log.Log                  : hello
2022-04-10 20:40:16.176 ERROR 14100 --- [main] mao.spring_boot_log.Log                  : hello
2022-04-10 20:40:16.176 DEBUG 14100 --- [main] mao.spring_boot_log.Log                  : hello
2022-04-10 20:40:16.176  INFO 14100 --- [main] mao.spring_boot_log.Log                  : hello
2022-04-10 20:40:16.176  WARN 14100 --- [main] mao.spring_boot_log.Log                  : hello
2022-04-10 20:40:16.176 ERROR 14100 --- [main] mao.spring_boot_log.Log                  : hello
2022-04-10 20:40:16.176 DEBUG 14100 --- [main] mao.spring_boot_log.Log                  : hello
2022-04-10 20:40:16.176  INFO 14100 --- [main] mao.spring_boot_log.Log                  : hello
2022-04-10 20:40:16.176  WARN 14100 --- [main] mao.spring_boot_log.Log                  : hello
2022-04-10 20:40:16.176 ERROR 14100 --- [main] mao.spring_boot_log.Log                  : hello
2022-04-10 20:40:16.176 DEBUG 14100 --- [main] mao.spring_boot_log.Log                  : hello
2022-04-10 20:40:16.176  INFO 14100 --- [main] mao.spring_boot_log.Log                  : hello
2022-04-10 20:40:16.176  WARN 14100 --- [main] mao.spring_boot_log.Log                  : hello
2022-04-10 20:40:16.176 ERROR 14100 --- [main] mao.spring_boot_log.Log                  : hello
2022-04-10 20:40:16.176 DEBUG 14100 --- [main] mao.spring_boot_log.Log                  : hello
2022-04-10 20:40:16.176  INFO 14100 --- [main] mao.spring_boot_log.Log                  : hello
2022-04-10 20:40:16.176  WARN 14100 --- [main] mao.spring_boot_log.Log                  : hello
2022-04-10 20:40:16.176 ERROR 14100 --- [main] mao.spring_boot_log.Log                  : hello
2022-04-10 20:40:16.177 DEBUG 14100 --- [main] mao.spring_boot_log.Log                  : hello
2022-04-10 20:40:16.177  INFO 14100 --- [main] mao.spring_boot_log.Log                  : hello
2022-04-10 20:40:16.177  WARN 14100 --- [main] mao.spring_boot_log.Log                  : hello
2022-04-10 20:40:16.177 ERROR 14100 --- [main] mao.spring_boot_log.Log                  : hello
2022-04-10 20:40:16.177 DEBUG 14100 --- [main] mao.spring_boot_log.Log                  : hello
2022-04-10 20:40:16.177  INFO 14100 --- [main] mao.spring_boot_log.Log                  : hello
2022-04-10 20:40:16.177  WARN 14100 --- [main] mao.spring_boot_log.Log                  : hello
2022-04-10 20:40:16.177 ERROR 14100 --- [main] mao.spring_boot_log.Log                  : hello
2022-04-10 20:40:16.177 DEBUG 14100 --- [main] mao.spring_boot_log.Log                  : hello
2022-04-10 20:40:16.177  INFO 14100 --- [main] mao.spring_boot_log.Log                  : hello
2022-04-10 20:40:16.177  WARN 14100 --- [main] mao.spring_boot_log.Log                  : hello
2022-04-10 20:40:16.177 ERROR 14100 --- [main] mao.spring_boot_log.Log                  : hello
2022-04-10 20:40:16.177 DEBUG 14100 --- [main] mao.spring_boot_log.Log                  : hello
2022-04-10 20:40:16.177  INFO 14100 --- [main] mao.spring_boot_log.Log                  : hello
2022-04-10 20:40:16.177  WARN 14100 --- [main] mao.spring_boot_log.Log                  : hello
2022-04-10 20:40:16.177 ERROR 14100 --- [main] mao.spring_boot_log.Log                  : hello
2022-04-10 20:40:16.177 DEBUG 14100 --- [main] mao.spring_boot_log.Log                  : hello
2022-04-10 20:40:16.177  INFO 14100 --- [main] mao.spring_boot_log.Log                  : hello
2022-04-10 20:40:16.177  WARN 14100 --- [main] mao.spring_boot_log.Log                  : hello
2022-04-10 20:40:16.177 ERROR 14100 --- [main] mao.spring_boot_log.Log                  : hello
2022-04-10 20:40:16.177 DEBUG 14100 --- [main] mao.spring_boot_log.Log                  : hello
2022-04-10 20:40:16.177  INFO 14100 --- [main] mao.spring_boot_log.Log                  : hello
2022-04-10 20:40:16.177  WARN 14100 --- [main] mao.spring_boot_log.Log                  : hello
2022-04-10 20:40:16.177 ERROR 14100 --- [main] mao.spring_boot_log.Log                  : hello
2022-04-10 20:40:16.177 DEBUG 14100 --- [main] mao.spring_boot_log.Log                  : hello
2022-04-10 20:40:16.177  INFO 14100 --- [main] mao.spring_boot_log.Log                  : hello
2022-04-10 20:40:16.177  WARN 14100 --- [main] mao.spring_boot_log.Log                  : hello
2022-04-10 20:40:16.177 ERROR 14100 --- [main] mao.spring_boot_log.Log                  : hello
2022-04-10 20:40:16.177 DEBUG 14100 --- [main] mao.spring_boot_log.Log                  : hello
2022-04-10 20:40:16.177  INFO 14100 --- [main] mao.spring_boot_log.Log                  : hello
2022-04-10 20:40:16.177  WARN 14100 --- [main] mao.spring_boot_log.Log                  : hello
2022-04-10 20:40:16.177 ERROR 14100 --- [main] mao.spring_boot_log.Log                  : hello
2022-04-10 20:40:16.177 DEBUG 14100 --- [main] mao.spring_boot_log.Log                  : hello
2022-04-10 20:40:16.177  INFO 14100 --- [main] mao.spring_boot_log.Log                  : hello
2022-04-10 20:40:16.177  WARN 14100 --- [main] mao.spring_boot_log.Log                  : hello
2022-04-10 20:40:16.178 ERROR 14100 --- [main] mao.spring_boot_log.Log                  : hello
2022-04-10 20:40:16.178 DEBUG 14100 --- [main] mao.spring_boot_log.Log                  : hello
2022-04-10 20:40:16.178  INFO 14100 --- [main] mao.spring_boot_log.Log                  : hello
2022-04-10 20:40:16.178  WARN 14100 --- [main] mao.spring_boot_log.Log                  : hello
2022-04-10 20:40:16.178 ERROR 14100 --- [main] mao.spring_boot_log.Log                  : hello
2022-04-10 20:40:16.178 DEBUG 14100 --- [main] mao.spring_boot_log.Log                  : hello
2022-04-10 20:40:16.178  INFO 14100 --- [main] mao.spring_boot_log.Log                  : hello
2022-04-10 20:40:16.178  WARN 14100 --- [main] mao.spring_boot_log.Log                  : hello
2022-04-10 20:40:16.178 ERROR 14100 --- [main] mao.spring_boot_log.Log                  : hello
2022-04-10 20:40:16.178 DEBUG 14100 --- [main] mao.spring_boot_log.Log                  : hello
2022-04-10 20:40:16.178  INFO 14100 --- [main] mao.spring_boot_log.Log                  : hello
2022-04-10 20:40:16.178  WARN 14100 --- [main] mao.spring_boot_log.Log                  : hello
2022-04-10 20:40:16.178 ERROR 14100 --- [main] mao.spring_boot_log.Log                  : hello
2022-04-10 20:40:16.178 DEBUG 14100 --- [main] mao.spring_boot_log.Log                  : hello
2022-04-10 20:40:16.178  INFO 14100 --- [main] mao.spring_boot_log.Log                  : hello
2022-04-10 20:40:16.178  WARN 14100 --- [main] mao.spring_boot_log.Log                  : hello
2022-04-10 20:40:16.178 ERROR 14100 --- [main] mao.spring_boot_log.Log                  : hello
2022-04-10 20:40:16.178 DEBUG 14100 --- [main] mao.spring_boot_log.Log                  : hello
2022-04-10 20:40:16.178  INFO 14100 --- [main] mao.spring_boot_log.Log                  : hello
2022-04-10 20:40:16.178  WARN 14100 --- [main] mao.spring_boot_log.Log                  : hello
2022-04-10 20:40:16.178 ERROR 14100 --- [main] mao.spring_boot_log.Log                  : hello
2022-04-10 20:40:16.178 DEBUG 14100 --- [main] mao.spring_boot_log.Log                  : hello
2022-04-10 20:40:16.178  INFO 14100 --- [main] mao.spring_boot_log.Log                  : hello
2022-04-10 20:40:16.178  WARN 14100 --- [main] mao.spring_boot_log.Log                  : hello
2022-04-10 20:40:16.178 ERROR 14100 --- [main] mao.spring_boot_log.Log                  : hello
2022-04-10 20:40:16.178 DEBUG 14100 --- [main] mao.spring_boot_log.Log                  : hello
2022-04-10 20:40:16.179  INFO 14100 --- [main] mao.spring_boot_log.Log                  : hello
2022-04-10 20:40:16.179  WARN 14100 --- [main] mao.spring_boot_log.Log                  : hello
2022-04-10 20:40:16.179 ERROR 14100 --- [main] mao.spring_boot_log.Log                  : hello
2022-04-10 20:40:16.179 DEBUG 14100 --- [main] mao.spring_boot_log.Log                  : hello
2022-04-10 20:40:16.179  INFO 14100 --- [main] mao.spring_boot_log.Log                  : hello
2022-04-10 20:40:16.179  WARN 14100 --- [main] mao.spring_boot_log.Log                  : hello
2022-04-10 20:40:16.179 ERROR 14100 --- [main] mao.spring_boot_log.Log                  : hello
2022-04-10 20:40:16.179 DEBUG 14100 --- [main] mao.spring_boot_log.Log                  : hello
2022-04-10 20:40:16.179  INFO 14100 --- [main] mao.spring_boot_log.Log                  : hello
2022-04-10 20:40:16.179  WARN 14100 --- [main] mao.spring_boot_log.Log                  : hello
2022-04-10 20:40:16.179 ERROR 14100 --- [main] mao.spring_boot_log.Log                  : hello
2022-04-10 20:40:16.179 DEBUG 14100 --- [main] mao.spring_boot_log.Log                  : hello
2022-04-10 20:40:16.179  INFO 14100 --- [main] mao.spring_boot_log.Log                  : hello
2022-04-10 20:40:16.179  WARN 14100 --- [main] mao.spring_boot_log.Log                  : hello
2022-04-10 20:40:16.179 ERROR 14100 --- [main] mao.spring_boot_log.Log                  : hello
2022-04-10 20:40:16.179 DEBUG 14100 --- [main] mao.spring_boot_log.Log                  : hello
2022-04-10 20:40:16.179  INFO 14100 --- [main] mao.spring_boot_log.Log                  : hello
2022-04-10 20:40:16.179  WARN 14100 --- [main] mao.spring_boot_log.Log                  : hello
2022-04-10 20:40:16.179 ERROR 14100 --- [main] mao.spring_boot_log.Log                  : hello
2022-04-10 20:40:16.179 DEBUG 14100 --- [main] mao.spring_boot_log.Log                  : hello
2022-04-10 20:40:16.179  INFO 14100 --- [main] mao.spring_boot_log.Log                  : hello
2022-04-10 20:40:16.179  WARN 14100 --- [main] mao.spring_boot_log.Log                  : hello
2022-04-10 20:40:16.179 ERROR 14100 --- [main] mao.spring_boot_log.Log                  : hello
2022-04-10 20:40:16.179 DEBUG 14100 --- [main] mao.spring_boot_log.Log                  : hello
2022-04-10 20:40:16.179  INFO 14100 --- [main] mao.spring_boot_log.Log                  : hello
2022-04-10 20:40:16.179  WARN 14100 --- [main] mao.spring_boot_log.Log                  : hello
2022-04-10 20:40:16.179 ERROR 14100 --- [main] mao.spring_boot_log.Log                  : hello
2022-04-10 20:40:16.180 DEBUG 14100 --- [main] mao.spring_boot_log.Log                  : hello
2022-04-10 20:40:16.180  INFO 14100 --- [main] mao.spring_boot_log.Log                  : hello
2022-04-10 20:40:16.180  WARN 14100 --- [main] mao.spring_boot_log.Log                  : hello
2022-04-10 20:40:16.180 ERROR 14100 --- [main] mao.spring_boot_log.Log                  : hello
2022-04-10 20:40:16.180 DEBUG 14100 --- [main] mao.spring_boot_log.Log                  : hello
2022-04-10 20:40:16.180  INFO 14100 --- [main] mao.spring_boot_log.Log                  : hello
2022-04-10 20:40:16.180  WARN 14100 --- [main] mao.spring_boot_log.Log                  : hello
2022-04-10 20:40:16.180 ERROR 14100 --- [main] mao.spring_boot_log.Log                  : hello
2022-04-10 20:40:16.180 DEBUG 14100 --- [main] mao.spring_boot_log.Log                  : hello
2022-04-10 20:40:16.180  INFO 14100 --- [main] mao.spring_boot_log.Log                  : hello
2022-04-10 20:40:16.180  WARN 14100 --- [main] mao.spring_boot_log.Log                  : hello
2022-04-10 20:40:16.180 ERROR 14100 --- [main] mao.spring_boot_log.Log                  : hello
2022-04-10 20:40:16.180 DEBUG 14100 --- [main] mao.spring_boot_log.Log                  : hello
2022-04-10 20:40:16.180  INFO 14100 --- [main] mao.spring_boot_log.Log                  : hello
2022-04-10 20:40:16.180  WARN 14100 --- [main] mao.spring_boot_log.Log                  : hello
2022-04-10 20:40:16.180 ERROR 14100 --- [main] mao.spring_boot_log.Log                  : hello
2022-04-10 20:40:16.180 DEBUG 14100 --- [main] mao.spring_boot_log.Log                  : hello
2022-04-10 20:40:16.180  INFO 14100 --- [main] mao.spring_boot_log.Log                  : hello
2022-04-10 20:40:16.180  WARN 14100 --- [main] mao.spring_boot_log.Log                  : hello
2022-04-10 20:40:16.180 ERROR 14100 --- [main] mao.spring_boot_log.Log                  : hello
2022-04-10 20:40:16.180 DEBUG 14100 --- [main] mao.spring_boot_log.Log                  : hello
2022-04-10 20:40:16.180  INFO 14100 --- [main] mao.spring_boot_log.Log                  : hello
2022-04-10 20:40:16.180  WARN 14100 --- [main] mao.spring_boot_log.Log                  : hello
2022-04-10 20:40:16.180 ERROR 14100 --- [main] mao.spring_boot_log.Log                  : hello
2022-04-10 20:40:16.180 DEBUG 14100 --- [main] mao.spring_boot_log.Log                  : hello
2022-04-10 20:40:16.180  INFO 14100 --- [main] mao.spring_boot_log.Log                  : hello
2022-04-10 20:40:16.180  WARN 14100 --- [main] mao.spring_boot_log.Log                  : hello
2022-04-10 20:40:16.180 ERROR 14100 --- [main] mao.spring_boot_log.Log                  : hello
2022-04-10 20:40:16.180 DEBUG 14100 --- [main] mao.spring_boot_log.Log                  : hello
2022-04-10 20:40:16.180  INFO 14100 --- [main] mao.spring_boot_log.Log                  : hello
2022-04-10 20:40:16.180  WARN 14100 --- [main] mao.spring_boot_log.Log                  : hello
2022-04-10 20:40:16.180 ERROR 14100 --- [main] mao.spring_boot_log.Log                  : hello
2022-04-10 20:40:16.180 DEBUG 14100 --- [main] mao.spring_boot_log.Log                  : hello
2022-04-10 20:40:16.180  INFO 14100 --- [main] mao.spring_boot_log.Log                  : hello
2022-04-10 20:40:16.180  WARN 14100 --- [main] mao.spring_boot_log.Log                  : hello
2022-04-10 20:40:16.180 ERROR 14100 --- [main] mao.spring_boot_log.Log                  : hello
2022-04-10 20:40:16.180 DEBUG 14100 --- [main] mao.spring_boot_log.Log                  : hello
2022-04-10 20:40:16.180  INFO 14100 --- [main] mao.spring_boot_log.Log                  : hello
2022-04-10 20:40:16.180  WARN 14100 --- [main] mao.spring_boot_log.Log                  : hello
2022-04-10 20:40:16.180 ERROR 14100 --- [main] mao.spring_boot_log.Log                  : hello
2022-04-10 20:40:16.180 DEBUG 14100 --- [main] mao.spring_boot_log.Log                  : hello
2022-04-10 20:40:16.180  INFO 14100 --- [main] mao.spring_boot_log.Log                  : hello
2022-04-10 20:40:16.180  WARN 14100 --- [main] mao.spring_boot_log.Log                  : hello
2022-04-10 20:40:16.180 ERROR 14100 --- [main] mao.spring_boot_log.Log                  : hello
2022-04-10 20:40:16.181 DEBUG 14100 --- [main] mao.spring_boot_log.Log                  : hello
2022-04-10 20:40:16.181  INFO 14100 --- [main] mao.spring_boot_log.Log                  : hello
2022-04-10 20:40:16.182  WARN 14100 --- [main] mao.spring_boot_log.Log                  : hello
2022-04-10 20:40:16.182 ERROR 14100 --- [main] mao.spring_boot_log.Log                  : hello
2022-04-10 20:40:16.182 DEBUG 14100 --- [main] mao.spring_boot_log.Log                  : hello
2022-04-10 20:40:16.182  INFO 14100 --- [main] mao.spring_boot_log.Log                  : hello
2022-04-10 20:40:16.182  WARN 14100 --- [main] mao.spring_boot_log.Log                  : hello
2022-04-10 20:40:16.182 ERROR 14100 --- [main] mao.spring_boot_log.Log                  : hello
2022-04-10 20:40:16.182 DEBUG 14100 --- [main] mao.spring_boot_log.Log                  : hello
2022-04-10 20:40:16.182  INFO 14100 --- [main] mao.spring_boot_log.Log                  : hello
2022-04-10 20:40:16.182  WARN 14100 --- [main] mao.spring_boot_log.Log                  : hello
2022-04-10 20:40:16.183 ERROR 14100 --- [main] mao.spring_boot_log.Log                  : hello
2022-04-10 20:40:16.188 DEBUG 14100 --- [main] mao.spring_boot_log.Log                  : hello
2022-04-10 20:40:16.188  INFO 14100 --- [main] mao.spring_boot_log.Log                  : hello
2022-04-10 20:40:16.188  WARN 14100 --- [main] mao.spring_boot_log.Log                  : hello
2022-04-10 20:40:16.188 ERROR 14100 --- [main] mao.spring_boot_log.Log                  : hello
2022-04-10 20:40:16.188 DEBUG 14100 --- [main] mao.spring_boot_log.Log                  : hello
2022-04-10 20:40:16.188  INFO 14100 --- [main] mao.spring_boot_log.Log                  : hello
2022-04-10 20:40:16.188  WARN 14100 --- [main] mao.spring_boot_log.Log                  : hello
2022-04-10 20:40:16.188 ERROR 14100 --- [main] mao.spring_boot_log.Log                  : hello
2022-04-10 20:40:16.188 DEBUG 14100 --- [main] mao.spring_boot_log.Log                  : hello
2022-04-10 20:40:16.188  INFO 14100 --- [main] mao.spring_boot_log.Log                  : hello
2022-04-10 20:40:16.188  WARN 14100 --- [main] mao.spring_boot_log.Log                  : hello
2022-04-10 20:40:16.188 ERROR 14100 --- [main] mao.spring_boot_log.Log                  : hello
2022-04-10 20:40:16.189 DEBUG 14100 --- [main] mao.spring_boot_log.Log                  : hello
2022-04-10 20:40:16.189  INFO 14100 --- [main] mao.spring_boot_log.Log                  : hello
2022-04-10 20:40:16.189  WARN 14100 --- [main] mao.spring_boot_log.Log                  : hello
2022-04-10 20:40:16.189 ERROR 14100 --- [main] mao.spring_boot_log.Log                  : hello
2022-04-10 20:40:16.189 DEBUG 14100 --- [main] mao.spring_boot_log.Log                  : hello
2022-04-10 20:40:16.189  INFO 14100 --- [main] mao.spring_boot_log.Log                  : hello
2022-04-10 20:40:16.189  WARN 14100 --- [main] mao.spring_boot_log.Log                  : hello
2022-04-10 20:40:16.189 ERROR 14100 --- [main] mao.spring_boot_log.Log                  : hello
2022-04-10 20:40:16.189 DEBUG 14100 --- [main] mao.spring_boot_log.Log                  : hello
2022-04-10 20:40:16.189  INFO 14100 --- [main] mao.spring_boot_log.Log                  : hello
2022-04-10 20:40:16.189  WARN 14100 --- [main] mao.spring_boot_log.Log                  : hello
2022-04-10 20:40:16.189 ERROR 14100 --- [main] mao.spring_boot_log.Log                  : hello
2022-04-10 20:40:16.189 DEBUG 14100 --- [main] mao.spring_boot_log.Log                  : hello
2022-04-10 20:40:16.189  INFO 14100 --- [main] mao.spring_boot_log.Log                  : hello
2022-04-10 20:40:16.189  WARN 14100 --- [main] mao.spring_boot_log.Log                  : hello
2022-04-10 20:40:16.189 ERROR 14100 --- [main] mao.spring_boot_log.Log                  : hello
2022-04-10 20:40:16.189 DEBUG 14100 --- [main] mao.spring_boot_log.Log                  : hello
2022-04-10 20:40:16.189  INFO 14100 --- [main] mao.spring_boot_log.Log                  : hello
2022-04-10 20:40:16.189  WARN 14100 --- [main] mao.spring_boot_log.Log                  : hello
2022-04-10 20:40:16.190 ERROR 14100 --- [main] mao.spring_boot_log.Log                  : hello
2022-04-10 20:40:16.190 DEBUG 14100 --- [main] mao.spring_boot_log.Log                  : hello
2022-04-10 20:40:16.190  INFO 14100 --- [main] mao.spring_boot_log.Log                  : hello
2022-04-10 20:40:16.190  WARN 14100 --- [main] mao.spring_boot_log.Log                  : hello
2022-04-10 20:40:16.190 ERROR 14100 --- [main] mao.spring_boot_log.Log                  : hello
2022-04-10 20:40:16.190 DEBUG 14100 --- [main] mao.spring_boot_log.Log                  : hello
2022-04-10 20:40:16.190  INFO 14100 --- [main] mao.spring_boot_log.Log                  : hello
2022-04-10 20:40:16.190  WARN 14100 --- [main] mao.spring_boot_log.Log                  : hello
2022-04-10 20:40:16.190 ERROR 14100 --- [main] mao.spring_boot_log.Log                  : hello
2022-04-10 20:40:16.191 DEBUG 14100 --- [main] mao.spring_boot_log.Log                  : hello
2022-04-10 20:40:16.191  INFO 14100 --- [main] mao.spring_boot_log.Log                  : hello
2022-04-10 20:40:16.191  WARN 14100 --- [main] mao.spring_boot_log.Log                  : hello
2022-04-10 20:40:16.191 ERROR 14100 --- [main] mao.spring_boot_log.Log                  : hello
2022-04-10 20:40:16.191 DEBUG 14100 --- [main] mao.spring_boot_log.Log                  : hello
2022-04-10 20:40:16.191  INFO 14100 --- [main] mao.spring_boot_log.Log                  : hello
2022-04-10 20:40:16.191  WARN 14100 --- [main] mao.spring_boot_log.Log                  : hello
2022-04-10 20:40:16.191 ERROR 14100 --- [main] mao.spring_boot_log.Log                  : hello
2022-04-10 20:40:16.191 DEBUG 14100 --- [main] mao.spring_boot_log.Log                  : hello
2022-04-10 20:40:16.191  INFO 14100 --- [main] mao.spring_boot_log.Log                  : hello
2022-04-10 20:40:16.191  WARN 14100 --- [main] mao.spring_boot_log.Log                  : hello
2022-04-10 20:40:16.191 ERROR 14100 --- [main] mao.spring_boot_log.Log                  : hello
2022-04-10 20:40:16.191 DEBUG 14100 --- [main] mao.spring_boot_log.Log                  : hello
2022-04-10 20:40:16.191  INFO 14100 --- [main] mao.spring_boot_log.Log                  : hello
2022-04-10 20:40:16.191  WARN 14100 --- [main] mao.spring_boot_log.Log                  : hello
2022-04-10 20:40:16.191 ERROR 14100 --- [main] mao.spring_boot_log.Log                  : hello
2022-04-10 20:40:16.191 DEBUG 14100 --- [main] mao.spring_boot_log.Log                  : hello
2022-04-10 20:40:16.191  INFO 14100 --- [main] mao.spring_boot_log.Log                  : hello
2022-04-10 20:40:16.191  WARN 14100 --- [main] mao.spring_boot_log.Log                  : hello
2022-04-10 20:40:16.191 ERROR 14100 --- [main] mao.spring_boot_log.Log                  : hello
2022-04-10 20:40:16.191 DEBUG 14100 --- [main] mao.spring_boot_log.Log                  : hello
2022-04-10 20:40:16.191  INFO 14100 --- [main] mao.spring_boot_log.Log                  : hello
2022-04-10 20:40:16.191  WARN 14100 --- [main] mao.spring_boot_log.Log                  : hello
2022-04-10 20:40:16.191 ERROR 14100 --- [main] mao.spring_boot_log.Log                  : hello
2022-04-10 20:40:16.191 DEBUG 14100 --- [main] mao.spring_boot_log.Log                  : hello
2022-04-10 20:40:16.191  INFO 14100 --- [main] mao.spring_boot_log.Log                  : hello
2022-04-10 20:40:16.192  WARN 14100 --- [main] mao.spring_boot_log.Log                  : hello
2022-04-10 20:40:16.192 ERROR 14100 --- [main] mao.spring_boot_log.Log                  : hello
2022-04-10 20:40:16.192 DEBUG 14100 --- [main] mao.spring_boot_log.Log                  : hello
2022-04-10 20:40:16.192  INFO 14100 --- [main] mao.spring_boot_log.Log                  : hello
2022-04-10 20:40:16.192  WARN 14100 --- [main] mao.spring_boot_log.Log                  : hello
2022-04-10 20:40:16.192 ERROR 14100 --- [main] mao.spring_boot_log.Log                  : hello
2022-04-10 20:40:16.192 DEBUG 14100 --- [main] mao.spring_boot_log.Log                  : hello
2022-04-10 20:40:16.192  INFO 14100 --- [main] mao.spring_boot_log.Log                  : hello
2022-04-10 20:40:16.192  WARN 14100 --- [main] mao.spring_boot_log.Log                  : hello
2022-04-10 20:40:16.192 ERROR 14100 --- [main] mao.spring_boot_log.Log                  : hello
2022-04-10 20:40:16.192 DEBUG 14100 --- [main] mao.spring_boot_log.Log                  : hello
2022-04-10 20:40:16.192  INFO 14100 --- [main] mao.spring_boot_log.Log                  : hello
2022-04-10 20:40:16.192  WARN 14100 --- [main] mao.spring_boot_log.Log                  : hello
2022-04-10 20:40:16.192 ERROR 14100 --- [main] mao.spring_boot_log.Log                  : hello
2022-04-10 20:40:16.192 DEBUG 14100 --- [main] mao.spring_boot_log.Log                  : hello
2022-04-10 20:40:16.192  INFO 14100 --- [main] mao.spring_boot_log.Log                  : hello
2022-04-10 20:40:16.192  WARN 14100 --- [main] mao.spring_boot_log.Log                  : hello
2022-04-10 20:40:16.192 ERROR 14100 --- [main] mao.spring_boot_log.Log                  : hello
2022-04-10 20:40:16.192 DEBUG 14100 --- [main] mao.spring_boot_log.Log                  : hello
2022-04-10 20:40:16.192  INFO 14100 --- [main] mao.spring_boot_log.Log                  : hello
2022-04-10 20:40:16.192  WARN 14100 --- [main] mao.spring_boot_log.Log                  : hello
2022-04-10 20:40:16.192 ERROR 14100 --- [main] mao.spring_boot_log.Log                  : hello
2022-04-10 20:40:16.192 DEBUG 14100 --- [main] mao.spring_boot_log.Log                  : hello
2022-04-10 20:40:16.192  INFO 14100 --- [main] mao.spring_boot_log.Log                  : hello
2022-04-10 20:40:16.192  WARN 14100 --- [main] mao.spring_boot_log.Log                  : hello
2022-04-10 20:40:16.192 ERROR 14100 --- [main] mao.spring_boot_log.Log                  : hello
2022-04-10 20:40:16.192 DEBUG 14100 --- [main] mao.spring_boot_log.Log                  : hello
2022-04-10 20:40:16.192  INFO 14100 --- [main] mao.spring_boot_log.Log                  : hello
2022-04-10 20:40:16.192  WARN 14100 --- [main] mao.spring_boot_log.Log                  : hello
2022-04-10 20:40:16.192 ERROR 14100 --- [main] mao.spring_boot_log.Log                  : hello
2022-04-10 20:40:16.193 DEBUG 14100 --- [main] mao.spring_boot_log.Log                  : hello
2022-04-10 20:40:16.193  INFO 14100 --- [main] mao.spring_boot_log.Log                  : hello
2022-04-10 20:40:16.193  WARN 14100 --- [main] mao.spring_boot_log.Log                  : hello
2022-04-10 20:40:16.193 ERROR 14100 --- [main] mao.spring_boot_log.Log                  : hello
2022-04-10 20:40:16.193 DEBUG 14100 --- [main] mao.spring_boot_log.Log                  : hello
2022-04-10 20:40:16.193  INFO 14100 --- [main] mao.spring_boot_log.Log                  : hello
2022-04-10 20:40:16.193  WARN 14100 --- [main] mao.spring_boot_log.Log                  : hello
2022-04-10 20:40:16.193 ERROR 14100 --- [main] mao.spring_boot_log.Log                  : hello
2022-04-10 20:40:16.193 DEBUG 14100 --- [main] mao.spring_boot_log.Log                  : hello
2022-04-10 20:40:16.193  INFO 14100 --- [main] mao.spring_boot_log.Log                  : hello
2022-04-10 20:40:16.193  WARN 14100 --- [main] mao.spring_boot_log.Log                  : hello
2022-04-10 20:40:16.193 ERROR 14100 --- [main] mao.spring_boot_log.Log                  : hello
2022-04-10 20:40:16.193 DEBUG 14100 --- [main] mao.spring_boot_log.Log                  : hello
2022-04-10 20:40:16.193  INFO 14100 --- [main] mao.spring_boot_log.Log                  : hello
2022-04-10 20:40:16.193  WARN 14100 --- [main] mao.spring_boot_log.Log                  : hello
2022-04-10 20:40:16.193 ERROR 14100 --- [main] mao.spring_boot_log.Log                  : hello
2022-04-10 20:40:16.193 DEBUG 14100 --- [main] mao.spring_boot_log.Log                  : hello
2022-04-10 20:40:16.193  INFO 14100 --- [main] mao.spring_boot_log.Log                  : hello
2022-04-10 20:40:16.193  WARN 14100 --- [main] mao.spring_boot_log.Log                  : hello
2022-04-10 20:40:16.193 ERROR 14100 --- [main] mao.spring_boot_log.Log                  : hello
2022-04-10 20:40:16.193 DEBUG 14100 --- [main] mao.spring_boot_log.Log                  : hello
2022-04-10 20:40:16.193  INFO 14100 --- [main] mao.spring_boot_log.Log                  : hello
2022-04-10 20:40:16.193  WARN 14100 --- [main] mao.spring_boot_log.Log                  : hello
2022-04-10 20:40:16.193 ERROR 14100 --- [main] mao.spring_boot_log.Log                  : hello
2022-04-10 20:40:16.193 DEBUG 14100 --- [main] mao.spring_boot_log.Log                  : hello
2022-04-10 20:40:16.193  INFO 14100 --- [main] mao.spring_boot_log.Log                  : hello
2022-04-10 20:40:16.193  WARN 14100 --- [main] mao.spring_boot_log.Log                  : hello
2022-04-10 20:40:16.193 ERROR 14100 --- [main] mao.spring_boot_log.Log                  : hello
2022-04-10 20:40:16.193 DEBUG 14100 --- [main] mao.spring_boot_log.Log                  : hello
2022-04-10 20:40:16.193  INFO 14100 --- [main] mao.spring_boot_log.Log                  : hello
2022-04-10 20:40:16.193  WARN 14100 --- [main] mao.spring_boot_log.Log                  : hello
2022-04-10 20:40:16.194 ERROR 14100 --- [main] mao.spring_boot_log.Log                  : hello
2022-04-10 20:40:16.194 DEBUG 14100 --- [main] mao.spring_boot_log.Log                  : hello
2022-04-10 20:40:16.194  INFO 14100 --- [main] mao.spring_boot_log.Log                  : hello
2022-04-10 20:40:16.194  WARN 14100 --- [main] mao.spring_boot_log.Log                  : hello
2022-04-10 20:40:16.194 ERROR 14100 --- [main] mao.spring_boot_log.Log                  : hello
2022-04-10 20:40:16.194 DEBUG 14100 --- [main] mao.spring_boot_log.Log                  : hello
2022-04-10 20:40:16.194  INFO 14100 --- [main] mao.spring_boot_log.Log                  : hello
2022-04-10 20:40:16.194  WARN 14100 --- [main] mao.spring_boot_log.Log                  : hello
2022-04-10 20:40:16.194 ERROR 14100 --- [main] mao.spring_boot_log.Log                  : hello
2022-04-10 20:40:16.194 DEBUG 14100 --- [main] mao.spring_boot_log.Log                  : hello
2022-04-10 20:40:16.194  INFO 14100 --- [main] mao.spring_boot_log.Log                  : hello
2022-04-10 20:40:16.194  WARN 14100 --- [main] mao.spring_boot_log.Log                  : hello
2022-04-10 20:40:16.194 ERROR 14100 --- [main] mao.spring_boot_log.Log                  : hello
2022-04-10 20:40:16.194 DEBUG 14100 --- [main] mao.spring_boot_log.Log                  : hello
2022-04-10 20:40:16.194  INFO 14100 --- [main] mao.spring_boot_log.Log                  : hello
2022-04-10 20:40:16.194  WARN 14100 --- [main] mao.spring_boot_log.Log                  : hello
2022-04-10 20:40:16.194 ERROR 14100 --- [main] mao.spring_boot_log.Log                  : hello
2022-04-10 20:40:16.194 DEBUG 14100 --- [main] mao.spring_boot_log.Log                  : hello
2022-04-10 20:40:16.194  INFO 14100 --- [main] mao.spring_boot_log.Log                  : hello
2022-04-10 20:40:16.194  WARN 14100 --- [main] mao.spring_boot_log.Log                  : hello
2022-04-10 20:40:16.194 ERROR 14100 --- [main] mao.spring_boot_log.Log                  : hello
2022-04-10 20:40:16.194 DEBUG 14100 --- [main] mao.spring_boot_log.Log                  : hello
2022-04-10 20:40:16.194  INFO 14100 --- [main] mao.spring_boot_log.Log                  : hello
2022-04-10 20:40:16.194  WARN 14100 --- [main] mao.spring_boot_log.Log                  : hello
2022-04-10 20:40:16.194 ERROR 14100 --- [main] mao.spring_boot_log.Log                  : hello
2022-04-10 20:40:16.194 DEBUG 14100 --- [main] mao.spring_boot_log.Log                  : hello
2022-04-10 20:40:16.194  INFO 14100 --- [main] mao.spring_boot_log.Log                  : hello
2022-04-10 20:40:16.194  WARN 14100 --- [main] mao.spring_boot_log.Log                  : hello
2022-04-10 20:40:16.194 ERROR 14100 --- [main] mao.spring_boot_log.Log                  : hello
2022-04-10 20:40:16.194 DEBUG 14100 --- [main] mao.spring_boot_log.Log                  : hello
2022-04-10 20:40:16.194  INFO 14100 --- [main] mao.spring_boot_log.Log                  : hello
2022-04-10 20:40:16.194  WARN 14100 --- [main] mao.spring_boot_log.Log                  : hello
2022-04-10 20:40:16.194 ERROR 14100 --- [main] mao.spring_boot_log.Log                  : hello
2022-04-10 20:40:16.194 DEBUG 14100 --- [main] mao.spring_boot_log.Log                  : hello
2022-04-10 20:40:16.194  INFO 14100 --- [main] mao.spring_boot_log.Log                  : hello
2022-04-10 20:40:16.194  WARN 14100 --- [main] mao.spring_boot_log.Log                  : hello
2022-04-10 20:40:16.194 ERROR 14100 --- [main] mao.spring_boot_log.Log                  : hello
2022-04-10 20:40:16.195 DEBUG 14100 --- [main] mao.spring_boot_log.Log                  : hello
2022-04-10 20:40:16.195  INFO 14100 --- [main] mao.spring_boot_log.Log                  : hello
2022-04-10 20:40:16.195  WARN 14100 --- [main] mao.spring_boot_log.Log                  : hello
2022-04-10 20:40:16.195 ERROR 14100 --- [main] mao.spring_boot_log.Log                  : hello
2022-04-10 20:40:16.195 DEBUG 14100 --- [main] mao.spring_boot_log.Log                  : hello
2022-04-10 20:40:16.195  INFO 14100 --- [main] mao.spring_boot_log.Log                  : hello
2022-04-10 20:40:16.195  WARN 14100 --- [main] mao.spring_boot_log.Log                  : hello
2022-04-10 20:40:16.195 ERROR 14100 --- [main] mao.spring_boot_log.Log                  : hello
2022-04-10 20:40:16.195 DEBUG 14100 --- [main] mao.spring_boot_log.Log                  : hello
2022-04-10 20:40:16.195  INFO 14100 --- [main] mao.spring_boot_log.Log                  : hello
2022-04-10 20:40:16.195  WARN 14100 --- [main] mao.spring_boot_log.Log                  : hello
2022-04-10 20:40:16.195 ERROR 14100 --- [main] mao.spring_boot_log.Log                  : hello
2022-04-10 20:40:16.195 DEBUG 14100 --- [main] mao.spring_boot_log.Log                  : hello
2022-04-10 20:40:16.195  INFO 14100 --- [main] mao.spring_boot_log.Log                  : hello
2022-04-10 20:40:16.195  WARN 14100 --- [main] mao.spring_boot_log.Log                  : hello
2022-04-10 20:40:16.195 ERROR 14100 --- [main] mao.spring_boot_log.Log                  : hello
2022-04-10 20:40:16.195 DEBUG 14100 --- [main] mao.spring_boot_log.Log                  : hello
2022-04-10 20:40:16.195  INFO 14100 --- [main] mao.spring_boot_log.Log                  : hello
2022-04-10 20:40:16.195  WARN 14100 --- [main] mao.spring_boot_log.Log                  : hello
2022-04-10 20:40:16.195 ERROR 14100 --- [main] mao.spring_boot_log.Log                  : hello
2022-04-10 20:40:16.195 DEBUG 14100 --- [main] mao.spring_boot_log.Log                  : hello
2022-04-10 20:40:16.195  INFO 14100 --- [main] mao.spring_boot_log.Log                  : hello
2022-04-10 20:40:16.195  WARN 14100 --- [main] mao.spring_boot_log.Log                  : hello
2022-04-10 20:40:16.195 ERROR 14100 --- [main] mao.spring_boot_log.Log                  : hello
2022-04-10 20:40:16.195 DEBUG 14100 --- [main] mao.spring_boot_log.Log                  : hello
2022-04-10 20:40:16.195  INFO 14100 --- [main] mao.spring_boot_log.Log                  : hello
2022-04-10 20:40:16.195  WARN 14100 --- [main] mao.spring_boot_log.Log                  : hello
2022-04-10 20:40:16.195 ERROR 14100 --- [main] mao.spring_boot_log.Log                  : hello
2022-04-10 20:40:16.195 DEBUG 14100 --- [main] mao.spring_boot_log.Log                  : hello
2022-04-10 20:40:16.195  INFO 14100 --- [main] mao.spring_boot_log.Log                  : hello
2022-04-10 20:40:16.195  WARN 14100 --- [main] mao.spring_boot_log.Log                  : hello
2022-04-10 20:40:16.195 ERROR 14100 --- [main] mao.spring_boot_log.Log                  : hello
2022-04-10 20:40:16.195 DEBUG 14100 --- [main] mao.spring_boot_log.Log                  : hello
2022-04-10 20:40:16.195  INFO 14100 --- [main] mao.spring_boot_log.Log                  : hello
2022-04-10 20:40:16.195  WARN 14100 --- [main] mao.spring_boot_log.Log                  : hello
2022-04-10 20:40:16.195 ERROR 14100 --- [main] mao.spring_boot_log.Log                  : hello
2022-04-10 20:40:16.195 DEBUG 14100 --- [main] mao.spring_boot_log.Log                  : hello
2022-04-10 20:40:16.195  INFO 14100 --- [main] mao.spring_boot_log.Log                  : hello
2022-04-10 20:40:16.196  WARN 14100 --- [main] mao.spring_boot_log.Log                  : hello
2022-04-10 20:40:16.196 ERROR 14100 --- [main] mao.spring_boot_log.Log                  : hello
2022-04-10 20:40:16.196 DEBUG 14100 --- [main] mao.spring_boot_log.Log                  : hello
2022-04-10 20:40:16.196  INFO 14100 --- [main] mao.spring_boot_log.Log                  : hello
2022-04-10 20:40:16.196  WARN 14100 --- [main] mao.spring_boot_log.Log                  : hello
2022-04-10 20:40:16.196 ERROR 14100 --- [main] mao.spring_boot_log.Log                  : hello
2022-04-10 20:40:16.196 DEBUG 14100 --- [main] mao.spring_boot_log.Log                  : hello
2022-04-10 20:40:16.196  INFO 14100 --- [main] mao.spring_boot_log.Log                  : hello
2022-04-10 20:40:16.196  WARN 14100 --- [main] mao.spring_boot_log.Log                  : hello
2022-04-10 20:40:16.196 ERROR 14100 --- [main] mao.spring_boot_log.Log                  : hello
2022-04-10 20:40:16.196 DEBUG 14100 --- [main] mao.spring_boot_log.Log                  : hello
2022-04-10 20:40:16.196  INFO 14100 --- [main] mao.spring_boot_log.Log                  : hello
2022-04-10 20:40:16.196  WARN 14100 --- [main] mao.spring_boot_log.Log                  : hello
2022-04-10 20:40:16.196 ERROR 14100 --- [main] mao.spring_boot_log.Log                  : hello
2022-04-10 20:40:16.196 DEBUG 14100 --- [main] mao.spring_boot_log.Log                  : hello
2022-04-10 20:40:16.196  INFO 14100 --- [main] mao.spring_boot_log.Log                  : hello
2022-04-10 20:40:16.196  WARN 14100 --- [main] mao.spring_boot_log.Log                  : hello
2022-04-10 20:40:16.196 ERROR 14100 --- [main] mao.spring_boot_log.Log                  : hello
2022-04-10 20:40:16.196 DEBUG 14100 --- [main] mao.spring_boot_log.Log                  : hello
2022-04-10 20:40:16.196  INFO 14100 --- [main] mao.spring_boot_log.Log                  : hello
2022-04-10 20:40:16.196  WARN 14100 --- [main] mao.spring_boot_log.Log                  : hello
2022-04-10 20:40:16.196 ERROR 14100 --- [main] mao.spring_boot_log.Log                  : hello
2022-04-10 20:40:16.196 DEBUG 14100 --- [main] mao.spring_boot_log.Log                  : hello
2022-04-10 20:40:16.196  INFO 14100 --- [main] mao.spring_boot_log.Log                  : hello
2022-04-10 20:40:16.196  WARN 14100 --- [main] mao.spring_boot_log.Log                  : hello
2022-04-10 20:40:16.196 ERROR 14100 --- [main] mao.spring_boot_log.Log                  : hello
2022-04-10 20:40:16.196 DEBUG 14100 --- [main] mao.spring_boot_log.Log                  : hello
2022-04-10 20:40:16.196  INFO 14100 --- [main] mao.spring_boot_log.Log                  : hello
2022-04-10 20:40:16.196  WARN 14100 --- [main] mao.spring_boot_log.Log                  : hello
2022-04-10 20:40:16.196 ERROR 14100 --- [main] mao.spring_boot_log.Log                  : hello
2022-04-10 20:40:16.196 DEBUG 14100 --- [main] mao.spring_boot_log.Log                  : hello
2022-04-10 20:40:16.196  INFO 14100 --- [main] mao.spring_boot_log.Log                  : hello
2022-04-10 20:40:16.196  WARN 14100 --- [main] mao.spring_boot_log.Log                  : hello
2022-04-10 20:40:16.196 ERROR 14100 --- [main] mao.spring_boot_log.Log                  : hello
2022-04-10 20:40:16.196 DEBUG 14100 --- [main] mao.spring_boot_log.Log                  : hello
2022-04-10 20:40:16.197  INFO 14100 --- [main] mao.spring_boot_log.Log                  : hello
2022-04-10 20:40:16.197  WARN 14100 --- [main] mao.spring_boot_log.Log                  : hello
2022-04-10 20:40:16.197 ERROR 14100 --- [main] mao.spring_boot_log.Log                  : hello
2022-04-10 20:40:16.197 DEBUG 14100 --- [main] mao.spring_boot_log.Log                  : hello
2022-04-10 20:40:16.197  INFO 14100 --- [main] mao.spring_boot_log.Log                  : hello
2022-04-10 20:40:16.197  WARN 14100 --- [main] mao.spring_boot_log.Log                  : hello
2022-04-10 20:40:16.197 ERROR 14100 --- [main] mao.spring_boot_log.Log                  : hello
2022-04-10 20:40:16.197 DEBUG 14100 --- [main] mao.spring_boot_log.Log                  : hello
2022-04-10 20:40:16.197  INFO 14100 --- [main] mao.spring_boot_log.Log                  : hello
2022-04-10 20:40:16.197  WARN 14100 --- [main] mao.spring_boot_log.Log                  : hello
2022-04-10 20:40:16.197 ERROR 14100 --- [main] mao.spring_boot_log.Log                  : hello
2022-04-10 20:40:16.197 DEBUG 14100 --- [main] mao.spring_boot_log.Log                  : hello
2022-04-10 20:40:16.197  INFO 14100 --- [main] mao.spring_boot_log.Log                  : hello
2022-04-10 20:40:16.197  WARN 14100 --- [main] mao.spring_boot_log.Log                  : hello
2022-04-10 20:40:16.197 ERROR 14100 --- [main] mao.spring_boot_log.Log                  : hello
2022-04-10 20:40:16.197 DEBUG 14100 --- [main] mao.spring_boot_log.Log                  : hello
2022-04-10 20:40:16.197  INFO 14100 --- [main] mao.spring_boot_log.Log                  : hello
2022-04-10 20:40:16.197  WARN 14100 --- [main] mao.spring_boot_log.Log                  : hello
2022-04-10 20:40:16.197 ERROR 14100 --- [main] mao.spring_boot_log.Log                  : hello
2022-04-10 20:40:16.197 DEBUG 14100 --- [main] mao.spring_boot_log.Log                  : hello
2022-04-10 20:40:16.197  INFO 14100 --- [main] mao.spring_boot_log.Log                  : hello
2022-04-10 20:40:16.197  WARN 14100 --- [main] mao.spring_boot_log.Log                  : hello
2022-04-10 20:40:16.197 ERROR 14100 --- [main] mao.spring_boot_log.Log                  : hello
2022-04-10 20:40:16.197 DEBUG 14100 --- [main] mao.spring_boot_log.Log                  : hello
2022-04-10 20:40:16.197  INFO 14100 --- [main] mao.spring_boot_log.Log                  : hello
2022-04-10 20:40:16.197  WARN 14100 --- [main] mao.spring_boot_log.Log                  : hello
2022-04-10 20:40:16.197 ERROR 14100 --- [main] mao.spring_boot_log.Log                  : hello
2022-04-10 20:40:16.197 DEBUG 14100 --- [main] mao.spring_boot_log.Log                  : hello
2022-04-10 20:40:16.197  INFO 14100 --- [main] mao.spring_boot_log.Log                  : hello
2022-04-10 20:40:16.197  WARN 14100 --- [main] mao.spring_boot_log.Log                  : hello
2022-04-10 20:40:16.197 ERROR 14100 --- [main] mao.spring_boot_log.Log                  : hello
2022-04-10 20:40:16.197 DEBUG 14100 --- [main] mao.spring_boot_log.Log                  : hello
2022-04-10 20:40:16.197  INFO 14100 --- [main] mao.spring_boot_log.Log                  : hello
2022-04-10 20:40:16.197  WARN 14100 --- [main] mao.spring_boot_log.Log                  : hello
2022-04-10 20:40:16.197 ERROR 14100 --- [main] mao.spring_boot_log.Log                  : hello
2022-04-10 20:40:16.198 DEBUG 14100 --- [main] mao.spring_boot_log.Log                  : hello
2022-04-10 20:40:16.198  INFO 14100 --- [main] mao.spring_boot_log.Log                  : hello
2022-04-10 20:40:16.198  WARN 14100 --- [main] mao.spring_boot_log.Log                  : hello
2022-04-10 20:40:16.198 ERROR 14100 --- [main] mao.spring_boot_log.Log                  : hello
2022-04-10 20:40:16.198 DEBUG 14100 --- [main] mao.spring_boot_log.Log                  : hello
2022-04-10 20:40:16.198  INFO 14100 --- [main] mao.spring_boot_log.Log                  : hello
2022-04-10 20:40:16.198  WARN 14100 --- [main] mao.spring_boot_log.Log                  : hello
2022-04-10 20:40:16.198 ERROR 14100 --- [main] mao.spring_boot_log.Log                  : hello
2022-04-10 20:40:16.198 DEBUG 14100 --- [main] mao.spring_boot_log.Log                  : hello
2022-04-10 20:40:16.198  INFO 14100 --- [main] mao.spring_boot_log.Log                  : hello
2022-04-10 20:40:16.198  WARN 14100 --- [main] mao.spring_boot_log.Log                  : hello
2022-04-10 20:40:16.198 ERROR 14100 --- [main] mao.spring_boot_log.Log                  : hello
2022-04-10 20:40:16.198 DEBUG 14100 --- [main] mao.spring_boot_log.Log                  : hello
2022-04-10 20:40:16.198  INFO 14100 --- [main] mao.spring_boot_log.Log                  : hello
2022-04-10 20:40:16.198  WARN 14100 --- [main] mao.spring_boot_log.Log                  : hello
2022-04-10 20:40:16.198 ERROR 14100 --- [main] mao.spring_boot_log.Log                  : hello
2022-04-10 20:40:16.198 DEBUG 14100 --- [main] mao.spring_boot_log.Log                  : hello
2022-04-10 20:40:16.198  INFO 14100 --- [main] mao.spring_boot_log.Log                  : hello
2022-04-10 20:40:16.198  WARN 14100 --- [main] mao.spring_boot_log.Log                  : hello
2022-04-10 20:40:16.198 ERROR 14100 --- [main] mao.spring_boot_log.Log                  : hello
2022-04-10 20:40:16.198 DEBUG 14100 --- [main] mao.spring_boot_log.Log                  : hello
2022-04-10 20:40:16.198  INFO 14100 --- [main] mao.spring_boot_log.Log                  : hello
2022-04-10 20:40:16.198  WARN 14100 --- [main] mao.spring_boot_log.Log                  : hello
2022-04-10 20:40:16.198 ERROR 14100 --- [main] mao.spring_boot_log.Log                  : hello
2022-04-10 20:40:16.198 DEBUG 14100 --- [main] mao.spring_boot_log.Log                  : hello
2022-04-10 20:40:16.198  INFO 14100 --- [main] mao.spring_boot_log.Log                  : hello
2022-04-10 20:40:16.198  WARN 14100 --- [main] mao.spring_boot_log.Log                  : hello
2022-04-10 20:40:16.198 ERROR 14100 --- [main] mao.spring_boot_log.Log                  : hello
2022-04-10 20:40:16.198 DEBUG 14100 --- [main] mao.spring_boot_log.Log                  : hello
2022-04-10 20:40:16.198  INFO 14100 --- [main] mao.spring_boot_log.Log                  : hello
2022-04-10 20:40:16.198  WARN 14100 --- [main] mao.spring_boot_log.Log                  : hello
2022-04-10 20:40:16.198 ERROR 14100 --- [main] mao.spring_boot_log.Log                  : hello
2022-04-10 20:40:16.198 DEBUG 14100 --- [main] mao.spring_boot_log.Log                  : hello
2022-04-10 20:40:16.198  INFO 14100 --- [main] mao.spring_boot_log.Log                  : hello
2022-04-10 20:40:16.198  WARN 14100 --- [main] mao.spring_boot_log.Log                  : hello
2022-04-10 20:40:16.199 ERROR 14100 --- [main] mao.spring_boot_log.Log                  : hello
2022-04-10 20:40:16.199 DEBUG 14100 --- [main] mao.spring_boot_log.Log                  : hello
2022-04-10 20:40:16.199  INFO 14100 --- [main] mao.spring_boot_log.Log                  : hello
2022-04-10 20:40:16.199  WARN 14100 --- [main] mao.spring_boot_log.Log                  : hello
2022-04-10 20:40:16.199 ERROR 14100 --- [main] mao.spring_boot_log.Log                  : hello
2022-04-10 20:40:16.199 DEBUG 14100 --- [main] mao.spring_boot_log.Log                  : hello
2022-04-10 20:40:16.199  INFO 14100 --- [main] mao.spring_boot_log.Log                  : hello
2022-04-10 20:40:16.199  WARN 14100 --- [main] mao.spring_boot_log.Log                  : hello
2022-04-10 20:40:16.199 ERROR 14100 --- [main] mao.spring_boot_log.Log                  : hello
2022-04-10 20:40:16.199 DEBUG 14100 --- [main] mao.spring_boot_log.Log                  : hello
2022-04-10 20:40:16.199  INFO 14100 --- [main] mao.spring_boot_log.Log                  : hello
2022-04-10 20:40:16.199  WARN 14100 --- [main] mao.spring_boot_log.Log                  : hello
2022-04-10 20:40:16.199 ERROR 14100 --- [main] mao.spring_boot_log.Log                  : hello
2022-04-10 20:40:16.199 DEBUG 14100 --- [main] mao.spring_boot_log.Log                  : hello
2022-04-10 20:40:16.199  INFO 14100 --- [main] mao.spring_boot_log.Log                  : hello
2022-04-10 20:40:16.199  WARN 14100 --- [main] mao.spring_boot_log.Log                  : hello
2022-04-10 20:40:16.199 ERROR 14100 --- [main] mao.spring_boot_log.Log                  : hello
2022-04-10 20:40:16.199 DEBUG 14100 --- [main] mao.spring_boot_log.Log                  : hello
2022-04-10 20:40:16.199  INFO 14100 --- [main] mao.spring_boot_log.Log                  : hello
2022-04-10 20:40:16.199  WARN 14100 --- [main] mao.spring_boot_log.Log                  : hello
2022-04-10 20:40:16.200 ERROR 14100 --- [main] mao.spring_boot_log.Log                  : hello
2022-04-10 20:40:16.200 DEBUG 14100 --- [main] mao.spring_boot_log.Log                  : hello
2022-04-10 20:40:16.200  INFO 14100 --- [main] mao.spring_boot_log.Log                  : hello
2022-04-10 20:40:16.200  WARN 14100 --- [main] mao.spring_boot_log.Log                  : hello
2022-04-10 20:40:16.200 ERROR 14100 --- [main] mao.spring_boot_log.Log                  : hello
2022-04-10 20:40:16.200 DEBUG 14100 --- [main] mao.spring_boot_log.Log                  : hello
2022-04-10 20:40:16.200  INFO 14100 --- [main] mao.spring_boot_log.Log                  : hello
2022-04-10 20:40:16.200  WARN 14100 --- [main] mao.spring_boot_log.Log                  : hello
2022-04-10 20:40:16.200 ERROR 14100 --- [main] mao.spring_boot_log.Log                  : hello
2022-04-10 20:40:16.200 DEBUG 14100 --- [main] mao.spring_boot_log.Log                  : hello
2022-04-10 20:40:16.200  INFO 14100 --- [main] mao.spring_boot_log.Log                  : hello
2022-04-10 20:40:16.200  WARN 14100 --- [main] mao.spring_boot_log.Log                  : hello
2022-04-10 20:40:16.200 ERROR 14100 --- [main] mao.spring_boot_log.Log                  : hello
2022-04-10 20:40:16.200 DEBUG 14100 --- [main] mao.spring_boot_log.Log                  : hello
2022-04-10 20:40:16.200  INFO 14100 --- [main] mao.spring_boot_log.Log                  : hello
2022-04-10 20:40:16.200  WARN 14100 --- [main] mao.spring_boot_log.Log                  : hello
2022-04-10 20:40:16.200 ERROR 14100 --- [main] mao.spring_boot_log.Log                  : hello
2022-04-10 20:40:16.200 DEBUG 14100 --- [main] mao.spring_boot_log.Log                  : hello
2022-04-10 20:40:16.200  INFO 14100 --- [main] mao.spring_boot_log.Log                  : hello
2022-04-10 20:40:16.200  WARN 14100 --- [main] mao.spring_boot_log.Log                  : hello
2022-04-10 20:40:16.200 ERROR 14100 --- [main] mao.spring_boot_log.Log                  : hello
2022-04-10 20:40:16.200 DEBUG 14100 --- [main] mao.spring_boot_log.Log                  : hello
2022-04-10 20:40:16.200  INFO 14100 --- [main] mao.spring_boot_log.Log                  : hello
2022-04-10 20:40:16.201  WARN 14100 --- [main] mao.spring_boot_log.Log                  : hello
2022-04-10 20:40:16.201 ERROR 14100 --- [main] mao.spring_boot_log.Log                  : hello
2022-04-10 20:40:16.201 DEBUG 14100 --- [main] mao.spring_boot_log.Log                  : hello
2022-04-10 20:40:16.201  INFO 14100 --- [main] mao.spring_boot_log.Log                  : hello
2022-04-10 20:40:16.201  WARN 14100 --- [main] mao.spring_boot_log.Log                  : hello
2022-04-10 20:40:16.201 ERROR 14100 --- [main] mao.spring_boot_log.Log                  : hello
2022-04-10 20:40:16.201 DEBUG 14100 --- [main] mao.spring_boot_log.Log                  : hello
2022-04-10 20:40:16.201  INFO 14100 --- [main] mao.spring_boot_log.Log                  : hello
2022-04-10 20:40:16.201  WARN 14100 --- [main] mao.spring_boot_log.Log                  : hello
2022-04-10 20:40:16.201 ERROR 14100 --- [main] mao.spring_boot_log.Log                  : hello
2022-04-10 20:40:16.201 DEBUG 14100 --- [main] mao.spring_boot_log.Log                  : hello
2022-04-10 20:40:16.201  INFO 14100 --- [main] mao.spring_boot_log.Log                  : hello
2022-04-10 20:40:16.201  WARN 14100 --- [main] mao.spring_boot_log.Log                  : hello
2022-04-10 20:40:16.201 ERROR 14100 --- [main] mao.spring_boot_log.Log                  : hello
2022-04-10 20:40:16.201 DEBUG 14100 --- [main] mao.spring_boot_log.Log                  : hello
2022-04-10 20:40:16.201  INFO 14100 --- [main] mao.spring_boot_log.Log                  : hello
2022-04-10 20:40:16.201  WARN 14100 --- [main] mao.spring_boot_log.Log                  : hello
2022-04-10 20:40:16.201 ERROR 14100 --- [main] mao.spring_boot_log.Log                  : hello
2022-04-10 20:40:16.201 DEBUG 14100 --- [main] mao.spring_boot_log.Log                  : hello
2022-04-10 20:40:16.201  INFO 14100 --- [main] mao.spring_boot_log.Log                  : hello
2022-04-10 20:40:16.201  WARN 14100 --- [main] mao.spring_boot_log.Log                  : hello
2022-04-10 20:40:16.201 ERROR 14100 --- [main] mao.spring_boot_log.Log                  : hello
2022-04-10 20:40:16.201 DEBUG 14100 --- [main] mao.spring_boot_log.Log                  : hello
2022-04-10 20:40:16.201  INFO 14100 --- [main] mao.spring_boot_log.Log                  : hello
2022-04-10 20:40:16.201  WARN 14100 --- [main] mao.spring_boot_log.Log                  : hello
2022-04-10 20:40:16.201 ERROR 14100 --- [main] mao.spring_boot_log.Log                  : hello
2022-04-10 20:40:16.201 DEBUG 14100 --- [main] mao.spring_boot_log.Log                  : hello
2022-04-10 20:40:16.201  INFO 14100 --- [main] mao.spring_boot_log.Log                  : hello
2022-04-10 20:40:16.201  WARN 14100 --- [main] mao.spring_boot_log.Log                  : hello
2022-04-10 20:40:16.201 ERROR 14100 --- [main] mao.spring_boot_log.Log                  : hello
2022-04-10 20:40:16.201 DEBUG 14100 --- [main] mao.spring_boot_log.Log                  : hello
2022-04-10 20:40:16.201  INFO 14100 --- [main] mao.spring_boot_log.Log                  : hello
2022-04-10 20:40:16.201  WARN 14100 --- [main] mao.spring_boot_log.Log                  : hello
2022-04-10 20:40:16.201 ERROR 14100 --- [main] mao.spring_boot_log.Log                  : hello
2022-04-10 20:40:16.202 DEBUG 14100 --- [main] mao.spring_boot_log.Log                  : hello
2022-04-10 20:40:16.202  INFO 14100 --- [main] mao.spring_boot_log.Log                  : hello
2022-04-10 20:40:16.202  WARN 14100 --- [main] mao.spring_boot_log.Log                  : hello
2022-04-10 20:40:16.202 ERROR 14100 --- [main] mao.spring_boot_log.Log                  : hello
2022-04-10 20:40:16.202 DEBUG 14100 --- [main] mao.spring_boot_log.Log                  : hello
2022-04-10 20:40:16.202  INFO 14100 --- [main] mao.spring_boot_log.Log                  : hello
2022-04-10 20:40:16.202  WARN 14100 --- [main] mao.spring_boot_log.Log                  : hello
2022-04-10 20:40:16.202 ERROR 14100 --- [main] mao.spring_boot_log.Log                  : hello
2022-04-10 20:40:16.202 DEBUG 14100 --- [main] mao.spring_boot_log.Log                  : hello
2022-04-10 20:40:16.202  INFO 14100 --- [main] mao.spring_boot_log.Log                  : hello
2022-04-10 20:40:16.202  WARN 14100 --- [main] mao.spring_boot_log.Log                  : hello
2022-04-10 20:40:16.202 ERROR 14100 --- [main] mao.spring_boot_log.Log                  : hello
2022-04-10 20:40:16.202 DEBUG 14100 --- [main] mao.spring_boot_log.Log                  : hello
2022-04-10 20:40:16.203  INFO 14100 --- [main] mao.spring_boot_log.Log                  : hello
2022-04-10 20:40:16.203  WARN 14100 --- [main] mao.spring_boot_log.Log                  : hello
2022-04-10 20:40:16.203 ERROR 14100 --- [main] mao.spring_boot_log.Log                  : hello
2022-04-10 20:40:16.203 DEBUG 14100 --- [main] mao.spring_boot_log.Log                  : hello
2022-04-10 20:40:16.203  INFO 14100 --- [main] mao.spring_boot_log.Log                  : hello
2022-04-10 20:40:16.203  WARN 14100 --- [main] mao.spring_boot_log.Log                  : hello
2022-04-10 20:40:16.203 ERROR 14100 --- [main] mao.spring_boot_log.Log                  : hello
2022-04-10 20:40:16.203 DEBUG 14100 --- [main] mao.spring_boot_log.Log                  : hello
2022-04-10 20:40:16.203  INFO 14100 --- [main] mao.spring_boot_log.Log                  : hello
2022-04-10 20:40:16.203  WARN 14100 --- [main] mao.spring_boot_log.Log                  : hello
2022-04-10 20:40:16.203 ERROR 14100 --- [main] mao.spring_boot_log.Log                  : hello
2022-04-10 20:40:16.203 DEBUG 14100 --- [main] mao.spring_boot_log.Log                  : hello
2022-04-10 20:40:16.203  INFO 14100 --- [main] mao.spring_boot_log.Log                  : hello
2022-04-10 20:40:16.203  WARN 14100 --- [main] mao.spring_boot_log.Log                  : hello
2022-04-10 20:40:16.203 ERROR 14100 --- [main] mao.spring_boot_log.Log                  : hello
2022-04-10 20:40:16.203 DEBUG 14100 --- [main] mao.spring_boot_log.Log                  : hello
2022-04-10 20:40:16.203  INFO 14100 --- [main] mao.spring_boot_log.Log                  : hello
2022-04-10 20:40:16.203  WARN 14100 --- [main] mao.spring_boot_log.Log                  : hello
2022-04-10 20:40:16.203 ERROR 14100 --- [main] mao.spring_boot_log.Log                  : hello
2022-04-10 20:40:16.203 DEBUG 14100 --- [main] mao.spring_boot_log.Log                  : hello
2022-04-10 20:40:16.203  INFO 14100 --- [main] mao.spring_boot_log.Log                  : hello
2022-04-10 20:40:16.203  WARN 14100 --- [main] mao.spring_boot_log.Log                  : hello
2022-04-10 20:40:16.203 ERROR 14100 --- [main] mao.spring_boot_log.Log                  : hello
2022-04-10 20:40:16.203 DEBUG 14100 --- [main] mao.spring_boot_log.Log                  : hello
2022-04-10 20:40:16.204  INFO 14100 --- [main] mao.spring_boot_log.Log                  : hello
2022-04-10 20:40:16.204  WARN 14100 --- [main] mao.spring_boot_log.Log                  : hello
2022-04-10 20:40:16.204 ERROR 14100 --- [main] mao.spring_boot_log.Log                  : hello
2022-04-10 20:40:16.204 DEBUG 14100 --- [main] mao.spring_boot_log.Log                  : hello
2022-04-10 20:40:16.204  INFO 14100 --- [main] mao.spring_boot_log.Log                  : hello
2022-04-10 20:40:16.204  WARN 14100 --- [main] mao.spring_boot_log.Log                  : hello
2022-04-10 20:40:16.204 ERROR 14100 --- [main] mao.spring_boot_log.Log                  : hello
2022-04-10 20:40:16.204 DEBUG 14100 --- [main] mao.spring_boot_log.Log                  : hello
2022-04-10 20:40:16.204  INFO 14100 --- [main] mao.spring_boot_log.Log                  : hello
2022-04-10 20:40:16.204  WARN 14100 --- [main] mao.spring_boot_log.Log                  : hello
2022-04-10 20:40:16.204 ERROR 14100 --- [main] mao.spring_boot_log.Log                  : hello
2022-04-10 20:40:16.204 DEBUG 14100 --- [main] mao.spring_boot_log.Log                  : hello
2022-04-10 20:40:16.204  INFO 14100 --- [main] mao.spring_boot_log.Log                  : hello
2022-04-10 20:40:16.204  WARN 14100 --- [main] mao.spring_boot_log.Log                  : hello
2022-04-10 20:40:16.204 ERROR 14100 --- [main] mao.spring_boot_log.Log                  : hello
2022-04-10 20:40:16.204 DEBUG 14100 --- [main] mao.spring_boot_log.Log                  : hello
2022-04-10 20:40:16.204  INFO 14100 --- [main] mao.spring_boot_log.Log                  : hello
2022-04-10 20:40:16.204  WARN 14100 --- [main] mao.spring_boot_log.Log                  : hello
2022-04-10 20:40:16.204 ERROR 14100 --- [main] mao.spring_boot_log.Log                  : hello
2022-04-10 20:40:16.204 DEBUG 14100 --- [main] mao.spring_boot_log.Log                  : hello
2022-04-10 20:40:16.205  INFO 14100 --- [main] mao.spring_boot_log.Log                  : hello
2022-04-10 20:40:16.205  WARN 14100 --- [main] mao.spring_boot_log.Log                  : hello
2022-04-10 20:40:16.205 ERROR 14100 --- [main] mao.spring_boot_log.Log                  : hello
2022-04-10 20:40:16.205 DEBUG 14100 --- [main] mao.spring_boot_log.Log                  : hello
2022-04-10 20:40:16.205  INFO 14100 --- [main] mao.spring_boot_log.Log                  : hello
2022-04-10 20:40:16.205  WARN 14100 --- [main] mao.spring_boot_log.Log                  : hello
2022-04-10 20:40:16.205 ERROR 14100 --- [main] mao.spring_boot_log.Log                  : hello
2022-04-10 20:40:16.205 DEBUG 14100 --- [main] mao.spring_boot_log.Log                  : hello
2022-04-10 20:40:16.205  INFO 14100 --- [main] mao.spring_boot_log.Log                  : hello
2022-04-10 20:40:16.205  WARN 14100 --- [main] mao.spring_boot_log.Log                  : hello
2022-04-10 20:40:16.205 ERROR 14100 --- [main] mao.spring_boot_log.Log                  : hello
2022-04-10 20:40:16.205 DEBUG 14100 --- [main] mao.spring_boot_log.Log                  : hello
2022-04-10 20:40:16.205  INFO 14100 --- [main] mao.spring_boot_log.Log                  : hello
2022-04-10 20:40:16.205  WARN 14100 --- [main] mao.spring_boot_log.Log                  : hello
2022-04-10 20:40:16.205 ERROR 14100 --- [main] mao.spring_boot_log.Log                  : hello
2022-04-10 20:40:16.205 DEBUG 14100 --- [main] mao.spring_boot_log.Log                  : hello
2022-04-10 20:40:16.205  INFO 14100 --- [main] mao.spring_boot_log.Log                  : hello
2022-04-10 20:40:16.205  WARN 14100 --- [main] mao.spring_boot_log.Log                  : hello
2022-04-10 20:40:16.205 ERROR 14100 --- [main] mao.spring_boot_log.Log                  : hello
2022-04-10 20:40:16.205 DEBUG 14100 --- [main] mao.spring_boot_log.Log                  : hello
2022-04-10 20:40:16.205  INFO 14100 --- [main] mao.spring_boot_log.Log                  : hello
2022-04-10 20:40:16.205  WARN 14100 --- [main] mao.spring_boot_log.Log                  : hello
2022-04-10 20:40:16.205 ERROR 14100 --- [main] mao.spring_boot_log.Log                  : hello
2022-04-10 20:40:16.205 DEBUG 14100 --- [main] mao.spring_boot_log.Log                  : hello
2022-04-10 20:40:16.205  INFO 14100 --- [main] mao.spring_boot_log.Log                  : hello
2022-04-10 20:40:16.205  WARN 14100 --- [main] mao.spring_boot_log.Log                  : hello
2022-04-10 20:40:16.205 ERROR 14100 --- [main] mao.spring_boot_log.Log                  : hello
2022-04-10 20:40:16.205 DEBUG 14100 --- [main] mao.spring_boot_log.Log                  : hello
2022-04-10 20:40:16.205  INFO 14100 --- [main] mao.spring_boot_log.Log                  : hello
2022-04-10 20:40:16.205  WARN 14100 --- [main] mao.spring_boot_log.Log                  : hello
2022-04-10 20:40:16.205 ERROR 14100 --- [main] mao.spring_boot_log.Log                  : hello
2022-04-10 20:40:16.206 DEBUG 14100 --- [main] mao.spring_boot_log.Log                  : hello
2022-04-10 20:40:16.206  INFO 14100 --- [main] mao.spring_boot_log.Log                  : hello
2022-04-10 20:40:16.206  WARN 14100 --- [main] mao.spring_boot_log.Log                  : hello
2022-04-10 20:40:16.206 ERROR 14100 --- [main] mao.spring_boot_log.Log                  : hello
2022-04-10 20:40:16.206 DEBUG 14100 --- [main] mao.spring_boot_log.Log                  : hello
2022-04-10 20:40:16.206  INFO 14100 --- [main] mao.spring_boot_log.Log                  : hello
2022-04-10 20:40:16.206  WARN 14100 --- [main] mao.spring_boot_log.Log                  : hello
2022-04-10 20:40:16.206 ERROR 14100 --- [main] mao.spring_boot_log.Log                  : hello
2022-04-10 20:40:16.206 DEBUG 14100 --- [main] mao.spring_boot_log.Log                  : hello
2022-04-10 20:40:16.206  INFO 14100 --- [main] mao.spring_boot_log.Log                  : hello
2022-04-10 20:40:16.206  WARN 14100 --- [main] mao.spring_boot_log.Log                  : hello
2022-04-10 20:40:16.206 ERROR 14100 --- [main] mao.spring_boot_log.Log                  : hello
2022-04-10 20:40:16.206 DEBUG 14100 --- [main] mao.spring_boot_log.Log                  : hello
2022-04-10 20:40:16.206  INFO 14100 --- [main] mao.spring_boot_log.Log                  : hello
2022-04-10 20:40:16.206  WARN 14100 --- [main] mao.spring_boot_log.Log                  : hello
2022-04-10 20:40:16.206 ERROR 14100 --- [main] mao.spring_boot_log.Log                  : hello
2022-04-10 20:40:16.206 DEBUG 14100 --- [main] mao.spring_boot_log.Log                  : hello
2022-04-10 20:40:16.206  INFO 14100 --- [main] mao.spring_boot_log.Log                  : hello
2022-04-10 20:40:16.206  WARN 14100 --- [main] mao.spring_boot_log.Log                  : hello
2022-04-10 20:40:16.206 ERROR 14100 --- [main] mao.spring_boot_log.Log                  : hello
2022-04-10 20:40:16.206 DEBUG 14100 --- [main] mao.spring_boot_log.Log                  : hello
2022-04-10 20:40:16.206  INFO 14100 --- [main] mao.spring_boot_log.Log                  : hello
2022-04-10 20:40:16.206  WARN 14100 --- [main] mao.spring_boot_log.Log                  : hello
2022-04-10 20:40:16.206 ERROR 14100 --- [main] mao.spring_boot_log.Log                  : hello
2022-04-10 20:40:16.206 DEBUG 14100 --- [main] mao.spring_boot_log.Log                  : hello
2022-04-10 20:40:16.206  INFO 14100 --- [main] mao.spring_boot_log.Log                  : hello
2022-04-10 20:40:16.206  WARN 14100 --- [main] mao.spring_boot_log.Log                  : hello
2022-04-10 20:40:16.206 ERROR 14100 --- [main] mao.spring_boot_log.Log                  : hello
2022-04-10 20:40:16.206 DEBUG 14100 --- [main] mao.spring_boot_log.Log                  : hello
2022-04-10 20:40:16.206  INFO 14100 --- [main] mao.spring_boot_log.Log                  : hello
2022-04-10 20:40:16.207  WARN 14100 --- [main] mao.spring_boot_log.Log                  : hello
2022-04-10 20:40:16.207 ERROR 14100 --- [main] mao.spring_boot_log.Log                  : hello
2022-04-10 20:40:16.207 DEBUG 14100 --- [main] mao.spring_boot_log.Log                  : hello
2022-04-10 20:40:16.207  INFO 14100 --- [main] mao.spring_boot_log.Log                  : hello
2022-04-10 20:40:16.207  WARN 14100 --- [main] mao.spring_boot_log.Log                  : hello
