2022-04-10 20:33:31.168 ERROR 10584 --- [main] mao.spring_boot_log.Log                  : hello
2022-04-10 20:33:31.169 DEBUG 10584 --- [main] mao.spring_boot_log.Log                  : hello
2022-04-10 20:33:31.169  INFO 10584 --- [main] mao.spring_boot_log.Log                  : hello
2022-04-10 20:33:31.169  WARN 10584 --- [main] mao.spring_boot_log.Log                  : hello
2022-04-10 20:33:31.169 ERROR 10584 --- [main] mao.spring_boot_log.Log                  : hello
2022-04-10 20:33:31.169 DEBUG 10584 --- [main] mao.spring_boot_log.Log                  : hello
2022-04-10 20:33:31.169  INFO 10584 --- [main] mao.spring_boot_log.Log                  : hello
2022-04-10 20:33:31.169  WARN 10584 --- [main] mao.spring_boot_log.Log                  : hello
2022-04-10 20:33:31.170 ERROR 10584 --- [main] mao.spring_boot_log.Log                  : hello
2022-04-10 20:33:31.170 DEBUG 10584 --- [main] mao.spring_boot_log.Log                  : hello
2022-04-10 20:33:31.170  INFO 10584 --- [main] mao.spring_boot_log.Log                  : hello
2022-04-10 20:33:31.170  WARN 10584 --- [main] mao.spring_boot_log.Log                  : hello
2022-04-10 20:33:31.170 ERROR 10584 --- [main] mao.spring_boot_log.Log                  : hello
2022-04-10 20:33:31.170 DEBUG 10584 --- [main] mao.spring_boot_log.Log                  : hello
2022-04-10 20:33:31.170  INFO 10584 --- [main] mao.spring_boot_log.Log                  : hello
2022-04-10 20:33:31.170  WARN 10584 --- [main] mao.spring_boot_log.Log                  : hello
2022-04-10 20:33:31.170 ERROR 10584 --- [main] mao.spring_boot_log.Log                  : hello
2022-04-10 20:33:31.170 DEBUG 10584 --- [main] mao.spring_boot_log.Log                  : hello
2022-04-10 20:33:31.170  INFO 10584 --- [main] mao.spring_boot_log.Log                  : hello
2022-04-10 20:33:31.170  WARN 10584 --- [main] mao.spring_boot_log.Log                  : hello
2022-04-10 20:33:31.170 ERROR 10584 --- [main] mao.spring_boot_log.Log                  : hello
2022-04-10 20:33:31.170 DEBUG 10584 --- [main] mao.spring_boot_log.Log                  : hello
2022-04-10 20:33:31.170  INFO 10584 --- [main] mao.spring_boot_log.Log                  : hello
2022-04-10 20:33:31.170  WARN 10584 --- [main] mao.spring_boot_log.Log                  : hello
2022-04-10 20:33:31.170 ERROR 10584 --- [main] mao.spring_boot_log.Log                  : hello
2022-04-10 20:33:31.170 DEBUG 10584 --- [main] mao.spring_boot_log.Log                  : hello
2022-04-10 20:33:31.170  INFO 10584 --- [main] mao.spring_boot_log.Log                  : hello
2022-04-10 20:33:31.170  WARN 10584 --- [main] mao.spring_boot_log.Log                  : hello
2022-04-10 20:33:31.170 ERROR 10584 --- [main] mao.spring_boot_log.Log                  : hello
2022-04-10 20:33:31.170 DEBUG 10584 --- [main] mao.spring_boot_log.Log                  : hello
2022-04-10 20:33:31.170  INFO 10584 --- [main] mao.spring_boot_log.Log                  : hello
2022-04-10 20:33:31.170  WARN 10584 --- [main] mao.spring_boot_log.Log                  : hello
2022-04-10 20:33:31.170 ERROR 10584 --- [main] mao.spring_boot_log.Log                  : hello
2022-04-10 20:33:31.170 DEBUG 10584 --- [main] mao.spring_boot_log.Log                  : hello
2022-04-10 20:33:31.170  INFO 10584 --- [main] mao.spring_boot_log.Log                  : hello
2022-04-10 20:33:31.171  WARN 10584 --- [main] mao.spring_boot_log.Log                  : hello
2022-04-10 20:33:31.171 ERROR 10584 --- [main] mao.spring_boot_log.Log                  : hello
2022-04-10 20:33:31.171 DEBUG 10584 --- [main] mao.spring_boot_log.Log                  : hello
2022-04-10 20:33:31.171  INFO 10584 --- [main] mao.spring_boot_log.Log                  : hello
2022-04-10 20:33:31.171  WARN 10584 --- [main] mao.spring_boot_log.Log                  : hello
2022-04-10 20:33:31.171 ERROR 10584 --- [main] mao.spring_boot_log.Log                  : hello
2022-04-10 20:33:31.171 DEBUG 10584 --- [main] mao.spring_boot_log.Log                  : hello
2022-04-10 20:33:31.171  INFO 10584 --- [main] mao.spring_boot_log.Log                  : hello
2022-04-10 20:33:31.171  WARN 10584 --- [main] mao.spring_boot_log.Log                  : hello
2022-04-10 20:33:31.171 ERROR 10584 --- [main] mao.spring_boot_log.Log                  : hello
2022-04-10 20:33:31.171 DEBUG 10584 --- [main] mao.spring_boot_log.Log                  : hello
2022-04-10 20:33:31.171  INFO 10584 --- [main] mao.spring_boot_log.Log                  : hello
2022-04-10 20:33:31.171  WARN 10584 --- [main] mao.spring_boot_log.Log                  : hello
2022-04-10 20:33:31.171 ERROR 10584 --- [main] mao.spring_boot_log.Log                  : hello
2022-04-10 20:33:31.171 DEBUG 10584 --- [main] mao.spring_boot_log.Log                  : hello
2022-04-10 20:33:31.171  INFO 10584 --- [main] mao.spring_boot_log.Log                  : hello
2022-04-10 20:33:31.171  WARN 10584 --- [main] mao.spring_boot_log.Log                  : hello
2022-04-10 20:33:31.171 ERROR 10584 --- [main] mao.spring_boot_log.Log                  : hello
2022-04-10 20:33:31.171 DEBUG 10584 --- [main] mao.spring_boot_log.Log                  : hello
2022-04-10 20:33:31.171  INFO 10584 --- [main] mao.spring_boot_log.Log                  : hello
2022-04-10 20:33:31.171  WARN 10584 --- [main] mao.spring_boot_log.Log                  : hello
2022-04-10 20:33:31.171 ERROR 10584 --- [main] mao.spring_boot_log.Log                  : hello
2022-04-10 20:33:31.171 DEBUG 10584 --- [main] mao.spring_boot_log.Log                  : hello
2022-04-10 20:33:31.171  INFO 10584 --- [main] mao.spring_boot_log.Log                  : hello
2022-04-10 20:33:31.171  WARN 10584 --- [main] mao.spring_boot_log.Log                  : hello
2022-04-10 20:33:31.171 ERROR 10584 --- [main] mao.spring_boot_log.Log                  : hello
2022-04-10 20:33:31.171 DEBUG 10584 --- [main] mao.spring_boot_log.Log                  : hello
2022-04-10 20:33:31.171  INFO 10584 --- [main] mao.spring_boot_log.Log                  : hello
2022-04-10 20:33:31.171  WARN 10584 --- [main] mao.spring_boot_log.Log                  : hello
2022-04-10 20:33:31.171 ERROR 10584 --- [main] mao.spring_boot_log.Log                  : hello
2022-04-10 20:33:31.171 DEBUG 10584 --- [main] mao.spring_boot_log.Log                  : hello
2022-04-10 20:33:31.171  INFO 10584 --- [main] mao.spring_boot_log.Log                  : hello
2022-04-10 20:33:31.172  WARN 10584 --- [main] mao.spring_boot_log.Log                  : hello
2022-04-10 20:33:31.172 ERROR 10584 --- [main] mao.spring_boot_log.Log                  : hello
2022-04-10 20:33:31.172 DEBUG 10584 --- [main] mao.spring_boot_log.Log                  : hello
2022-04-10 20:33:31.172  INFO 10584 --- [main] mao.spring_boot_log.Log                  : hello
2022-04-10 20:33:31.172  WARN 10584 --- [main] mao.spring_boot_log.Log                  : hello
2022-04-10 20:33:31.172 ERROR 10584 --- [main] mao.spring_boot_log.Log                  : hello
2022-04-10 20:33:31.172 DEBUG 10584 --- [main] mao.spring_boot_log.Log                  : hello
2022-04-10 20:33:31.172  INFO 10584 --- [main] mao.spring_boot_log.Log                  : hello
2022-04-10 20:33:31.172  WARN 10584 --- [main] mao.spring_boot_log.Log                  : hello
2022-04-10 20:33:31.172 ERROR 10584 --- [main] mao.spring_boot_log.Log                  : hello
2022-04-10 20:33:31.172 DEBUG 10584 --- [main] mao.spring_boot_log.Log                  : hello
2022-04-10 20:33:31.172  INFO 10584 --- [main] mao.spring_boot_log.Log                  : hello
2022-04-10 20:33:31.172  WARN 10584 --- [main] mao.spring_boot_log.Log                  : hello
2022-04-10 20:33:31.172 ERROR 10584 --- [main] mao.spring_boot_log.Log                  : hello
2022-04-10 20:33:31.172 DEBUG 10584 --- [main] mao.spring_boot_log.Log                  : hello
2022-04-10 20:33:31.172  INFO 10584 --- [main] mao.spring_boot_log.Log                  : hello
2022-04-10 20:33:31.172  WARN 10584 --- [main] mao.spring_boot_log.Log                  : hello
2022-04-10 20:33:31.172 ERROR 10584 --- [main] mao.spring_boot_log.Log                  : hello
2022-04-10 20:33:31.172 DEBUG 10584 --- [main] mao.spring_boot_log.Log                  : hello
2022-04-10 20:33:31.172  INFO 10584 --- [main] mao.spring_boot_log.Log                  : hello
2022-04-10 20:33:31.172  WARN 10584 --- [main] mao.spring_boot_log.Log                  : hello
2022-04-10 20:33:31.172 ERROR 10584 --- [main] mao.spring_boot_log.Log                  : hello
2022-04-10 20:33:31.172 DEBUG 10584 --- [main] mao.spring_boot_log.Log                  : hello
2022-04-10 20:33:31.172  INFO 10584 --- [main] mao.spring_boot_log.Log                  : hello
2022-04-10 20:33:31.172  WARN 10584 --- [main] mao.spring_boot_log.Log                  : hello
2022-04-10 20:33:31.172 ERROR 10584 --- [main] mao.spring_boot_log.Log                  : hello
2022-04-10 20:33:31.173 DEBUG 10584 --- [main] mao.spring_boot_log.Log                  : hello
2022-04-10 20:33:31.173  INFO 10584 --- [main] mao.spring_boot_log.Log                  : hello
2022-04-10 20:33:31.173  WARN 10584 --- [main] mao.spring_boot_log.Log                  : hello
2022-04-10 20:33:31.173 ERROR 10584 --- [main] mao.spring_boot_log.Log                  : hello
2022-04-10 20:33:31.173 DEBUG 10584 --- [main] mao.spring_boot_log.Log                  : hello
2022-04-10 20:33:31.173  INFO 10584 --- [main] mao.spring_boot_log.Log                  : hello
2022-04-10 20:33:31.173  WARN 10584 --- [main] mao.spring_boot_log.Log                  : hello
2022-04-10 20:33:31.173 ERROR 10584 --- [main] mao.spring_boot_log.Log                  : hello
2022-04-10 20:33:31.173 DEBUG 10584 --- [main] mao.spring_boot_log.Log                  : hello
2022-04-10 20:33:31.173  INFO 10584 --- [main] mao.spring_boot_log.Log                  : hello
2022-04-10 20:33:31.173  WARN 10584 --- [main] mao.spring_boot_log.Log                  : hello
2022-04-10 20:33:31.173 ERROR 10584 --- [main] mao.spring_boot_log.Log                  : hello
2022-04-10 20:33:31.173 DEBUG 10584 --- [main] mao.spring_boot_log.Log                  : hello
2022-04-10 20:33:31.173  INFO 10584 --- [main] mao.spring_boot_log.Log                  : hello
2022-04-10 20:33:31.173  WARN 10584 --- [main] mao.spring_boot_log.Log                  : hello
2022-04-10 20:33:31.173 ERROR 10584 --- [main] mao.spring_boot_log.Log                  : hello
2022-04-10 20:33:31.173 DEBUG 10584 --- [main] mao.spring_boot_log.Log                  : hello
2022-04-10 20:33:31.173  INFO 10584 --- [main] mao.spring_boot_log.Log                  : hello
2022-04-10 20:33:31.173  WARN 10584 --- [main] mao.spring_boot_log.Log                  : hello
2022-04-10 20:33:31.173 ERROR 10584 --- [main] mao.spring_boot_log.Log                  : hello
2022-04-10 20:33:31.173 DEBUG 10584 --- [main] mao.spring_boot_log.Log                  : hello
2022-04-10 20:33:31.173  INFO 10584 --- [main] mao.spring_boot_log.Log                  : hello
2022-04-10 20:33:31.173  WARN 10584 --- [main] mao.spring_boot_log.Log                  : hello
2022-04-10 20:33:31.173 ERROR 10584 --- [main] mao.spring_boot_log.Log                  : hello
2022-04-10 20:33:31.173 DEBUG 10584 --- [main] mao.spring_boot_log.Log                  : hello
2022-04-10 20:33:31.173  INFO 10584 --- [main] mao.spring_boot_log.Log                  : hello
2022-04-10 20:33:31.173  WARN 10584 --- [main] mao.spring_boot_log.Log                  : hello
2022-04-10 20:33:31.173 ERROR 10584 --- [main] mao.spring_boot_log.Log                  : hello
2022-04-10 20:33:31.173 DEBUG 10584 --- [main] mao.spring_boot_log.Log                  : hello
2022-04-10 20:33:31.173  INFO 10584 --- [main] mao.spring_boot_log.Log                  : hello
2022-04-10 20:33:31.173  WARN 10584 --- [main] mao.spring_boot_log.Log                  : hello
2022-04-10 20:33:31.173 ERROR 10584 --- [main] mao.spring_boot_log.Log                  : hello
2022-04-10 20:33:31.173 DEBUG 10584 --- [main] mao.spring_boot_log.Log                  : hello
2022-04-10 20:33:31.174  INFO 10584 --- [main] mao.spring_boot_log.Log                  : hello
2022-04-10 20:33:31.174  WARN 10584 --- [main] mao.spring_boot_log.Log                  : hello
2022-04-10 20:33:31.174 ERROR 10584 --- [main] mao.spring_boot_log.Log                  : hello
2022-04-10 20:33:31.174 DEBUG 10584 --- [main] mao.spring_boot_log.Log                  : hello
2022-04-10 20:33:31.174  INFO 10584 --- [main] mao.spring_boot_log.Log                  : hello
2022-04-10 20:33:31.174  WARN 10584 --- [main] mao.spring_boot_log.Log                  : hello
2022-04-10 20:33:31.174 ERROR 10584 --- [main] mao.spring_boot_log.Log                  : hello
2022-04-10 20:33:31.174 DEBUG 10584 --- [main] mao.spring_boot_log.Log                  : hello
2022-04-10 20:33:31.174  INFO 10584 --- [main] mao.spring_boot_log.Log                  : hello
2022-04-10 20:33:31.174  WARN 10584 --- [main] mao.spring_boot_log.Log                  : hello
2022-04-10 20:33:31.174 ERROR 10584 --- [main] mao.spring_boot_log.Log                  : hello
2022-04-10 20:33:31.174 DEBUG 10584 --- [main] mao.spring_boot_log.Log                  : hello
2022-04-10 20:33:31.174  INFO 10584 --- [main] mao.spring_boot_log.Log                  : hello
2022-04-10 20:33:31.174  WARN 10584 --- [main] mao.spring_boot_log.Log                  : hello
2022-04-10 20:33:31.174 ERROR 10584 --- [main] mao.spring_boot_log.Log                  : hello
2022-04-10 20:33:31.174 DEBUG 10584 --- [main] mao.spring_boot_log.Log                  : hello
2022-04-10 20:33:31.174  INFO 10584 --- [main] mao.spring_boot_log.Log                  : hello
2022-04-10 20:33:31.174  WARN 10584 --- [main] mao.spring_boot_log.Log                  : hello
2022-04-10 20:33:31.174 ERROR 10584 --- [main] mao.spring_boot_log.Log                  : hello
2022-04-10 20:33:31.174 DEBUG 10584 --- [main] mao.spring_boot_log.Log                  : hello
2022-04-10 20:33:31.174  INFO 10584 --- [main] mao.spring_boot_log.Log                  : hello
2022-04-10 20:33:31.174  WARN 10584 --- [main] mao.spring_boot_log.Log                  : hello
2022-04-10 20:33:31.174 ERROR 10584 --- [main] mao.spring_boot_log.Log                  : hello
2022-04-10 20:33:31.174 DEBUG 10584 --- [main] mao.spring_boot_log.Log                  : hello
2022-04-10 20:33:31.174  INFO 10584 --- [main] mao.spring_boot_log.Log                  : hello
2022-04-10 20:33:31.174  WARN 10584 --- [main] mao.spring_boot_log.Log                  : hello
2022-04-10 20:33:31.174 ERROR 10584 --- [main] mao.spring_boot_log.Log                  : hello
2022-04-10 20:33:31.174 DEBUG 10584 --- [main] mao.spring_boot_log.Log                  : hello
2022-04-10 20:33:31.174  INFO 10584 --- [main] mao.spring_boot_log.Log                  : hello
2022-04-10 20:33:31.174  WARN 10584 --- [main] mao.spring_boot_log.Log                  : hello
2022-04-10 20:33:31.174 ERROR 10584 --- [main] mao.spring_boot_log.Log                  : hello
2022-04-10 20:33:31.174 DEBUG 10584 --- [main] mao.spring_boot_log.Log                  : hello
2022-04-10 20:33:31.174  INFO 10584 --- [main] mao.spring_boot_log.Log                  : hello
2022-04-10 20:33:31.174  WARN 10584 --- [main] mao.spring_boot_log.Log                  : hello
2022-04-10 20:33:31.175 ERROR 10584 --- [main] mao.spring_boot_log.Log                  : hello
2022-04-10 20:33:31.175 DEBUG 10584 --- [main] mao.spring_boot_log.Log                  : hello
2022-04-10 20:33:31.175  INFO 10584 --- [main] mao.spring_boot_log.Log                  : hello
2022-04-10 20:33:31.175  WARN 10584 --- [main] mao.spring_boot_log.Log                  : hello
2022-04-10 20:33:31.175 ERROR 10584 --- [main] mao.spring_boot_log.Log                  : hello
2022-04-10 20:33:31.175 DEBUG 10584 --- [main] mao.spring_boot_log.Log                  : hello
2022-04-10 20:33:31.175  INFO 10584 --- [main] mao.spring_boot_log.Log                  : hello
2022-04-10 20:33:31.175  WARN 10584 --- [main] mao.spring_boot_log.Log                  : hello
2022-04-10 20:33:31.175 ERROR 10584 --- [main] mao.spring_boot_log.Log                  : hello
2022-04-10 20:33:31.175 DEBUG 10584 --- [main] mao.spring_boot_log.Log                  : hello
2022-04-10 20:33:31.175  INFO 10584 --- [main] mao.spring_boot_log.Log                  : hello
2022-04-10 20:33:31.175  WARN 10584 --- [main] mao.spring_boot_log.Log                  : hello
2022-04-10 20:33:31.175 ERROR 10584 --- [main] mao.spring_boot_log.Log                  : hello
2022-04-10 20:33:31.175 DEBUG 10584 --- [main] mao.spring_boot_log.Log                  : hello
2022-04-10 20:33:31.175  INFO 10584 --- [main] mao.spring_boot_log.Log                  : hello
2022-04-10 20:33:31.175  WARN 10584 --- [main] mao.spring_boot_log.Log                  : hello
2022-04-10 20:33:31.175 ERROR 10584 --- [main] mao.spring_boot_log.Log                  : hello
2022-04-10 20:33:31.175 DEBUG 10584 --- [main] mao.spring_boot_log.Log                  : hello
2022-04-10 20:33:31.175  INFO 10584 --- [main] mao.spring_boot_log.Log                  : hello
2022-04-10 20:33:31.175  WARN 10584 --- [main] mao.spring_boot_log.Log                  : hello
2022-04-10 20:33:31.175 ERROR 10584 --- [main] mao.spring_boot_log.Log                  : hello
2022-04-10 20:33:31.175 DEBUG 10584 --- [main] mao.spring_boot_log.Log                  : hello
2022-04-10 20:33:31.175  INFO 10584 --- [main] mao.spring_boot_log.Log                  : hello
2022-04-10 20:33:31.175  WARN 10584 --- [main] mao.spring_boot_log.Log                  : hello
2022-04-10 20:33:31.175 ERROR 10584 --- [main] mao.spring_boot_log.Log                  : hello
2022-04-10 20:33:31.176 DEBUG 10584 --- [main] mao.spring_boot_log.Log                  : hello
2022-04-10 20:33:31.176  INFO 10584 --- [main] mao.spring_boot_log.Log                  : hello
2022-04-10 20:33:31.176  WARN 10584 --- [main] mao.spring_boot_log.Log                  : hello
2022-04-10 20:33:31.176 ERROR 10584 --- [main] mao.spring_boot_log.Log                  : hello
2022-04-10 20:33:31.176 DEBUG 10584 --- [main] mao.spring_boot_log.Log                  : hello
2022-04-10 20:33:31.176  INFO 10584 --- [main] mao.spring_boot_log.Log                  : hello
2022-04-10 20:33:31.176  WARN 10584 --- [main] mao.spring_boot_log.Log                  : hello
2022-04-10 20:33:31.176 ERROR 10584 --- [main] mao.spring_boot_log.Log                  : hello
2022-04-10 20:33:31.176 DEBUG 10584 --- [main] mao.spring_boot_log.Log                  : hello
2022-04-10 20:33:31.176  INFO 10584 --- [main] mao.spring_boot_log.Log                  : hello
2022-04-10 20:33:31.176  WARN 10584 --- [main] mao.spring_boot_log.Log                  : hello
2022-04-10 20:33:31.176 ERROR 10584 --- [main] mao.spring_boot_log.Log                  : hello
2022-04-10 20:33:31.176 DEBUG 10584 --- [main] mao.spring_boot_log.Log                  : hello
2022-04-10 20:33:31.176  INFO 10584 --- [main] mao.spring_boot_log.Log                  : hello
2022-04-10 20:33:31.176  WARN 10584 --- [main] mao.spring_boot_log.Log                  : hello
2022-04-10 20:33:31.176 ERROR 10584 --- [main] mao.spring_boot_log.Log                  : hello
2022-04-10 20:33:31.176 DEBUG 10584 --- [main] mao.spring_boot_log.Log                  : hello
2022-04-10 20:33:31.176  INFO 10584 --- [main] mao.spring_boot_log.Log                  : hello
2022-04-10 20:33:31.176  WARN 10584 --- [main] mao.spring_boot_log.Log                  : hello
2022-04-10 20:33:31.176 ERROR 10584 --- [main] mao.spring_boot_log.Log                  : hello
2022-04-10 20:33:31.176 DEBUG 10584 --- [main] mao.spring_boot_log.Log                  : hello
2022-04-10 20:33:31.176  INFO 10584 --- [main] mao.spring_boot_log.Log                  : hello
2022-04-10 20:33:31.176  WARN 10584 --- [main] mao.spring_boot_log.Log                  : hello
2022-04-10 20:33:31.176 ERROR 10584 --- [main] mao.spring_boot_log.Log                  : hello
2022-04-10 20:33:31.176 DEBUG 10584 --- [main] mao.spring_boot_log.Log                  : hello
2022-04-10 20:33:31.176  INFO 10584 --- [main] mao.spring_boot_log.Log                  : hello
2022-04-10 20:33:31.176  WARN 10584 --- [main] mao.spring_boot_log.Log                  : hello
2022-04-10 20:33:31.176 ERROR 10584 --- [main] mao.spring_boot_log.Log                  : hello
2022-04-10 20:33:31.176 DEBUG 10584 --- [main] mao.spring_boot_log.Log                  : hello
2022-04-10 20:33:31.177  INFO 10584 --- [main] mao.spring_boot_log.Log                  : hello
2022-04-10 20:33:31.177  WARN 10584 --- [main] mao.spring_boot_log.Log                  : hello
2022-04-10 20:33:31.177 ERROR 10584 --- [main] mao.spring_boot_log.Log                  : hello
2022-04-10 20:33:31.177 DEBUG 10584 --- [main] mao.spring_boot_log.Log                  : hello
2022-04-10 20:33:31.177  INFO 10584 --- [main] mao.spring_boot_log.Log                  : hello
2022-04-10 20:33:31.177  WARN 10584 --- [main] mao.spring_boot_log.Log                  : hello
2022-04-10 20:33:31.177 ERROR 10584 --- [main] mao.spring_boot_log.Log                  : hello
2022-04-10 20:33:31.177 DEBUG 10584 --- [main] mao.spring_boot_log.Log                  : hello
2022-04-10 20:33:31.177  INFO 10584 --- [main] mao.spring_boot_log.Log                  : hello
2022-04-10 20:33:31.177  WARN 10584 --- [main] mao.spring_boot_log.Log                  : hello
2022-04-10 20:33:31.177 ERROR 10584 --- [main] mao.spring_boot_log.Log                  : hello
2022-04-10 20:33:31.177 DEBUG 10584 --- [main] mao.spring_boot_log.Log                  : hello
2022-04-10 20:33:31.177  INFO 10584 --- [main] mao.spring_boot_log.Log                  : hello
2022-04-10 20:33:31.177  WARN 10584 --- [main] mao.spring_boot_log.Log                  : hello
2022-04-10 20:33:31.177 ERROR 10584 --- [main] mao.spring_boot_log.Log                  : hello
2022-04-10 20:33:31.177 DEBUG 10584 --- [main] mao.spring_boot_log.Log                  : hello
2022-04-10 20:33:31.177  INFO 10584 --- [main] mao.spring_boot_log.Log                  : hello
2022-04-10 20:33:31.177  WARN 10584 --- [main] mao.spring_boot_log.Log                  : hello
2022-04-10 20:33:31.177 ERROR 10584 --- [main] mao.spring_boot_log.Log                  : hello
2022-04-10 20:33:31.177 DEBUG 10584 --- [main] mao.spring_boot_log.Log                  : hello
2022-04-10 20:33:31.177  INFO 10584 --- [main] mao.spring_boot_log.Log                  : hello
2022-04-10 20:33:31.177  WARN 10584 --- [main] mao.spring_boot_log.Log                  : hello
2022-04-10 20:33:31.177 ERROR 10584 --- [main] mao.spring_boot_log.Log                  : hello
2022-04-10 20:33:31.177 DEBUG 10584 --- [main] mao.spring_boot_log.Log                  : hello
2022-04-10 20:33:31.177  INFO 10584 --- [main] mao.spring_boot_log.Log                  : hello
2022-04-10 20:33:31.177  WARN 10584 --- [main] mao.spring_boot_log.Log                  : hello
2022-04-10 20:33:31.177 ERROR 10584 --- [main] mao.spring_boot_log.Log                  : hello
2022-04-10 20:33:31.177 DEBUG 10584 --- [main] mao.spring_boot_log.Log                  : hello
2022-04-10 20:33:31.177  INFO 10584 --- [main] mao.spring_boot_log.Log                  : hello
2022-04-10 20:33:31.177  WARN 10584 --- [main] mao.spring_boot_log.Log                  : hello
2022-04-10 20:33:31.177 ERROR 10584 --- [main] mao.spring_boot_log.Log                  : hello
2022-04-10 20:33:31.177 DEBUG 10584 --- [main] mao.spring_boot_log.Log                  : hello
2022-04-10 20:33:31.177  INFO 10584 --- [main] mao.spring_boot_log.Log                  : hello
2022-04-10 20:33:31.177  WARN 10584 --- [main] mao.spring_boot_log.Log                  : hello
2022-04-10 20:33:31.177 ERROR 10584 --- [main] mao.spring_boot_log.Log                  : hello
2022-04-10 20:33:31.178 DEBUG 10584 --- [main] mao.spring_boot_log.Log                  : hello
2022-04-10 20:33:31.178  INFO 10584 --- [main] mao.spring_boot_log.Log                  : hello
2022-04-10 20:33:31.178  WARN 10584 --- [main] mao.spring_boot_log.Log                  : hello
2022-04-10 20:33:31.178 ERROR 10584 --- [main] mao.spring_boot_log.Log                  : hello
2022-04-10 20:33:31.178 DEBUG 10584 --- [main] mao.spring_boot_log.Log                  : hello
2022-04-10 20:33:31.178  INFO 10584 --- [main] mao.spring_boot_log.Log                  : hello
2022-04-10 20:33:31.178  WARN 10584 --- [main] mao.spring_boot_log.Log                  : hello
2022-04-10 20:33:31.178 ERROR 10584 --- [main] mao.spring_boot_log.Log                  : hello
2022-04-10 20:33:31.178 DEBUG 10584 --- [main] mao.spring_boot_log.Log                  : hello
2022-04-10 20:33:31.178  INFO 10584 --- [main] mao.spring_boot_log.Log                  : hello
2022-04-10 20:33:31.178  WARN 10584 --- [main] mao.spring_boot_log.Log                  : hello
2022-04-10 20:33:31.178 ERROR 10584 --- [main] mao.spring_boot_log.Log                  : hello
2022-04-10 20:33:31.178 DEBUG 10584 --- [main] mao.spring_boot_log.Log                  : hello
2022-04-10 20:33:31.178  INFO 10584 --- [main] mao.spring_boot_log.Log                  : hello
2022-04-10 20:33:31.178  WARN 10584 --- [main] mao.spring_boot_log.Log                  : hello
2022-04-10 20:33:31.178 ERROR 10584 --- [main] mao.spring_boot_log.Log                  : hello
2022-04-10 20:33:31.178 DEBUG 10584 --- [main] mao.spring_boot_log.Log                  : hello
2022-04-10 20:33:31.178  INFO 10584 --- [main] mao.spring_boot_log.Log                  : hello
2022-04-10 20:33:31.178  WARN 10584 --- [main] mao.spring_boot_log.Log                  : hello
2022-04-10 20:33:31.178 ERROR 10584 --- [main] mao.spring_boot_log.Log                  : hello
2022-04-10 20:33:31.178 DEBUG 10584 --- [main] mao.spring_boot_log.Log                  : hello
2022-04-10 20:33:31.178  INFO 10584 --- [main] mao.spring_boot_log.Log                  : hello
2022-04-10 20:33:31.178  WARN 10584 --- [main] mao.spring_boot_log.Log                  : hello
2022-04-10 20:33:31.178 ERROR 10584 --- [main] mao.spring_boot_log.Log                  : hello
2022-04-10 20:33:31.178 DEBUG 10584 --- [main] mao.spring_boot_log.Log                  : hello
2022-04-10 20:33:31.178  INFO 10584 --- [main] mao.spring_boot_log.Log                  : hello
2022-04-10 20:33:31.178  WARN 10584 --- [main] mao.spring_boot_log.Log                  : hello
2022-04-10 20:33:31.178 ERROR 10584 --- [main] mao.spring_boot_log.Log                  : hello
2022-04-10 20:33:31.178 DEBUG 10584 --- [main] mao.spring_boot_log.Log                  : hello
2022-04-10 20:33:31.178  INFO 10584 --- [main] mao.spring_boot_log.Log                  : hello
2022-04-10 20:33:31.179  WARN 10584 --- [main] mao.spring_boot_log.Log                  : hello
2022-04-10 20:33:31.179 ERROR 10584 --- [main] mao.spring_boot_log.Log                  : hello
2022-04-10 20:33:31.179 DEBUG 10584 --- [main] mao.spring_boot_log.Log                  : hello
2022-04-10 20:33:31.179  INFO 10584 --- [main] mao.spring_boot_log.Log                  : hello
2022-04-10 20:33:31.179  WARN 10584 --- [main] mao.spring_boot_log.Log                  : hello
2022-04-10 20:33:31.179 ERROR 10584 --- [main] mao.spring_boot_log.Log                  : hello
2022-04-10 20:33:31.179 DEBUG 10584 --- [main] mao.spring_boot_log.Log                  : hello
2022-04-10 20:33:31.179  INFO 10584 --- [main] mao.spring_boot_log.Log                  : hello
2022-04-10 20:33:31.179  WARN 10584 --- [main] mao.spring_boot_log.Log                  : hello
2022-04-10 20:33:31.179 ERROR 10584 --- [main] mao.spring_boot_log.Log                  : hello
2022-04-10 20:33:31.179 DEBUG 10584 --- [main] mao.spring_boot_log.Log                  : hello
2022-04-10 20:33:31.179  INFO 10584 --- [main] mao.spring_boot_log.Log                  : hello
2022-04-10 20:33:31.179  WARN 10584 --- [main] mao.spring_boot_log.Log                  : hello
2022-04-10 20:33:31.179 ERROR 10584 --- [main] mao.spring_boot_log.Log                  : hello
2022-04-10 20:33:31.179 DEBUG 10584 --- [main] mao.spring_boot_log.Log                  : hello
2022-04-10 20:33:31.179  INFO 10584 --- [main] mao.spring_boot_log.Log                  : hello
2022-04-10 20:33:31.179  WARN 10584 --- [main] mao.spring_boot_log.Log                  : hello
2022-04-10 20:33:31.179 ERROR 10584 --- [main] mao.spring_boot_log.Log                  : hello
2022-04-10 20:33:31.179 DEBUG 10584 --- [main] mao.spring_boot_log.Log                  : hello
2022-04-10 20:33:31.179  INFO 10584 --- [main] mao.spring_boot_log.Log                  : hello
2022-04-10 20:33:31.179  WARN 10584 --- [main] mao.spring_boot_log.Log                  : hello
2022-04-10 20:33:31.179 ERROR 10584 --- [main] mao.spring_boot_log.Log                  : hello
2022-04-10 20:33:31.179 DEBUG 10584 --- [main] mao.spring_boot_log.Log                  : hello
2022-04-10 20:33:31.179  INFO 10584 --- [main] mao.spring_boot_log.Log                  : hello
2022-04-10 20:33:31.179  WARN 10584 --- [main] mao.spring_boot_log.Log                  : hello
2022-04-10 20:33:31.179 ERROR 10584 --- [main] mao.spring_boot_log.Log                  : hello
2022-04-10 20:33:31.179 DEBUG 10584 --- [main] mao.spring_boot_log.Log                  : hello
2022-04-10 20:33:31.179  INFO 10584 --- [main] mao.spring_boot_log.Log                  : hello
2022-04-10 20:33:31.179  WARN 10584 --- [main] mao.spring_boot_log.Log                  : hello
2022-04-10 20:33:31.179 ERROR 10584 --- [main] mao.spring_boot_log.Log                  : hello
2022-04-10 20:33:31.179 DEBUG 10584 --- [main] mao.spring_boot_log.Log                  : hello
2022-04-10 20:33:31.179  INFO 10584 --- [main] mao.spring_boot_log.Log                  : hello
2022-04-10 20:33:31.179  WARN 10584 --- [main] mao.spring_boot_log.Log                  : hello
2022-04-10 20:33:31.179 ERROR 10584 --- [main] mao.spring_boot_log.Log                  : hello
2022-04-10 20:33:31.179 DEBUG 10584 --- [main] mao.spring_boot_log.Log                  : hello
2022-04-10 20:33:31.179  INFO 10584 --- [main] mao.spring_boot_log.Log                  : hello
2022-04-10 20:33:31.179  WARN 10584 --- [main] mao.spring_boot_log.Log                  : hello
2022-04-10 20:33:31.179 ERROR 10584 --- [main] mao.spring_boot_log.Log                  : hello
2022-04-10 20:33:31.180 DEBUG 10584 --- [main] mao.spring_boot_log.Log                  : hello
2022-04-10 20:33:31.180  INFO 10584 --- [main] mao.spring_boot_log.Log                  : hello
2022-04-10 20:33:31.180  WARN 10584 --- [main] mao.spring_boot_log.Log                  : hello
2022-04-10 20:33:31.180 ERROR 10584 --- [main] mao.spring_boot_log.Log                  : hello
2022-04-10 20:33:31.180 DEBUG 10584 --- [main] mao.spring_boot_log.Log                  : hello
2022-04-10 20:33:31.180  INFO 10584 --- [main] mao.spring_boot_log.Log                  : hello
2022-04-10 20:33:31.180  WARN 10584 --- [main] mao.spring_boot_log.Log                  : hello
2022-04-10 20:33:31.180 ERROR 10584 --- [main] mao.spring_boot_log.Log                  : hello
2022-04-10 20:33:31.180 DEBUG 10584 --- [main] mao.spring_boot_log.Log                  : hello
2022-04-10 20:33:31.180  INFO 10584 --- [main] mao.spring_boot_log.Log                  : hello
2022-04-10 20:33:31.180  WARN 10584 --- [main] mao.spring_boot_log.Log                  : hello
2022-04-10 20:33:31.180 ERROR 10584 --- [main] mao.spring_boot_log.Log                  : hello
2022-04-10 20:33:31.180 DEBUG 10584 --- [main] mao.spring_boot_log.Log                  : hello
2022-04-10 20:33:31.180  INFO 10584 --- [main] mao.spring_boot_log.Log                  : hello
2022-04-10 20:33:31.180  WARN 10584 --- [main] mao.spring_boot_log.Log                  : hello
2022-04-10 20:33:31.180 ERROR 10584 --- [main] mao.spring_boot_log.Log                  : hello
2022-04-10 20:33:31.180 DEBUG 10584 --- [main] mao.spring_boot_log.Log                  : hello
2022-04-10 20:33:31.180  INFO 10584 --- [main] mao.spring_boot_log.Log                  : hello
2022-04-10 20:33:31.180  WARN 10584 --- [main] mao.spring_boot_log.Log                  : hello
2022-04-10 20:33:31.180 ERROR 10584 --- [main] mao.spring_boot_log.Log                  : hello
2022-04-10 20:33:31.180 DEBUG 10584 --- [main] mao.spring_boot_log.Log                  : hello
2022-04-10 20:33:31.180  INFO 10584 --- [main] mao.spring_boot_log.Log                  : hello
2022-04-10 20:33:31.180  WARN 10584 --- [main] mao.spring_boot_log.Log                  : hello
2022-04-10 20:33:31.180 ERROR 10584 --- [main] mao.spring_boot_log.Log                  : hello
2022-04-10 20:33:31.180 DEBUG 10584 --- [main] mao.spring_boot_log.Log                  : hello
2022-04-10 20:33:31.180  INFO 10584 --- [main] mao.spring_boot_log.Log                  : hello
2022-04-10 20:33:31.180  WARN 10584 --- [main] mao.spring_boot_log.Log                  : hello
2022-04-10 20:33:31.181 ERROR 10584 --- [main] mao.spring_boot_log.Log                  : hello
2022-04-10 20:33:31.181 DEBUG 10584 --- [main] mao.spring_boot_log.Log                  : hello
2022-04-10 20:33:31.181  INFO 10584 --- [main] mao.spring_boot_log.Log                  : hello
2022-04-10 20:33:31.181  WARN 10584 --- [main] mao.spring_boot_log.Log                  : hello
2022-04-10 20:33:31.181 ERROR 10584 --- [main] mao.spring_boot_log.Log                  : hello
2022-04-10 20:33:31.181 DEBUG 10584 --- [main] mao.spring_boot_log.Log                  : hello
2022-04-10 20:33:31.181  INFO 10584 --- [main] mao.spring_boot_log.Log                  : hello
2022-04-10 20:33:31.181  WARN 10584 --- [main] mao.spring_boot_log.Log                  : hello
2022-04-10 20:33:31.181 ERROR 10584 --- [main] mao.spring_boot_log.Log                  : hello
2022-04-10 20:33:31.181 DEBUG 10584 --- [main] mao.spring_boot_log.Log                  : hello
2022-04-10 20:33:31.181  INFO 10584 --- [main] mao.spring_boot_log.Log                  : hello
2022-04-10 20:33:31.181  WARN 10584 --- [main] mao.spring_boot_log.Log                  : hello
2022-04-10 20:33:31.181 ERROR 10584 --- [main] mao.spring_boot_log.Log                  : hello
2022-04-10 20:33:31.181 DEBUG 10584 --- [main] mao.spring_boot_log.Log                  : hello
2022-04-10 20:33:31.181  INFO 10584 --- [main] mao.spring_boot_log.Log                  : hello
2022-04-10 20:33:31.181  WARN 10584 --- [main] mao.spring_boot_log.Log                  : hello
2022-04-10 20:33:31.181 ERROR 10584 --- [main] mao.spring_boot_log.Log                  : hello
2022-04-10 20:33:31.181 DEBUG 10584 --- [main] mao.spring_boot_log.Log                  : hello
2022-04-10 20:33:31.181  INFO 10584 --- [main] mao.spring_boot_log.Log                  : hello
2022-04-10 20:33:31.181  WARN 10584 --- [main] mao.spring_boot_log.Log                  : hello
2022-04-10 20:33:31.181 ERROR 10584 --- [main] mao.spring_boot_log.Log                  : hello
2022-04-10 20:33:31.181 DEBUG 10584 --- [main] mao.spring_boot_log.Log                  : hello
2022-04-10 20:33:31.181  INFO 10584 --- [main] mao.spring_boot_log.Log                  : hello
2022-04-10 20:33:31.181  WARN 10584 --- [main] mao.spring_boot_log.Log                  : hello
2022-04-10 20:33:31.181 ERROR 10584 --- [main] mao.spring_boot_log.Log                  : hello
2022-04-10 20:33:31.181 DEBUG 10584 --- [main] mao.spring_boot_log.Log                  : hello
2022-04-10 20:33:31.181  INFO 10584 --- [main] mao.spring_boot_log.Log                  : hello
2022-04-10 20:33:31.181  WARN 10584 --- [main] mao.spring_boot_log.Log                  : hello
2022-04-10 20:33:31.181 ERROR 10584 --- [main] mao.spring_boot_log.Log                  : hello
2022-04-10 20:33:31.181 DEBUG 10584 --- [main] mao.spring_boot_log.Log                  : hello
2022-04-10 20:33:31.182  INFO 10584 --- [main] mao.spring_boot_log.Log                  : hello
2022-04-10 20:33:31.182  WARN 10584 --- [main] mao.spring_boot_log.Log                  : hello
2022-04-10 20:33:31.182 ERROR 10584 --- [main] mao.spring_boot_log.Log                  : hello
2022-04-10 20:33:31.182 DEBUG 10584 --- [main] mao.spring_boot_log.Log                  : hello
2022-04-10 20:33:31.182  INFO 10584 --- [main] mao.spring_boot_log.Log                  : hello
2022-04-10 20:33:31.182  WARN 10584 --- [main] mao.spring_boot_log.Log                  : hello
2022-04-10 20:33:31.182 ERROR 10584 --- [main] mao.spring_boot_log.Log                  : hello
2022-04-10 20:33:31.182 DEBUG 10584 --- [main] mao.spring_boot_log.Log                  : hello
2022-04-10 20:33:31.182  INFO 10584 --- [main] mao.spring_boot_log.Log                  : hello
2022-04-10 20:33:31.182  WARN 10584 --- [main] mao.spring_boot_log.Log                  : hello
2022-04-10 20:33:31.182 ERROR 10584 --- [main] mao.spring_boot_log.Log                  : hello
2022-04-10 20:33:31.182 DEBUG 10584 --- [main] mao.spring_boot_log.Log                  : hello
2022-04-10 20:33:31.182  INFO 10584 --- [main] mao.spring_boot_log.Log                  : hello
2022-04-10 20:33:31.182  WARN 10584 --- [main] mao.spring_boot_log.Log                  : hello
2022-04-10 20:33:31.182 ERROR 10584 --- [main] mao.spring_boot_log.Log                  : hello
2022-04-10 20:33:31.182 DEBUG 10584 --- [main] mao.spring_boot_log.Log                  : hello
2022-04-10 20:33:31.182  INFO 10584 --- [main] mao.spring_boot_log.Log                  : hello
2022-04-10 20:33:31.182  WARN 10584 --- [main] mao.spring_boot_log.Log                  : hello
2022-04-10 20:33:31.182 ERROR 10584 --- [main] mao.spring_boot_log.Log                  : hello
2022-04-10 20:33:31.182 DEBUG 10584 --- [main] mao.spring_boot_log.Log                  : hello
2022-04-10 20:33:31.182  INFO 10584 --- [main] mao.spring_boot_log.Log                  : hello
2022-04-10 20:33:31.182  WARN 10584 --- [main] mao.spring_boot_log.Log                  : hello
2022-04-10 20:33:31.182 ERROR 10584 --- [main] mao.spring_boot_log.Log                  : hello
2022-04-10 20:33:31.182 DEBUG 10584 --- [main] mao.spring_boot_log.Log                  : hello
2022-04-10 20:33:31.182  INFO 10584 --- [main] mao.spring_boot_log.Log                  : hello
2022-04-10 20:33:31.182  WARN 10584 --- [main] mao.spring_boot_log.Log                  : hello
2022-04-10 20:33:31.182 ERROR 10584 --- [main] mao.spring_boot_log.Log                  : hello
2022-04-10 20:33:31.182 DEBUG 10584 --- [main] mao.spring_boot_log.Log                  : hello
2022-04-10 20:33:31.183  INFO 10584 --- [main] mao.spring_boot_log.Log                  : hello
2022-04-10 20:33:31.183  WARN 10584 --- [main] mao.spring_boot_log.Log                  : hello
2022-04-10 20:33:31.183 ERROR 10584 --- [main] mao.spring_boot_log.Log                  : hello
2022-04-10 20:33:31.183 DEBUG 10584 --- [main] mao.spring_boot_log.Log                  : hello
2022-04-10 20:33:31.183  INFO 10584 --- [main] mao.spring_boot_log.Log                  : hello
2022-04-10 20:33:31.183  WARN 10584 --- [main] mao.spring_boot_log.Log                  : hello
2022-04-10 20:33:31.183 ERROR 10584 --- [main] mao.spring_boot_log.Log                  : hello
2022-04-10 20:33:31.183 DEBUG 10584 --- [main] mao.spring_boot_log.Log                  : hello
2022-04-10 20:33:31.183  INFO 10584 --- [main] mao.spring_boot_log.Log                  : hello
2022-04-10 20:33:31.183  WARN 10584 --- [main] mao.spring_boot_log.Log                  : hello
2022-04-10 20:33:31.183 ERROR 10584 --- [main] mao.spring_boot_log.Log                  : hello
2022-04-10 20:33:31.183 DEBUG 10584 --- [main] mao.spring_boot_log.Log                  : hello
2022-04-10 20:33:31.183  INFO 10584 --- [main] mao.spring_boot_log.Log                  : hello
2022-04-10 20:33:31.183  WARN 10584 --- [main] mao.spring_boot_log.Log                  : hello
2022-04-10 20:33:31.183 ERROR 10584 --- [main] mao.spring_boot_log.Log                  : hello
2022-04-10 20:33:31.183 DEBUG 10584 --- [main] mao.spring_boot_log.Log                  : hello
2022-04-10 20:33:31.183  INFO 10584 --- [main] mao.spring_boot_log.Log                  : hello
2022-04-10 20:33:31.183  WARN 10584 --- [main] mao.spring_boot_log.Log                  : hello
2022-04-10 20:33:31.183 ERROR 10584 --- [main] mao.spring_boot_log.Log                  : hello
2022-04-10 20:33:31.183 DEBUG 10584 --- [main] mao.spring_boot_log.Log                  : hello
2022-04-10 20:33:31.183  INFO 10584 --- [main] mao.spring_boot_log.Log                  : hello
2022-04-10 20:33:31.183  WARN 10584 --- [main] mao.spring_boot_log.Log                  : hello
2022-04-10 20:33:31.183 ERROR 10584 --- [main] mao.spring_boot_log.Log                  : hello
2022-04-10 20:33:31.183 DEBUG 10584 --- [main] mao.spring_boot_log.Log                  : hello
2022-04-10 20:33:31.183  INFO 10584 --- [main] mao.spring_boot_log.Log                  : hello
2022-04-10 20:33:31.183  WARN 10584 --- [main] mao.spring_boot_log.Log                  : hello
2022-04-10 20:33:31.183 ERROR 10584 --- [main] mao.spring_boot_log.Log                  : hello
2022-04-10 20:33:31.183 DEBUG 10584 --- [main] mao.spring_boot_log.Log                  : hello
2022-04-10 20:33:31.183  INFO 10584 --- [main] mao.spring_boot_log.Log                  : hello
2022-04-10 20:33:31.183  WARN 10584 --- [main] mao.spring_boot_log.Log                  : hello
2022-04-10 20:33:31.183 ERROR 10584 --- [main] mao.spring_boot_log.Log                  : hello
2022-04-10 20:33:31.183 DEBUG 10584 --- [main] mao.spring_boot_log.Log                  : hello
2022-04-10 20:33:31.183  INFO 10584 --- [main] mao.spring_boot_log.Log                  : hello
2022-04-10 20:33:31.183  WARN 10584 --- [main] mao.spring_boot_log.Log                  : hello
2022-04-10 20:33:31.183 ERROR 10584 --- [main] mao.spring_boot_log.Log                  : hello
2022-04-10 20:33:31.183 DEBUG 10584 --- [main] mao.spring_boot_log.Log                  : hello
2022-04-10 20:33:31.183  INFO 10584 --- [main] mao.spring_boot_log.Log                  : hello
2022-04-10 20:33:31.183  WARN 10584 --- [main] mao.spring_boot_log.Log                  : hello
2022-04-10 20:33:31.183 ERROR 10584 --- [main] mao.spring_boot_log.Log                  : hello
2022-04-10 20:33:31.183 DEBUG 10584 --- [main] mao.spring_boot_log.Log                  : hello
2022-04-10 20:33:31.183  INFO 10584 --- [main] mao.spring_boot_log.Log                  : hello
2022-04-10 20:33:31.183  WARN 10584 --- [main] mao.spring_boot_log.Log                  : hello
2022-04-10 20:33:31.183 ERROR 10584 --- [main] mao.spring_boot_log.Log                  : hello
2022-04-10 20:33:31.183 DEBUG 10584 --- [main] mao.spring_boot_log.Log                  : hello
2022-04-10 20:33:31.183  INFO 10584 --- [main] mao.spring_boot_log.Log                  : hello
2022-04-10 20:33:31.183  WARN 10584 --- [main] mao.spring_boot_log.Log                  : hello
2022-04-10 20:33:31.183 ERROR 10584 --- [main] mao.spring_boot_log.Log                  : hello
2022-04-10 20:33:31.183 DEBUG 10584 --- [main] mao.spring_boot_log.Log                  : hello
2022-04-10 20:33:31.183  INFO 10584 --- [main] mao.spring_boot_log.Log                  : hello
2022-04-10 20:33:31.183  WARN 10584 --- [main] mao.spring_boot_log.Log                  : hello
2022-04-10 20:33:31.183 ERROR 10584 --- [main] mao.spring_boot_log.Log                  : hello
2022-04-10 20:33:31.183 DEBUG 10584 --- [main] mao.spring_boot_log.Log                  : hello
2022-04-10 20:33:31.183  INFO 10584 --- [main] mao.spring_boot_log.Log                  : hello
2022-04-10 20:33:31.183  WARN 10584 --- [main] mao.spring_boot_log.Log                  : hello
2022-04-10 20:33:31.183 ERROR 10584 --- [main] mao.spring_boot_log.Log                  : hello
2022-04-10 20:33:31.183 DEBUG 10584 --- [main] mao.spring_boot_log.Log                  : hello
2022-04-10 20:33:31.183  INFO 10584 --- [main] mao.spring_boot_log.Log                  : hello
2022-04-10 20:33:31.183  WARN 10584 --- [main] mao.spring_boot_log.Log                  : hello
2022-04-10 20:33:31.183 ERROR 10584 --- [main] mao.spring_boot_log.Log                  : hello
2022-04-10 20:33:31.183 DEBUG 10584 --- [main] mao.spring_boot_log.Log                  : hello
2022-04-10 20:33:31.183  INFO 10584 --- [main] mao.spring_boot_log.Log                  : hello
2022-04-10 20:33:31.183  WARN 10584 --- [main] mao.spring_boot_log.Log                  : hello
2022-04-10 20:33:31.183 ERROR 10584 --- [main] mao.spring_boot_log.Log                  : hello
2022-04-10 20:33:31.184 DEBUG 10584 --- [main] mao.spring_boot_log.Log                  : hello
2022-04-10 20:33:31.184  INFO 10584 --- [main] mao.spring_boot_log.Log                  : hello
2022-04-10 20:33:31.184  WARN 10584 --- [main] mao.spring_boot_log.Log                  : hello
2022-04-10 20:33:31.184 ERROR 10584 --- [main] mao.spring_boot_log.Log                  : hello
2022-04-10 20:33:31.184 DEBUG 10584 --- [main] mao.spring_boot_log.Log                  : hello
2022-04-10 20:33:31.184  INFO 10584 --- [main] mao.spring_boot_log.Log                  : hello
2022-04-10 20:33:31.184  WARN 10584 --- [main] mao.spring_boot_log.Log                  : hello
2022-04-10 20:33:31.184 ERROR 10584 --- [main] mao.spring_boot_log.Log                  : hello
2022-04-10 20:33:31.184 DEBUG 10584 --- [main] mao.spring_boot_log.Log                  : hello
2022-04-10 20:33:31.184  INFO 10584 --- [main] mao.spring_boot_log.Log                  : hello
2022-04-10 20:33:31.184  WARN 10584 --- [main] mao.spring_boot_log.Log                  : hello
2022-04-10 20:33:31.184 ERROR 10584 --- [main] mao.spring_boot_log.Log                  : hello
2022-04-10 20:33:31.184 DEBUG 10584 --- [main] mao.spring_boot_log.Log                  : hello
2022-04-10 20:33:31.184  INFO 10584 --- [main] mao.spring_boot_log.Log                  : hello
2022-04-10 20:33:31.184  WARN 10584 --- [main] mao.spring_boot_log.Log                  : hello
2022-04-10 20:33:31.184 ERROR 10584 --- [main] mao.spring_boot_log.Log                  : hello
2022-04-10 20:33:31.184 DEBUG 10584 --- [main] mao.spring_boot_log.Log                  : hello
2022-04-10 20:33:31.184  INFO 10584 --- [main] mao.spring_boot_log.Log                  : hello
2022-04-10 20:33:31.184  WARN 10584 --- [main] mao.spring_boot_log.Log                  : hello
2022-04-10 20:33:31.184 ERROR 10584 --- [main] mao.spring_boot_log.Log                  : hello
2022-04-10 20:33:31.184 DEBUG 10584 --- [main] mao.spring_boot_log.Log                  : hello
2022-04-10 20:33:31.184  INFO 10584 --- [main] mao.spring_boot_log.Log                  : hello
2022-04-10 20:33:31.184  WARN 10584 --- [main] mao.spring_boot_log.Log                  : hello
2022-04-10 20:33:31.184 ERROR 10584 --- [main] mao.spring_boot_log.Log                  : hello
2022-04-10 20:33:31.184 DEBUG 10584 --- [main] mao.spring_boot_log.Log                  : hello
2022-04-10 20:33:31.184  INFO 10584 --- [main] mao.spring_boot_log.Log                  : hello
2022-04-10 20:33:31.184  WARN 10584 --- [main] mao.spring_boot_log.Log                  : hello
2022-04-10 20:33:31.184 ERROR 10584 --- [main] mao.spring_boot_log.Log                  : hello
2022-04-10 20:33:31.184 DEBUG 10584 --- [main] mao.spring_boot_log.Log                  : hello
2022-04-10 20:33:31.184  INFO 10584 --- [main] mao.spring_boot_log.Log                  : hello
2022-04-10 20:33:31.184  WARN 10584 --- [main] mao.spring_boot_log.Log                  : hello
2022-04-10 20:33:31.184 ERROR 10584 --- [main] mao.spring_boot_log.Log                  : hello
2022-04-10 20:33:31.184 DEBUG 10584 --- [main] mao.spring_boot_log.Log                  : hello
2022-04-10 20:33:31.184  INFO 10584 --- [main] mao.spring_boot_log.Log                  : hello
2022-04-10 20:33:31.184  WARN 10584 --- [main] mao.spring_boot_log.Log                  : hello
2022-04-10 20:33:31.184 ERROR 10584 --- [main] mao.spring_boot_log.Log                  : hello
2022-04-10 20:33:31.184 DEBUG 10584 --- [main] mao.spring_boot_log.Log                  : hello
2022-04-10 20:33:31.184  INFO 10584 --- [main] mao.spring_boot_log.Log                  : hello
2022-04-10 20:33:31.184  WARN 10584 --- [main] mao.spring_boot_log.Log                  : hello
2022-04-10 20:33:31.184 ERROR 10584 --- [main] mao.spring_boot_log.Log                  : hello
2022-04-10 20:33:31.184 DEBUG 10584 --- [main] mao.spring_boot_log.Log                  : hello
2022-04-10 20:33:31.184  INFO 10584 --- [main] mao.spring_boot_log.Log                  : hello
2022-04-10 20:33:31.184  WARN 10584 --- [main] mao.spring_boot_log.Log                  : hello
2022-04-10 20:33:31.184 ERROR 10584 --- [main] mao.spring_boot_log.Log                  : hello
2022-04-10 20:33:31.184 DEBUG 10584 --- [main] mao.spring_boot_log.Log                  : hello
2022-04-10 20:33:31.184  INFO 10584 --- [main] mao.spring_boot_log.Log                  : hello
2022-04-10 20:33:31.184  WARN 10584 --- [main] mao.spring_boot_log.Log                  : hello
2022-04-10 20:33:31.184 ERROR 10584 --- [main] mao.spring_boot_log.Log                  : hello
2022-04-10 20:33:31.185 DEBUG 10584 --- [main] mao.spring_boot_log.Log                  : hello
2022-04-10 20:33:31.185  INFO 10584 --- [main] mao.spring_boot_log.Log                  : hello
2022-04-10 20:33:31.185  WARN 10584 --- [main] mao.spring_boot_log.Log                  : hello
2022-04-10 20:33:31.185 ERROR 10584 --- [main] mao.spring_boot_log.Log                  : hello
2022-04-10 20:33:31.185 DEBUG 10584 --- [main] mao.spring_boot_log.Log                  : hello
2022-04-10 20:33:31.185  INFO 10584 --- [main] mao.spring_boot_log.Log                  : hello
2022-04-10 20:33:31.185  WARN 10584 --- [main] mao.spring_boot_log.Log                  : hello
2022-04-10 20:33:31.185 ERROR 10584 --- [main] mao.spring_boot_log.Log                  : hello
2022-04-10 20:33:31.185 DEBUG 10584 --- [main] mao.spring_boot_log.Log                  : hello
2022-04-10 20:33:31.185  INFO 10584 --- [main] mao.spring_boot_log.Log                  : hello
2022-04-10 20:33:31.185  WARN 10584 --- [main] mao.spring_boot_log.Log                  : hello
2022-04-10 20:33:31.185 ERROR 10584 --- [main] mao.spring_boot_log.Log                  : hello
2022-04-10 20:33:31.185 DEBUG 10584 --- [main] mao.spring_boot_log.Log                  : hello
2022-04-10 20:33:31.185  INFO 10584 --- [main] mao.spring_boot_log.Log                  : hello
2022-04-10 20:33:31.185  WARN 10584 --- [main] mao.spring_boot_log.Log                  : hello
2022-04-10 20:33:31.185 ERROR 10584 --- [main] mao.spring_boot_log.Log                  : hello
2022-04-10 20:33:31.185 DEBUG 10584 --- [main] mao.spring_boot_log.Log                  : hello
2022-04-10 20:33:31.185  INFO 10584 --- [main] mao.spring_boot_log.Log                  : hello
2022-04-10 20:33:31.185  WARN 10584 --- [main] mao.spring_boot_log.Log                  : hello
2022-04-10 20:33:31.185 ERROR 10584 --- [main] mao.spring_boot_log.Log                  : hello
2022-04-10 20:33:31.185 DEBUG 10584 --- [main] mao.spring_boot_log.Log                  : hello
2022-04-10 20:33:31.185  INFO 10584 --- [main] mao.spring_boot_log.Log                  : hello
2022-04-10 20:33:31.185  WARN 10584 --- [main] mao.spring_boot_log.Log                  : hello
2022-04-10 20:33:31.185 ERROR 10584 --- [main] mao.spring_boot_log.Log                  : hello
2022-04-10 20:33:31.185 DEBUG 10584 --- [main] mao.spring_boot_log.Log                  : hello
2022-04-10 20:33:31.185  INFO 10584 --- [main] mao.spring_boot_log.Log                  : hello
2022-04-10 20:33:31.185  WARN 10584 --- [main] mao.spring_boot_log.Log                  : hello
2022-04-10 20:33:31.185 ERROR 10584 --- [main] mao.spring_boot_log.Log                  : hello
2022-04-10 20:33:31.185 DEBUG 10584 --- [main] mao.spring_boot_log.Log                  : hello
2022-04-10 20:33:31.185  INFO 10584 --- [main] mao.spring_boot_log.Log                  : hello
2022-04-10 20:33:31.185  WARN 10584 --- [main] mao.spring_boot_log.Log                  : hello
2022-04-10 20:33:31.185 ERROR 10584 --- [main] mao.spring_boot_log.Log                  : hello
2022-04-10 20:33:31.185 DEBUG 10584 --- [main] mao.spring_boot_log.Log                  : hello
2022-04-10 20:33:31.185  INFO 10584 --- [main] mao.spring_boot_log.Log                  : hello
2022-04-10 20:33:31.185  WARN 10584 --- [main] mao.spring_boot_log.Log                  : hello
2022-04-10 20:33:31.185 ERROR 10584 --- [main] mao.spring_boot_log.Log                  : hello
2022-04-10 20:33:31.185 DEBUG 10584 --- [main] mao.spring_boot_log.Log                  : hello
2022-04-10 20:33:31.185  INFO 10584 --- [main] mao.spring_boot_log.Log                  : hello
2022-04-10 20:33:31.185  WARN 10584 --- [main] mao.spring_boot_log.Log                  : hello
2022-04-10 20:33:31.185 ERROR 10584 --- [main] mao.spring_boot_log.Log                  : hello
2022-04-10 20:33:31.185 DEBUG 10584 --- [main] mao.spring_boot_log.Log                  : hello
2022-04-10 20:33:31.186  INFO 10584 --- [main] mao.spring_boot_log.Log                  : hello
2022-04-10 20:33:31.186  WARN 10584 --- [main] mao.spring_boot_log.Log                  : hello
2022-04-10 20:33:31.186 ERROR 10584 --- [main] mao.spring_boot_log.Log                  : hello
2022-04-10 20:33:31.186 DEBUG 10584 --- [main] mao.spring_boot_log.Log                  : hello
2022-04-10 20:33:31.186  INFO 10584 --- [main] mao.spring_boot_log.Log                  : hello
2022-04-10 20:33:31.186  WARN 10584 --- [main] mao.spring_boot_log.Log                  : hello
2022-04-10 20:33:31.186 ERROR 10584 --- [main] mao.spring_boot_log.Log                  : hello
2022-04-10 20:33:31.186 DEBUG 10584 --- [main] mao.spring_boot_log.Log                  : hello
2022-04-10 20:33:31.186  INFO 10584 --- [main] mao.spring_boot_log.Log                  : hello
2022-04-10 20:33:31.186  WARN 10584 --- [main] mao.spring_boot_log.Log                  : hello
2022-04-10 20:33:31.186 ERROR 10584 --- [main] mao.spring_boot_log.Log                  : hello
2022-04-10 20:33:31.186 DEBUG 10584 --- [main] mao.spring_boot_log.Log                  : hello
2022-04-10 20:33:31.186  INFO 10584 --- [main] mao.spring_boot_log.Log                  : hello
2022-04-10 20:33:31.186  WARN 10584 --- [main] mao.spring_boot_log.Log                  : hello
2022-04-10 20:33:31.186 ERROR 10584 --- [main] mao.spring_boot_log.Log                  : hello
2022-04-10 20:33:31.186 DEBUG 10584 --- [main] mao.spring_boot_log.Log                  : hello
2022-04-10 20:33:31.186  INFO 10584 --- [main] mao.spring_boot_log.Log                  : hello
2022-04-10 20:33:31.186  WARN 10584 --- [main] mao.spring_boot_log.Log                  : hello
2022-04-10 20:33:31.186 ERROR 10584 --- [main] mao.spring_boot_log.Log                  : hello
2022-04-10 20:33:31.186 DEBUG 10584 --- [main] mao.spring_boot_log.Log                  : hello
2022-04-10 20:33:31.186  INFO 10584 --- [main] mao.spring_boot_log.Log                  : hello
2022-04-10 20:33:31.186  WARN 10584 --- [main] mao.spring_boot_log.Log                  : hello
2022-04-10 20:33:31.186 ERROR 10584 --- [main] mao.spring_boot_log.Log                  : hello
2022-04-10 20:33:31.186 DEBUG 10584 --- [main] mao.spring_boot_log.Log                  : hello
2022-04-10 20:33:31.186  INFO 10584 --- [main] mao.spring_boot_log.Log                  : hello
2022-04-10 20:33:31.186  WARN 10584 --- [main] mao.spring_boot_log.Log                  : hello
2022-04-10 20:33:31.186 ERROR 10584 --- [main] mao.spring_boot_log.Log                  : hello
2022-04-10 20:33:31.186 DEBUG 10584 --- [main] mao.spring_boot_log.Log                  : hello
2022-04-10 20:33:31.186  INFO 10584 --- [main] mao.spring_boot_log.Log                  : hello
2022-04-10 20:33:31.186  WARN 10584 --- [main] mao.spring_boot_log.Log                  : hello
2022-04-10 20:33:31.186 ERROR 10584 --- [main] mao.spring_boot_log.Log                  : hello
2022-04-10 20:33:31.186 DEBUG 10584 --- [main] mao.spring_boot_log.Log                  : hello
2022-04-10 20:33:31.186  INFO 10584 --- [main] mao.spring_boot_log.Log                  : hello
2022-04-10 20:33:31.186  WARN 10584 --- [main] mao.spring_boot_log.Log                  : hello
2022-04-10 20:33:31.186 ERROR 10584 --- [main] mao.spring_boot_log.Log                  : hello
2022-04-10 20:33:31.186 DEBUG 10584 --- [main] mao.spring_boot_log.Log                  : hello
2022-04-10 20:33:31.186  INFO 10584 --- [main] mao.spring_boot_log.Log                  : hello
2022-04-10 20:33:31.186  WARN 10584 --- [main] mao.spring_boot_log.Log                  : hello
2022-04-10 20:33:31.186 ERROR 10584 --- [main] mao.spring_boot_log.Log                  : hello
2022-04-10 20:33:31.186 DEBUG 10584 --- [main] mao.spring_boot_log.Log                  : hello
2022-04-10 20:33:31.186  INFO 10584 --- [main] mao.spring_boot_log.Log                  : hello
2022-04-10 20:33:31.186  WARN 10584 --- [main] mao.spring_boot_log.Log                  : hello
2022-04-10 20:33:31.186 ERROR 10584 --- [main] mao.spring_boot_log.Log                  : hello
2022-04-10 20:33:31.187 DEBUG 10584 --- [main] mao.spring_boot_log.Log                  : hello
2022-04-10 20:33:31.187  INFO 10584 --- [main] mao.spring_boot_log.Log                  : hello
2022-04-10 20:33:31.187  WARN 10584 --- [main] mao.spring_boot_log.Log                  : hello
2022-04-10 20:33:31.187 ERROR 10584 --- [main] mao.spring_boot_log.Log                  : hello
2022-04-10 20:33:31.187 DEBUG 10584 --- [main] mao.spring_boot_log.Log                  : hello
2022-04-10 20:33:31.187  INFO 10584 --- [main] mao.spring_boot_log.Log                  : hello
2022-04-10 20:33:31.187  WARN 10584 --- [main] mao.spring_boot_log.Log                  : hello
2022-04-10 20:33:31.187 ERROR 10584 --- [main] mao.spring_boot_log.Log                  : hello
2022-04-10 20:33:31.187 DEBUG 10584 --- [main] mao.spring_boot_log.Log                  : hello
2022-04-10 20:33:31.187  INFO 10584 --- [main] mao.spring_boot_log.Log                  : hello
2022-04-10 20:33:31.187  WARN 10584 --- [main] mao.spring_boot_log.Log                  : hello
2022-04-10 20:33:31.187 ERROR 10584 --- [main] mao.spring_boot_log.Log                  : hello
2022-04-10 20:33:31.187 DEBUG 10584 --- [main] mao.spring_boot_log.Log                  : hello
2022-04-10 20:33:31.187  INFO 10584 --- [main] mao.spring_boot_log.Log                  : hello
2022-04-10 20:33:31.187  WARN 10584 --- [main] mao.spring_boot_log.Log                  : hello
2022-04-10 20:33:31.187 ERROR 10584 --- [main] mao.spring_boot_log.Log                  : hello
2022-04-10 20:33:31.187 DEBUG 10584 --- [main] mao.spring_boot_log.Log                  : hello
2022-04-10 20:33:31.187  INFO 10584 --- [main] mao.spring_boot_log.Log                  : hello
2022-04-10 20:33:31.187  WARN 10584 --- [main] mao.spring_boot_log.Log                  : hello
2022-04-10 20:33:31.187 ERROR 10584 --- [main] mao.spring_boot_log.Log                  : hello
2022-04-10 20:33:31.187 DEBUG 10584 --- [main] mao.spring_boot_log.Log                  : hello
2022-04-10 20:33:31.187  INFO 10584 --- [main] mao.spring_boot_log.Log                  : hello
2022-04-10 20:33:31.187  WARN 10584 --- [main] mao.spring_boot_log.Log                  : hello
2022-04-10 20:33:31.187 ERROR 10584 --- [main] mao.spring_boot_log.Log                  : hello
2022-04-10 20:33:31.187 DEBUG 10584 --- [main] mao.spring_boot_log.Log                  : hello
2022-04-10 20:33:31.187  INFO 10584 --- [main] mao.spring_boot_log.Log                  : hello
2022-04-10 20:33:31.187  WARN 10584 --- [main] mao.spring_boot_log.Log                  : hello
2022-04-10 20:33:31.187 ERROR 10584 --- [main] mao.spring_boot_log.Log                  : hello
2022-04-10 20:33:31.187 DEBUG 10584 --- [main] mao.spring_boot_log.Log                  : hello
2022-04-10 20:33:31.187  INFO 10584 --- [main] mao.spring_boot_log.Log                  : hello
2022-04-10 20:33:31.187  WARN 10584 --- [main] mao.spring_boot_log.Log                  : hello
2022-04-10 20:33:31.187 ERROR 10584 --- [main] mao.spring_boot_log.Log                  : hello
2022-04-10 20:33:31.187 DEBUG 10584 --- [main] mao.spring_boot_log.Log                  : hello
2022-04-10 20:33:31.187  INFO 10584 --- [main] mao.spring_boot_log.Log                  : hello
2022-04-10 20:33:31.187  WARN 10584 --- [main] mao.spring_boot_log.Log                  : hello
2022-04-10 20:33:31.187 ERROR 10584 --- [main] mao.spring_boot_log.Log                  : hello
2022-04-10 20:33:31.187 DEBUG 10584 --- [main] mao.spring_boot_log.Log                  : hello
2022-04-10 20:33:31.187  INFO 10584 --- [main] mao.spring_boot_log.Log                  : hello
2022-04-10 20:33:31.187  WARN 10584 --- [main] mao.spring_boot_log.Log                  : hello
2022-04-10 20:33:31.187 ERROR 10584 --- [main] mao.spring_boot_log.Log                  : hello
2022-04-10 20:33:31.187 DEBUG 10584 --- [main] mao.spring_boot_log.Log                  : hello
2022-04-10 20:33:31.187  INFO 10584 --- [main] mao.spring_boot_log.Log                  : hello
2022-04-10 20:33:31.187  WARN 10584 --- [main] mao.spring_boot_log.Log                  : hello
2022-04-10 20:33:31.187 ERROR 10584 --- [main] mao.spring_boot_log.Log                  : hello
2022-04-10 20:33:31.187 DEBUG 10584 --- [main] mao.spring_boot_log.Log                  : hello
2022-04-10 20:33:31.187  INFO 10584 --- [main] mao.spring_boot_log.Log                  : hello
2022-04-10 20:33:31.187  WARN 10584 --- [main] mao.spring_boot_log.Log                  : hello
2022-04-10 20:33:31.187 ERROR 10584 --- [main] mao.spring_boot_log.Log                  : hello
2022-04-10 20:33:31.187 DEBUG 10584 --- [main] mao.spring_boot_log.Log                  : hello
2022-04-10 20:33:31.187  INFO 10584 --- [main] mao.spring_boot_log.Log                  : hello
2022-04-10 20:33:31.188  WARN 10584 --- [main] mao.spring_boot_log.Log                  : hello
2022-04-10 20:33:31.188 ERROR 10584 --- [main] mao.spring_boot_log.Log                  : hello
2022-04-10 20:33:31.188 DEBUG 10584 --- [main] mao.spring_boot_log.Log                  : hello
2022-04-10 20:33:31.188  INFO 10584 --- [main] mao.spring_boot_log.Log                  : hello
2022-04-10 20:33:31.188  WARN 10584 --- [main] mao.spring_boot_log.Log                  : hello
2022-04-10 20:33:31.188 ERROR 10584 --- [main] mao.spring_boot_log.Log                  : hello
2022-04-10 20:33:31.188 DEBUG 10584 --- [main] mao.spring_boot_log.Log                  : hello
2022-04-10 20:33:31.188  INFO 10584 --- [main] mao.spring_boot_log.Log                  : hello
2022-04-10 20:33:31.188  WARN 10584 --- [main] mao.spring_boot_log.Log                  : hello
2022-04-10 20:33:31.188 ERROR 10584 --- [main] mao.spring_boot_log.Log                  : hello
2022-04-10 20:33:31.188 DEBUG 10584 --- [main] mao.spring_boot_log.Log                  : hello
2022-04-10 20:33:31.188  INFO 10584 --- [main] mao.spring_boot_log.Log                  : hello
2022-04-10 20:33:31.188  WARN 10584 --- [main] mao.spring_boot_log.Log                  : hello
2022-04-10 20:33:31.188 ERROR 10584 --- [main] mao.spring_boot_log.Log                  : hello
2022-04-10 20:33:31.188 DEBUG 10584 --- [main] mao.spring_boot_log.Log                  : hello
2022-04-10 20:33:31.188  INFO 10584 --- [main] mao.spring_boot_log.Log                  : hello
2022-04-10 20:33:31.188  WARN 10584 --- [main] mao.spring_boot_log.Log                  : hello
2022-04-10 20:33:31.188 ERROR 10584 --- [main] mao.spring_boot_log.Log                  : hello
2022-04-10 20:33:31.188 DEBUG 10584 --- [main] mao.spring_boot_log.Log                  : hello
2022-04-10 20:33:31.188  INFO 10584 --- [main] mao.spring_boot_log.Log                  : hello
2022-04-10 20:33:31.188  WARN 10584 --- [main] mao.spring_boot_log.Log                  : hello
2022-04-10 20:33:31.188 ERROR 10584 --- [main] mao.spring_boot_log.Log                  : hello
2022-04-10 20:33:31.188 DEBUG 10584 --- [main] mao.spring_boot_log.Log                  : hello
2022-04-10 20:33:31.188  INFO 10584 --- [main] mao.spring_boot_log.Log                  : hello
2022-04-10 20:33:31.188  WARN 10584 --- [main] mao.spring_boot_log.Log                  : hello
2022-04-10 20:33:31.188 ERROR 10584 --- [main] mao.spring_boot_log.Log                  : hello
2022-04-10 20:33:31.188 DEBUG 10584 --- [main] mao.spring_boot_log.Log                  : hello
2022-04-10 20:33:31.188  INFO 10584 --- [main] mao.spring_boot_log.Log                  : hello
2022-04-10 20:33:31.188  WARN 10584 --- [main] mao.spring_boot_log.Log                  : hello
2022-04-10 20:33:31.188 ERROR 10584 --- [main] mao.spring_boot_log.Log                  : hello
2022-04-10 20:33:31.188 DEBUG 10584 --- [main] mao.spring_boot_log.Log                  : hello
2022-04-10 20:33:31.188  INFO 10584 --- [main] mao.spring_boot_log.Log                  : hello
2022-04-10 20:33:31.188  WARN 10584 --- [main] mao.spring_boot_log.Log                  : hello
2022-04-10 20:33:31.188 ERROR 10584 --- [main] mao.spring_boot_log.Log                  : hello
2022-04-10 20:33:31.188 DEBUG 10584 --- [main] mao.spring_boot_log.Log                  : hello
2022-04-10 20:33:31.188  INFO 10584 --- [main] mao.spring_boot_log.Log                  : hello
2022-04-10 20:33:31.188  WARN 10584 --- [main] mao.spring_boot_log.Log                  : hello
2022-04-10 20:33:31.188 ERROR 10584 --- [main] mao.spring_boot_log.Log                  : hello
2022-04-10 20:33:31.188 DEBUG 10584 --- [main] mao.spring_boot_log.Log                  : hello
2022-04-10 20:33:31.188  INFO 10584 --- [main] mao.spring_boot_log.Log                  : hello
2022-04-10 20:33:31.188  WARN 10584 --- [main] mao.spring_boot_log.Log                  : hello
2022-04-10 20:33:31.188 ERROR 10584 --- [main] mao.spring_boot_log.Log                  : hello
2022-04-10 20:33:31.188 DEBUG 10584 --- [main] mao.spring_boot_log.Log                  : hello
2022-04-10 20:33:31.189  INFO 10584 --- [main] mao.spring_boot_log.Log                  : hello
2022-04-10 20:33:31.189  WARN 10584 --- [main] mao.spring_boot_log.Log                  : hello
2022-04-10 20:33:31.189 ERROR 10584 --- [main] mao.spring_boot_log.Log                  : hello
2022-04-10 20:33:31.189 DEBUG 10584 --- [main] mao.spring_boot_log.Log                  : hello
2022-04-10 20:33:31.189  INFO 10584 --- [main] mao.spring_boot_log.Log                  : hello
2022-04-10 20:33:31.189  WARN 10584 --- [main] mao.spring_boot_log.Log                  : hello
2022-04-10 20:33:31.189 ERROR 10584 --- [main] mao.spring_boot_log.Log                  : hello
2022-04-10 20:33:31.189 DEBUG 10584 --- [main] mao.spring_boot_log.Log                  : hello
2022-04-10 20:33:31.189  INFO 10584 --- [main] mao.spring_boot_log.Log                  : hello
2022-04-10 20:33:31.189  WARN 10584 --- [main] mao.spring_boot_log.Log                  : hello
2022-04-10 20:33:31.189 ERROR 10584 --- [main] mao.spring_boot_log.Log                  : hello
2022-04-10 20:33:31.189 DEBUG 10584 --- [main] mao.spring_boot_log.Log                  : hello
2022-04-10 20:33:31.189  INFO 10584 --- [main] mao.spring_boot_log.Log                  : hello
2022-04-10 20:33:31.189  WARN 10584 --- [main] mao.spring_boot_log.Log                  : hello
2022-04-10 20:33:31.189 ERROR 10584 --- [main] mao.spring_boot_log.Log                  : hello
2022-04-10 20:33:31.189 DEBUG 10584 --- [main] mao.spring_boot_log.Log                  : hello
2022-04-10 20:33:31.189  INFO 10584 --- [main] mao.spring_boot_log.Log                  : hello
2022-04-10 20:33:31.189  WARN 10584 --- [main] mao.spring_boot_log.Log                  : hello
2022-04-10 20:33:31.189 ERROR 10584 --- [main] mao.spring_boot_log.Log                  : hello
2022-04-10 20:33:31.190 DEBUG 10584 --- [main] mao.spring_boot_log.Log                  : hello
2022-04-10 20:33:31.190  INFO 10584 --- [main] mao.spring_boot_log.Log                  : hello
2022-04-10 20:33:31.190  WARN 10584 --- [main] mao.spring_boot_log.Log                  : hello
2022-04-10 20:33:31.190 ERROR 10584 --- [main] mao.spring_boot_log.Log                  : hello
2022-04-10 20:33:31.190 DEBUG 10584 --- [main] mao.spring_boot_log.Log                  : hello
2022-04-10 20:33:31.190  INFO 10584 --- [main] mao.spring_boot_log.Log                  : hello
2022-04-10 20:33:31.190  WARN 10584 --- [main] mao.spring_boot_log.Log                  : hello
2022-04-10 20:33:31.190 ERROR 10584 --- [main] mao.spring_boot_log.Log                  : hello
2022-04-10 20:33:31.190 DEBUG 10584 --- [main] mao.spring_boot_log.Log                  : hello
2022-04-10 20:33:31.190  INFO 10584 --- [main] mao.spring_boot_log.Log                  : hello
2022-04-10 20:33:31.190  WARN 10584 --- [main] mao.spring_boot_log.Log                  : hello
2022-04-10 20:33:31.190 ERROR 10584 --- [main] mao.spring_boot_log.Log                  : hello
2022-04-10 20:33:31.190 DEBUG 10584 --- [main] mao.spring_boot_log.Log                  : hello
2022-04-10 20:33:31.190  INFO 10584 --- [main] mao.spring_boot_log.Log                  : hello
2022-04-10 20:33:31.190  WARN 10584 --- [main] mao.spring_boot_log.Log                  : hello
2022-04-10 20:33:31.190 ERROR 10584 --- [main] mao.spring_boot_log.Log                  : hello
2022-04-10 20:33:31.190 DEBUG 10584 --- [main] mao.spring_boot_log.Log                  : hello
2022-04-10 20:33:31.190  INFO 10584 --- [main] mao.spring_boot_log.Log                  : hello
2022-04-10 20:33:31.190  WARN 10584 --- [main] mao.spring_boot_log.Log                  : hello
2022-04-10 20:33:31.190 ERROR 10584 --- [main] mao.spring_boot_log.Log                  : hello
2022-04-10 20:33:31.190 DEBUG 10584 --- [main] mao.spring_boot_log.Log                  : hello
2022-04-10 20:33:31.190  INFO 10584 --- [main] mao.spring_boot_log.Log                  : hello
2022-04-10 20:33:31.190  WARN 10584 --- [main] mao.spring_boot_log.Log                  : hello
2022-04-10 20:33:31.190 ERROR 10584 --- [main] mao.spring_boot_log.Log                  : hello
2022-04-10 20:33:31.190 DEBUG 10584 --- [main] mao.spring_boot_log.Log                  : hello
2022-04-10 20:33:31.190  INFO 10584 --- [main] mao.spring_boot_log.Log                  : hello
2022-04-10 20:33:31.190  WARN 10584 --- [main] mao.spring_boot_log.Log                  : hello
2022-04-10 20:33:31.190 ERROR 10584 --- [main] mao.spring_boot_log.Log                  : hello
2022-04-10 20:33:31.190 DEBUG 10584 --- [main] mao.spring_boot_log.Log                  : hello
2022-04-10 20:33:31.190  INFO 10584 --- [main] mao.spring_boot_log.Log                  : hello
2022-04-10 20:33:31.190  WARN 10584 --- [main] mao.spring_boot_log.Log                  : hello
2022-04-10 20:33:31.190 ERROR 10584 --- [main] mao.spring_boot_log.Log                  : hello
2022-04-10 20:33:31.190 DEBUG 10584 --- [main] mao.spring_boot_log.Log                  : hello
2022-04-10 20:33:31.190  INFO 10584 --- [main] mao.spring_boot_log.Log                  : hello
2022-04-10 20:33:31.190  WARN 10584 --- [main] mao.spring_boot_log.Log                  : hello
2022-04-10 20:33:31.190 ERROR 10584 --- [main] mao.spring_boot_log.Log                  : hello
2022-04-10 20:33:31.190 DEBUG 10584 --- [main] mao.spring_boot_log.Log                  : hello
2022-04-10 20:33:31.191  INFO 10584 --- [main] mao.spring_boot_log.Log                  : hello
2022-04-10 20:33:31.191  WARN 10584 --- [main] mao.spring_boot_log.Log                  : hello
2022-04-10 20:33:31.191 ERROR 10584 --- [main] mao.spring_boot_log.Log                  : hello
2022-04-10 20:33:31.191 DEBUG 10584 --- [main] mao.spring_boot_log.Log                  : hello
2022-04-10 20:33:31.191  INFO 10584 --- [main] mao.spring_boot_log.Log                  : hello
2022-04-10 20:33:31.191  WARN 10584 --- [main] mao.spring_boot_log.Log                  : hello
2022-04-10 20:33:31.191 ERROR 10584 --- [main] mao.spring_boot_log.Log                  : hello
2022-04-10 20:33:31.191 DEBUG 10584 --- [main] mao.spring_boot_log.Log                  : hello
2022-04-10 20:33:31.191  INFO 10584 --- [main] mao.spring_boot_log.Log                  : hello
2022-04-10 20:33:31.191  WARN 10584 --- [main] mao.spring_boot_log.Log                  : hello
2022-04-10 20:33:31.191 ERROR 10584 --- [main] mao.spring_boot_log.Log                  : hello
2022-04-10 20:33:31.191 DEBUG 10584 --- [main] mao.spring_boot_log.Log                  : hello
2022-04-10 20:33:31.191  INFO 10584 --- [main] mao.spring_boot_log.Log                  : hello
2022-04-10 20:33:31.191  WARN 10584 --- [main] mao.spring_boot_log.Log                  : hello
2022-04-10 20:33:31.191 ERROR 10584 --- [main] mao.spring_boot_log.Log                  : hello
2022-04-10 20:33:31.191 DEBUG 10584 --- [main] mao.spring_boot_log.Log                  : hello
2022-04-10 20:33:31.191  INFO 10584 --- [main] mao.spring_boot_log.Log                  : hello
2022-04-10 20:33:31.191  WARN 10584 --- [main] mao.spring_boot_log.Log                  : hello
2022-04-10 20:33:31.191 ERROR 10584 --- [main] mao.spring_boot_log.Log                  : hello
2022-04-10 20:33:31.191 DEBUG 10584 --- [main] mao.spring_boot_log.Log                  : hello
2022-04-10 20:33:31.191  INFO 10584 --- [main] mao.spring_boot_log.Log                  : hello
2022-04-10 20:33:31.191  WARN 10584 --- [main] mao.spring_boot_log.Log                  : hello
2022-04-10 20:33:31.191 ERROR 10584 --- [main] mao.spring_boot_log.Log                  : hello
2022-04-10 20:33:31.191 DEBUG 10584 --- [main] mao.spring_boot_log.Log                  : hello
2022-04-10 20:33:31.191  INFO 10584 --- [main] mao.spring_boot_log.Log                  : hello
2022-04-10 20:33:31.191  WARN 10584 --- [main] mao.spring_boot_log.Log                  : hello
2022-04-10 20:33:31.191 ERROR 10584 --- [main] mao.spring_boot_log.Log                  : hello
2022-04-10 20:33:31.191 DEBUG 10584 --- [main] mao.spring_boot_log.Log                  : hello
2022-04-10 20:33:31.191  INFO 10584 --- [main] mao.spring_boot_log.Log                  : hello
2022-04-10 20:33:31.191  WARN 10584 --- [main] mao.spring_boot_log.Log                  : hello
2022-04-10 20:33:31.191 ERROR 10584 --- [main] mao.spring_boot_log.Log                  : hello
2022-04-10 20:33:31.191 DEBUG 10584 --- [main] mao.spring_boot_log.Log                  : hello
2022-04-10 20:33:31.191  INFO 10584 --- [main] mao.spring_boot_log.Log                  : hello
2022-04-10 20:33:31.191  WARN 10584 --- [main] mao.spring_boot_log.Log                  : hello
2022-04-10 20:33:31.191 ERROR 10584 --- [main] mao.spring_boot_log.Log                  : hello
2022-04-10 20:33:31.191 DEBUG 10584 --- [main] mao.spring_boot_log.Log                  : hello
2022-04-10 20:33:31.191  INFO 10584 --- [main] mao.spring_boot_log.Log                  : hello
2022-04-10 20:33:31.191  WARN 10584 --- [main] mao.spring_boot_log.Log                  : hello
2022-04-10 20:33:31.191 ERROR 10584 --- [main] mao.spring_boot_log.Log                  : hello
2022-04-10 20:33:31.191 DEBUG 10584 --- [main] mao.spring_boot_log.Log                  : hello
2022-04-10 20:33:31.191  INFO 10584 --- [main] mao.spring_boot_log.Log                  : hello
2022-04-10 20:33:31.191  WARN 10584 --- [main] mao.spring_boot_log.Log                  : hello
2022-04-10 20:33:31.192 ERROR 10584 --- [main] mao.spring_boot_log.Log                  : hello
2022-04-10 20:33:31.192 DEBUG 10584 --- [main] mao.spring_boot_log.Log                  : hello
2022-04-10 20:33:31.192  INFO 10584 --- [main] mao.spring_boot_log.Log                  : hello
2022-04-10 20:33:31.192  WARN 10584 --- [main] mao.spring_boot_log.Log                  : hello
2022-04-10 20:33:31.192 ERROR 10584 --- [main] mao.spring_boot_log.Log                  : hello
2022-04-10 20:33:31.192 DEBUG 10584 --- [main] mao.spring_boot_log.Log                  : hello
2022-04-10 20:33:31.192  INFO 10584 --- [main] mao.spring_boot_log.Log                  : hello
2022-04-10 20:33:31.192  WARN 10584 --- [main] mao.spring_boot_log.Log                  : hello
2022-04-10 20:33:31.192 ERROR 10584 --- [main] mao.spring_boot_log.Log                  : hello
2022-04-10 20:33:31.192 DEBUG 10584 --- [main] mao.spring_boot_log.Log                  : hello
2022-04-10 20:33:31.192  INFO 10584 --- [main] mao.spring_boot_log.Log                  : hello
2022-04-10 20:33:31.192  WARN 10584 --- [main] mao.spring_boot_log.Log                  : hello
2022-04-10 20:33:31.192 ERROR 10584 --- [main] mao.spring_boot_log.Log                  : hello
2022-04-10 20:33:31.192 DEBUG 10584 --- [main] mao.spring_boot_log.Log                  : hello
2022-04-10 20:33:31.192  INFO 10584 --- [main] mao.spring_boot_log.Log                  : hello
2022-04-10 20:33:31.192  WARN 10584 --- [main] mao.spring_boot_log.Log                  : hello
2022-04-10 20:33:31.192 ERROR 10584 --- [main] mao.spring_boot_log.Log                  : hello
2022-04-10 20:33:31.192 DEBUG 10584 --- [main] mao.spring_boot_log.Log                  : hello
2022-04-10 20:33:31.192  INFO 10584 --- [main] mao.spring_boot_log.Log                  : hello
2022-04-10 20:33:31.192  WARN 10584 --- [main] mao.spring_boot_log.Log                  : hello
2022-04-10 20:33:31.192 ERROR 10584 --- [main] mao.spring_boot_log.Log                  : hello
2022-04-10 20:33:31.192 DEBUG 10584 --- [main] mao.spring_boot_log.Log                  : hello
2022-04-10 20:33:31.192  INFO 10584 --- [main] mao.spring_boot_log.Log                  : hello
2022-04-10 20:33:31.193  WARN 10584 --- [main] mao.spring_boot_log.Log                  : hello
2022-04-10 20:33:31.193 ERROR 10584 --- [main] mao.spring_boot_log.Log                  : hello
2022-04-10 20:33:31.193 DEBUG 10584 --- [main] mao.spring_boot_log.Log                  : hello
2022-04-10 20:33:31.193  INFO 10584 --- [main] mao.spring_boot_log.Log                  : hello
2022-04-10 20:33:31.193  WARN 10584 --- [main] mao.spring_boot_log.Log                  : hello
2022-04-10 20:33:31.193 ERROR 10584 --- [main] mao.spring_boot_log.Log                  : hello
2022-04-10 20:33:31.193 DEBUG 10584 --- [main] mao.spring_boot_log.Log                  : hello
2022-04-10 20:33:31.193  INFO 10584 --- [main] mao.spring_boot_log.Log                  : hello
2022-04-10 20:33:31.193  WARN 10584 --- [main] mao.spring_boot_log.Log                  : hello
2022-04-10 20:33:31.193 ERROR 10584 --- [main] mao.spring_boot_log.Log                  : hello
2022-04-10 20:33:31.193 DEBUG 10584 --- [main] mao.spring_boot_log.Log                  : hello
2022-04-10 20:33:31.193  INFO 10584 --- [main] mao.spring_boot_log.Log                  : hello
2022-04-10 20:33:31.193  WARN 10584 --- [main] mao.spring_boot_log.Log                  : hello
2022-04-10 20:33:31.193 ERROR 10584 --- [main] mao.spring_boot_log.Log                  : hello
2022-04-10 20:33:31.193 DEBUG 10584 --- [main] mao.spring_boot_log.Log                  : hello
2022-04-10 20:33:31.193  INFO 10584 --- [main] mao.spring_boot_log.Log                  : hello
2022-04-10 20:33:31.193  WARN 10584 --- [main] mao.spring_boot_log.Log                  : hello
2022-04-10 20:33:31.193 ERROR 10584 --- [main] mao.spring_boot_log.Log                  : hello
2022-04-10 20:33:31.193 DEBUG 10584 --- [main] mao.spring_boot_log.Log                  : hello
2022-04-10 20:33:31.193  INFO 10584 --- [main] mao.spring_boot_log.Log                  : hello
2022-04-10 20:33:31.193  WARN 10584 --- [main] mao.spring_boot_log.Log                  : hello
2022-04-10 20:33:31.193 ERROR 10584 --- [main] mao.spring_boot_log.Log                  : hello
2022-04-10 20:33:31.193 DEBUG 10584 --- [main] mao.spring_boot_log.Log                  : hello
2022-04-10 20:33:31.193  INFO 10584 --- [main] mao.spring_boot_log.Log                  : hello
2022-04-10 20:33:31.193  WARN 10584 --- [main] mao.spring_boot_log.Log                  : hello
2022-04-10 20:33:31.193 ERROR 10584 --- [main] mao.spring_boot_log.Log                  : hello
2022-04-10 20:33:31.193 DEBUG 10584 --- [main] mao.spring_boot_log.Log                  : hello
2022-04-10 20:33:31.193  INFO 10584 --- [main] mao.spring_boot_log.Log                  : hello
2022-04-10 20:33:31.193  WARN 10584 --- [main] mao.spring_boot_log.Log                  : hello
2022-04-10 20:33:31.193 ERROR 10584 --- [main] mao.spring_boot_log.Log                  : hello
2022-04-10 20:33:31.193 DEBUG 10584 --- [main] mao.spring_boot_log.Log                  : hello
2022-04-10 20:33:31.193  INFO 10584 --- [main] mao.spring_boot_log.Log                  : hello
2022-04-10 20:33:31.194  WARN 10584 --- [main] mao.spring_boot_log.Log                  : hello
2022-04-10 20:33:31.194 ERROR 10584 --- [main] mao.spring_boot_log.Log                  : hello
2022-04-10 20:33:31.194 DEBUG 10584 --- [main] mao.spring_boot_log.Log                  : hello
2022-04-10 20:33:31.194  INFO 10584 --- [main] mao.spring_boot_log.Log                  : hello
2022-04-10 20:33:31.194  WARN 10584 --- [main] mao.spring_boot_log.Log                  : hello
2022-04-10 20:33:31.194 ERROR 10584 --- [main] mao.spring_boot_log.Log                  : hello
2022-04-10 20:33:31.194 DEBUG 10584 --- [main] mao.spring_boot_log.Log                  : hello
2022-04-10 20:33:31.194  INFO 10584 --- [main] mao.spring_boot_log.Log                  : hello
2022-04-10 20:33:31.194  WARN 10584 --- [main] mao.spring_boot_log.Log                  : hello
2022-04-10 20:33:31.194 ERROR 10584 --- [main] mao.spring_boot_log.Log                  : hello
2022-04-10 20:33:31.194 DEBUG 10584 --- [main] mao.spring_boot_log.Log                  : hello
2022-04-10 20:33:31.194  INFO 10584 --- [main] mao.spring_boot_log.Log                  : hello
2022-04-10 20:33:31.194  WARN 10584 --- [main] mao.spring_boot_log.Log                  : hello
2022-04-10 20:33:31.194 ERROR 10584 --- [main] mao.spring_boot_log.Log                  : hello
2022-04-10 20:33:31.194 DEBUG 10584 --- [main] mao.spring_boot_log.Log                  : hello
2022-04-10 20:33:31.194  INFO 10584 --- [main] mao.spring_boot_log.Log                  : hello
2022-04-10 20:33:31.194  WARN 10584 --- [main] mao.spring_boot_log.Log                  : hello
2022-04-10 20:33:31.194 ERROR 10584 --- [main] mao.spring_boot_log.Log                  : hello
2022-04-10 20:33:31.194 DEBUG 10584 --- [main] mao.spring_boot_log.Log                  : hello
2022-04-10 20:33:31.194  INFO 10584 --- [main] mao.spring_boot_log.Log                  : hello
2022-04-10 20:33:31.194  WARN 10584 --- [main] mao.spring_boot_log.Log                  : hello
2022-04-10 20:33:31.194 ERROR 10584 --- [main] mao.spring_boot_log.Log                  : hello
2022-04-10 20:33:31.194 DEBUG 10584 --- [main] mao.spring_boot_log.Log                  : hello
2022-04-10 20:33:31.194  INFO 10584 --- [main] mao.spring_boot_log.Log                  : hello
2022-04-10 20:33:31.194  WARN 10584 --- [main] mao.spring_boot_log.Log                  : hello
2022-04-10 20:33:31.194 ERROR 10584 --- [main] mao.spring_boot_log.Log                  : hello
2022-04-10 20:33:31.194 DEBUG 10584 --- [main] mao.spring_boot_log.Log                  : hello
2022-04-10 20:33:31.194  INFO 10584 --- [main] mao.spring_boot_log.Log                  : hello
2022-04-10 20:33:31.194  WARN 10584 --- [main] mao.spring_boot_log.Log                  : hello
2022-04-10 20:33:31.194 ERROR 10584 --- [main] mao.spring_boot_log.Log                  : hello
2022-04-10 20:33:31.195 DEBUG 10584 --- [main] mao.spring_boot_log.Log                  : hello
2022-04-10 20:33:31.195  INFO 10584 --- [main] mao.spring_boot_log.Log                  : hello
2022-04-10 20:33:31.195  WARN 10584 --- [main] mao.spring_boot_log.Log                  : hello
2022-04-10 20:33:31.195 ERROR 10584 --- [main] mao.spring_boot_log.Log                  : hello
2022-04-10 20:33:31.195 DEBUG 10584 --- [main] mao.spring_boot_log.Log                  : hello
2022-04-10 20:33:31.195  INFO 10584 --- [main] mao.spring_boot_log.Log                  : hello
2022-04-10 20:33:31.195  WARN 10584 --- [main] mao.spring_boot_log.Log                  : hello
2022-04-10 20:33:31.195 ERROR 10584 --- [main] mao.spring_boot_log.Log                  : hello
2022-04-10 20:33:31.195 DEBUG 10584 --- [main] mao.spring_boot_log.Log                  : hello
2022-04-10 20:33:31.195  INFO 10584 --- [main] mao.spring_boot_log.Log                  : hello
2022-04-10 20:33:31.195  WARN 10584 --- [main] mao.spring_boot_log.Log                  : hello
2022-04-10 20:33:31.195 ERROR 10584 --- [main] mao.spring_boot_log.Log                  : hello
2022-04-10 20:33:31.195 DEBUG 10584 --- [main] mao.spring_boot_log.Log                  : hello
2022-04-10 20:33:31.195  INFO 10584 --- [main] mao.spring_boot_log.Log                  : hello
2022-04-10 20:33:31.195  WARN 10584 --- [main] mao.spring_boot_log.Log                  : hello
2022-04-10 20:33:31.195 ERROR 10584 --- [main] mao.spring_boot_log.Log                  : hello
2022-04-10 20:33:31.195 DEBUG 10584 --- [main] mao.spring_boot_log.Log                  : hello
2022-04-10 20:33:31.195  INFO 10584 --- [main] mao.spring_boot_log.Log                  : hello
2022-04-10 20:33:31.195  WARN 10584 --- [main] mao.spring_boot_log.Log                  : hello
2022-04-10 20:33:31.195 ERROR 10584 --- [main] mao.spring_boot_log.Log                  : hello
2022-04-10 20:33:31.195 DEBUG 10584 --- [main] mao.spring_boot_log.Log                  : hello
2022-04-10 20:33:31.195  INFO 10584 --- [main] mao.spring_boot_log.Log                  : hello
2022-04-10 20:33:31.195  WARN 10584 --- [main] mao.spring_boot_log.Log                  : hello
2022-04-10 20:33:31.195 ERROR 10584 --- [main] mao.spring_boot_log.Log                  : hello
2022-04-10 20:33:31.195 DEBUG 10584 --- [main] mao.spring_boot_log.Log                  : hello
2022-04-10 20:33:31.195  INFO 10584 --- [main] mao.spring_boot_log.Log                  : hello
2022-04-10 20:33:31.195  WARN 10584 --- [main] mao.spring_boot_log.Log                  : hello
2022-04-10 20:33:31.195 ERROR 10584 --- [main] mao.spring_boot_log.Log                  : hello
2022-04-10 20:33:31.195 DEBUG 10584 --- [main] mao.spring_boot_log.Log                  : hello
2022-04-10 20:33:31.195  INFO 10584 --- [main] mao.spring_boot_log.Log                  : hello
2022-04-10 20:33:31.195  WARN 10584 --- [main] mao.spring_boot_log.Log                  : hello
2022-04-10 20:33:31.195 ERROR 10584 --- [main] mao.spring_boot_log.Log                  : hello
2022-04-10 20:33:31.195 DEBUG 10584 --- [main] mao.spring_boot_log.Log                  : hello
2022-04-10 20:33:31.196  INFO 10584 --- [main] mao.spring_boot_log.Log                  : hello
2022-04-10 20:33:31.196  WARN 10584 --- [main] mao.spring_boot_log.Log                  : hello
2022-04-10 20:33:31.196 ERROR 10584 --- [main] mao.spring_boot_log.Log                  : hello
2022-04-10 20:33:31.196 DEBUG 10584 --- [main] mao.spring_boot_log.Log                  : hello
2022-04-10 20:33:31.196  INFO 10584 --- [main] mao.spring_boot_log.Log                  : hello
2022-04-10 20:33:31.196  WARN 10584 --- [main] mao.spring_boot_log.Log                  : hello
2022-04-10 20:33:31.196 ERROR 10584 --- [main] mao.spring_boot_log.Log                  : hello
2022-04-10 20:33:31.196 DEBUG 10584 --- [main] mao.spring_boot_log.Log                  : hello
2022-04-10 20:33:31.196  INFO 10584 --- [main] mao.spring_boot_log.Log                  : hello
2022-04-10 20:33:31.196  WARN 10584 --- [main] mao.spring_boot_log.Log                  : hello
2022-04-10 20:33:31.197 ERROR 10584 --- [main] mao.spring_boot_log.Log                  : hello
2022-04-10 20:33:31.197 DEBUG 10584 --- [main] mao.spring_boot_log.Log                  : hello
2022-04-10 20:33:31.197  INFO 10584 --- [main] mao.spring_boot_log.Log                  : hello
2022-04-10 20:33:31.197  WARN 10584 --- [main] mao.spring_boot_log.Log                  : hello
2022-04-10 20:33:31.197 ERROR 10584 --- [main] mao.spring_boot_log.Log                  : hello
2022-04-10 20:33:31.197 DEBUG 10584 --- [main] mao.spring_boot_log.Log                  : hello
2022-04-10 20:33:31.197  INFO 10584 --- [main] mao.spring_boot_log.Log                  : hello
2022-04-10 20:33:31.197  WARN 10584 --- [main] mao.spring_boot_log.Log                  : hello
2022-04-10 20:33:31.197 ERROR 10584 --- [main] mao.spring_boot_log.Log                  : hello
2022-04-10 20:33:31.197 DEBUG 10584 --- [main] mao.spring_boot_log.Log                  : hello
2022-04-10 20:33:31.197  INFO 10584 --- [main] mao.spring_boot_log.Log                  : hello
2022-04-10 20:33:31.197  WARN 10584 --- [main] mao.spring_boot_log.Log                  : hello
2022-04-10 20:33:31.197 ERROR 10584 --- [main] mao.spring_boot_log.Log                  : hello
2022-04-10 20:33:31.197 DEBUG 10584 --- [main] mao.spring_boot_log.Log                  : hello
2022-04-10 20:33:31.197  INFO 10584 --- [main] mao.spring_boot_log.Log                  : hello
2022-04-10 20:33:31.197  WARN 10584 --- [main] mao.spring_boot_log.Log                  : hello
2022-04-10 20:33:31.197 ERROR 10584 --- [main] mao.spring_boot_log.Log                  : hello
2022-04-10 20:33:31.197 DEBUG 10584 --- [main] mao.spring_boot_log.Log                  : hello
2022-04-10 20:33:31.197  INFO 10584 --- [main] mao.spring_boot_log.Log                  : hello
2022-04-10 20:33:31.197  WARN 10584 --- [main] mao.spring_boot_log.Log                  : hello
2022-04-10 20:33:31.197 ERROR 10584 --- [main] mao.spring_boot_log.Log                  : hello
2022-04-10 20:33:31.197 DEBUG 10584 --- [main] mao.spring_boot_log.Log                  : hello
2022-04-10 20:33:31.197  INFO 10584 --- [main] mao.spring_boot_log.Log                  : hello
2022-04-10 20:33:31.197  WARN 10584 --- [main] mao.spring_boot_log.Log                  : hello
2022-04-10 20:33:31.197 ERROR 10584 --- [main] mao.spring_boot_log.Log                  : hello
2022-04-10 20:33:31.197 DEBUG 10584 --- [main] mao.spring_boot_log.Log                  : hello
2022-04-10 20:33:31.197  INFO 10584 --- [main] mao.spring_boot_log.Log                  : hello
2022-04-10 20:33:31.197  WARN 10584 --- [main] mao.spring_boot_log.Log                  : hello
2022-04-10 20:33:31.197 ERROR 10584 --- [main] mao.spring_boot_log.Log                  : hello
2022-04-10 20:33:31.197 DEBUG 10584 --- [main] mao.spring_boot_log.Log                  : hello
2022-04-10 20:33:31.197  INFO 10584 --- [main] mao.spring_boot_log.Log                  : hello
2022-04-10 20:33:31.197  WARN 10584 --- [main] mao.spring_boot_log.Log                  : hello
2022-04-10 20:33:31.197 ERROR 10584 --- [main] mao.spring_boot_log.Log                  : hello
2022-04-10 20:33:31.197 DEBUG 10584 --- [main] mao.spring_boot_log.Log                  : hello
2022-04-10 20:33:31.197  INFO 10584 --- [main] mao.spring_boot_log.Log                  : hello
2022-04-10 20:33:31.197  WARN 10584 --- [main] mao.spring_boot_log.Log                  : hello
2022-04-10 20:33:31.197 ERROR 10584 --- [main] mao.spring_boot_log.Log                  : hello
2022-04-10 20:33:31.197 DEBUG 10584 --- [main] mao.spring_boot_log.Log                  : hello
2022-04-10 20:33:31.197  INFO 10584 --- [main] mao.spring_boot_log.Log                  : hello
2022-04-10 20:33:31.197  WARN 10584 --- [main] mao.spring_boot_log.Log                  : hello
2022-04-10 20:33:31.197 ERROR 10584 --- [main] mao.spring_boot_log.Log                  : hello
2022-04-10 20:33:31.197 DEBUG 10584 --- [main] mao.spring_boot_log.Log                  : hello
2022-04-10 20:33:31.197  INFO 10584 --- [main] mao.spring_boot_log.Log                  : hello
2022-04-10 20:33:31.197  WARN 10584 --- [main] mao.spring_boot_log.Log                  : hello
2022-04-10 20:33:31.197 ERROR 10584 --- [main] mao.spring_boot_log.Log                  : hello
2022-04-10 20:33:31.197 DEBUG 10584 --- [main] mao.spring_boot_log.Log                  : hello
2022-04-10 20:33:31.197  INFO 10584 --- [main] mao.spring_boot_log.Log                  : hello
2022-04-10 20:33:31.197  WARN 10584 --- [main] mao.spring_boot_log.Log                  : hello
2022-04-10 20:33:31.197 ERROR 10584 --- [main] mao.spring_boot_log.Log                  : hello
2022-04-10 20:33:31.197 DEBUG 10584 --- [main] mao.spring_boot_log.Log                  : hello
2022-04-10 20:33:31.198  INFO 10584 --- [main] mao.spring_boot_log.Log                  : hello
2022-04-10 20:33:31.198  WARN 10584 --- [main] mao.spring_boot_log.Log                  : hello
2022-04-10 20:33:31.198 ERROR 10584 --- [main] mao.spring_boot_log.Log                  : hello
2022-04-10 20:33:31.198 DEBUG 10584 --- [main] mao.spring_boot_log.Log                  : hello
2022-04-10 20:33:31.198  INFO 10584 --- [main] mao.spring_boot_log.Log                  : hello
2022-04-10 20:33:31.198  WARN 10584 --- [main] mao.spring_boot_log.Log                  : hello
2022-04-10 20:33:31.198 ERROR 10584 --- [main] mao.spring_boot_log.Log                  : hello
2022-04-10 20:33:31.198 DEBUG 10584 --- [main] mao.spring_boot_log.Log                  : hello
2022-04-10 20:33:31.198  INFO 10584 --- [main] mao.spring_boot_log.Log                  : hello
2022-04-10 20:33:31.198  WARN 10584 --- [main] mao.spring_boot_log.Log                  : hello
2022-04-10 20:33:31.198 ERROR 10584 --- [main] mao.spring_boot_log.Log                  : hello
2022-04-10 20:33:31.198 DEBUG 10584 --- [main] mao.spring_boot_log.Log                  : hello
2022-04-10 20:33:31.198  INFO 10584 --- [main] mao.spring_boot_log.Log                  : hello
2022-04-10 20:33:31.198  WARN 10584 --- [main] mao.spring_boot_log.Log                  : hello
2022-04-10 20:33:31.198 ERROR 10584 --- [main] mao.spring_boot_log.Log                  : hello
2022-04-10 20:33:31.198 DEBUG 10584 --- [main] mao.spring_boot_log.Log                  : hello
2022-04-10 20:33:31.198  INFO 10584 --- [main] mao.spring_boot_log.Log                  : hello
2022-04-10 20:33:31.198  WARN 10584 --- [main] mao.spring_boot_log.Log                  : hello
2022-04-10 20:33:31.198 ERROR 10584 --- [main] mao.spring_boot_log.Log                  : hello
2022-04-10 20:33:31.198 DEBUG 10584 --- [main] mao.spring_boot_log.Log                  : hello
2022-04-10 20:33:31.198  INFO 10584 --- [main] mao.spring_boot_log.Log                  : hello
2022-04-10 20:33:31.198  WARN 10584 --- [main] mao.spring_boot_log.Log                  : hello
2022-04-10 20:33:31.198 ERROR 10584 --- [main] mao.spring_boot_log.Log                  : hello
2022-04-10 20:33:31.198 DEBUG 10584 --- [main] mao.spring_boot_log.Log                  : hello
2022-04-10 20:33:31.198  INFO 10584 --- [main] mao.spring_boot_log.Log                  : hello
2022-04-10 20:33:31.198  WARN 10584 --- [main] mao.spring_boot_log.Log                  : hello
2022-04-10 20:33:31.198 ERROR 10584 --- [main] mao.spring_boot_log.Log                  : hello
2022-04-10 20:33:31.198 DEBUG 10584 --- [main] mao.spring_boot_log.Log                  : hello
2022-04-10 20:33:31.198  INFO 10584 --- [main] mao.spring_boot_log.Log                  : hello
2022-04-10 20:33:31.198  WARN 10584 --- [main] mao.spring_boot_log.Log                  : hello
2022-04-10 20:33:31.198 ERROR 10584 --- [main] mao.spring_boot_log.Log                  : hello
2022-04-10 20:33:31.198 DEBUG 10584 --- [main] mao.spring_boot_log.Log                  : hello
2022-04-10 20:33:31.198  INFO 10584 --- [main] mao.spring_boot_log.Log                  : hello
2022-04-10 20:33:31.198  WARN 10584 --- [main] mao.spring_boot_log.Log                  : hello
2022-04-10 20:33:31.198 ERROR 10584 --- [main] mao.spring_boot_log.Log                  : hello
2022-04-10 20:33:31.198 DEBUG 10584 --- [main] mao.spring_boot_log.Log                  : hello
2022-04-10 20:33:31.198  INFO 10584 --- [main] mao.spring_boot_log.Log                  : hello
2022-04-10 20:33:31.199  WARN 10584 --- [main] mao.spring_boot_log.Log                  : hello
2022-04-10 20:33:31.199 ERROR 10584 --- [main] mao.spring_boot_log.Log                  : hello
2022-04-10 20:33:31.199 DEBUG 10584 --- [main] mao.spring_boot_log.Log                  : hello
2022-04-10 20:33:31.199  INFO 10584 --- [main] mao.spring_boot_log.Log                  : hello
2022-04-10 20:33:31.199  WARN 10584 --- [main] mao.spring_boot_log.Log                  : hello
2022-04-10 20:33:31.199 ERROR 10584 --- [main] mao.spring_boot_log.Log                  : hello
2022-04-10 20:33:31.199 DEBUG 10584 --- [main] mao.spring_boot_log.Log                  : hello
2022-04-10 20:33:31.199  INFO 10584 --- [main] mao.spring_boot_log.Log                  : hello
2022-04-10 20:33:31.199  WARN 10584 --- [main] mao.spring_boot_log.Log                  : hello
2022-04-10 20:33:31.199 ERROR 10584 --- [main] mao.spring_boot_log.Log                  : hello
2022-04-10 20:33:31.199 DEBUG 10584 --- [main] mao.spring_boot_log.Log                  : hello
2022-04-10 20:33:31.199  INFO 10584 --- [main] mao.spring_boot_log.Log                  : hello
2022-04-10 20:33:31.199  WARN 10584 --- [main] mao.spring_boot_log.Log                  : hello
2022-04-10 20:33:31.199 ERROR 10584 --- [main] mao.spring_boot_log.Log                  : hello
2022-04-10 20:33:31.199 DEBUG 10584 --- [main] mao.spring_boot_log.Log                  : hello
2022-04-10 20:33:31.199  INFO 10584 --- [main] mao.spring_boot_log.Log                  : hello
2022-04-10 20:33:31.199  WARN 10584 --- [main] mao.spring_boot_log.Log                  : hello
2022-04-10 20:33:31.199 ERROR 10584 --- [main] mao.spring_boot_log.Log                  : hello
2022-04-10 20:33:31.199 DEBUG 10584 --- [main] mao.spring_boot_log.Log                  : hello
2022-04-10 20:33:31.199  INFO 10584 --- [main] mao.spring_boot_log.Log                  : hello
2022-04-10 20:33:31.199  WARN 10584 --- [main] mao.spring_boot_log.Log                  : hello
