2022-04-10 20:40:16.146 ERROR 14100 --- [main] mao.spring_boot_log.Log                  : hello
2022-04-10 20:40:16.148 DEBUG 14100 --- [main] mao.spring_boot_log.Log                  : hello
2022-04-10 20:40:16.148  INFO 14100 --- [main] mao.spring_boot_log.Log                  : hello
2022-04-10 20:40:16.148  WARN 14100 --- [main] mao.spring_boot_log.Log                  : hello
2022-04-10 20:40:16.148 ERROR 14100 --- [main] mao.spring_boot_log.Log                  : hello
2022-04-10 20:40:16.148 DEBUG 14100 --- [main] mao.spring_boot_log.Log                  : hello
2022-04-10 20:40:16.148  INFO 14100 --- [main] mao.spring_boot_log.Log                  : hello
2022-04-10 20:40:16.148  WARN 14100 --- [main] mao.spring_boot_log.Log                  : hello
2022-04-10 20:40:16.149 ERROR 14100 --- [main] mao.spring_boot_log.Log                  : hello
2022-04-10 20:40:16.149 DEBUG 14100 --- [main] mao.spring_boot_log.Log                  : hello
2022-04-10 20:40:16.149  INFO 14100 --- [main] mao.spring_boot_log.Log                  : hello
2022-04-10 20:40:16.149  WARN 14100 --- [main] mao.spring_boot_log.Log                  : hello
2022-04-10 20:40:16.149 ERROR 14100 --- [main] mao.spring_boot_log.Log                  : hello
2022-04-10 20:40:16.149 DEBUG 14100 --- [main] mao.spring_boot_log.Log                  : hello
2022-04-10 20:40:16.149  INFO 14100 --- [main] mao.spring_boot_log.Log                  : hello
2022-04-10 20:40:16.149  WARN 14100 --- [main] mao.spring_boot_log.Log                  : hello
2022-04-10 20:40:16.149 ERROR 14100 --- [main] mao.spring_boot_log.Log                  : hello
2022-04-10 20:40:16.149 DEBUG 14100 --- [main] mao.spring_boot_log.Log                  : hello
2022-04-10 20:40:16.149  INFO 14100 --- [main] mao.spring_boot_log.Log                  : hello
2022-04-10 20:40:16.149  WARN 14100 --- [main] mao.spring_boot_log.Log                  : hello
2022-04-10 20:40:16.149 ERROR 14100 --- [main] mao.spring_boot_log.Log                  : hello
2022-04-10 20:40:16.149 DEBUG 14100 --- [main] mao.spring_boot_log.Log                  : hello
2022-04-10 20:40:16.149  INFO 14100 --- [main] mao.spring_boot_log.Log                  : hello
2022-04-10 20:40:16.149  WARN 14100 --- [main] mao.spring_boot_log.Log                  : hello
2022-04-10 20:40:16.149 ERROR 14100 --- [main] mao.spring_boot_log.Log                  : hello
2022-04-10 20:40:16.149 DEBUG 14100 --- [main] mao.spring_boot_log.Log                  : hello
2022-04-10 20:40:16.150  INFO 14100 --- [main] mao.spring_boot_log.Log                  : hello
2022-04-10 20:40:16.150  WARN 14100 --- [main] mao.spring_boot_log.Log                  : hello
2022-04-10 20:40:16.150 ERROR 14100 --- [main] mao.spring_boot_log.Log                  : hello
2022-04-10 20:40:16.150 DEBUG 14100 --- [main] mao.spring_boot_log.Log                  : hello
2022-04-10 20:40:16.150  INFO 14100 --- [main] mao.spring_boot_log.Log                  : hello
2022-04-10 20:40:16.150  WARN 14100 --- [main] mao.spring_boot_log.Log                  : hello
2022-04-10 20:40:16.150 ERROR 14100 --- [main] mao.spring_boot_log.Log                  : hello
2022-04-10 20:40:16.150 DEBUG 14100 --- [main] mao.spring_boot_log.Log                  : hello
2022-04-10 20:40:16.150  INFO 14100 --- [main] mao.spring_boot_log.Log                  : hello
2022-04-10 20:40:16.150  WARN 14100 --- [main] mao.spring_boot_log.Log                  : hello
2022-04-10 20:40:16.150 ERROR 14100 --- [main] mao.spring_boot_log.Log                  : hello
2022-04-10 20:40:16.150 DEBUG 14100 --- [main] mao.spring_boot_log.Log                  : hello
2022-04-10 20:40:16.150  INFO 14100 --- [main] mao.spring_boot_log.Log                  : hello
2022-04-10 20:40:16.150  WARN 14100 --- [main] mao.spring_boot_log.Log                  : hello
2022-04-10 20:40:16.150 ERROR 14100 --- [main] mao.spring_boot_log.Log                  : hello
2022-04-10 20:40:16.150 DEBUG 14100 --- [main] mao.spring_boot_log.Log                  : hello
2022-04-10 20:40:16.150  INFO 14100 --- [main] mao.spring_boot_log.Log                  : hello
2022-04-10 20:40:16.150  WARN 14100 --- [main] mao.spring_boot_log.Log                  : hello
2022-04-10 20:40:16.150 ERROR 14100 --- [main] mao.spring_boot_log.Log                  : hello
2022-04-10 20:40:16.150 DEBUG 14100 --- [main] mao.spring_boot_log.Log                  : hello
2022-04-10 20:40:16.150  INFO 14100 --- [main] mao.spring_boot_log.Log                  : hello
2022-04-10 20:40:16.150  WARN 14100 --- [main] mao.spring_boot_log.Log                  : hello
2022-04-10 20:40:16.150 ERROR 14100 --- [main] mao.spring_boot_log.Log                  : hello
2022-04-10 20:40:16.150 DEBUG 14100 --- [main] mao.spring_boot_log.Log                  : hello
2022-04-10 20:40:16.150  INFO 14100 --- [main] mao.spring_boot_log.Log                  : hello
2022-04-10 20:40:16.150  WARN 14100 --- [main] mao.spring_boot_log.Log                  : hello
2022-04-10 20:40:16.150 ERROR 14100 --- [main] mao.spring_boot_log.Log                  : hello
2022-04-10 20:40:16.151 DEBUG 14100 --- [main] mao.spring_boot_log.Log                  : hello
2022-04-10 20:40:16.151  INFO 14100 --- [main] mao.spring_boot_log.Log                  : hello
2022-04-10 20:40:16.151  WARN 14100 --- [main] mao.spring_boot_log.Log                  : hello
2022-04-10 20:40:16.151 ERROR 14100 --- [main] mao.spring_boot_log.Log                  : hello
2022-04-10 20:40:16.151 DEBUG 14100 --- [main] mao.spring_boot_log.Log                  : hello
2022-04-10 20:40:16.151  INFO 14100 --- [main] mao.spring_boot_log.Log                  : hello
2022-04-10 20:40:16.151  WARN 14100 --- [main] mao.spring_boot_log.Log                  : hello
2022-04-10 20:40:16.151 ERROR 14100 --- [main] mao.spring_boot_log.Log                  : hello
2022-04-10 20:40:16.151 DEBUG 14100 --- [main] mao.spring_boot_log.Log                  : hello
2022-04-10 20:40:16.151  INFO 14100 --- [main] mao.spring_boot_log.Log                  : hello
2022-04-10 20:40:16.151  WARN 14100 --- [main] mao.spring_boot_log.Log                  : hello
2022-04-10 20:40:16.151 ERROR 14100 --- [main] mao.spring_boot_log.Log                  : hello
2022-04-10 20:40:16.151 DEBUG 14100 --- [main] mao.spring_boot_log.Log                  : hello
2022-04-10 20:40:16.151  INFO 14100 --- [main] mao.spring_boot_log.Log                  : hello
2022-04-10 20:40:16.151  WARN 14100 --- [main] mao.spring_boot_log.Log                  : hello
2022-04-10 20:40:16.151 ERROR 14100 --- [main] mao.spring_boot_log.Log                  : hello
2022-04-10 20:40:16.151 DEBUG 14100 --- [main] mao.spring_boot_log.Log                  : hello
2022-04-10 20:40:16.151  INFO 14100 --- [main] mao.spring_boot_log.Log                  : hello
2022-04-10 20:40:16.151  WARN 14100 --- [main] mao.spring_boot_log.Log                  : hello
2022-04-10 20:40:16.151 ERROR 14100 --- [main] mao.spring_boot_log.Log                  : hello
2022-04-10 20:40:16.151 DEBUG 14100 --- [main] mao.spring_boot_log.Log                  : hello
2022-04-10 20:40:16.151  INFO 14100 --- [main] mao.spring_boot_log.Log                  : hello
2022-04-10 20:40:16.151  WARN 14100 --- [main] mao.spring_boot_log.Log                  : hello
2022-04-10 20:40:16.151 ERROR 14100 --- [main] mao.spring_boot_log.Log                  : hello
2022-04-10 20:40:16.151 DEBUG 14100 --- [main] mao.spring_boot_log.Log                  : hello
2022-04-10 20:40:16.151  INFO 14100 --- [main] mao.spring_boot_log.Log                  : hello
2022-04-10 20:40:16.151  WARN 14100 --- [main] mao.spring_boot_log.Log                  : hello
2022-04-10 20:40:16.151 ERROR 14100 --- [main] mao.spring_boot_log.Log                  : hello
2022-04-10 20:40:16.151 DEBUG 14100 --- [main] mao.spring_boot_log.Log                  : hello
2022-04-10 20:40:16.151  INFO 14100 --- [main] mao.spring_boot_log.Log                  : hello
2022-04-10 20:40:16.151  WARN 14100 --- [main] mao.spring_boot_log.Log                  : hello
2022-04-10 20:40:16.152 ERROR 14100 --- [main] mao.spring_boot_log.Log                  : hello
2022-04-10 20:40:16.152 DEBUG 14100 --- [main] mao.spring_boot_log.Log                  : hello
2022-04-10 20:40:16.152  INFO 14100 --- [main] mao.spring_boot_log.Log                  : hello
2022-04-10 20:40:16.152  WARN 14100 --- [main] mao.spring_boot_log.Log                  : hello
2022-04-10 20:40:16.152 ERROR 14100 --- [main] mao.spring_boot_log.Log                  : hello
2022-04-10 20:40:16.152 DEBUG 14100 --- [main] mao.spring_boot_log.Log                  : hello
2022-04-10 20:40:16.152  INFO 14100 --- [main] mao.spring_boot_log.Log                  : hello
2022-04-10 20:40:16.152  WARN 14100 --- [main] mao.spring_boot_log.Log                  : hello
2022-04-10 20:40:16.152 ERROR 14100 --- [main] mao.spring_boot_log.Log                  : hello
2022-04-10 20:40:16.152 DEBUG 14100 --- [main] mao.spring_boot_log.Log                  : hello
2022-04-10 20:40:16.152  INFO 14100 --- [main] mao.spring_boot_log.Log                  : hello
2022-04-10 20:40:16.152  WARN 14100 --- [main] mao.spring_boot_log.Log                  : hello
2022-04-10 20:40:16.152 ERROR 14100 --- [main] mao.spring_boot_log.Log                  : hello
2022-04-10 20:40:16.152 DEBUG 14100 --- [main] mao.spring_boot_log.Log                  : hello
2022-04-10 20:40:16.152  INFO 14100 --- [main] mao.spring_boot_log.Log                  : hello
2022-04-10 20:40:16.152  WARN 14100 --- [main] mao.spring_boot_log.Log                  : hello
2022-04-10 20:40:16.152 ERROR 14100 --- [main] mao.spring_boot_log.Log                  : hello
2022-04-10 20:40:16.152 DEBUG 14100 --- [main] mao.spring_boot_log.Log                  : hello
2022-04-10 20:40:16.152  INFO 14100 --- [main] mao.spring_boot_log.Log                  : hello
2022-04-10 20:40:16.152  WARN 14100 --- [main] mao.spring_boot_log.Log                  : hello
2022-04-10 20:40:16.152 ERROR 14100 --- [main] mao.spring_boot_log.Log                  : hello
2022-04-10 20:40:16.152 DEBUG 14100 --- [main] mao.spring_boot_log.Log                  : hello
2022-04-10 20:40:16.152  INFO 14100 --- [main] mao.spring_boot_log.Log                  : hello
2022-04-10 20:40:16.152  WARN 14100 --- [main] mao.spring_boot_log.Log                  : hello
2022-04-10 20:40:16.152 ERROR 14100 --- [main] mao.spring_boot_log.Log                  : hello
2022-04-10 20:40:16.152 DEBUG 14100 --- [main] mao.spring_boot_log.Log                  : hello
2022-04-10 20:40:16.152  INFO 14100 --- [main] mao.spring_boot_log.Log                  : hello
2022-04-10 20:40:16.152  WARN 14100 --- [main] mao.spring_boot_log.Log                  : hello
2022-04-10 20:40:16.152 ERROR 14100 --- [main] mao.spring_boot_log.Log                  : hello
2022-04-10 20:40:16.153 DEBUG 14100 --- [main] mao.spring_boot_log.Log                  : hello
2022-04-10 20:40:16.153  INFO 14100 --- [main] mao.spring_boot_log.Log                  : hello
2022-04-10 20:40:16.153  WARN 14100 --- [main] mao.spring_boot_log.Log                  : hello
2022-04-10 20:40:16.153 ERROR 14100 --- [main] mao.spring_boot_log.Log                  : hello
2022-04-10 20:40:16.153 DEBUG 14100 --- [main] mao.spring_boot_log.Log                  : hello
2022-04-10 20:40:16.153  INFO 14100 --- [main] mao.spring_boot_log.Log                  : hello
2022-04-10 20:40:16.153  WARN 14100 --- [main] mao.spring_boot_log.Log                  : hello
2022-04-10 20:40:16.153 ERROR 14100 --- [main] mao.spring_boot_log.Log                  : hello
2022-04-10 20:40:16.153 DEBUG 14100 --- [main] mao.spring_boot_log.Log                  : hello
2022-04-10 20:40:16.153  INFO 14100 --- [main] mao.spring_boot_log.Log                  : hello
2022-04-10 20:40:16.153  WARN 14100 --- [main] mao.spring_boot_log.Log                  : hello
2022-04-10 20:40:16.153 ERROR 14100 --- [main] mao.spring_boot_log.Log                  : hello
2022-04-10 20:40:16.153 DEBUG 14100 --- [main] mao.spring_boot_log.Log                  : hello
2022-04-10 20:40:16.153  INFO 14100 --- [main] mao.spring_boot_log.Log                  : hello
2022-04-10 20:40:16.153  WARN 14100 --- [main] mao.spring_boot_log.Log                  : hello
2022-04-10 20:40:16.153 ERROR 14100 --- [main] mao.spring_boot_log.Log                  : hello
2022-04-10 20:40:16.153 DEBUG 14100 --- [main] mao.spring_boot_log.Log                  : hello
2022-04-10 20:40:16.153  INFO 14100 --- [main] mao.spring_boot_log.Log                  : hello
2022-04-10 20:40:16.153  WARN 14100 --- [main] mao.spring_boot_log.Log                  : hello
2022-04-10 20:40:16.153 ERROR 14100 --- [main] mao.spring_boot_log.Log                  : hello
2022-04-10 20:40:16.153 DEBUG 14100 --- [main] mao.spring_boot_log.Log                  : hello
2022-04-10 20:40:16.153  INFO 14100 --- [main] mao.spring_boot_log.Log                  : hello
2022-04-10 20:40:16.154  WARN 14100 --- [main] mao.spring_boot_log.Log                  : hello
2022-04-10 20:40:16.154 ERROR 14100 --- [main] mao.spring_boot_log.Log                  : hello
2022-04-10 20:40:16.154 DEBUG 14100 --- [main] mao.spring_boot_log.Log                  : hello
2022-04-10 20:40:16.154  INFO 14100 --- [main] mao.spring_boot_log.Log                  : hello
2022-04-10 20:40:16.154  WARN 14100 --- [main] mao.spring_boot_log.Log                  : hello
2022-04-10 20:40:16.154 ERROR 14100 --- [main] mao.spring_boot_log.Log                  : hello
2022-04-10 20:40:16.154 DEBUG 14100 --- [main] mao.spring_boot_log.Log                  : hello
2022-04-10 20:40:16.154  INFO 14100 --- [main] mao.spring_boot_log.Log                  : hello
2022-04-10 20:40:16.154  WARN 14100 --- [main] mao.spring_boot_log.Log                  : hello
2022-04-10 20:40:16.154 ERROR 14100 --- [main] mao.spring_boot_log.Log                  : hello
2022-04-10 20:40:16.154 DEBUG 14100 --- [main] mao.spring_boot_log.Log                  : hello
2022-04-10 20:40:16.154  INFO 14100 --- [main] mao.spring_boot_log.Log                  : hello
2022-04-10 20:40:16.154  WARN 14100 --- [main] mao.spring_boot_log.Log                  : hello
2022-04-10 20:40:16.154 ERROR 14100 --- [main] mao.spring_boot_log.Log                  : hello
2022-04-10 20:40:16.154 DEBUG 14100 --- [main] mao.spring_boot_log.Log                  : hello
2022-04-10 20:40:16.154  INFO 14100 --- [main] mao.spring_boot_log.Log                  : hello
2022-04-10 20:40:16.154  WARN 14100 --- [main] mao.spring_boot_log.Log                  : hello
2022-04-10 20:40:16.154 ERROR 14100 --- [main] mao.spring_boot_log.Log                  : hello
2022-04-10 20:40:16.154 DEBUG 14100 --- [main] mao.spring_boot_log.Log                  : hello
2022-04-10 20:40:16.154  INFO 14100 --- [main] mao.spring_boot_log.Log                  : hello
2022-04-10 20:40:16.154  WARN 14100 --- [main] mao.spring_boot_log.Log                  : hello
2022-04-10 20:40:16.154 ERROR 14100 --- [main] mao.spring_boot_log.Log                  : hello
2022-04-10 20:40:16.154 DEBUG 14100 --- [main] mao.spring_boot_log.Log                  : hello
2022-04-10 20:40:16.154  INFO 14100 --- [main] mao.spring_boot_log.Log                  : hello
2022-04-10 20:40:16.154  WARN 14100 --- [main] mao.spring_boot_log.Log                  : hello
2022-04-10 20:40:16.154 ERROR 14100 --- [main] mao.spring_boot_log.Log                  : hello
2022-04-10 20:40:16.154 DEBUG 14100 --- [main] mao.spring_boot_log.Log                  : hello
2022-04-10 20:40:16.154  INFO 14100 --- [main] mao.spring_boot_log.Log                  : hello
2022-04-10 20:40:16.154  WARN 14100 --- [main] mao.spring_boot_log.Log                  : hello
2022-04-10 20:40:16.154 ERROR 14100 --- [main] mao.spring_boot_log.Log                  : hello
2022-04-10 20:40:16.154 DEBUG 14100 --- [main] mao.spring_boot_log.Log                  : hello
2022-04-10 20:40:16.155  INFO 14100 --- [main] mao.spring_boot_log.Log                  : hello
2022-04-10 20:40:16.155  WARN 14100 --- [main] mao.spring_boot_log.Log                  : hello
2022-04-10 20:40:16.155 ERROR 14100 --- [main] mao.spring_boot_log.Log                  : hello
2022-04-10 20:40:16.155 DEBUG 14100 --- [main] mao.spring_boot_log.Log                  : hello
2022-04-10 20:40:16.155  INFO 14100 --- [main] mao.spring_boot_log.Log                  : hello
2022-04-10 20:40:16.155  WARN 14100 --- [main] mao.spring_boot_log.Log                  : hello
2022-04-10 20:40:16.155 ERROR 14100 --- [main] mao.spring_boot_log.Log                  : hello
2022-04-10 20:40:16.155 DEBUG 14100 --- [main] mao.spring_boot_log.Log                  : hello
2022-04-10 20:40:16.155  INFO 14100 --- [main] mao.spring_boot_log.Log                  : hello
2022-04-10 20:40:16.155  WARN 14100 --- [main] mao.spring_boot_log.Log                  : hello
2022-04-10 20:40:16.155 ERROR 14100 --- [main] mao.spring_boot_log.Log                  : hello
2022-04-10 20:40:16.155 DEBUG 14100 --- [main] mao.spring_boot_log.Log                  : hello
2022-04-10 20:40:16.155  INFO 14100 --- [main] mao.spring_boot_log.Log                  : hello
2022-04-10 20:40:16.155  WARN 14100 --- [main] mao.spring_boot_log.Log                  : hello
2022-04-10 20:40:16.155 ERROR 14100 --- [main] mao.spring_boot_log.Log                  : hello
2022-04-10 20:40:16.155 DEBUG 14100 --- [main] mao.spring_boot_log.Log                  : hello
2022-04-10 20:40:16.155  INFO 14100 --- [main] mao.spring_boot_log.Log                  : hello
2022-04-10 20:40:16.155  WARN 14100 --- [main] mao.spring_boot_log.Log                  : hello
2022-04-10 20:40:16.155 ERROR 14100 --- [main] mao.spring_boot_log.Log                  : hello
2022-04-10 20:40:16.155 DEBUG 14100 --- [main] mao.spring_boot_log.Log                  : hello
2022-04-10 20:40:16.156  INFO 14100 --- [main] mao.spring_boot_log.Log                  : hello
2022-04-10 20:40:16.156  WARN 14100 --- [main] mao.spring_boot_log.Log                  : hello
2022-04-10 20:40:16.156 ERROR 14100 --- [main] mao.spring_boot_log.Log                  : hello
2022-04-10 20:40:16.156 DEBUG 14100 --- [main] mao.spring_boot_log.Log                  : hello
2022-04-10 20:40:16.156  INFO 14100 --- [main] mao.spring_boot_log.Log                  : hello
2022-04-10 20:40:16.156  WARN 14100 --- [main] mao.spring_boot_log.Log                  : hello
2022-04-10 20:40:16.156 ERROR 14100 --- [main] mao.spring_boot_log.Log                  : hello
2022-04-10 20:40:16.156 DEBUG 14100 --- [main] mao.spring_boot_log.Log                  : hello
2022-04-10 20:40:16.156  INFO 14100 --- [main] mao.spring_boot_log.Log                  : hello
2022-04-10 20:40:16.156  WARN 14100 --- [main] mao.spring_boot_log.Log                  : hello
2022-04-10 20:40:16.156 ERROR 14100 --- [main] mao.spring_boot_log.Log                  : hello
2022-04-10 20:40:16.156 DEBUG 14100 --- [main] mao.spring_boot_log.Log                  : hello
2022-04-10 20:40:16.156  INFO 14100 --- [main] mao.spring_boot_log.Log                  : hello
2022-04-10 20:40:16.156  WARN 14100 --- [main] mao.spring_boot_log.Log                  : hello
2022-04-10 20:40:16.156 ERROR 14100 --- [main] mao.spring_boot_log.Log                  : hello
2022-04-10 20:40:16.156 DEBUG 14100 --- [main] mao.spring_boot_log.Log                  : hello
2022-04-10 20:40:16.156  INFO 14100 --- [main] mao.spring_boot_log.Log                  : hello
2022-04-10 20:40:16.156  WARN 14100 --- [main] mao.spring_boot_log.Log                  : hello
2022-04-10 20:40:16.156 ERROR 14100 --- [main] mao.spring_boot_log.Log                  : hello
2022-04-10 20:40:16.156 DEBUG 14100 --- [main] mao.spring_boot_log.Log                  : hello
2022-04-10 20:40:16.156  INFO 14100 --- [main] mao.spring_boot_log.Log                  : hello
2022-04-10 20:40:16.156  WARN 14100 --- [main] mao.spring_boot_log.Log                  : hello
2022-04-10 20:40:16.156 ERROR 14100 --- [main] mao.spring_boot_log.Log                  : hello
2022-04-10 20:40:16.156 DEBUG 14100 --- [main] mao.spring_boot_log.Log                  : hello
2022-04-10 20:40:16.156  INFO 14100 --- [main] mao.spring_boot_log.Log                  : hello
2022-04-10 20:40:16.156  WARN 14100 --- [main] mao.spring_boot_log.Log                  : hello
2022-04-10 20:40:16.156 ERROR 14100 --- [main] mao.spring_boot_log.Log                  : hello
2022-04-10 20:40:16.156 DEBUG 14100 --- [main] mao.spring_boot_log.Log                  : hello
2022-04-10 20:40:16.156  INFO 14100 --- [main] mao.spring_boot_log.Log                  : hello
2022-04-10 20:40:16.156  WARN 14100 --- [main] mao.spring_boot_log.Log                  : hello
2022-04-10 20:40:16.157 ERROR 14100 --- [main] mao.spring_boot_log.Log                  : hello
2022-04-10 20:40:16.157 DEBUG 14100 --- [main] mao.spring_boot_log.Log                  : hello
2022-04-10 20:40:16.157  INFO 14100 --- [main] mao.spring_boot_log.Log                  : hello
2022-04-10 20:40:16.157  WARN 14100 --- [main] mao.spring_boot_log.Log                  : hello
2022-04-10 20:40:16.157 ERROR 14100 --- [main] mao.spring_boot_log.Log                  : hello
2022-04-10 20:40:16.157 DEBUG 14100 --- [main] mao.spring_boot_log.Log                  : hello
2022-04-10 20:40:16.157  INFO 14100 --- [main] mao.spring_boot_log.Log                  : hello
2022-04-10 20:40:16.157  WARN 14100 --- [main] mao.spring_boot_log.Log                  : hello
2022-04-10 20:40:16.157 ERROR 14100 --- [main] mao.spring_boot_log.Log                  : hello
2022-04-10 20:40:16.157 DEBUG 14100 --- [main] mao.spring_boot_log.Log                  : hello
2022-04-10 20:40:16.157  INFO 14100 --- [main] mao.spring_boot_log.Log                  : hello
2022-04-10 20:40:16.157  WARN 14100 --- [main] mao.spring_boot_log.Log                  : hello
2022-04-10 20:40:16.157 ERROR 14100 --- [main] mao.spring_boot_log.Log                  : hello
2022-04-10 20:40:16.157 DEBUG 14100 --- [main] mao.spring_boot_log.Log                  : hello
2022-04-10 20:40:16.157  INFO 14100 --- [main] mao.spring_boot_log.Log                  : hello
2022-04-10 20:40:16.157  WARN 14100 --- [main] mao.spring_boot_log.Log                  : hello
2022-04-10 20:40:16.157 ERROR 14100 --- [main] mao.spring_boot_log.Log                  : hello
2022-04-10 20:40:16.157 DEBUG 14100 --- [main] mao.spring_boot_log.Log                  : hello
2022-04-10 20:40:16.157  INFO 14100 --- [main] mao.spring_boot_log.Log                  : hello
2022-04-10 20:40:16.157  WARN 14100 --- [main] mao.spring_boot_log.Log                  : hello
2022-04-10 20:40:16.157 ERROR 14100 --- [main] mao.spring_boot_log.Log                  : hello
2022-04-10 20:40:16.157 DEBUG 14100 --- [main] mao.spring_boot_log.Log                  : hello
2022-04-10 20:40:16.157  INFO 14100 --- [main] mao.spring_boot_log.Log                  : hello
2022-04-10 20:40:16.157  WARN 14100 --- [main] mao.spring_boot_log.Log                  : hello
2022-04-10 20:40:16.157 ERROR 14100 --- [main] mao.spring_boot_log.Log                  : hello
2022-04-10 20:40:16.157 DEBUG 14100 --- [main] mao.spring_boot_log.Log                  : hello
2022-04-10 20:40:16.157  INFO 14100 --- [main] mao.spring_boot_log.Log                  : hello
2022-04-10 20:40:16.157  WARN 14100 --- [main] mao.spring_boot_log.Log                  : hello
2022-04-10 20:40:16.157 ERROR 14100 --- [main] mao.spring_boot_log.Log                  : hello
2022-04-10 20:40:16.157 DEBUG 14100 --- [main] mao.spring_boot_log.Log                  : hello
2022-04-10 20:40:16.157  INFO 14100 --- [main] mao.spring_boot_log.Log                  : hello
2022-04-10 20:40:16.157  WARN 14100 --- [main] mao.spring_boot_log.Log                  : hello
2022-04-10 20:40:16.157 ERROR 14100 --- [main] mao.spring_boot_log.Log                  : hello
2022-04-10 20:40:16.157 DEBUG 14100 --- [main] mao.spring_boot_log.Log                  : hello
2022-04-10 20:40:16.157  INFO 14100 --- [main] mao.spring_boot_log.Log                  : hello
2022-04-10 20:40:16.158  WARN 14100 --- [main] mao.spring_boot_log.Log                  : hello
2022-04-10 20:40:16.158 ERROR 14100 --- [main] mao.spring_boot_log.Log                  : hello
2022-04-10 20:40:16.158 DEBUG 14100 --- [main] mao.spring_boot_log.Log                  : hello
2022-04-10 20:40:16.158  INFO 14100 --- [main] mao.spring_boot_log.Log                  : hello
2022-04-10 20:40:16.158  WARN 14100 --- [main] mao.spring_boot_log.Log                  : hello
2022-04-10 20:40:16.158 ERROR 14100 --- [main] mao.spring_boot_log.Log                  : hello
2022-04-10 20:40:16.158 DEBUG 14100 --- [main] mao.spring_boot_log.Log                  : hello
2022-04-10 20:40:16.158  INFO 14100 --- [main] mao.spring_boot_log.Log                  : hello
2022-04-10 20:40:16.158  WARN 14100 --- [main] mao.spring_boot_log.Log                  : hello
2022-04-10 20:40:16.158 ERROR 14100 --- [main] mao.spring_boot_log.Log                  : hello
2022-04-10 20:40:16.158 DEBUG 14100 --- [main] mao.spring_boot_log.Log                  : hello
2022-04-10 20:40:16.158  INFO 14100 --- [main] mao.spring_boot_log.Log                  : hello
2022-04-10 20:40:16.158  WARN 14100 --- [main] mao.spring_boot_log.Log                  : hello
2022-04-10 20:40:16.158 ERROR 14100 --- [main] mao.spring_boot_log.Log                  : hello
2022-04-10 20:40:16.158 DEBUG 14100 --- [main] mao.spring_boot_log.Log                  : hello
2022-04-10 20:40:16.158  INFO 14100 --- [main] mao.spring_boot_log.Log                  : hello
2022-04-10 20:40:16.158  WARN 14100 --- [main] mao.spring_boot_log.Log                  : hello
2022-04-10 20:40:16.158 ERROR 14100 --- [main] mao.spring_boot_log.Log                  : hello
2022-04-10 20:40:16.158 DEBUG 14100 --- [main] mao.spring_boot_log.Log                  : hello
2022-04-10 20:40:16.158  INFO 14100 --- [main] mao.spring_boot_log.Log                  : hello
2022-04-10 20:40:16.158  WARN 14100 --- [main] mao.spring_boot_log.Log                  : hello
2022-04-10 20:40:16.158 ERROR 14100 --- [main] mao.spring_boot_log.Log                  : hello
2022-04-10 20:40:16.158 DEBUG 14100 --- [main] mao.spring_boot_log.Log                  : hello
2022-04-10 20:40:16.158  INFO 14100 --- [main] mao.spring_boot_log.Log                  : hello
2022-04-10 20:40:16.158  WARN 14100 --- [main] mao.spring_boot_log.Log                  : hello
2022-04-10 20:40:16.158 ERROR 14100 --- [main] mao.spring_boot_log.Log                  : hello
2022-04-10 20:40:16.158 DEBUG 14100 --- [main] mao.spring_boot_log.Log                  : hello
2022-04-10 20:40:16.158  INFO 14100 --- [main] mao.spring_boot_log.Log                  : hello
2022-04-10 20:40:16.158  WARN 14100 --- [main] mao.spring_boot_log.Log                  : hello
2022-04-10 20:40:16.158 ERROR 14100 --- [main] mao.spring_boot_log.Log                  : hello
2022-04-10 20:40:16.158 DEBUG 14100 --- [main] mao.spring_boot_log.Log                  : hello
2022-04-10 20:40:16.158  INFO 14100 --- [main] mao.spring_boot_log.Log                  : hello
2022-04-10 20:40:16.158  WARN 14100 --- [main] mao.spring_boot_log.Log                  : hello
2022-04-10 20:40:16.158 ERROR 14100 --- [main] mao.spring_boot_log.Log                  : hello
2022-04-10 20:40:16.158 DEBUG 14100 --- [main] mao.spring_boot_log.Log                  : hello
2022-04-10 20:40:16.159  INFO 14100 --- [main] mao.spring_boot_log.Log                  : hello
2022-04-10 20:40:16.159  WARN 14100 --- [main] mao.spring_boot_log.Log                  : hello
2022-04-10 20:40:16.159 ERROR 14100 --- [main] mao.spring_boot_log.Log                  : hello
2022-04-10 20:40:16.159 DEBUG 14100 --- [main] mao.spring_boot_log.Log                  : hello
2022-04-10 20:40:16.159  INFO 14100 --- [main] mao.spring_boot_log.Log                  : hello
2022-04-10 20:40:16.159  WARN 14100 --- [main] mao.spring_boot_log.Log                  : hello
2022-04-10 20:40:16.159 ERROR 14100 --- [main] mao.spring_boot_log.Log                  : hello
2022-04-10 20:40:16.159 DEBUG 14100 --- [main] mao.spring_boot_log.Log                  : hello
2022-04-10 20:40:16.159  INFO 14100 --- [main] mao.spring_boot_log.Log                  : hello
2022-04-10 20:40:16.159  WARN 14100 --- [main] mao.spring_boot_log.Log                  : hello
2022-04-10 20:40:16.159 ERROR 14100 --- [main] mao.spring_boot_log.Log                  : hello
2022-04-10 20:40:16.159 DEBUG 14100 --- [main] mao.spring_boot_log.Log                  : hello
2022-04-10 20:40:16.159  INFO 14100 --- [main] mao.spring_boot_log.Log                  : hello
2022-04-10 20:40:16.159  WARN 14100 --- [main] mao.spring_boot_log.Log                  : hello
2022-04-10 20:40:16.159 ERROR 14100 --- [main] mao.spring_boot_log.Log                  : hello
2022-04-10 20:40:16.159 DEBUG 14100 --- [main] mao.spring_boot_log.Log                  : hello
2022-04-10 20:40:16.159  INFO 14100 --- [main] mao.spring_boot_log.Log                  : hello
2022-04-10 20:40:16.159  WARN 14100 --- [main] mao.spring_boot_log.Log                  : hello
2022-04-10 20:40:16.159 ERROR 14100 --- [main] mao.spring_boot_log.Log                  : hello
2022-04-10 20:40:16.159 DEBUG 14100 --- [main] mao.spring_boot_log.Log                  : hello
2022-04-10 20:40:16.159  INFO 14100 --- [main] mao.spring_boot_log.Log                  : hello
2022-04-10 20:40:16.159  WARN 14100 --- [main] mao.spring_boot_log.Log                  : hello
2022-04-10 20:40:16.159 ERROR 14100 --- [main] mao.spring_boot_log.Log                  : hello
2022-04-10 20:40:16.159 DEBUG 14100 --- [main] mao.spring_boot_log.Log                  : hello
2022-04-10 20:40:16.159  INFO 14100 --- [main] mao.spring_boot_log.Log                  : hello
2022-04-10 20:40:16.159  WARN 14100 --- [main] mao.spring_boot_log.Log                  : hello
2022-04-10 20:40:16.159 ERROR 14100 --- [main] mao.spring_boot_log.Log                  : hello
2022-04-10 20:40:16.159 DEBUG 14100 --- [main] mao.spring_boot_log.Log                  : hello
2022-04-10 20:40:16.159  INFO 14100 --- [main] mao.spring_boot_log.Log                  : hello
2022-04-10 20:40:16.159  WARN 14100 --- [main] mao.spring_boot_log.Log                  : hello
2022-04-10 20:40:16.159 ERROR 14100 --- [main] mao.spring_boot_log.Log                  : hello
2022-04-10 20:40:16.159 DEBUG 14100 --- [main] mao.spring_boot_log.Log                  : hello
2022-04-10 20:40:16.159  INFO 14100 --- [main] mao.spring_boot_log.Log                  : hello
2022-04-10 20:40:16.159  WARN 14100 --- [main] mao.spring_boot_log.Log                  : hello
2022-04-10 20:40:16.160 ERROR 14100 --- [main] mao.spring_boot_log.Log                  : hello
2022-04-10 20:40:16.160 DEBUG 14100 --- [main] mao.spring_boot_log.Log                  : hello
2022-04-10 20:40:16.160  INFO 14100 --- [main] mao.spring_boot_log.Log                  : hello
2022-04-10 20:40:16.160  WARN 14100 --- [main] mao.spring_boot_log.Log                  : hello
2022-04-10 20:40:16.160 ERROR 14100 --- [main] mao.spring_boot_log.Log                  : hello
2022-04-10 20:40:16.160 DEBUG 14100 --- [main] mao.spring_boot_log.Log                  : hello
2022-04-10 20:40:16.160  INFO 14100 --- [main] mao.spring_boot_log.Log                  : hello
2022-04-10 20:40:16.160  WARN 14100 --- [main] mao.spring_boot_log.Log                  : hello
2022-04-10 20:40:16.160 ERROR 14100 --- [main] mao.spring_boot_log.Log                  : hello
2022-04-10 20:40:16.160 DEBUG 14100 --- [main] mao.spring_boot_log.Log                  : hello
2022-04-10 20:40:16.160  INFO 14100 --- [main] mao.spring_boot_log.Log                  : hello
2022-04-10 20:40:16.160  WARN 14100 --- [main] mao.spring_boot_log.Log                  : hello
2022-04-10 20:40:16.160 ERROR 14100 --- [main] mao.spring_boot_log.Log                  : hello
2022-04-10 20:40:16.160 DEBUG 14100 --- [main] mao.spring_boot_log.Log                  : hello
2022-04-10 20:40:16.160  INFO 14100 --- [main] mao.spring_boot_log.Log                  : hello
2022-04-10 20:40:16.160  WARN 14100 --- [main] mao.spring_boot_log.Log                  : hello
2022-04-10 20:40:16.160 ERROR 14100 --- [main] mao.spring_boot_log.Log                  : hello
2022-04-10 20:40:16.160 DEBUG 14100 --- [main] mao.spring_boot_log.Log                  : hello
2022-04-10 20:40:16.160  INFO 14100 --- [main] mao.spring_boot_log.Log                  : hello
2022-04-10 20:40:16.160  WARN 14100 --- [main] mao.spring_boot_log.Log                  : hello
2022-04-10 20:40:16.160 ERROR 14100 --- [main] mao.spring_boot_log.Log                  : hello
2022-04-10 20:40:16.160 DEBUG 14100 --- [main] mao.spring_boot_log.Log                  : hello
2022-04-10 20:40:16.160  INFO 14100 --- [main] mao.spring_boot_log.Log                  : hello
2022-04-10 20:40:16.160  WARN 14100 --- [main] mao.spring_boot_log.Log                  : hello
2022-04-10 20:40:16.160 ERROR 14100 --- [main] mao.spring_boot_log.Log                  : hello
2022-04-10 20:40:16.160 DEBUG 14100 --- [main] mao.spring_boot_log.Log                  : hello
2022-04-10 20:40:16.160  INFO 14100 --- [main] mao.spring_boot_log.Log                  : hello
2022-04-10 20:40:16.160  WARN 14100 --- [main] mao.spring_boot_log.Log                  : hello
2022-04-10 20:40:16.160 ERROR 14100 --- [main] mao.spring_boot_log.Log                  : hello
2022-04-10 20:40:16.160 DEBUG 14100 --- [main] mao.spring_boot_log.Log                  : hello
2022-04-10 20:40:16.160  INFO 14100 --- [main] mao.spring_boot_log.Log                  : hello
2022-04-10 20:40:16.160  WARN 14100 --- [main] mao.spring_boot_log.Log                  : hello
2022-04-10 20:40:16.160 ERROR 14100 --- [main] mao.spring_boot_log.Log                  : hello
2022-04-10 20:40:16.160 DEBUG 14100 --- [main] mao.spring_boot_log.Log                  : hello
2022-04-10 20:40:16.160  INFO 14100 --- [main] mao.spring_boot_log.Log                  : hello
2022-04-10 20:40:16.160  WARN 14100 --- [main] mao.spring_boot_log.Log                  : hello
2022-04-10 20:40:16.160 ERROR 14100 --- [main] mao.spring_boot_log.Log                  : hello
2022-04-10 20:40:16.160 DEBUG 14100 --- [main] mao.spring_boot_log.Log                  : hello
2022-04-10 20:40:16.160  INFO 14100 --- [main] mao.spring_boot_log.Log                  : hello
2022-04-10 20:40:16.160  WARN 14100 --- [main] mao.spring_boot_log.Log                  : hello
2022-04-10 20:40:16.160 ERROR 14100 --- [main] mao.spring_boot_log.Log                  : hello
2022-04-10 20:40:16.161 DEBUG 14100 --- [main] mao.spring_boot_log.Log                  : hello
2022-04-10 20:40:16.161  INFO 14100 --- [main] mao.spring_boot_log.Log                  : hello
2022-04-10 20:40:16.161  WARN 14100 --- [main] mao.spring_boot_log.Log                  : hello
2022-04-10 20:40:16.161 ERROR 14100 --- [main] mao.spring_boot_log.Log                  : hello
2022-04-10 20:40:16.161 DEBUG 14100 --- [main] mao.spring_boot_log.Log                  : hello
2022-04-10 20:40:16.161  INFO 14100 --- [main] mao.spring_boot_log.Log                  : hello
2022-04-10 20:40:16.161  WARN 14100 --- [main] mao.spring_boot_log.Log                  : hello
2022-04-10 20:40:16.161 ERROR 14100 --- [main] mao.spring_boot_log.Log                  : hello
2022-04-10 20:40:16.161 DEBUG 14100 --- [main] mao.spring_boot_log.Log                  : hello
2022-04-10 20:40:16.161  INFO 14100 --- [main] mao.spring_boot_log.Log                  : hello
2022-04-10 20:40:16.161  WARN 14100 --- [main] mao.spring_boot_log.Log                  : hello
2022-04-10 20:40:16.161 ERROR 14100 --- [main] mao.spring_boot_log.Log                  : hello
2022-04-10 20:40:16.161 DEBUG 14100 --- [main] mao.spring_boot_log.Log                  : hello
2022-04-10 20:40:16.161  INFO 14100 --- [main] mao.spring_boot_log.Log                  : hello
2022-04-10 20:40:16.161  WARN 14100 --- [main] mao.spring_boot_log.Log                  : hello
2022-04-10 20:40:16.161 ERROR 14100 --- [main] mao.spring_boot_log.Log                  : hello
2022-04-10 20:40:16.161 DEBUG 14100 --- [main] mao.spring_boot_log.Log                  : hello
2022-04-10 20:40:16.161  INFO 14100 --- [main] mao.spring_boot_log.Log                  : hello
2022-04-10 20:40:16.161  WARN 14100 --- [main] mao.spring_boot_log.Log                  : hello
2022-04-10 20:40:16.161 ERROR 14100 --- [main] mao.spring_boot_log.Log                  : hello
2022-04-10 20:40:16.161 DEBUG 14100 --- [main] mao.spring_boot_log.Log                  : hello
2022-04-10 20:40:16.161  INFO 14100 --- [main] mao.spring_boot_log.Log                  : hello
2022-04-10 20:40:16.161  WARN 14100 --- [main] mao.spring_boot_log.Log                  : hello
2022-04-10 20:40:16.161 ERROR 14100 --- [main] mao.spring_boot_log.Log                  : hello
2022-04-10 20:40:16.161 DEBUG 14100 --- [main] mao.spring_boot_log.Log                  : hello
2022-04-10 20:40:16.161  INFO 14100 --- [main] mao.spring_boot_log.Log                  : hello
2022-04-10 20:40:16.161  WARN 14100 --- [main] mao.spring_boot_log.Log                  : hello
2022-04-10 20:40:16.161 ERROR 14100 --- [main] mao.spring_boot_log.Log                  : hello
2022-04-10 20:40:16.161 DEBUG 14100 --- [main] mao.spring_boot_log.Log                  : hello
2022-04-10 20:40:16.161  INFO 14100 --- [main] mao.spring_boot_log.Log                  : hello
2022-04-10 20:40:16.161  WARN 14100 --- [main] mao.spring_boot_log.Log                  : hello
2022-04-10 20:40:16.161 ERROR 14100 --- [main] mao.spring_boot_log.Log                  : hello
2022-04-10 20:40:16.161 DEBUG 14100 --- [main] mao.spring_boot_log.Log                  : hello
2022-04-10 20:40:16.161  INFO 14100 --- [main] mao.spring_boot_log.Log                  : hello
2022-04-10 20:40:16.161  WARN 14100 --- [main] mao.spring_boot_log.Log                  : hello
2022-04-10 20:40:16.162 ERROR 14100 --- [main] mao.spring_boot_log.Log                  : hello
2022-04-10 20:40:16.162 DEBUG 14100 --- [main] mao.spring_boot_log.Log                  : hello
2022-04-10 20:40:16.162  INFO 14100 --- [main] mao.spring_boot_log.Log                  : hello
2022-04-10 20:40:16.162  WARN 14100 --- [main] mao.spring_boot_log.Log                  : hello
2022-04-10 20:40:16.162 ERROR 14100 --- [main] mao.spring_boot_log.Log                  : hello
2022-04-10 20:40:16.162 DEBUG 14100 --- [main] mao.spring_boot_log.Log                  : hello
2022-04-10 20:40:16.162  INFO 14100 --- [main] mao.spring_boot_log.Log                  : hello
2022-04-10 20:40:16.162  WARN 14100 --- [main] mao.spring_boot_log.Log                  : hello
2022-04-10 20:40:16.162 ERROR 14100 --- [main] mao.spring_boot_log.Log                  : hello
2022-04-10 20:40:16.162 DEBUG 14100 --- [main] mao.spring_boot_log.Log                  : hello
2022-04-10 20:40:16.162  INFO 14100 --- [main] mao.spring_boot_log.Log                  : hello
2022-04-10 20:40:16.162  WARN 14100 --- [main] mao.spring_boot_log.Log                  : hello
2022-04-10 20:40:16.162 ERROR 14100 --- [main] mao.spring_boot_log.Log                  : hello
2022-04-10 20:40:16.162 DEBUG 14100 --- [main] mao.spring_boot_log.Log                  : hello
2022-04-10 20:40:16.162  INFO 14100 --- [main] mao.spring_boot_log.Log                  : hello
2022-04-10 20:40:16.162  WARN 14100 --- [main] mao.spring_boot_log.Log                  : hello
2022-04-10 20:40:16.162 ERROR 14100 --- [main] mao.spring_boot_log.Log                  : hello
2022-04-10 20:40:16.162 DEBUG 14100 --- [main] mao.spring_boot_log.Log                  : hello
2022-04-10 20:40:16.162  INFO 14100 --- [main] mao.spring_boot_log.Log                  : hello
2022-04-10 20:40:16.162  WARN 14100 --- [main] mao.spring_boot_log.Log                  : hello
2022-04-10 20:40:16.162 ERROR 14100 --- [main] mao.spring_boot_log.Log                  : hello
2022-04-10 20:40:16.162 DEBUG 14100 --- [main] mao.spring_boot_log.Log                  : hello
2022-04-10 20:40:16.162  INFO 14100 --- [main] mao.spring_boot_log.Log                  : hello
2022-04-10 20:40:16.162  WARN 14100 --- [main] mao.spring_boot_log.Log                  : hello
2022-04-10 20:40:16.162 ERROR 14100 --- [main] mao.spring_boot_log.Log                  : hello
2022-04-10 20:40:16.162 DEBUG 14100 --- [main] mao.spring_boot_log.Log                  : hello
2022-04-10 20:40:16.162  INFO 14100 --- [main] mao.spring_boot_log.Log                  : hello
2022-04-10 20:40:16.162  WARN 14100 --- [main] mao.spring_boot_log.Log                  : hello
2022-04-10 20:40:16.162 ERROR 14100 --- [main] mao.spring_boot_log.Log                  : hello
2022-04-10 20:40:16.162 DEBUG 14100 --- [main] mao.spring_boot_log.Log                  : hello
2022-04-10 20:40:16.162  INFO 14100 --- [main] mao.spring_boot_log.Log                  : hello
2022-04-10 20:40:16.162  WARN 14100 --- [main] mao.spring_boot_log.Log                  : hello
2022-04-10 20:40:16.162 ERROR 14100 --- [main] mao.spring_boot_log.Log                  : hello
2022-04-10 20:40:16.162 DEBUG 14100 --- [main] mao.spring_boot_log.Log                  : hello
2022-04-10 20:40:16.162  INFO 14100 --- [main] mao.spring_boot_log.Log                  : hello
2022-04-10 20:40:16.162  WARN 14100 --- [main] mao.spring_boot_log.Log                  : hello
2022-04-10 20:40:16.162 ERROR 14100 --- [main] mao.spring_boot_log.Log                  : hello
2022-04-10 20:40:16.162 DEBUG 14100 --- [main] mao.spring_boot_log.Log                  : hello
2022-04-10 20:40:16.162  INFO 14100 --- [main] mao.spring_boot_log.Log                  : hello
2022-04-10 20:40:16.162  WARN 14100 --- [main] mao.spring_boot_log.Log                  : hello
2022-04-10 20:40:16.162 ERROR 14100 --- [main] mao.spring_boot_log.Log                  : hello
2022-04-10 20:40:16.162 DEBUG 14100 --- [main] mao.spring_boot_log.Log                  : hello
2022-04-10 20:40:16.162  INFO 14100 --- [main] mao.spring_boot_log.Log                  : hello
2022-04-10 20:40:16.162  WARN 14100 --- [main] mao.spring_boot_log.Log                  : hello
2022-04-10 20:40:16.162 ERROR 14100 --- [main] mao.spring_boot_log.Log                  : hello
2022-04-10 20:40:16.162 DEBUG 14100 --- [main] mao.spring_boot_log.Log                  : hello
2022-04-10 20:40:16.162  INFO 14100 --- [main] mao.spring_boot_log.Log                  : hello
2022-04-10 20:40:16.163  WARN 14100 --- [main] mao.spring_boot_log.Log                  : hello
2022-04-10 20:40:16.163 ERROR 14100 --- [main] mao.spring_boot_log.Log                  : hello
2022-04-10 20:40:16.163 DEBUG 14100 --- [main] mao.spring_boot_log.Log                  : hello
2022-04-10 20:40:16.163  INFO 14100 --- [main] mao.spring_boot_log.Log                  : hello
2022-04-10 20:40:16.163  WARN 14100 --- [main] mao.spring_boot_log.Log                  : hello
2022-04-10 20:40:16.163 ERROR 14100 --- [main] mao.spring_boot_log.Log                  : hello
2022-04-10 20:40:16.163 DEBUG 14100 --- [main] mao.spring_boot_log.Log                  : hello
2022-04-10 20:40:16.163  INFO 14100 --- [main] mao.spring_boot_log.Log                  : hello
2022-04-10 20:40:16.163  WARN 14100 --- [main] mao.spring_boot_log.Log                  : hello
2022-04-10 20:40:16.163 ERROR 14100 --- [main] mao.spring_boot_log.Log                  : hello
2022-04-10 20:40:16.163 DEBUG 14100 --- [main] mao.spring_boot_log.Log                  : hello
2022-04-10 20:40:16.163  INFO 14100 --- [main] mao.spring_boot_log.Log                  : hello
2022-04-10 20:40:16.163  WARN 14100 --- [main] mao.spring_boot_log.Log                  : hello
2022-04-10 20:40:16.163 ERROR 14100 --- [main] mao.spring_boot_log.Log                  : hello
2022-04-10 20:40:16.163 DEBUG 14100 --- [main] mao.spring_boot_log.Log                  : hello
2022-04-10 20:40:16.163  INFO 14100 --- [main] mao.spring_boot_log.Log                  : hello
2022-04-10 20:40:16.163  WARN 14100 --- [main] mao.spring_boot_log.Log                  : hello
2022-04-10 20:40:16.163 ERROR 14100 --- [main] mao.spring_boot_log.Log                  : hello
2022-04-10 20:40:16.163 DEBUG 14100 --- [main] mao.spring_boot_log.Log                  : hello
2022-04-10 20:40:16.163  INFO 14100 --- [main] mao.spring_boot_log.Log                  : hello
2022-04-10 20:40:16.163  WARN 14100 --- [main] mao.spring_boot_log.Log                  : hello
2022-04-10 20:40:16.163 ERROR 14100 --- [main] mao.spring_boot_log.Log                  : hello
2022-04-10 20:40:16.163 DEBUG 14100 --- [main] mao.spring_boot_log.Log                  : hello
2022-04-10 20:40:16.163  INFO 14100 --- [main] mao.spring_boot_log.Log                  : hello
2022-04-10 20:40:16.163  WARN 14100 --- [main] mao.spring_boot_log.Log                  : hello
2022-04-10 20:40:16.163 ERROR 14100 --- [main] mao.spring_boot_log.Log                  : hello
2022-04-10 20:40:16.163 DEBUG 14100 --- [main] mao.spring_boot_log.Log                  : hello
2022-04-10 20:40:16.163  INFO 14100 --- [main] mao.spring_boot_log.Log                  : hello
2022-04-10 20:40:16.163  WARN 14100 --- [main] mao.spring_boot_log.Log                  : hello
2022-04-10 20:40:16.163 ERROR 14100 --- [main] mao.spring_boot_log.Log                  : hello
2022-04-10 20:40:16.163 DEBUG 14100 --- [main] mao.spring_boot_log.Log                  : hello
2022-04-10 20:40:16.163  INFO 14100 --- [main] mao.spring_boot_log.Log                  : hello
2022-04-10 20:40:16.163  WARN 14100 --- [main] mao.spring_boot_log.Log                  : hello
2022-04-10 20:40:16.163 ERROR 14100 --- [main] mao.spring_boot_log.Log                  : hello
2022-04-10 20:40:16.163 DEBUG 14100 --- [main] mao.spring_boot_log.Log                  : hello
2022-04-10 20:40:16.163  INFO 14100 --- [main] mao.spring_boot_log.Log                  : hello
2022-04-10 20:40:16.163  WARN 14100 --- [main] mao.spring_boot_log.Log                  : hello
2022-04-10 20:40:16.163 ERROR 14100 --- [main] mao.spring_boot_log.Log                  : hello
2022-04-10 20:40:16.163 DEBUG 14100 --- [main] mao.spring_boot_log.Log                  : hello
2022-04-10 20:40:16.163  INFO 14100 --- [main] mao.spring_boot_log.Log                  : hello
2022-04-10 20:40:16.163  WARN 14100 --- [main] mao.spring_boot_log.Log                  : hello
2022-04-10 20:40:16.163 ERROR 14100 --- [main] mao.spring_boot_log.Log                  : hello
2022-04-10 20:40:16.163 DEBUG 14100 --- [main] mao.spring_boot_log.Log                  : hello
2022-04-10 20:40:16.163  INFO 14100 --- [main] mao.spring_boot_log.Log                  : hello
2022-04-10 20:40:16.163  WARN 14100 --- [main] mao.spring_boot_log.Log                  : hello
2022-04-10 20:40:16.163 ERROR 14100 --- [main] mao.spring_boot_log.Log                  : hello
2022-04-10 20:40:16.163 DEBUG 14100 --- [main] mao.spring_boot_log.Log                  : hello
2022-04-10 20:40:16.163  INFO 14100 --- [main] mao.spring_boot_log.Log                  : hello
2022-04-10 20:40:16.163  WARN 14100 --- [main] mao.spring_boot_log.Log                  : hello
2022-04-10 20:40:16.163 ERROR 14100 --- [main] mao.spring_boot_log.Log                  : hello
2022-04-10 20:40:16.164 DEBUG 14100 --- [main] mao.spring_boot_log.Log                  : hello
2022-04-10 20:40:16.164  INFO 14100 --- [main] mao.spring_boot_log.Log                  : hello
2022-04-10 20:40:16.164  WARN 14100 --- [main] mao.spring_boot_log.Log                  : hello
2022-04-10 20:40:16.164 ERROR 14100 --- [main] mao.spring_boot_log.Log                  : hello
2022-04-10 20:40:16.164 DEBUG 14100 --- [main] mao.spring_boot_log.Log                  : hello
2022-04-10 20:40:16.164  INFO 14100 --- [main] mao.spring_boot_log.Log                  : hello
2022-04-10 20:40:16.164  WARN 14100 --- [main] mao.spring_boot_log.Log                  : hello
2022-04-10 20:40:16.164 ERROR 14100 --- [main] mao.spring_boot_log.Log                  : hello
2022-04-10 20:40:16.164 DEBUG 14100 --- [main] mao.spring_boot_log.Log                  : hello
2022-04-10 20:40:16.164  INFO 14100 --- [main] mao.spring_boot_log.Log                  : hello
2022-04-10 20:40:16.164  WARN 14100 --- [main] mao.spring_boot_log.Log                  : hello
2022-04-10 20:40:16.164 ERROR 14100 --- [main] mao.spring_boot_log.Log                  : hello
2022-04-10 20:40:16.164 DEBUG 14100 --- [main] mao.spring_boot_log.Log                  : hello
2022-04-10 20:40:16.164  INFO 14100 --- [main] mao.spring_boot_log.Log                  : hello
2022-04-10 20:40:16.164  WARN 14100 --- [main] mao.spring_boot_log.Log                  : hello
2022-04-10 20:40:16.164 ERROR 14100 --- [main] mao.spring_boot_log.Log                  : hello
2022-04-10 20:40:16.164 DEBUG 14100 --- [main] mao.spring_boot_log.Log                  : hello
2022-04-10 20:40:16.164  INFO 14100 --- [main] mao.spring_boot_log.Log                  : hello
2022-04-10 20:40:16.164  WARN 14100 --- [main] mao.spring_boot_log.Log                  : hello
