2022-04-10 20:33:31.150 ERROR 10584 --- [main] mao.spring_boot_log.Log                  : hello
2022-04-10 20:33:31.152 DEBUG 10584 --- [main] mao.spring_boot_log.Log                  : hello
2022-04-10 20:33:31.152  INFO 10584 --- [main] mao.spring_boot_log.Log                  : hello
2022-04-10 20:33:31.152  WARN 10584 --- [main] mao.spring_boot_log.Log                  : hello
2022-04-10 20:33:31.152 ERROR 10584 --- [main] mao.spring_boot_log.Log                  : hello
2022-04-10 20:33:31.152 DEBUG 10584 --- [main] mao.spring_boot_log.Log                  : hello
2022-04-10 20:33:31.152  INFO 10584 --- [main] mao.spring_boot_log.Log                  : hello
2022-04-10 20:33:31.153  WARN 10584 --- [main] mao.spring_boot_log.Log                  : hello
2022-04-10 20:33:31.153 ERROR 10584 --- [main] mao.spring_boot_log.Log                  : hello
2022-04-10 20:33:31.153 DEBUG 10584 --- [main] mao.spring_boot_log.Log                  : hello
2022-04-10 20:33:31.153  INFO 10584 --- [main] mao.spring_boot_log.Log                  : hello
2022-04-10 20:33:31.153  WARN 10584 --- [main] mao.spring_boot_log.Log                  : hello
2022-04-10 20:33:31.153 ERROR 10584 --- [main] mao.spring_boot_log.Log                  : hello
2022-04-10 20:33:31.153 DEBUG 10584 --- [main] mao.spring_boot_log.Log                  : hello
2022-04-10 20:33:31.153  INFO 10584 --- [main] mao.spring_boot_log.Log                  : hello
2022-04-10 20:33:31.153  WARN 10584 --- [main] mao.spring_boot_log.Log                  : hello
2022-04-10 20:33:31.153 ERROR 10584 --- [main] mao.spring_boot_log.Log                  : hello
2022-04-10 20:33:31.153 DEBUG 10584 --- [main] mao.spring_boot_log.Log                  : hello
2022-04-10 20:33:31.153  INFO 10584 --- [main] mao.spring_boot_log.Log                  : hello
2022-04-10 20:33:31.153  WARN 10584 --- [main] mao.spring_boot_log.Log                  : hello
2022-04-10 20:33:31.153 ERROR 10584 --- [main] mao.spring_boot_log.Log                  : hello
2022-04-10 20:33:31.153 DEBUG 10584 --- [main] mao.spring_boot_log.Log                  : hello
2022-04-10 20:33:31.153  INFO 10584 --- [main] mao.spring_boot_log.Log                  : hello
2022-04-10 20:33:31.153  WARN 10584 --- [main] mao.spring_boot_log.Log                  : hello
2022-04-10 20:33:31.153 ERROR 10584 --- [main] mao.spring_boot_log.Log                  : hello
2022-04-10 20:33:31.153 DEBUG 10584 --- [main] mao.spring_boot_log.Log                  : hello
2022-04-10 20:33:31.153  INFO 10584 --- [main] mao.spring_boot_log.Log                  : hello
2022-04-10 20:33:31.154  WARN 10584 --- [main] mao.spring_boot_log.Log                  : hello
2022-04-10 20:33:31.154 ERROR 10584 --- [main] mao.spring_boot_log.Log                  : hello
2022-04-10 20:33:31.154 DEBUG 10584 --- [main] mao.spring_boot_log.Log                  : hello
2022-04-10 20:33:31.154  INFO 10584 --- [main] mao.spring_boot_log.Log                  : hello
2022-04-10 20:33:31.154  WARN 10584 --- [main] mao.spring_boot_log.Log                  : hello
2022-04-10 20:33:31.154 ERROR 10584 --- [main] mao.spring_boot_log.Log                  : hello
2022-04-10 20:33:31.154 DEBUG 10584 --- [main] mao.spring_boot_log.Log                  : hello
2022-04-10 20:33:31.154  INFO 10584 --- [main] mao.spring_boot_log.Log                  : hello
2022-04-10 20:33:31.154  WARN 10584 --- [main] mao.spring_boot_log.Log                  : hello
2022-04-10 20:33:31.154 ERROR 10584 --- [main] mao.spring_boot_log.Log                  : hello
2022-04-10 20:33:31.154 DEBUG 10584 --- [main] mao.spring_boot_log.Log                  : hello
2022-04-10 20:33:31.154  INFO 10584 --- [main] mao.spring_boot_log.Log                  : hello
2022-04-10 20:33:31.154  WARN 10584 --- [main] mao.spring_boot_log.Log                  : hello
2022-04-10 20:33:31.154 ERROR 10584 --- [main] mao.spring_boot_log.Log                  : hello
2022-04-10 20:33:31.154 DEBUG 10584 --- [main] mao.spring_boot_log.Log                  : hello
2022-04-10 20:33:31.154  INFO 10584 --- [main] mao.spring_boot_log.Log                  : hello
2022-04-10 20:33:31.154  WARN 10584 --- [main] mao.spring_boot_log.Log                  : hello
2022-04-10 20:33:31.154 ERROR 10584 --- [main] mao.spring_boot_log.Log                  : hello
2022-04-10 20:33:31.154 DEBUG 10584 --- [main] mao.spring_boot_log.Log                  : hello
2022-04-10 20:33:31.154  INFO 10584 --- [main] mao.spring_boot_log.Log                  : hello
2022-04-10 20:33:31.154  WARN 10584 --- [main] mao.spring_boot_log.Log                  : hello
2022-04-10 20:33:31.154 ERROR 10584 --- [main] mao.spring_boot_log.Log                  : hello
2022-04-10 20:33:31.154 DEBUG 10584 --- [main] mao.spring_boot_log.Log                  : hello
2022-04-10 20:33:31.154  INFO 10584 --- [main] mao.spring_boot_log.Log                  : hello
2022-04-10 20:33:31.154  WARN 10584 --- [main] mao.spring_boot_log.Log                  : hello
2022-04-10 20:33:31.154 ERROR 10584 --- [main] mao.spring_boot_log.Log                  : hello
2022-04-10 20:33:31.154 DEBUG 10584 --- [main] mao.spring_boot_log.Log                  : hello
2022-04-10 20:33:31.154  INFO 10584 --- [main] mao.spring_boot_log.Log                  : hello
2022-04-10 20:33:31.154  WARN 10584 --- [main] mao.spring_boot_log.Log                  : hello
2022-04-10 20:33:31.154 ERROR 10584 --- [main] mao.spring_boot_log.Log                  : hello
2022-04-10 20:33:31.154 DEBUG 10584 --- [main] mao.spring_boot_log.Log                  : hello
2022-04-10 20:33:31.154  INFO 10584 --- [main] mao.spring_boot_log.Log                  : hello
2022-04-10 20:33:31.155  WARN 10584 --- [main] mao.spring_boot_log.Log                  : hello
2022-04-10 20:33:31.155 ERROR 10584 --- [main] mao.spring_boot_log.Log                  : hello
2022-04-10 20:33:31.155 DEBUG 10584 --- [main] mao.spring_boot_log.Log                  : hello
2022-04-10 20:33:31.155  INFO 10584 --- [main] mao.spring_boot_log.Log                  : hello
2022-04-10 20:33:31.155  WARN 10584 --- [main] mao.spring_boot_log.Log                  : hello
2022-04-10 20:33:31.155 ERROR 10584 --- [main] mao.spring_boot_log.Log                  : hello
2022-04-10 20:33:31.155 DEBUG 10584 --- [main] mao.spring_boot_log.Log                  : hello
2022-04-10 20:33:31.155  INFO 10584 --- [main] mao.spring_boot_log.Log                  : hello
2022-04-10 20:33:31.155  WARN 10584 --- [main] mao.spring_boot_log.Log                  : hello
2022-04-10 20:33:31.155 ERROR 10584 --- [main] mao.spring_boot_log.Log                  : hello
2022-04-10 20:33:31.155 DEBUG 10584 --- [main] mao.spring_boot_log.Log                  : hello
2022-04-10 20:33:31.155  INFO 10584 --- [main] mao.spring_boot_log.Log                  : hello
2022-04-10 20:33:31.155  WARN 10584 --- [main] mao.spring_boot_log.Log                  : hello
2022-04-10 20:33:31.155 ERROR 10584 --- [main] mao.spring_boot_log.Log                  : hello
2022-04-10 20:33:31.155 DEBUG 10584 --- [main] mao.spring_boot_log.Log                  : hello
2022-04-10 20:33:31.155  INFO 10584 --- [main] mao.spring_boot_log.Log                  : hello
2022-04-10 20:33:31.155  WARN 10584 --- [main] mao.spring_boot_log.Log                  : hello
2022-04-10 20:33:31.155 ERROR 10584 --- [main] mao.spring_boot_log.Log                  : hello
2022-04-10 20:33:31.155 DEBUG 10584 --- [main] mao.spring_boot_log.Log                  : hello
2022-04-10 20:33:31.155  INFO 10584 --- [main] mao.spring_boot_log.Log                  : hello
2022-04-10 20:33:31.155  WARN 10584 --- [main] mao.spring_boot_log.Log                  : hello
2022-04-10 20:33:31.155 ERROR 10584 --- [main] mao.spring_boot_log.Log                  : hello
2022-04-10 20:33:31.155 DEBUG 10584 --- [main] mao.spring_boot_log.Log                  : hello
2022-04-10 20:33:31.155  INFO 10584 --- [main] mao.spring_boot_log.Log                  : hello
2022-04-10 20:33:31.155  WARN 10584 --- [main] mao.spring_boot_log.Log                  : hello
2022-04-10 20:33:31.155 ERROR 10584 --- [main] mao.spring_boot_log.Log                  : hello
2022-04-10 20:33:31.155 DEBUG 10584 --- [main] mao.spring_boot_log.Log                  : hello
2022-04-10 20:33:31.155  INFO 10584 --- [main] mao.spring_boot_log.Log                  : hello
2022-04-10 20:33:31.155  WARN 10584 --- [main] mao.spring_boot_log.Log                  : hello
2022-04-10 20:33:31.156 ERROR 10584 --- [main] mao.spring_boot_log.Log                  : hello
2022-04-10 20:33:31.156 DEBUG 10584 --- [main] mao.spring_boot_log.Log                  : hello
2022-04-10 20:33:31.156  INFO 10584 --- [main] mao.spring_boot_log.Log                  : hello
2022-04-10 20:33:31.156  WARN 10584 --- [main] mao.spring_boot_log.Log                  : hello
2022-04-10 20:33:31.156 ERROR 10584 --- [main] mao.spring_boot_log.Log                  : hello
2022-04-10 20:33:31.156 DEBUG 10584 --- [main] mao.spring_boot_log.Log                  : hello
2022-04-10 20:33:31.156  INFO 10584 --- [main] mao.spring_boot_log.Log                  : hello
2022-04-10 20:33:31.156  WARN 10584 --- [main] mao.spring_boot_log.Log                  : hello
2022-04-10 20:33:31.156 ERROR 10584 --- [main] mao.spring_boot_log.Log                  : hello
2022-04-10 20:33:31.156 DEBUG 10584 --- [main] mao.spring_boot_log.Log                  : hello
2022-04-10 20:33:31.156  INFO 10584 --- [main] mao.spring_boot_log.Log                  : hello
2022-04-10 20:33:31.156  WARN 10584 --- [main] mao.spring_boot_log.Log                  : hello
2022-04-10 20:33:31.156 ERROR 10584 --- [main] mao.spring_boot_log.Log                  : hello
2022-04-10 20:33:31.156 DEBUG 10584 --- [main] mao.spring_boot_log.Log                  : hello
2022-04-10 20:33:31.156  INFO 10584 --- [main] mao.spring_boot_log.Log                  : hello
2022-04-10 20:33:31.156  WARN 10584 --- [main] mao.spring_boot_log.Log                  : hello
2022-04-10 20:33:31.156 ERROR 10584 --- [main] mao.spring_boot_log.Log                  : hello
2022-04-10 20:33:31.156 DEBUG 10584 --- [main] mao.spring_boot_log.Log                  : hello
2022-04-10 20:33:31.156  INFO 10584 --- [main] mao.spring_boot_log.Log                  : hello
2022-04-10 20:33:31.156  WARN 10584 --- [main] mao.spring_boot_log.Log                  : hello
2022-04-10 20:33:31.156 ERROR 10584 --- [main] mao.spring_boot_log.Log                  : hello
2022-04-10 20:33:31.156 DEBUG 10584 --- [main] mao.spring_boot_log.Log                  : hello
2022-04-10 20:33:31.156  INFO 10584 --- [main] mao.spring_boot_log.Log                  : hello
2022-04-10 20:33:31.156  WARN 10584 --- [main] mao.spring_boot_log.Log                  : hello
2022-04-10 20:33:31.156 ERROR 10584 --- [main] mao.spring_boot_log.Log                  : hello
2022-04-10 20:33:31.156 DEBUG 10584 --- [main] mao.spring_boot_log.Log                  : hello
2022-04-10 20:33:31.157  INFO 10584 --- [main] mao.spring_boot_log.Log                  : hello
2022-04-10 20:33:31.157  WARN 10584 --- [main] mao.spring_boot_log.Log                  : hello
2022-04-10 20:33:31.157 ERROR 10584 --- [main] mao.spring_boot_log.Log                  : hello
2022-04-10 20:33:31.157 DEBUG 10584 --- [main] mao.spring_boot_log.Log                  : hello
2022-04-10 20:33:31.157  INFO 10584 --- [main] mao.spring_boot_log.Log                  : hello
2022-04-10 20:33:31.157  WARN 10584 --- [main] mao.spring_boot_log.Log                  : hello
2022-04-10 20:33:31.157 ERROR 10584 --- [main] mao.spring_boot_log.Log                  : hello
2022-04-10 20:33:31.157 DEBUG 10584 --- [main] mao.spring_boot_log.Log                  : hello
2022-04-10 20:33:31.157  INFO 10584 --- [main] mao.spring_boot_log.Log                  : hello
2022-04-10 20:33:31.157  WARN 10584 --- [main] mao.spring_boot_log.Log                  : hello
2022-04-10 20:33:31.157 ERROR 10584 --- [main] mao.spring_boot_log.Log                  : hello
2022-04-10 20:33:31.157 DEBUG 10584 --- [main] mao.spring_boot_log.Log                  : hello
2022-04-10 20:33:31.157  INFO 10584 --- [main] mao.spring_boot_log.Log                  : hello
2022-04-10 20:33:31.157  WARN 10584 --- [main] mao.spring_boot_log.Log                  : hello
2022-04-10 20:33:31.157 ERROR 10584 --- [main] mao.spring_boot_log.Log                  : hello
2022-04-10 20:33:31.157 DEBUG 10584 --- [main] mao.spring_boot_log.Log                  : hello
2022-04-10 20:33:31.157  INFO 10584 --- [main] mao.spring_boot_log.Log                  : hello
2022-04-10 20:33:31.157  WARN 10584 --- [main] mao.spring_boot_log.Log                  : hello
2022-04-10 20:33:31.157 ERROR 10584 --- [main] mao.spring_boot_log.Log                  : hello
2022-04-10 20:33:31.157 DEBUG 10584 --- [main] mao.spring_boot_log.Log                  : hello
2022-04-10 20:33:31.157  INFO 10584 --- [main] mao.spring_boot_log.Log                  : hello
2022-04-10 20:33:31.157  WARN 10584 --- [main] mao.spring_boot_log.Log                  : hello
2022-04-10 20:33:31.157 ERROR 10584 --- [main] mao.spring_boot_log.Log                  : hello
2022-04-10 20:33:31.157 DEBUG 10584 --- [main] mao.spring_boot_log.Log                  : hello
2022-04-10 20:33:31.157  INFO 10584 --- [main] mao.spring_boot_log.Log                  : hello
2022-04-10 20:33:31.158  WARN 10584 --- [main] mao.spring_boot_log.Log                  : hello
2022-04-10 20:33:31.158 ERROR 10584 --- [main] mao.spring_boot_log.Log                  : hello
2022-04-10 20:33:31.158 DEBUG 10584 --- [main] mao.spring_boot_log.Log                  : hello
2022-04-10 20:33:31.158  INFO 10584 --- [main] mao.spring_boot_log.Log                  : hello
2022-04-10 20:33:31.158  WARN 10584 --- [main] mao.spring_boot_log.Log                  : hello
2022-04-10 20:33:31.158 ERROR 10584 --- [main] mao.spring_boot_log.Log                  : hello
2022-04-10 20:33:31.158 DEBUG 10584 --- [main] mao.spring_boot_log.Log                  : hello
2022-04-10 20:33:31.158  INFO 10584 --- [main] mao.spring_boot_log.Log                  : hello
2022-04-10 20:33:31.158  WARN 10584 --- [main] mao.spring_boot_log.Log                  : hello
2022-04-10 20:33:31.158 ERROR 10584 --- [main] mao.spring_boot_log.Log                  : hello
2022-04-10 20:33:31.158 DEBUG 10584 --- [main] mao.spring_boot_log.Log                  : hello
2022-04-10 20:33:31.158  INFO 10584 --- [main] mao.spring_boot_log.Log                  : hello
2022-04-10 20:33:31.158  WARN 10584 --- [main] mao.spring_boot_log.Log                  : hello
2022-04-10 20:33:31.158 ERROR 10584 --- [main] mao.spring_boot_log.Log                  : hello
2022-04-10 20:33:31.158 DEBUG 10584 --- [main] mao.spring_boot_log.Log                  : hello
2022-04-10 20:33:31.158  INFO 10584 --- [main] mao.spring_boot_log.Log                  : hello
2022-04-10 20:33:31.158  WARN 10584 --- [main] mao.spring_boot_log.Log                  : hello
2022-04-10 20:33:31.158 ERROR 10584 --- [main] mao.spring_boot_log.Log                  : hello
2022-04-10 20:33:31.158 DEBUG 10584 --- [main] mao.spring_boot_log.Log                  : hello
2022-04-10 20:33:31.158  INFO 10584 --- [main] mao.spring_boot_log.Log                  : hello
2022-04-10 20:33:31.158  WARN 10584 --- [main] mao.spring_boot_log.Log                  : hello
2022-04-10 20:33:31.158 ERROR 10584 --- [main] mao.spring_boot_log.Log                  : hello
2022-04-10 20:33:31.158 DEBUG 10584 --- [main] mao.spring_boot_log.Log                  : hello
2022-04-10 20:33:31.158  INFO 10584 --- [main] mao.spring_boot_log.Log                  : hello
2022-04-10 20:33:31.158  WARN 10584 --- [main] mao.spring_boot_log.Log                  : hello
2022-04-10 20:33:31.158 ERROR 10584 --- [main] mao.spring_boot_log.Log                  : hello
2022-04-10 20:33:31.158 DEBUG 10584 --- [main] mao.spring_boot_log.Log                  : hello
2022-04-10 20:33:31.158  INFO 10584 --- [main] mao.spring_boot_log.Log                  : hello
2022-04-10 20:33:31.158  WARN 10584 --- [main] mao.spring_boot_log.Log                  : hello
2022-04-10 20:33:31.158 ERROR 10584 --- [main] mao.spring_boot_log.Log                  : hello
2022-04-10 20:33:31.159 DEBUG 10584 --- [main] mao.spring_boot_log.Log                  : hello
2022-04-10 20:33:31.159  INFO 10584 --- [main] mao.spring_boot_log.Log                  : hello
2022-04-10 20:33:31.159  WARN 10584 --- [main] mao.spring_boot_log.Log                  : hello
2022-04-10 20:33:31.159 ERROR 10584 --- [main] mao.spring_boot_log.Log                  : hello
2022-04-10 20:33:31.159 DEBUG 10584 --- [main] mao.spring_boot_log.Log                  : hello
2022-04-10 20:33:31.159  INFO 10584 --- [main] mao.spring_boot_log.Log                  : hello
2022-04-10 20:33:31.159  WARN 10584 --- [main] mao.spring_boot_log.Log                  : hello
2022-04-10 20:33:31.159 ERROR 10584 --- [main] mao.spring_boot_log.Log                  : hello
2022-04-10 20:33:31.159 DEBUG 10584 --- [main] mao.spring_boot_log.Log                  : hello
2022-04-10 20:33:31.159  INFO 10584 --- [main] mao.spring_boot_log.Log                  : hello
2022-04-10 20:33:31.159  WARN 10584 --- [main] mao.spring_boot_log.Log                  : hello
2022-04-10 20:33:31.159 ERROR 10584 --- [main] mao.spring_boot_log.Log                  : hello
2022-04-10 20:33:31.159 DEBUG 10584 --- [main] mao.spring_boot_log.Log                  : hello
2022-04-10 20:33:31.159  INFO 10584 --- [main] mao.spring_boot_log.Log                  : hello
2022-04-10 20:33:31.159  WARN 10584 --- [main] mao.spring_boot_log.Log                  : hello
2022-04-10 20:33:31.159 ERROR 10584 --- [main] mao.spring_boot_log.Log                  : hello
2022-04-10 20:33:31.159 DEBUG 10584 --- [main] mao.spring_boot_log.Log                  : hello
2022-04-10 20:33:31.159  INFO 10584 --- [main] mao.spring_boot_log.Log                  : hello
2022-04-10 20:33:31.159  WARN 10584 --- [main] mao.spring_boot_log.Log                  : hello
2022-04-10 20:33:31.159 ERROR 10584 --- [main] mao.spring_boot_log.Log                  : hello
2022-04-10 20:33:31.159 DEBUG 10584 --- [main] mao.spring_boot_log.Log                  : hello
2022-04-10 20:33:31.159  INFO 10584 --- [main] mao.spring_boot_log.Log                  : hello
2022-04-10 20:33:31.159  WARN 10584 --- [main] mao.spring_boot_log.Log                  : hello
2022-04-10 20:33:31.159 ERROR 10584 --- [main] mao.spring_boot_log.Log                  : hello
2022-04-10 20:33:31.159 DEBUG 10584 --- [main] mao.spring_boot_log.Log                  : hello
2022-04-10 20:33:31.159  INFO 10584 --- [main] mao.spring_boot_log.Log                  : hello
2022-04-10 20:33:31.159  WARN 10584 --- [main] mao.spring_boot_log.Log                  : hello
2022-04-10 20:33:31.159 ERROR 10584 --- [main] mao.spring_boot_log.Log                  : hello
2022-04-10 20:33:31.159 DEBUG 10584 --- [main] mao.spring_boot_log.Log                  : hello
2022-04-10 20:33:31.159  INFO 10584 --- [main] mao.spring_boot_log.Log                  : hello
2022-04-10 20:33:31.159  WARN 10584 --- [main] mao.spring_boot_log.Log                  : hello
2022-04-10 20:33:31.159 ERROR 10584 --- [main] mao.spring_boot_log.Log                  : hello
2022-04-10 20:33:31.159 DEBUG 10584 --- [main] mao.spring_boot_log.Log                  : hello
2022-04-10 20:33:31.159  INFO 10584 --- [main] mao.spring_boot_log.Log                  : hello
2022-04-10 20:33:31.160  WARN 10584 --- [main] mao.spring_boot_log.Log                  : hello
2022-04-10 20:33:31.160 ERROR 10584 --- [main] mao.spring_boot_log.Log                  : hello
2022-04-10 20:33:31.160 DEBUG 10584 --- [main] mao.spring_boot_log.Log                  : hello
2022-04-10 20:33:31.160  INFO 10584 --- [main] mao.spring_boot_log.Log                  : hello
2022-04-10 20:33:31.160  WARN 10584 --- [main] mao.spring_boot_log.Log                  : hello
2022-04-10 20:33:31.160 ERROR 10584 --- [main] mao.spring_boot_log.Log                  : hello
2022-04-10 20:33:31.160 DEBUG 10584 --- [main] mao.spring_boot_log.Log                  : hello
2022-04-10 20:33:31.160  INFO 10584 --- [main] mao.spring_boot_log.Log                  : hello
2022-04-10 20:33:31.160  WARN 10584 --- [main] mao.spring_boot_log.Log                  : hello
2022-04-10 20:33:31.160 ERROR 10584 --- [main] mao.spring_boot_log.Log                  : hello
2022-04-10 20:33:31.160 DEBUG 10584 --- [main] mao.spring_boot_log.Log                  : hello
2022-04-10 20:33:31.160  INFO 10584 --- [main] mao.spring_boot_log.Log                  : hello
2022-04-10 20:33:31.160  WARN 10584 --- [main] mao.spring_boot_log.Log                  : hello
2022-04-10 20:33:31.160 ERROR 10584 --- [main] mao.spring_boot_log.Log                  : hello
2022-04-10 20:33:31.160 DEBUG 10584 --- [main] mao.spring_boot_log.Log                  : hello
2022-04-10 20:33:31.160  INFO 10584 --- [main] mao.spring_boot_log.Log                  : hello
2022-04-10 20:33:31.160  WARN 10584 --- [main] mao.spring_boot_log.Log                  : hello
2022-04-10 20:33:31.160 ERROR 10584 --- [main] mao.spring_boot_log.Log                  : hello
2022-04-10 20:33:31.160 DEBUG 10584 --- [main] mao.spring_boot_log.Log                  : hello
2022-04-10 20:33:31.160  INFO 10584 --- [main] mao.spring_boot_log.Log                  : hello
2022-04-10 20:33:31.160  WARN 10584 --- [main] mao.spring_boot_log.Log                  : hello
2022-04-10 20:33:31.160 ERROR 10584 --- [main] mao.spring_boot_log.Log                  : hello
2022-04-10 20:33:31.160 DEBUG 10584 --- [main] mao.spring_boot_log.Log                  : hello
2022-04-10 20:33:31.160  INFO 10584 --- [main] mao.spring_boot_log.Log                  : hello
2022-04-10 20:33:31.160  WARN 10584 --- [main] mao.spring_boot_log.Log                  : hello
2022-04-10 20:33:31.160 ERROR 10584 --- [main] mao.spring_boot_log.Log                  : hello
2022-04-10 20:33:31.160 DEBUG 10584 --- [main] mao.spring_boot_log.Log                  : hello
2022-04-10 20:33:31.160  INFO 10584 --- [main] mao.spring_boot_log.Log                  : hello
2022-04-10 20:33:31.160  WARN 10584 --- [main] mao.spring_boot_log.Log                  : hello
2022-04-10 20:33:31.160 ERROR 10584 --- [main] mao.spring_boot_log.Log                  : hello
2022-04-10 20:33:31.160 DEBUG 10584 --- [main] mao.spring_boot_log.Log                  : hello
2022-04-10 20:33:31.160  INFO 10584 --- [main] mao.spring_boot_log.Log                  : hello
2022-04-10 20:33:31.160  WARN 10584 --- [main] mao.spring_boot_log.Log                  : hello
2022-04-10 20:33:31.160 ERROR 10584 --- [main] mao.spring_boot_log.Log                  : hello
2022-04-10 20:33:31.160 DEBUG 10584 --- [main] mao.spring_boot_log.Log                  : hello
2022-04-10 20:33:31.160  INFO 10584 --- [main] mao.spring_boot_log.Log                  : hello
2022-04-10 20:33:31.160  WARN 10584 --- [main] mao.spring_boot_log.Log                  : hello
2022-04-10 20:33:31.160 ERROR 10584 --- [main] mao.spring_boot_log.Log                  : hello
2022-04-10 20:33:31.161 DEBUG 10584 --- [main] mao.spring_boot_log.Log                  : hello
2022-04-10 20:33:31.161  INFO 10584 --- [main] mao.spring_boot_log.Log                  : hello
2022-04-10 20:33:31.161  WARN 10584 --- [main] mao.spring_boot_log.Log                  : hello
2022-04-10 20:33:31.161 ERROR 10584 --- [main] mao.spring_boot_log.Log                  : hello
2022-04-10 20:33:31.161 DEBUG 10584 --- [main] mao.spring_boot_log.Log                  : hello
2022-04-10 20:33:31.161  INFO 10584 --- [main] mao.spring_boot_log.Log                  : hello
2022-04-10 20:33:31.161  WARN 10584 --- [main] mao.spring_boot_log.Log                  : hello
2022-04-10 20:33:31.161 ERROR 10584 --- [main] mao.spring_boot_log.Log                  : hello
2022-04-10 20:33:31.161 DEBUG 10584 --- [main] mao.spring_boot_log.Log                  : hello
2022-04-10 20:33:31.161  INFO 10584 --- [main] mao.spring_boot_log.Log                  : hello
2022-04-10 20:33:31.161  WARN 10584 --- [main] mao.spring_boot_log.Log                  : hello
2022-04-10 20:33:31.161 ERROR 10584 --- [main] mao.spring_boot_log.Log                  : hello
2022-04-10 20:33:31.161 DEBUG 10584 --- [main] mao.spring_boot_log.Log                  : hello
2022-04-10 20:33:31.161  INFO 10584 --- [main] mao.spring_boot_log.Log                  : hello
2022-04-10 20:33:31.161  WARN 10584 --- [main] mao.spring_boot_log.Log                  : hello
2022-04-10 20:33:31.161 ERROR 10584 --- [main] mao.spring_boot_log.Log                  : hello
2022-04-10 20:33:31.161 DEBUG 10584 --- [main] mao.spring_boot_log.Log                  : hello
2022-04-10 20:33:31.161  INFO 10584 --- [main] mao.spring_boot_log.Log                  : hello
2022-04-10 20:33:31.161  WARN 10584 --- [main] mao.spring_boot_log.Log                  : hello
2022-04-10 20:33:31.161 ERROR 10584 --- [main] mao.spring_boot_log.Log                  : hello
2022-04-10 20:33:31.161 DEBUG 10584 --- [main] mao.spring_boot_log.Log                  : hello
2022-04-10 20:33:31.161  INFO 10584 --- [main] mao.spring_boot_log.Log                  : hello
2022-04-10 20:33:31.161  WARN 10584 --- [main] mao.spring_boot_log.Log                  : hello
2022-04-10 20:33:31.161 ERROR 10584 --- [main] mao.spring_boot_log.Log                  : hello
2022-04-10 20:33:31.161 DEBUG 10584 --- [main] mao.spring_boot_log.Log                  : hello
2022-04-10 20:33:31.161  INFO 10584 --- [main] mao.spring_boot_log.Log                  : hello
2022-04-10 20:33:31.161  WARN 10584 --- [main] mao.spring_boot_log.Log                  : hello
2022-04-10 20:33:31.161 ERROR 10584 --- [main] mao.spring_boot_log.Log                  : hello
2022-04-10 20:33:31.161 DEBUG 10584 --- [main] mao.spring_boot_log.Log                  : hello
2022-04-10 20:33:31.161  INFO 10584 --- [main] mao.spring_boot_log.Log                  : hello
2022-04-10 20:33:31.161  WARN 10584 --- [main] mao.spring_boot_log.Log                  : hello
2022-04-10 20:33:31.162 ERROR 10584 --- [main] mao.spring_boot_log.Log                  : hello
2022-04-10 20:33:31.162 DEBUG 10584 --- [main] mao.spring_boot_log.Log                  : hello
2022-04-10 20:33:31.162  INFO 10584 --- [main] mao.spring_boot_log.Log                  : hello
2022-04-10 20:33:31.162  WARN 10584 --- [main] mao.spring_boot_log.Log                  : hello
2022-04-10 20:33:31.162 ERROR 10584 --- [main] mao.spring_boot_log.Log                  : hello
2022-04-10 20:33:31.162 DEBUG 10584 --- [main] mao.spring_boot_log.Log                  : hello
2022-04-10 20:33:31.162  INFO 10584 --- [main] mao.spring_boot_log.Log                  : hello
2022-04-10 20:33:31.162  WARN 10584 --- [main] mao.spring_boot_log.Log                  : hello
2022-04-10 20:33:31.162 ERROR 10584 --- [main] mao.spring_boot_log.Log                  : hello
2022-04-10 20:33:31.162 DEBUG 10584 --- [main] mao.spring_boot_log.Log                  : hello
2022-04-10 20:33:31.162  INFO 10584 --- [main] mao.spring_boot_log.Log                  : hello
2022-04-10 20:33:31.162  WARN 10584 --- [main] mao.spring_boot_log.Log                  : hello
2022-04-10 20:33:31.162 ERROR 10584 --- [main] mao.spring_boot_log.Log                  : hello
2022-04-10 20:33:31.162 DEBUG 10584 --- [main] mao.spring_boot_log.Log                  : hello
2022-04-10 20:33:31.162  INFO 10584 --- [main] mao.spring_boot_log.Log                  : hello
2022-04-10 20:33:31.162  WARN 10584 --- [main] mao.spring_boot_log.Log                  : hello
2022-04-10 20:33:31.162 ERROR 10584 --- [main] mao.spring_boot_log.Log                  : hello
2022-04-10 20:33:31.162 DEBUG 10584 --- [main] mao.spring_boot_log.Log                  : hello
2022-04-10 20:33:31.162  INFO 10584 --- [main] mao.spring_boot_log.Log                  : hello
2022-04-10 20:33:31.162  WARN 10584 --- [main] mao.spring_boot_log.Log                  : hello
2022-04-10 20:33:31.162 ERROR 10584 --- [main] mao.spring_boot_log.Log                  : hello
2022-04-10 20:33:31.162 DEBUG 10584 --- [main] mao.spring_boot_log.Log                  : hello
2022-04-10 20:33:31.162  INFO 10584 --- [main] mao.spring_boot_log.Log                  : hello
2022-04-10 20:33:31.162  WARN 10584 --- [main] mao.spring_boot_log.Log                  : hello
2022-04-10 20:33:31.162 ERROR 10584 --- [main] mao.spring_boot_log.Log                  : hello
2022-04-10 20:33:31.162 DEBUG 10584 --- [main] mao.spring_boot_log.Log                  : hello
2022-04-10 20:33:31.162  INFO 10584 --- [main] mao.spring_boot_log.Log                  : hello
2022-04-10 20:33:31.162  WARN 10584 --- [main] mao.spring_boot_log.Log                  : hello
2022-04-10 20:33:31.163 ERROR 10584 --- [main] mao.spring_boot_log.Log                  : hello
2022-04-10 20:33:31.163 DEBUG 10584 --- [main] mao.spring_boot_log.Log                  : hello
2022-04-10 20:33:31.163  INFO 10584 --- [main] mao.spring_boot_log.Log                  : hello
2022-04-10 20:33:31.163  WARN 10584 --- [main] mao.spring_boot_log.Log                  : hello
2022-04-10 20:33:31.163 ERROR 10584 --- [main] mao.spring_boot_log.Log                  : hello
2022-04-10 20:33:31.163 DEBUG 10584 --- [main] mao.spring_boot_log.Log                  : hello
2022-04-10 20:33:31.163  INFO 10584 --- [main] mao.spring_boot_log.Log                  : hello
2022-04-10 20:33:31.163  WARN 10584 --- [main] mao.spring_boot_log.Log                  : hello
2022-04-10 20:33:31.163 ERROR 10584 --- [main] mao.spring_boot_log.Log                  : hello
2022-04-10 20:33:31.163 DEBUG 10584 --- [main] mao.spring_boot_log.Log                  : hello
2022-04-10 20:33:31.163  INFO 10584 --- [main] mao.spring_boot_log.Log                  : hello
2022-04-10 20:33:31.163  WARN 10584 --- [main] mao.spring_boot_log.Log                  : hello
2022-04-10 20:33:31.163 ERROR 10584 --- [main] mao.spring_boot_log.Log                  : hello
2022-04-10 20:33:31.163 DEBUG 10584 --- [main] mao.spring_boot_log.Log                  : hello
2022-04-10 20:33:31.163  INFO 10584 --- [main] mao.spring_boot_log.Log                  : hello
2022-04-10 20:33:31.163  WARN 10584 --- [main] mao.spring_boot_log.Log                  : hello
2022-04-10 20:33:31.163 ERROR 10584 --- [main] mao.spring_boot_log.Log                  : hello
2022-04-10 20:33:31.163 DEBUG 10584 --- [main] mao.spring_boot_log.Log                  : hello
2022-04-10 20:33:31.163  INFO 10584 --- [main] mao.spring_boot_log.Log                  : hello
2022-04-10 20:33:31.163  WARN 10584 --- [main] mao.spring_boot_log.Log                  : hello
2022-04-10 20:33:31.163 ERROR 10584 --- [main] mao.spring_boot_log.Log                  : hello
2022-04-10 20:33:31.163 DEBUG 10584 --- [main] mao.spring_boot_log.Log                  : hello
2022-04-10 20:33:31.163  INFO 10584 --- [main] mao.spring_boot_log.Log                  : hello
2022-04-10 20:33:31.163  WARN 10584 --- [main] mao.spring_boot_log.Log                  : hello
2022-04-10 20:33:31.163 ERROR 10584 --- [main] mao.spring_boot_log.Log                  : hello
2022-04-10 20:33:31.163 DEBUG 10584 --- [main] mao.spring_boot_log.Log                  : hello
2022-04-10 20:33:31.163  INFO 10584 --- [main] mao.spring_boot_log.Log                  : hello
2022-04-10 20:33:31.163  WARN 10584 --- [main] mao.spring_boot_log.Log                  : hello
2022-04-10 20:33:31.163 ERROR 10584 --- [main] mao.spring_boot_log.Log                  : hello
2022-04-10 20:33:31.163 DEBUG 10584 --- [main] mao.spring_boot_log.Log                  : hello
2022-04-10 20:33:31.163  INFO 10584 --- [main] mao.spring_boot_log.Log                  : hello
2022-04-10 20:33:31.163  WARN 10584 --- [main] mao.spring_boot_log.Log                  : hello
2022-04-10 20:33:31.163 ERROR 10584 --- [main] mao.spring_boot_log.Log                  : hello
2022-04-10 20:33:31.163 DEBUG 10584 --- [main] mao.spring_boot_log.Log                  : hello
2022-04-10 20:33:31.163  INFO 10584 --- [main] mao.spring_boot_log.Log                  : hello
2022-04-10 20:33:31.163  WARN 10584 --- [main] mao.spring_boot_log.Log                  : hello
2022-04-10 20:33:31.163 ERROR 10584 --- [main] mao.spring_boot_log.Log                  : hello
2022-04-10 20:33:31.163 DEBUG 10584 --- [main] mao.spring_boot_log.Log                  : hello
2022-04-10 20:33:31.163  INFO 10584 --- [main] mao.spring_boot_log.Log                  : hello
2022-04-10 20:33:31.164  WARN 10584 --- [main] mao.spring_boot_log.Log                  : hello
2022-04-10 20:33:31.164 ERROR 10584 --- [main] mao.spring_boot_log.Log                  : hello
2022-04-10 20:33:31.164 DEBUG 10584 --- [main] mao.spring_boot_log.Log                  : hello
2022-04-10 20:33:31.164  INFO 10584 --- [main] mao.spring_boot_log.Log                  : hello
2022-04-10 20:33:31.164  WARN 10584 --- [main] mao.spring_boot_log.Log                  : hello
2022-04-10 20:33:31.164 ERROR 10584 --- [main] mao.spring_boot_log.Log                  : hello
2022-04-10 20:33:31.164 DEBUG 10584 --- [main] mao.spring_boot_log.Log                  : hello
2022-04-10 20:33:31.164  INFO 10584 --- [main] mao.spring_boot_log.Log                  : hello
2022-04-10 20:33:31.164  WARN 10584 --- [main] mao.spring_boot_log.Log                  : hello
2022-04-10 20:33:31.164 ERROR 10584 --- [main] mao.spring_boot_log.Log                  : hello
2022-04-10 20:33:31.164 DEBUG 10584 --- [main] mao.spring_boot_log.Log                  : hello
2022-04-10 20:33:31.164  INFO 10584 --- [main] mao.spring_boot_log.Log                  : hello
2022-04-10 20:33:31.164  WARN 10584 --- [main] mao.spring_boot_log.Log                  : hello
2022-04-10 20:33:31.164 ERROR 10584 --- [main] mao.spring_boot_log.Log                  : hello
2022-04-10 20:33:31.164 DEBUG 10584 --- [main] mao.spring_boot_log.Log                  : hello
2022-04-10 20:33:31.164  INFO 10584 --- [main] mao.spring_boot_log.Log                  : hello
2022-04-10 20:33:31.164  WARN 10584 --- [main] mao.spring_boot_log.Log                  : hello
2022-04-10 20:33:31.164 ERROR 10584 --- [main] mao.spring_boot_log.Log                  : hello
2022-04-10 20:33:31.164 DEBUG 10584 --- [main] mao.spring_boot_log.Log                  : hello
2022-04-10 20:33:31.164  INFO 10584 --- [main] mao.spring_boot_log.Log                  : hello
2022-04-10 20:33:31.164  WARN 10584 --- [main] mao.spring_boot_log.Log                  : hello
2022-04-10 20:33:31.164 ERROR 10584 --- [main] mao.spring_boot_log.Log                  : hello
2022-04-10 20:33:31.164 DEBUG 10584 --- [main] mao.spring_boot_log.Log                  : hello
2022-04-10 20:33:31.164  INFO 10584 --- [main] mao.spring_boot_log.Log                  : hello
2022-04-10 20:33:31.164  WARN 10584 --- [main] mao.spring_boot_log.Log                  : hello
2022-04-10 20:33:31.164 ERROR 10584 --- [main] mao.spring_boot_log.Log                  : hello
2022-04-10 20:33:31.164 DEBUG 10584 --- [main] mao.spring_boot_log.Log                  : hello
2022-04-10 20:33:31.164  INFO 10584 --- [main] mao.spring_boot_log.Log                  : hello
2022-04-10 20:33:31.164  WARN 10584 --- [main] mao.spring_boot_log.Log                  : hello
2022-04-10 20:33:31.164 ERROR 10584 --- [main] mao.spring_boot_log.Log                  : hello
2022-04-10 20:33:31.164 DEBUG 10584 --- [main] mao.spring_boot_log.Log                  : hello
2022-04-10 20:33:31.164  INFO 10584 --- [main] mao.spring_boot_log.Log                  : hello
2022-04-10 20:33:31.164  WARN 10584 --- [main] mao.spring_boot_log.Log                  : hello
2022-04-10 20:33:31.165 ERROR 10584 --- [main] mao.spring_boot_log.Log                  : hello
2022-04-10 20:33:31.165 DEBUG 10584 --- [main] mao.spring_boot_log.Log                  : hello
2022-04-10 20:33:31.165  INFO 10584 --- [main] mao.spring_boot_log.Log                  : hello
2022-04-10 20:33:31.165  WARN 10584 --- [main] mao.spring_boot_log.Log                  : hello
2022-04-10 20:33:31.165 ERROR 10584 --- [main] mao.spring_boot_log.Log                  : hello
2022-04-10 20:33:31.165 DEBUG 10584 --- [main] mao.spring_boot_log.Log                  : hello
2022-04-10 20:33:31.165  INFO 10584 --- [main] mao.spring_boot_log.Log                  : hello
2022-04-10 20:33:31.165  WARN 10584 --- [main] mao.spring_boot_log.Log                  : hello
2022-04-10 20:33:31.165 ERROR 10584 --- [main] mao.spring_boot_log.Log                  : hello
2022-04-10 20:33:31.165 DEBUG 10584 --- [main] mao.spring_boot_log.Log                  : hello
2022-04-10 20:33:31.165  INFO 10584 --- [main] mao.spring_boot_log.Log                  : hello
2022-04-10 20:33:31.165  WARN 10584 --- [main] mao.spring_boot_log.Log                  : hello
2022-04-10 20:33:31.165 ERROR 10584 --- [main] mao.spring_boot_log.Log                  : hello
2022-04-10 20:33:31.165 DEBUG 10584 --- [main] mao.spring_boot_log.Log                  : hello
2022-04-10 20:33:31.165  INFO 10584 --- [main] mao.spring_boot_log.Log                  : hello
2022-04-10 20:33:31.165  WARN 10584 --- [main] mao.spring_boot_log.Log                  : hello
2022-04-10 20:33:31.165 ERROR 10584 --- [main] mao.spring_boot_log.Log                  : hello
2022-04-10 20:33:31.165 DEBUG 10584 --- [main] mao.spring_boot_log.Log                  : hello
2022-04-10 20:33:31.165  INFO 10584 --- [main] mao.spring_boot_log.Log                  : hello
2022-04-10 20:33:31.165  WARN 10584 --- [main] mao.spring_boot_log.Log                  : hello
2022-04-10 20:33:31.165 ERROR 10584 --- [main] mao.spring_boot_log.Log                  : hello
2022-04-10 20:33:31.165 DEBUG 10584 --- [main] mao.spring_boot_log.Log                  : hello
2022-04-10 20:33:31.165  INFO 10584 --- [main] mao.spring_boot_log.Log                  : hello
2022-04-10 20:33:31.165  WARN 10584 --- [main] mao.spring_boot_log.Log                  : hello
2022-04-10 20:33:31.165 ERROR 10584 --- [main] mao.spring_boot_log.Log                  : hello
2022-04-10 20:33:31.165 DEBUG 10584 --- [main] mao.spring_boot_log.Log                  : hello
2022-04-10 20:33:31.165  INFO 10584 --- [main] mao.spring_boot_log.Log                  : hello
2022-04-10 20:33:31.165  WARN 10584 --- [main] mao.spring_boot_log.Log                  : hello
2022-04-10 20:33:31.165 ERROR 10584 --- [main] mao.spring_boot_log.Log                  : hello
2022-04-10 20:33:31.165 DEBUG 10584 --- [main] mao.spring_boot_log.Log                  : hello
2022-04-10 20:33:31.165  INFO 10584 --- [main] mao.spring_boot_log.Log                  : hello
2022-04-10 20:33:31.165  WARN 10584 --- [main] mao.spring_boot_log.Log                  : hello
2022-04-10 20:33:31.165 ERROR 10584 --- [main] mao.spring_boot_log.Log                  : hello
2022-04-10 20:33:31.165 DEBUG 10584 --- [main] mao.spring_boot_log.Log                  : hello
2022-04-10 20:33:31.165  INFO 10584 --- [main] mao.spring_boot_log.Log                  : hello
2022-04-10 20:33:31.165  WARN 10584 --- [main] mao.spring_boot_log.Log                  : hello
2022-04-10 20:33:31.165 ERROR 10584 --- [main] mao.spring_boot_log.Log                  : hello
2022-04-10 20:33:31.165 DEBUG 10584 --- [main] mao.spring_boot_log.Log                  : hello
2022-04-10 20:33:31.165  INFO 10584 --- [main] mao.spring_boot_log.Log                  : hello
2022-04-10 20:33:31.165  WARN 10584 --- [main] mao.spring_boot_log.Log                  : hello
2022-04-10 20:33:31.165 ERROR 10584 --- [main] mao.spring_boot_log.Log                  : hello
2022-04-10 20:33:31.165 DEBUG 10584 --- [main] mao.spring_boot_log.Log                  : hello
2022-04-10 20:33:31.165  INFO 10584 --- [main] mao.spring_boot_log.Log                  : hello
2022-04-10 20:33:31.165  WARN 10584 --- [main] mao.spring_boot_log.Log                  : hello
2022-04-10 20:33:31.165 ERROR 10584 --- [main] mao.spring_boot_log.Log                  : hello
2022-04-10 20:33:31.165 DEBUG 10584 --- [main] mao.spring_boot_log.Log                  : hello
2022-04-10 20:33:31.165  INFO 10584 --- [main] mao.spring_boot_log.Log                  : hello
2022-04-10 20:33:31.165  WARN 10584 --- [main] mao.spring_boot_log.Log                  : hello
2022-04-10 20:33:31.166 ERROR 10584 --- [main] mao.spring_boot_log.Log                  : hello
2022-04-10 20:33:31.166 DEBUG 10584 --- [main] mao.spring_boot_log.Log                  : hello
2022-04-10 20:33:31.166  INFO 10584 --- [main] mao.spring_boot_log.Log                  : hello
2022-04-10 20:33:31.166  WARN 10584 --- [main] mao.spring_boot_log.Log                  : hello
2022-04-10 20:33:31.166 ERROR 10584 --- [main] mao.spring_boot_log.Log                  : hello
2022-04-10 20:33:31.166 DEBUG 10584 --- [main] mao.spring_boot_log.Log                  : hello
2022-04-10 20:33:31.166  INFO 10584 --- [main] mao.spring_boot_log.Log                  : hello
2022-04-10 20:33:31.166  WARN 10584 --- [main] mao.spring_boot_log.Log                  : hello
2022-04-10 20:33:31.166 ERROR 10584 --- [main] mao.spring_boot_log.Log                  : hello
2022-04-10 20:33:31.166 DEBUG 10584 --- [main] mao.spring_boot_log.Log                  : hello
2022-04-10 20:33:31.166  INFO 10584 --- [main] mao.spring_boot_log.Log                  : hello
2022-04-10 20:33:31.166  WARN 10584 --- [main] mao.spring_boot_log.Log                  : hello
2022-04-10 20:33:31.166 ERROR 10584 --- [main] mao.spring_boot_log.Log                  : hello
2022-04-10 20:33:31.166 DEBUG 10584 --- [main] mao.spring_boot_log.Log                  : hello
2022-04-10 20:33:31.166  INFO 10584 --- [main] mao.spring_boot_log.Log                  : hello
2022-04-10 20:33:31.166  WARN 10584 --- [main] mao.spring_boot_log.Log                  : hello
2022-04-10 20:33:31.166 ERROR 10584 --- [main] mao.spring_boot_log.Log                  : hello
2022-04-10 20:33:31.166 DEBUG 10584 --- [main] mao.spring_boot_log.Log                  : hello
2022-04-10 20:33:31.166  INFO 10584 --- [main] mao.spring_boot_log.Log                  : hello
2022-04-10 20:33:31.166  WARN 10584 --- [main] mao.spring_boot_log.Log                  : hello
2022-04-10 20:33:31.166 ERROR 10584 --- [main] mao.spring_boot_log.Log                  : hello
2022-04-10 20:33:31.166 DEBUG 10584 --- [main] mao.spring_boot_log.Log                  : hello
2022-04-10 20:33:31.166  INFO 10584 --- [main] mao.spring_boot_log.Log                  : hello
2022-04-10 20:33:31.166  WARN 10584 --- [main] mao.spring_boot_log.Log                  : hello
2022-04-10 20:33:31.166 ERROR 10584 --- [main] mao.spring_boot_log.Log                  : hello
2022-04-10 20:33:31.166 DEBUG 10584 --- [main] mao.spring_boot_log.Log                  : hello
2022-04-10 20:33:31.166  INFO 10584 --- [main] mao.spring_boot_log.Log                  : hello
2022-04-10 20:33:31.166  WARN 10584 --- [main] mao.spring_boot_log.Log                  : hello
2022-04-10 20:33:31.166 ERROR 10584 --- [main] mao.spring_boot_log.Log                  : hello
2022-04-10 20:33:31.166 DEBUG 10584 --- [main] mao.spring_boot_log.Log                  : hello
2022-04-10 20:33:31.166  INFO 10584 --- [main] mao.spring_boot_log.Log                  : hello
2022-04-10 20:33:31.166  WARN 10584 --- [main] mao.spring_boot_log.Log                  : hello
2022-04-10 20:33:31.166 ERROR 10584 --- [main] mao.spring_boot_log.Log                  : hello
2022-04-10 20:33:31.166 DEBUG 10584 --- [main] mao.spring_boot_log.Log                  : hello
2022-04-10 20:33:31.166  INFO 10584 --- [main] mao.spring_boot_log.Log                  : hello
2022-04-10 20:33:31.166  WARN 10584 --- [main] mao.spring_boot_log.Log                  : hello
2022-04-10 20:33:31.166 ERROR 10584 --- [main] mao.spring_boot_log.Log                  : hello
2022-04-10 20:33:31.166 DEBUG 10584 --- [main] mao.spring_boot_log.Log                  : hello
2022-04-10 20:33:31.166  INFO 10584 --- [main] mao.spring_boot_log.Log                  : hello
2022-04-10 20:33:31.166  WARN 10584 --- [main] mao.spring_boot_log.Log                  : hello
2022-04-10 20:33:31.166 ERROR 10584 --- [main] mao.spring_boot_log.Log                  : hello
2022-04-10 20:33:31.166 DEBUG 10584 --- [main] mao.spring_boot_log.Log                  : hello
2022-04-10 20:33:31.166  INFO 10584 --- [main] mao.spring_boot_log.Log                  : hello
2022-04-10 20:33:31.166  WARN 10584 --- [main] mao.spring_boot_log.Log                  : hello
2022-04-10 20:33:31.166 ERROR 10584 --- [main] mao.spring_boot_log.Log                  : hello
2022-04-10 20:33:31.167 DEBUG 10584 --- [main] mao.spring_boot_log.Log                  : hello
2022-04-10 20:33:31.167  INFO 10584 --- [main] mao.spring_boot_log.Log                  : hello
2022-04-10 20:33:31.167  WARN 10584 --- [main] mao.spring_boot_log.Log                  : hello
2022-04-10 20:33:31.167 ERROR 10584 --- [main] mao.spring_boot_log.Log                  : hello
2022-04-10 20:33:31.167 DEBUG 10584 --- [main] mao.spring_boot_log.Log                  : hello
2022-04-10 20:33:31.167  INFO 10584 --- [main] mao.spring_boot_log.Log                  : hello
2022-04-10 20:33:31.167  WARN 10584 --- [main] mao.spring_boot_log.Log                  : hello
2022-04-10 20:33:31.167 ERROR 10584 --- [main] mao.spring_boot_log.Log                  : hello
2022-04-10 20:33:31.167 DEBUG 10584 --- [main] mao.spring_boot_log.Log                  : hello
2022-04-10 20:33:31.167  INFO 10584 --- [main] mao.spring_boot_log.Log                  : hello
2022-04-10 20:33:31.167  WARN 10584 --- [main] mao.spring_boot_log.Log                  : hello
2022-04-10 20:33:31.167 ERROR 10584 --- [main] mao.spring_boot_log.Log                  : hello
2022-04-10 20:33:31.167 DEBUG 10584 --- [main] mao.spring_boot_log.Log                  : hello
2022-04-10 20:33:31.167  INFO 10584 --- [main] mao.spring_boot_log.Log                  : hello
2022-04-10 20:33:31.167  WARN 10584 --- [main] mao.spring_boot_log.Log                  : hello
2022-04-10 20:33:31.167 ERROR 10584 --- [main] mao.spring_boot_log.Log                  : hello
2022-04-10 20:33:31.167 DEBUG 10584 --- [main] mao.spring_boot_log.Log                  : hello
2022-04-10 20:33:31.167  INFO 10584 --- [main] mao.spring_boot_log.Log                  : hello
2022-04-10 20:33:31.167  WARN 10584 --- [main] mao.spring_boot_log.Log                  : hello
2022-04-10 20:33:31.167 ERROR 10584 --- [main] mao.spring_boot_log.Log                  : hello
2022-04-10 20:33:31.167 DEBUG 10584 --- [main] mao.spring_boot_log.Log                  : hello
2022-04-10 20:33:31.167  INFO 10584 --- [main] mao.spring_boot_log.Log                  : hello
2022-04-10 20:33:31.167  WARN 10584 --- [main] mao.spring_boot_log.Log                  : hello
2022-04-10 20:33:31.167 ERROR 10584 --- [main] mao.spring_boot_log.Log                  : hello
2022-04-10 20:33:31.167 DEBUG 10584 --- [main] mao.spring_boot_log.Log                  : hello
2022-04-10 20:33:31.167  INFO 10584 --- [main] mao.spring_boot_log.Log                  : hello
2022-04-10 20:33:31.167  WARN 10584 --- [main] mao.spring_boot_log.Log                  : hello
2022-04-10 20:33:31.167 ERROR 10584 --- [main] mao.spring_boot_log.Log                  : hello
2022-04-10 20:33:31.167 DEBUG 10584 --- [main] mao.spring_boot_log.Log                  : hello
2022-04-10 20:33:31.167  INFO 10584 --- [main] mao.spring_boot_log.Log                  : hello
2022-04-10 20:33:31.167  WARN 10584 --- [main] mao.spring_boot_log.Log                  : hello
2022-04-10 20:33:31.167 ERROR 10584 --- [main] mao.spring_boot_log.Log                  : hello
2022-04-10 20:33:31.167 DEBUG 10584 --- [main] mao.spring_boot_log.Log                  : hello
2022-04-10 20:33:31.167  INFO 10584 --- [main] mao.spring_boot_log.Log                  : hello
2022-04-10 20:33:31.167  WARN 10584 --- [main] mao.spring_boot_log.Log                  : hello
2022-04-10 20:33:31.167 ERROR 10584 --- [main] mao.spring_boot_log.Log                  : hello
2022-04-10 20:33:31.167 DEBUG 10584 --- [main] mao.spring_boot_log.Log                  : hello
2022-04-10 20:33:31.167  INFO 10584 --- [main] mao.spring_boot_log.Log                  : hello
2022-04-10 20:33:31.167  WARN 10584 --- [main] mao.spring_boot_log.Log                  : hello
2022-04-10 20:33:31.167 ERROR 10584 --- [main] mao.spring_boot_log.Log                  : hello
2022-04-10 20:33:31.167 DEBUG 10584 --- [main] mao.spring_boot_log.Log                  : hello
2022-04-10 20:33:31.167  INFO 10584 --- [main] mao.spring_boot_log.Log                  : hello
2022-04-10 20:33:31.167  WARN 10584 --- [main] mao.spring_boot_log.Log                  : hello
2022-04-10 20:33:31.168 ERROR 10584 --- [main] mao.spring_boot_log.Log                  : hello
2022-04-10 20:33:31.168 DEBUG 10584 --- [main] mao.spring_boot_log.Log                  : hello
2022-04-10 20:33:31.168  INFO 10584 --- [main] mao.spring_boot_log.Log                  : hello
2022-04-10 20:33:31.168  WARN 10584 --- [main] mao.spring_boot_log.Log                  : hello
