2022-04-10 20:33:24.308 ERROR 7048 --- [main] mao.spring_boot_log.Log                  : hello
2022-04-10 20:33:24.310 DEBUG 7048 --- [main] mao.spring_boot_log.Log                  : hello
2022-04-10 20:33:24.310  INFO 7048 --- [main] mao.spring_boot_log.Log                  : hello
2022-04-10 20:33:24.310  WARN 7048 --- [main] mao.spring_boot_log.Log                  : hello
2022-04-10 20:33:24.310 ERROR 7048 --- [main] mao.spring_boot_log.Log                  : hello
2022-04-10 20:33:24.310 DEBUG 7048 --- [main] mao.spring_boot_log.Log                  : hello
2022-04-10 20:33:24.310  INFO 7048 --- [main] mao.spring_boot_log.Log                  : hello
2022-04-10 20:33:24.310  WARN 7048 --- [main] mao.spring_boot_log.Log                  : hello
2022-04-10 20:33:24.311 ERROR 7048 --- [main] mao.spring_boot_log.Log                  : hello
2022-04-10 20:33:24.311 DEBUG 7048 --- [main] mao.spring_boot_log.Log                  : hello
2022-04-10 20:33:24.311  INFO 7048 --- [main] mao.spring_boot_log.Log                  : hello
2022-04-10 20:33:24.311  WARN 7048 --- [main] mao.spring_boot_log.Log                  : hello
2022-04-10 20:33:24.311 ERROR 7048 --- [main] mao.spring_boot_log.Log                  : hello
2022-04-10 20:33:24.311 DEBUG 7048 --- [main] mao.spring_boot_log.Log                  : hello
2022-04-10 20:33:24.311  INFO 7048 --- [main] mao.spring_boot_log.Log                  : hello
2022-04-10 20:33:24.311  WARN 7048 --- [main] mao.spring_boot_log.Log                  : hello
2022-04-10 20:33:24.311 ERROR 7048 --- [main] mao.spring_boot_log.Log                  : hello
2022-04-10 20:33:24.311 DEBUG 7048 --- [main] mao.spring_boot_log.Log                  : hello
2022-04-10 20:33:24.311  INFO 7048 --- [main] mao.spring_boot_log.Log                  : hello
2022-04-10 20:33:24.311  WARN 7048 --- [main] mao.spring_boot_log.Log                  : hello
2022-04-10 20:33:24.311 ERROR 7048 --- [main] mao.spring_boot_log.Log                  : hello
2022-04-10 20:33:24.311 DEBUG 7048 --- [main] mao.spring_boot_log.Log                  : hello
2022-04-10 20:33:24.311  INFO 7048 --- [main] mao.spring_boot_log.Log                  : hello
2022-04-10 20:33:24.311  WARN 7048 --- [main] mao.spring_boot_log.Log                  : hello
2022-04-10 20:33:24.311 ERROR 7048 --- [main] mao.spring_boot_log.Log                  : hello
2022-04-10 20:33:24.311 DEBUG 7048 --- [main] mao.spring_boot_log.Log                  : hello
2022-04-10 20:33:24.311  INFO 7048 --- [main] mao.spring_boot_log.Log                  : hello
2022-04-10 20:33:24.311  WARN 7048 --- [main] mao.spring_boot_log.Log                  : hello
2022-04-10 20:33:24.311 ERROR 7048 --- [main] mao.spring_boot_log.Log                  : hello
2022-04-10 20:33:24.311 DEBUG 7048 --- [main] mao.spring_boot_log.Log                  : hello
2022-04-10 20:33:24.311  INFO 7048 --- [main] mao.spring_boot_log.Log                  : hello
2022-04-10 20:33:24.311  WARN 7048 --- [main] mao.spring_boot_log.Log                  : hello
2022-04-10 20:33:24.312 ERROR 7048 --- [main] mao.spring_boot_log.Log                  : hello
2022-04-10 20:33:24.312 DEBUG 7048 --- [main] mao.spring_boot_log.Log                  : hello
2022-04-10 20:33:24.312  INFO 7048 --- [main] mao.spring_boot_log.Log                  : hello
2022-04-10 20:33:24.312  WARN 7048 --- [main] mao.spring_boot_log.Log                  : hello
2022-04-10 20:33:24.312 ERROR 7048 --- [main] mao.spring_boot_log.Log                  : hello
2022-04-10 20:33:24.312 DEBUG 7048 --- [main] mao.spring_boot_log.Log                  : hello
2022-04-10 20:33:24.312  INFO 7048 --- [main] mao.spring_boot_log.Log                  : hello
2022-04-10 20:33:24.312  WARN 7048 --- [main] mao.spring_boot_log.Log                  : hello
2022-04-10 20:33:24.312 ERROR 7048 --- [main] mao.spring_boot_log.Log                  : hello
2022-04-10 20:33:24.312 DEBUG 7048 --- [main] mao.spring_boot_log.Log                  : hello
2022-04-10 20:33:24.312  INFO 7048 --- [main] mao.spring_boot_log.Log                  : hello
2022-04-10 20:33:24.312  WARN 7048 --- [main] mao.spring_boot_log.Log                  : hello
2022-04-10 20:33:24.312 ERROR 7048 --- [main] mao.spring_boot_log.Log                  : hello
2022-04-10 20:33:24.312 DEBUG 7048 --- [main] mao.spring_boot_log.Log                  : hello
2022-04-10 20:33:24.312  INFO 7048 --- [main] mao.spring_boot_log.Log                  : hello
2022-04-10 20:33:24.312  WARN 7048 --- [main] mao.spring_boot_log.Log                  : hello
2022-04-10 20:33:24.312 ERROR 7048 --- [main] mao.spring_boot_log.Log                  : hello
2022-04-10 20:33:24.312 DEBUG 7048 --- [main] mao.spring_boot_log.Log                  : hello
2022-04-10 20:33:24.312  INFO 7048 --- [main] mao.spring_boot_log.Log                  : hello
2022-04-10 20:33:24.312  WARN 7048 --- [main] mao.spring_boot_log.Log                  : hello
2022-04-10 20:33:24.312 ERROR 7048 --- [main] mao.spring_boot_log.Log                  : hello
2022-04-10 20:33:24.312 DEBUG 7048 --- [main] mao.spring_boot_log.Log                  : hello
2022-04-10 20:33:24.312  INFO 7048 --- [main] mao.spring_boot_log.Log                  : hello
2022-04-10 20:33:24.312  WARN 7048 --- [main] mao.spring_boot_log.Log                  : hello
2022-04-10 20:33:24.312 ERROR 7048 --- [main] mao.spring_boot_log.Log                  : hello
2022-04-10 20:33:24.312 DEBUG 7048 --- [main] mao.spring_boot_log.Log                  : hello
2022-04-10 20:33:24.313  INFO 7048 --- [main] mao.spring_boot_log.Log                  : hello
2022-04-10 20:33:24.313  WARN 7048 --- [main] mao.spring_boot_log.Log                  : hello
2022-04-10 20:33:24.313 ERROR 7048 --- [main] mao.spring_boot_log.Log                  : hello
2022-04-10 20:33:24.313 DEBUG 7048 --- [main] mao.spring_boot_log.Log                  : hello
2022-04-10 20:33:24.313  INFO 7048 --- [main] mao.spring_boot_log.Log                  : hello
2022-04-10 20:33:24.313  WARN 7048 --- [main] mao.spring_boot_log.Log                  : hello
2022-04-10 20:33:24.313 ERROR 7048 --- [main] mao.spring_boot_log.Log                  : hello
2022-04-10 20:33:24.313 DEBUG 7048 --- [main] mao.spring_boot_log.Log                  : hello
2022-04-10 20:33:24.313  INFO 7048 --- [main] mao.spring_boot_log.Log                  : hello
2022-04-10 20:33:24.313  WARN 7048 --- [main] mao.spring_boot_log.Log                  : hello
2022-04-10 20:33:24.313 ERROR 7048 --- [main] mao.spring_boot_log.Log                  : hello
2022-04-10 20:33:24.313 DEBUG 7048 --- [main] mao.spring_boot_log.Log                  : hello
2022-04-10 20:33:24.313  INFO 7048 --- [main] mao.spring_boot_log.Log                  : hello
2022-04-10 20:33:24.313  WARN 7048 --- [main] mao.spring_boot_log.Log                  : hello
2022-04-10 20:33:24.313 ERROR 7048 --- [main] mao.spring_boot_log.Log                  : hello
2022-04-10 20:33:24.313 DEBUG 7048 --- [main] mao.spring_boot_log.Log                  : hello
2022-04-10 20:33:24.313  INFO 7048 --- [main] mao.spring_boot_log.Log                  : hello
2022-04-10 20:33:24.313  WARN 7048 --- [main] mao.spring_boot_log.Log                  : hello
2022-04-10 20:33:24.313 ERROR 7048 --- [main] mao.spring_boot_log.Log                  : hello
2022-04-10 20:33:24.313 DEBUG 7048 --- [main] mao.spring_boot_log.Log                  : hello
2022-04-10 20:33:24.313  INFO 7048 --- [main] mao.spring_boot_log.Log                  : hello
2022-04-10 20:33:24.313  WARN 7048 --- [main] mao.spring_boot_log.Log                  : hello
2022-04-10 20:33:24.313 ERROR 7048 --- [main] mao.spring_boot_log.Log                  : hello
2022-04-10 20:33:24.313 DEBUG 7048 --- [main] mao.spring_boot_log.Log                  : hello
2022-04-10 20:33:24.313  INFO 7048 --- [main] mao.spring_boot_log.Log                  : hello
2022-04-10 20:33:24.313  WARN 7048 --- [main] mao.spring_boot_log.Log                  : hello
2022-04-10 20:33:24.313 ERROR 7048 --- [main] mao.spring_boot_log.Log                  : hello
2022-04-10 20:33:24.313 DEBUG 7048 --- [main] mao.spring_boot_log.Log                  : hello
2022-04-10 20:33:24.314  INFO 7048 --- [main] mao.spring_boot_log.Log                  : hello
2022-04-10 20:33:24.314  WARN 7048 --- [main] mao.spring_boot_log.Log                  : hello
2022-04-10 20:33:24.314 ERROR 7048 --- [main] mao.spring_boot_log.Log                  : hello
2022-04-10 20:33:24.314 DEBUG 7048 --- [main] mao.spring_boot_log.Log                  : hello
2022-04-10 20:33:24.314  INFO 7048 --- [main] mao.spring_boot_log.Log                  : hello
2022-04-10 20:33:24.314  WARN 7048 --- [main] mao.spring_boot_log.Log                  : hello
2022-04-10 20:33:24.314 ERROR 7048 --- [main] mao.spring_boot_log.Log                  : hello
2022-04-10 20:33:24.314 DEBUG 7048 --- [main] mao.spring_boot_log.Log                  : hello
2022-04-10 20:33:24.314  INFO 7048 --- [main] mao.spring_boot_log.Log                  : hello
2022-04-10 20:33:24.314  WARN 7048 --- [main] mao.spring_boot_log.Log                  : hello
2022-04-10 20:33:24.314 ERROR 7048 --- [main] mao.spring_boot_log.Log                  : hello
2022-04-10 20:33:24.314 DEBUG 7048 --- [main] mao.spring_boot_log.Log                  : hello
2022-04-10 20:33:24.314  INFO 7048 --- [main] mao.spring_boot_log.Log                  : hello
2022-04-10 20:33:24.314  WARN 7048 --- [main] mao.spring_boot_log.Log                  : hello
2022-04-10 20:33:24.314 ERROR 7048 --- [main] mao.spring_boot_log.Log                  : hello
2022-04-10 20:33:24.314 DEBUG 7048 --- [main] mao.spring_boot_log.Log                  : hello
2022-04-10 20:33:24.314  INFO 7048 --- [main] mao.spring_boot_log.Log                  : hello
2022-04-10 20:33:24.314  WARN 7048 --- [main] mao.spring_boot_log.Log                  : hello
2022-04-10 20:33:24.314 ERROR 7048 --- [main] mao.spring_boot_log.Log                  : hello
2022-04-10 20:33:24.314 DEBUG 7048 --- [main] mao.spring_boot_log.Log                  : hello
2022-04-10 20:33:24.314  INFO 7048 --- [main] mao.spring_boot_log.Log                  : hello
2022-04-10 20:33:24.314  WARN 7048 --- [main] mao.spring_boot_log.Log                  : hello
2022-04-10 20:33:24.314 ERROR 7048 --- [main] mao.spring_boot_log.Log                  : hello
2022-04-10 20:33:24.314 DEBUG 7048 --- [main] mao.spring_boot_log.Log                  : hello
2022-04-10 20:33:24.314  INFO 7048 --- [main] mao.spring_boot_log.Log                  : hello
2022-04-10 20:33:24.314  WARN 7048 --- [main] mao.spring_boot_log.Log                  : hello
2022-04-10 20:33:24.314 ERROR 7048 --- [main] mao.spring_boot_log.Log                  : hello
2022-04-10 20:33:24.314 DEBUG 7048 --- [main] mao.spring_boot_log.Log                  : hello
2022-04-10 20:33:24.314  INFO 7048 --- [main] mao.spring_boot_log.Log                  : hello
2022-04-10 20:33:24.315  WARN 7048 --- [main] mao.spring_boot_log.Log                  : hello
2022-04-10 20:33:24.315 ERROR 7048 --- [main] mao.spring_boot_log.Log                  : hello
2022-04-10 20:33:24.315 DEBUG 7048 --- [main] mao.spring_boot_log.Log                  : hello
2022-04-10 20:33:24.315  INFO 7048 --- [main] mao.spring_boot_log.Log                  : hello
2022-04-10 20:33:24.315  WARN 7048 --- [main] mao.spring_boot_log.Log                  : hello
2022-04-10 20:33:24.315 ERROR 7048 --- [main] mao.spring_boot_log.Log                  : hello
2022-04-10 20:33:24.315 DEBUG 7048 --- [main] mao.spring_boot_log.Log                  : hello
2022-04-10 20:33:24.315  INFO 7048 --- [main] mao.spring_boot_log.Log                  : hello
2022-04-10 20:33:24.315  WARN 7048 --- [main] mao.spring_boot_log.Log                  : hello
2022-04-10 20:33:24.315 ERROR 7048 --- [main] mao.spring_boot_log.Log                  : hello
2022-04-10 20:33:24.315 DEBUG 7048 --- [main] mao.spring_boot_log.Log                  : hello
2022-04-10 20:33:24.315  INFO 7048 --- [main] mao.spring_boot_log.Log                  : hello
2022-04-10 20:33:24.315  WARN 7048 --- [main] mao.spring_boot_log.Log                  : hello
2022-04-10 20:33:24.315 ERROR 7048 --- [main] mao.spring_boot_log.Log                  : hello
2022-04-10 20:33:24.315 DEBUG 7048 --- [main] mao.spring_boot_log.Log                  : hello
2022-04-10 20:33:24.315  INFO 7048 --- [main] mao.spring_boot_log.Log                  : hello
2022-04-10 20:33:24.315  WARN 7048 --- [main] mao.spring_boot_log.Log                  : hello
2022-04-10 20:33:24.315 ERROR 7048 --- [main] mao.spring_boot_log.Log                  : hello
2022-04-10 20:33:24.315 DEBUG 7048 --- [main] mao.spring_boot_log.Log                  : hello
2022-04-10 20:33:24.315  INFO 7048 --- [main] mao.spring_boot_log.Log                  : hello
2022-04-10 20:33:24.315  WARN 7048 --- [main] mao.spring_boot_log.Log                  : hello
2022-04-10 20:33:24.315 ERROR 7048 --- [main] mao.spring_boot_log.Log                  : hello
2022-04-10 20:33:24.316 DEBUG 7048 --- [main] mao.spring_boot_log.Log                  : hello
2022-04-10 20:33:24.316  INFO 7048 --- [main] mao.spring_boot_log.Log                  : hello
2022-04-10 20:33:24.316  WARN 7048 --- [main] mao.spring_boot_log.Log                  : hello
2022-04-10 20:33:24.316 ERROR 7048 --- [main] mao.spring_boot_log.Log                  : hello
2022-04-10 20:33:24.316 DEBUG 7048 --- [main] mao.spring_boot_log.Log                  : hello
2022-04-10 20:33:24.316  INFO 7048 --- [main] mao.spring_boot_log.Log                  : hello
2022-04-10 20:33:24.316  WARN 7048 --- [main] mao.spring_boot_log.Log                  : hello
2022-04-10 20:33:24.316 ERROR 7048 --- [main] mao.spring_boot_log.Log                  : hello
2022-04-10 20:33:24.316 DEBUG 7048 --- [main] mao.spring_boot_log.Log                  : hello
2022-04-10 20:33:24.316  INFO 7048 --- [main] mao.spring_boot_log.Log                  : hello
2022-04-10 20:33:24.316  WARN 7048 --- [main] mao.spring_boot_log.Log                  : hello
2022-04-10 20:33:24.316 ERROR 7048 --- [main] mao.spring_boot_log.Log                  : hello
2022-04-10 20:33:24.316 DEBUG 7048 --- [main] mao.spring_boot_log.Log                  : hello
2022-04-10 20:33:24.316  INFO 7048 --- [main] mao.spring_boot_log.Log                  : hello
2022-04-10 20:33:24.316  WARN 7048 --- [main] mao.spring_boot_log.Log                  : hello
2022-04-10 20:33:24.316 ERROR 7048 --- [main] mao.spring_boot_log.Log                  : hello
2022-04-10 20:33:24.316 DEBUG 7048 --- [main] mao.spring_boot_log.Log                  : hello
2022-04-10 20:33:24.316  INFO 7048 --- [main] mao.spring_boot_log.Log                  : hello
2022-04-10 20:33:24.316  WARN 7048 --- [main] mao.spring_boot_log.Log                  : hello
2022-04-10 20:33:24.316 ERROR 7048 --- [main] mao.spring_boot_log.Log                  : hello
2022-04-10 20:33:24.316 DEBUG 7048 --- [main] mao.spring_boot_log.Log                  : hello
2022-04-10 20:33:24.316  INFO 7048 --- [main] mao.spring_boot_log.Log                  : hello
2022-04-10 20:33:24.316  WARN 7048 --- [main] mao.spring_boot_log.Log                  : hello
2022-04-10 20:33:24.316 ERROR 7048 --- [main] mao.spring_boot_log.Log                  : hello
2022-04-10 20:33:24.316 DEBUG 7048 --- [main] mao.spring_boot_log.Log                  : hello
2022-04-10 20:33:24.316  INFO 7048 --- [main] mao.spring_boot_log.Log                  : hello
2022-04-10 20:33:24.316  WARN 7048 --- [main] mao.spring_boot_log.Log                  : hello
2022-04-10 20:33:24.316 ERROR 7048 --- [main] mao.spring_boot_log.Log                  : hello
2022-04-10 20:33:24.316 DEBUG 7048 --- [main] mao.spring_boot_log.Log                  : hello
2022-04-10 20:33:24.316  INFO 7048 --- [main] mao.spring_boot_log.Log                  : hello
2022-04-10 20:33:24.316  WARN 7048 --- [main] mao.spring_boot_log.Log                  : hello
2022-04-10 20:33:24.316 ERROR 7048 --- [main] mao.spring_boot_log.Log                  : hello
2022-04-10 20:33:24.316 DEBUG 7048 --- [main] mao.spring_boot_log.Log                  : hello
2022-04-10 20:33:24.316  INFO 7048 --- [main] mao.spring_boot_log.Log                  : hello
2022-04-10 20:33:24.316  WARN 7048 --- [main] mao.spring_boot_log.Log                  : hello
2022-04-10 20:33:24.317 ERROR 7048 --- [main] mao.spring_boot_log.Log                  : hello
2022-04-10 20:33:24.317 DEBUG 7048 --- [main] mao.spring_boot_log.Log                  : hello
2022-04-10 20:33:24.317  INFO 7048 --- [main] mao.spring_boot_log.Log                  : hello
2022-04-10 20:33:24.317  WARN 7048 --- [main] mao.spring_boot_log.Log                  : hello
2022-04-10 20:33:24.317 ERROR 7048 --- [main] mao.spring_boot_log.Log                  : hello
2022-04-10 20:33:24.317 DEBUG 7048 --- [main] mao.spring_boot_log.Log                  : hello
2022-04-10 20:33:24.317  INFO 7048 --- [main] mao.spring_boot_log.Log                  : hello
2022-04-10 20:33:24.317  WARN 7048 --- [main] mao.spring_boot_log.Log                  : hello
2022-04-10 20:33:24.317 ERROR 7048 --- [main] mao.spring_boot_log.Log                  : hello
2022-04-10 20:33:24.317 DEBUG 7048 --- [main] mao.spring_boot_log.Log                  : hello
2022-04-10 20:33:24.317  INFO 7048 --- [main] mao.spring_boot_log.Log                  : hello
2022-04-10 20:33:24.317  WARN 7048 --- [main] mao.spring_boot_log.Log                  : hello
2022-04-10 20:33:24.317 ERROR 7048 --- [main] mao.spring_boot_log.Log                  : hello
2022-04-10 20:33:24.317 DEBUG 7048 --- [main] mao.spring_boot_log.Log                  : hello
2022-04-10 20:33:24.317  INFO 7048 --- [main] mao.spring_boot_log.Log                  : hello
2022-04-10 20:33:24.317  WARN 7048 --- [main] mao.spring_boot_log.Log                  : hello
2022-04-10 20:33:24.317 ERROR 7048 --- [main] mao.spring_boot_log.Log                  : hello
2022-04-10 20:33:24.317 DEBUG 7048 --- [main] mao.spring_boot_log.Log                  : hello
2022-04-10 20:33:24.317  INFO 7048 --- [main] mao.spring_boot_log.Log                  : hello
2022-04-10 20:33:24.317  WARN 7048 --- [main] mao.spring_boot_log.Log                  : hello
2022-04-10 20:33:24.317 ERROR 7048 --- [main] mao.spring_boot_log.Log                  : hello
2022-04-10 20:33:24.317 DEBUG 7048 --- [main] mao.spring_boot_log.Log                  : hello
2022-04-10 20:33:24.317  INFO 7048 --- [main] mao.spring_boot_log.Log                  : hello
2022-04-10 20:33:24.317  WARN 7048 --- [main] mao.spring_boot_log.Log                  : hello
2022-04-10 20:33:24.317 ERROR 7048 --- [main] mao.spring_boot_log.Log                  : hello
2022-04-10 20:33:24.317 DEBUG 7048 --- [main] mao.spring_boot_log.Log                  : hello
2022-04-10 20:33:24.317  INFO 7048 --- [main] mao.spring_boot_log.Log                  : hello
2022-04-10 20:33:24.317  WARN 7048 --- [main] mao.spring_boot_log.Log                  : hello
2022-04-10 20:33:24.317 ERROR 7048 --- [main] mao.spring_boot_log.Log                  : hello
2022-04-10 20:33:24.317 DEBUG 7048 --- [main] mao.spring_boot_log.Log                  : hello
2022-04-10 20:33:24.317  INFO 7048 --- [main] mao.spring_boot_log.Log                  : hello
2022-04-10 20:33:24.317  WARN 7048 --- [main] mao.spring_boot_log.Log                  : hello
2022-04-10 20:33:24.318 ERROR 7048 --- [main] mao.spring_boot_log.Log                  : hello
2022-04-10 20:33:24.318 DEBUG 7048 --- [main] mao.spring_boot_log.Log                  : hello
2022-04-10 20:33:24.318  INFO 7048 --- [main] mao.spring_boot_log.Log                  : hello
2022-04-10 20:33:24.318  WARN 7048 --- [main] mao.spring_boot_log.Log                  : hello
2022-04-10 20:33:24.318 ERROR 7048 --- [main] mao.spring_boot_log.Log                  : hello
2022-04-10 20:33:24.318 DEBUG 7048 --- [main] mao.spring_boot_log.Log                  : hello
2022-04-10 20:33:24.318  INFO 7048 --- [main] mao.spring_boot_log.Log                  : hello
2022-04-10 20:33:24.318  WARN 7048 --- [main] mao.spring_boot_log.Log                  : hello
2022-04-10 20:33:24.318 ERROR 7048 --- [main] mao.spring_boot_log.Log                  : hello
2022-04-10 20:33:24.318 DEBUG 7048 --- [main] mao.spring_boot_log.Log                  : hello
2022-04-10 20:33:24.318  INFO 7048 --- [main] mao.spring_boot_log.Log                  : hello
2022-04-10 20:33:24.318  WARN 7048 --- [main] mao.spring_boot_log.Log                  : hello
2022-04-10 20:33:24.318 ERROR 7048 --- [main] mao.spring_boot_log.Log                  : hello
2022-04-10 20:33:24.318 DEBUG 7048 --- [main] mao.spring_boot_log.Log                  : hello
2022-04-10 20:33:24.318  INFO 7048 --- [main] mao.spring_boot_log.Log                  : hello
2022-04-10 20:33:24.318  WARN 7048 --- [main] mao.spring_boot_log.Log                  : hello
2022-04-10 20:33:24.318 ERROR 7048 --- [main] mao.spring_boot_log.Log                  : hello
2022-04-10 20:33:24.318 DEBUG 7048 --- [main] mao.spring_boot_log.Log                  : hello
2022-04-10 20:33:24.318  INFO 7048 --- [main] mao.spring_boot_log.Log                  : hello
2022-04-10 20:33:24.318  WARN 7048 --- [main] mao.spring_boot_log.Log                  : hello
2022-04-10 20:33:24.318 ERROR 7048 --- [main] mao.spring_boot_log.Log                  : hello
2022-04-10 20:33:24.318 DEBUG 7048 --- [main] mao.spring_boot_log.Log                  : hello
2022-04-10 20:33:24.318  INFO 7048 --- [main] mao.spring_boot_log.Log                  : hello
2022-04-10 20:33:24.318  WARN 7048 --- [main] mao.spring_boot_log.Log                  : hello
2022-04-10 20:33:24.318 ERROR 7048 --- [main] mao.spring_boot_log.Log                  : hello
2022-04-10 20:33:24.318 DEBUG 7048 --- [main] mao.spring_boot_log.Log                  : hello
2022-04-10 20:33:24.318  INFO 7048 --- [main] mao.spring_boot_log.Log                  : hello
2022-04-10 20:33:24.318  WARN 7048 --- [main] mao.spring_boot_log.Log                  : hello
2022-04-10 20:33:24.318 ERROR 7048 --- [main] mao.spring_boot_log.Log                  : hello
2022-04-10 20:33:24.318 DEBUG 7048 --- [main] mao.spring_boot_log.Log                  : hello
2022-04-10 20:33:24.319  INFO 7048 --- [main] mao.spring_boot_log.Log                  : hello
2022-04-10 20:33:24.319  WARN 7048 --- [main] mao.spring_boot_log.Log                  : hello
2022-04-10 20:33:24.319 ERROR 7048 --- [main] mao.spring_boot_log.Log                  : hello
2022-04-10 20:33:24.319 DEBUG 7048 --- [main] mao.spring_boot_log.Log                  : hello
2022-04-10 20:33:24.319  INFO 7048 --- [main] mao.spring_boot_log.Log                  : hello
2022-04-10 20:33:24.319  WARN 7048 --- [main] mao.spring_boot_log.Log                  : hello
2022-04-10 20:33:24.319 ERROR 7048 --- [main] mao.spring_boot_log.Log                  : hello
2022-04-10 20:33:24.319 DEBUG 7048 --- [main] mao.spring_boot_log.Log                  : hello
2022-04-10 20:33:24.319  INFO 7048 --- [main] mao.spring_boot_log.Log                  : hello
2022-04-10 20:33:24.319  WARN 7048 --- [main] mao.spring_boot_log.Log                  : hello
2022-04-10 20:33:24.319 ERROR 7048 --- [main] mao.spring_boot_log.Log                  : hello
2022-04-10 20:33:24.319 DEBUG 7048 --- [main] mao.spring_boot_log.Log                  : hello
2022-04-10 20:33:24.319  INFO 7048 --- [main] mao.spring_boot_log.Log                  : hello
2022-04-10 20:33:24.319  WARN 7048 --- [main] mao.spring_boot_log.Log                  : hello
2022-04-10 20:33:24.319 ERROR 7048 --- [main] mao.spring_boot_log.Log                  : hello
2022-04-10 20:33:24.319 DEBUG 7048 --- [main] mao.spring_boot_log.Log                  : hello
2022-04-10 20:33:24.319  INFO 7048 --- [main] mao.spring_boot_log.Log                  : hello
2022-04-10 20:33:24.319  WARN 7048 --- [main] mao.spring_boot_log.Log                  : hello
2022-04-10 20:33:24.319 ERROR 7048 --- [main] mao.spring_boot_log.Log                  : hello
2022-04-10 20:33:24.319 DEBUG 7048 --- [main] mao.spring_boot_log.Log                  : hello
2022-04-10 20:33:24.319  INFO 7048 --- [main] mao.spring_boot_log.Log                  : hello
2022-04-10 20:33:24.319  WARN 7048 --- [main] mao.spring_boot_log.Log                  : hello
2022-04-10 20:33:24.319 ERROR 7048 --- [main] mao.spring_boot_log.Log                  : hello
2022-04-10 20:33:24.319 DEBUG 7048 --- [main] mao.spring_boot_log.Log                  : hello
2022-04-10 20:33:24.319  INFO 7048 --- [main] mao.spring_boot_log.Log                  : hello
2022-04-10 20:33:24.319  WARN 7048 --- [main] mao.spring_boot_log.Log                  : hello
2022-04-10 20:33:24.319 ERROR 7048 --- [main] mao.spring_boot_log.Log                  : hello
2022-04-10 20:33:24.319 DEBUG 7048 --- [main] mao.spring_boot_log.Log                  : hello
2022-04-10 20:33:24.319  INFO 7048 --- [main] mao.spring_boot_log.Log                  : hello
2022-04-10 20:33:24.319  WARN 7048 --- [main] mao.spring_boot_log.Log                  : hello
2022-04-10 20:33:24.319 ERROR 7048 --- [main] mao.spring_boot_log.Log                  : hello
2022-04-10 20:33:24.320 DEBUG 7048 --- [main] mao.spring_boot_log.Log                  : hello
2022-04-10 20:33:24.320  INFO 7048 --- [main] mao.spring_boot_log.Log                  : hello
2022-04-10 20:33:24.320  WARN 7048 --- [main] mao.spring_boot_log.Log                  : hello
2022-04-10 20:33:24.320 ERROR 7048 --- [main] mao.spring_boot_log.Log                  : hello
2022-04-10 20:33:24.320 DEBUG 7048 --- [main] mao.spring_boot_log.Log                  : hello
2022-04-10 20:33:24.320  INFO 7048 --- [main] mao.spring_boot_log.Log                  : hello
2022-04-10 20:33:24.320  WARN 7048 --- [main] mao.spring_boot_log.Log                  : hello
2022-04-10 20:33:24.320 ERROR 7048 --- [main] mao.spring_boot_log.Log                  : hello
2022-04-10 20:33:24.320 DEBUG 7048 --- [main] mao.spring_boot_log.Log                  : hello
2022-04-10 20:33:24.320  INFO 7048 --- [main] mao.spring_boot_log.Log                  : hello
2022-04-10 20:33:24.320  WARN 7048 --- [main] mao.spring_boot_log.Log                  : hello
2022-04-10 20:33:24.320 ERROR 7048 --- [main] mao.spring_boot_log.Log                  : hello
2022-04-10 20:33:24.320 DEBUG 7048 --- [main] mao.spring_boot_log.Log                  : hello
2022-04-10 20:33:24.320  INFO 7048 --- [main] mao.spring_boot_log.Log                  : hello
2022-04-10 20:33:24.320  WARN 7048 --- [main] mao.spring_boot_log.Log                  : hello
2022-04-10 20:33:24.320 ERROR 7048 --- [main] mao.spring_boot_log.Log                  : hello
2022-04-10 20:33:24.320 DEBUG 7048 --- [main] mao.spring_boot_log.Log                  : hello
2022-04-10 20:33:24.320  INFO 7048 --- [main] mao.spring_boot_log.Log                  : hello
2022-04-10 20:33:24.320  WARN 7048 --- [main] mao.spring_boot_log.Log                  : hello
2022-04-10 20:33:24.320 ERROR 7048 --- [main] mao.spring_boot_log.Log                  : hello
2022-04-10 20:33:24.320 DEBUG 7048 --- [main] mao.spring_boot_log.Log                  : hello
2022-04-10 20:33:24.320  INFO 7048 --- [main] mao.spring_boot_log.Log                  : hello
2022-04-10 20:33:24.320  WARN 7048 --- [main] mao.spring_boot_log.Log                  : hello
2022-04-10 20:33:24.320 ERROR 7048 --- [main] mao.spring_boot_log.Log                  : hello
2022-04-10 20:33:24.320 DEBUG 7048 --- [main] mao.spring_boot_log.Log                  : hello
2022-04-10 20:33:24.320  INFO 7048 --- [main] mao.spring_boot_log.Log                  : hello
2022-04-10 20:33:24.320  WARN 7048 --- [main] mao.spring_boot_log.Log                  : hello
2022-04-10 20:33:24.320 ERROR 7048 --- [main] mao.spring_boot_log.Log                  : hello
2022-04-10 20:33:24.320 DEBUG 7048 --- [main] mao.spring_boot_log.Log                  : hello
2022-04-10 20:33:24.320  INFO 7048 --- [main] mao.spring_boot_log.Log                  : hello
2022-04-10 20:33:24.320  WARN 7048 --- [main] mao.spring_boot_log.Log                  : hello
2022-04-10 20:33:24.321 ERROR 7048 --- [main] mao.spring_boot_log.Log                  : hello
2022-04-10 20:33:24.321 DEBUG 7048 --- [main] mao.spring_boot_log.Log                  : hello
2022-04-10 20:33:24.321  INFO 7048 --- [main] mao.spring_boot_log.Log                  : hello
2022-04-10 20:33:24.321  WARN 7048 --- [main] mao.spring_boot_log.Log                  : hello
2022-04-10 20:33:24.321 ERROR 7048 --- [main] mao.spring_boot_log.Log                  : hello
2022-04-10 20:33:24.321 DEBUG 7048 --- [main] mao.spring_boot_log.Log                  : hello
2022-04-10 20:33:24.321  INFO 7048 --- [main] mao.spring_boot_log.Log                  : hello
2022-04-10 20:33:24.321  WARN 7048 --- [main] mao.spring_boot_log.Log                  : hello
2022-04-10 20:33:24.321 ERROR 7048 --- [main] mao.spring_boot_log.Log                  : hello
2022-04-10 20:33:24.321 DEBUG 7048 --- [main] mao.spring_boot_log.Log                  : hello
2022-04-10 20:33:24.321  INFO 7048 --- [main] mao.spring_boot_log.Log                  : hello
2022-04-10 20:33:24.321  WARN 7048 --- [main] mao.spring_boot_log.Log                  : hello
2022-04-10 20:33:24.321 ERROR 7048 --- [main] mao.spring_boot_log.Log                  : hello
2022-04-10 20:33:24.321 DEBUG 7048 --- [main] mao.spring_boot_log.Log                  : hello
2022-04-10 20:33:24.321  INFO 7048 --- [main] mao.spring_boot_log.Log                  : hello
2022-04-10 20:33:24.321  WARN 7048 --- [main] mao.spring_boot_log.Log                  : hello
2022-04-10 20:33:24.321 ERROR 7048 --- [main] mao.spring_boot_log.Log                  : hello
2022-04-10 20:33:24.321 DEBUG 7048 --- [main] mao.spring_boot_log.Log                  : hello
2022-04-10 20:33:24.321  INFO 7048 --- [main] mao.spring_boot_log.Log                  : hello
2022-04-10 20:33:24.321  WARN 7048 --- [main] mao.spring_boot_log.Log                  : hello
2022-04-10 20:33:24.321 ERROR 7048 --- [main] mao.spring_boot_log.Log                  : hello
2022-04-10 20:33:24.321 DEBUG 7048 --- [main] mao.spring_boot_log.Log                  : hello
2022-04-10 20:33:24.321  INFO 7048 --- [main] mao.spring_boot_log.Log                  : hello
2022-04-10 20:33:24.322  WARN 7048 --- [main] mao.spring_boot_log.Log                  : hello
2022-04-10 20:33:24.322 ERROR 7048 --- [main] mao.spring_boot_log.Log                  : hello
2022-04-10 20:33:24.322 DEBUG 7048 --- [main] mao.spring_boot_log.Log                  : hello
2022-04-10 20:33:24.322  INFO 7048 --- [main] mao.spring_boot_log.Log                  : hello
2022-04-10 20:33:24.322  WARN 7048 --- [main] mao.spring_boot_log.Log                  : hello
2022-04-10 20:33:24.322 ERROR 7048 --- [main] mao.spring_boot_log.Log                  : hello
2022-04-10 20:33:24.322 DEBUG 7048 --- [main] mao.spring_boot_log.Log                  : hello
2022-04-10 20:33:24.322  INFO 7048 --- [main] mao.spring_boot_log.Log                  : hello
2022-04-10 20:33:24.322  WARN 7048 --- [main] mao.spring_boot_log.Log                  : hello
2022-04-10 20:33:24.322 ERROR 7048 --- [main] mao.spring_boot_log.Log                  : hello
2022-04-10 20:33:24.322 DEBUG 7048 --- [main] mao.spring_boot_log.Log                  : hello
2022-04-10 20:33:24.322  INFO 7048 --- [main] mao.spring_boot_log.Log                  : hello
2022-04-10 20:33:24.322  WARN 7048 --- [main] mao.spring_boot_log.Log                  : hello
2022-04-10 20:33:24.322 ERROR 7048 --- [main] mao.spring_boot_log.Log                  : hello
2022-04-10 20:33:24.322 DEBUG 7048 --- [main] mao.spring_boot_log.Log                  : hello
2022-04-10 20:33:24.322  INFO 7048 --- [main] mao.spring_boot_log.Log                  : hello
2022-04-10 20:33:24.322  WARN 7048 --- [main] mao.spring_boot_log.Log                  : hello
2022-04-10 20:33:24.322 ERROR 7048 --- [main] mao.spring_boot_log.Log                  : hello
2022-04-10 20:33:24.322 DEBUG 7048 --- [main] mao.spring_boot_log.Log                  : hello
2022-04-10 20:33:24.322  INFO 7048 --- [main] mao.spring_boot_log.Log                  : hello
2022-04-10 20:33:24.322  WARN 7048 --- [main] mao.spring_boot_log.Log                  : hello
2022-04-10 20:33:24.322 ERROR 7048 --- [main] mao.spring_boot_log.Log                  : hello
2022-04-10 20:33:24.322 DEBUG 7048 --- [main] mao.spring_boot_log.Log                  : hello
2022-04-10 20:33:24.322  INFO 7048 --- [main] mao.spring_boot_log.Log                  : hello
2022-04-10 20:33:24.322  WARN 7048 --- [main] mao.spring_boot_log.Log                  : hello
2022-04-10 20:33:24.322 ERROR 7048 --- [main] mao.spring_boot_log.Log                  : hello
2022-04-10 20:33:24.322 DEBUG 7048 --- [main] mao.spring_boot_log.Log                  : hello
2022-04-10 20:33:24.322  INFO 7048 --- [main] mao.spring_boot_log.Log                  : hello
2022-04-10 20:33:24.322  WARN 7048 --- [main] mao.spring_boot_log.Log                  : hello
2022-04-10 20:33:24.322 ERROR 7048 --- [main] mao.spring_boot_log.Log                  : hello
2022-04-10 20:33:24.323 DEBUG 7048 --- [main] mao.spring_boot_log.Log                  : hello
2022-04-10 20:33:24.323  INFO 7048 --- [main] mao.spring_boot_log.Log                  : hello
2022-04-10 20:33:24.323  WARN 7048 --- [main] mao.spring_boot_log.Log                  : hello
2022-04-10 20:33:24.323 ERROR 7048 --- [main] mao.spring_boot_log.Log                  : hello
2022-04-10 20:33:24.323 DEBUG 7048 --- [main] mao.spring_boot_log.Log                  : hello
2022-04-10 20:33:24.323  INFO 7048 --- [main] mao.spring_boot_log.Log                  : hello
2022-04-10 20:33:24.323  WARN 7048 --- [main] mao.spring_boot_log.Log                  : hello
2022-04-10 20:33:24.323 ERROR 7048 --- [main] mao.spring_boot_log.Log                  : hello
2022-04-10 20:33:24.323 DEBUG 7048 --- [main] mao.spring_boot_log.Log                  : hello
2022-04-10 20:33:24.323  INFO 7048 --- [main] mao.spring_boot_log.Log                  : hello
2022-04-10 20:33:24.323  WARN 7048 --- [main] mao.spring_boot_log.Log                  : hello
2022-04-10 20:33:24.323 ERROR 7048 --- [main] mao.spring_boot_log.Log                  : hello
2022-04-10 20:33:24.323 DEBUG 7048 --- [main] mao.spring_boot_log.Log                  : hello
2022-04-10 20:33:24.323  INFO 7048 --- [main] mao.spring_boot_log.Log                  : hello
2022-04-10 20:33:24.323  WARN 7048 --- [main] mao.spring_boot_log.Log                  : hello
2022-04-10 20:33:24.323 ERROR 7048 --- [main] mao.spring_boot_log.Log                  : hello
2022-04-10 20:33:24.323 DEBUG 7048 --- [main] mao.spring_boot_log.Log                  : hello
2022-04-10 20:33:24.323  INFO 7048 --- [main] mao.spring_boot_log.Log                  : hello
2022-04-10 20:33:24.323  WARN 7048 --- [main] mao.spring_boot_log.Log                  : hello
2022-04-10 20:33:24.323 ERROR 7048 --- [main] mao.spring_boot_log.Log                  : hello
2022-04-10 20:33:24.323 DEBUG 7048 --- [main] mao.spring_boot_log.Log                  : hello
2022-04-10 20:33:24.323  INFO 7048 --- [main] mao.spring_boot_log.Log                  : hello
2022-04-10 20:33:24.323  WARN 7048 --- [main] mao.spring_boot_log.Log                  : hello
2022-04-10 20:33:24.323 ERROR 7048 --- [main] mao.spring_boot_log.Log                  : hello
2022-04-10 20:33:24.323 DEBUG 7048 --- [main] mao.spring_boot_log.Log                  : hello
2022-04-10 20:33:24.323  INFO 7048 --- [main] mao.spring_boot_log.Log                  : hello
2022-04-10 20:33:24.323  WARN 7048 --- [main] mao.spring_boot_log.Log                  : hello
2022-04-10 20:33:24.323 ERROR 7048 --- [main] mao.spring_boot_log.Log                  : hello
2022-04-10 20:33:24.323 DEBUG 7048 --- [main] mao.spring_boot_log.Log                  : hello
2022-04-10 20:33:24.323  INFO 7048 --- [main] mao.spring_boot_log.Log                  : hello
2022-04-10 20:33:24.323  WARN 7048 --- [main] mao.spring_boot_log.Log                  : hello
2022-04-10 20:33:24.324 ERROR 7048 --- [main] mao.spring_boot_log.Log                  : hello
2022-04-10 20:33:24.324 DEBUG 7048 --- [main] mao.spring_boot_log.Log                  : hello
2022-04-10 20:33:24.324  INFO 7048 --- [main] mao.spring_boot_log.Log                  : hello
2022-04-10 20:33:24.324  WARN 7048 --- [main] mao.spring_boot_log.Log                  : hello
2022-04-10 20:33:24.324 ERROR 7048 --- [main] mao.spring_boot_log.Log                  : hello
2022-04-10 20:33:24.324 DEBUG 7048 --- [main] mao.spring_boot_log.Log                  : hello
2022-04-10 20:33:24.324  INFO 7048 --- [main] mao.spring_boot_log.Log                  : hello
2022-04-10 20:33:24.324  WARN 7048 --- [main] mao.spring_boot_log.Log                  : hello
2022-04-10 20:33:24.324 ERROR 7048 --- [main] mao.spring_boot_log.Log                  : hello
2022-04-10 20:33:24.324 DEBUG 7048 --- [main] mao.spring_boot_log.Log                  : hello
2022-04-10 20:33:24.324  INFO 7048 --- [main] mao.spring_boot_log.Log                  : hello
2022-04-10 20:33:24.324  WARN 7048 --- [main] mao.spring_boot_log.Log                  : hello
2022-04-10 20:33:24.324 ERROR 7048 --- [main] mao.spring_boot_log.Log                  : hello
2022-04-10 20:33:24.324 DEBUG 7048 --- [main] mao.spring_boot_log.Log                  : hello
2022-04-10 20:33:24.324  INFO 7048 --- [main] mao.spring_boot_log.Log                  : hello
2022-04-10 20:33:24.324  WARN 7048 --- [main] mao.spring_boot_log.Log                  : hello
2022-04-10 20:33:24.324 ERROR 7048 --- [main] mao.spring_boot_log.Log                  : hello
2022-04-10 20:33:24.324 DEBUG 7048 --- [main] mao.spring_boot_log.Log                  : hello
2022-04-10 20:33:24.324  INFO 7048 --- [main] mao.spring_boot_log.Log                  : hello
2022-04-10 20:33:24.324  WARN 7048 --- [main] mao.spring_boot_log.Log                  : hello
2022-04-10 20:33:24.324 ERROR 7048 --- [main] mao.spring_boot_log.Log                  : hello
2022-04-10 20:33:24.324 DEBUG 7048 --- [main] mao.spring_boot_log.Log                  : hello
2022-04-10 20:33:24.324  INFO 7048 --- [main] mao.spring_boot_log.Log                  : hello
2022-04-10 20:33:24.324  WARN 7048 --- [main] mao.spring_boot_log.Log                  : hello
2022-04-10 20:33:24.324 ERROR 7048 --- [main] mao.spring_boot_log.Log                  : hello
2022-04-10 20:33:24.324 DEBUG 7048 --- [main] mao.spring_boot_log.Log                  : hello
2022-04-10 20:33:24.324  INFO 7048 --- [main] mao.spring_boot_log.Log                  : hello
2022-04-10 20:33:24.324  WARN 7048 --- [main] mao.spring_boot_log.Log                  : hello
2022-04-10 20:33:24.324 ERROR 7048 --- [main] mao.spring_boot_log.Log                  : hello
2022-04-10 20:33:24.324 DEBUG 7048 --- [main] mao.spring_boot_log.Log                  : hello
2022-04-10 20:33:24.324  INFO 7048 --- [main] mao.spring_boot_log.Log                  : hello
2022-04-10 20:33:24.324  WARN 7048 --- [main] mao.spring_boot_log.Log                  : hello
2022-04-10 20:33:24.325 ERROR 7048 --- [main] mao.spring_boot_log.Log                  : hello
2022-04-10 20:33:24.325 DEBUG 7048 --- [main] mao.spring_boot_log.Log                  : hello
2022-04-10 20:33:24.325  INFO 7048 --- [main] mao.spring_boot_log.Log                  : hello
2022-04-10 20:33:24.325  WARN 7048 --- [main] mao.spring_boot_log.Log                  : hello
2022-04-10 20:33:24.325 ERROR 7048 --- [main] mao.spring_boot_log.Log                  : hello
2022-04-10 20:33:24.325 DEBUG 7048 --- [main] mao.spring_boot_log.Log                  : hello
2022-04-10 20:33:24.325  INFO 7048 --- [main] mao.spring_boot_log.Log                  : hello
2022-04-10 20:33:24.325  WARN 7048 --- [main] mao.spring_boot_log.Log                  : hello
2022-04-10 20:33:24.325 ERROR 7048 --- [main] mao.spring_boot_log.Log                  : hello
2022-04-10 20:33:24.325 DEBUG 7048 --- [main] mao.spring_boot_log.Log                  : hello
2022-04-10 20:33:24.325  INFO 7048 --- [main] mao.spring_boot_log.Log                  : hello
2022-04-10 20:33:24.325  WARN 7048 --- [main] mao.spring_boot_log.Log                  : hello
2022-04-10 20:33:24.325 ERROR 7048 --- [main] mao.spring_boot_log.Log                  : hello
2022-04-10 20:33:24.325 DEBUG 7048 --- [main] mao.spring_boot_log.Log                  : hello
2022-04-10 20:33:24.325  INFO 7048 --- [main] mao.spring_boot_log.Log                  : hello
2022-04-10 20:33:24.325  WARN 7048 --- [main] mao.spring_boot_log.Log                  : hello
2022-04-10 20:33:24.325 ERROR 7048 --- [main] mao.spring_boot_log.Log                  : hello
2022-04-10 20:33:24.325 DEBUG 7048 --- [main] mao.spring_boot_log.Log                  : hello
2022-04-10 20:33:24.325  INFO 7048 --- [main] mao.spring_boot_log.Log                  : hello
2022-04-10 20:33:24.325  WARN 7048 --- [main] mao.spring_boot_log.Log                  : hello
2022-04-10 20:33:24.325 ERROR 7048 --- [main] mao.spring_boot_log.Log                  : hello
2022-04-10 20:33:24.325 DEBUG 7048 --- [main] mao.spring_boot_log.Log                  : hello
2022-04-10 20:33:24.325  INFO 7048 --- [main] mao.spring_boot_log.Log                  : hello
2022-04-10 20:33:24.325  WARN 7048 --- [main] mao.spring_boot_log.Log                  : hello
2022-04-10 20:33:24.325 ERROR 7048 --- [main] mao.spring_boot_log.Log                  : hello
2022-04-10 20:33:24.325 DEBUG 7048 --- [main] mao.spring_boot_log.Log                  : hello
2022-04-10 20:33:24.326  INFO 7048 --- [main] mao.spring_boot_log.Log                  : hello
2022-04-10 20:33:24.326  WARN 7048 --- [main] mao.spring_boot_log.Log                  : hello
2022-04-10 20:33:24.326 ERROR 7048 --- [main] mao.spring_boot_log.Log                  : hello
2022-04-10 20:33:24.326 DEBUG 7048 --- [main] mao.spring_boot_log.Log                  : hello
2022-04-10 20:33:24.326  INFO 7048 --- [main] mao.spring_boot_log.Log                  : hello
2022-04-10 20:33:24.326  WARN 7048 --- [main] mao.spring_boot_log.Log                  : hello
2022-04-10 20:33:24.326 ERROR 7048 --- [main] mao.spring_boot_log.Log                  : hello
2022-04-10 20:33:24.326 DEBUG 7048 --- [main] mao.spring_boot_log.Log                  : hello
2022-04-10 20:33:24.326  INFO 7048 --- [main] mao.spring_boot_log.Log                  : hello
2022-04-10 20:33:24.326  WARN 7048 --- [main] mao.spring_boot_log.Log                  : hello
2022-04-10 20:33:24.326 ERROR 7048 --- [main] mao.spring_boot_log.Log                  : hello
2022-04-10 20:33:24.326 DEBUG 7048 --- [main] mao.spring_boot_log.Log                  : hello
2022-04-10 20:33:24.326  INFO 7048 --- [main] mao.spring_boot_log.Log                  : hello
2022-04-10 20:33:24.326  WARN 7048 --- [main] mao.spring_boot_log.Log                  : hello
2022-04-10 20:33:24.326 ERROR 7048 --- [main] mao.spring_boot_log.Log                  : hello
2022-04-10 20:33:24.326 DEBUG 7048 --- [main] mao.spring_boot_log.Log                  : hello
2022-04-10 20:33:24.326  INFO 7048 --- [main] mao.spring_boot_log.Log                  : hello
2022-04-10 20:33:24.326  WARN 7048 --- [main] mao.spring_boot_log.Log                  : hello
2022-04-10 20:33:24.326 ERROR 7048 --- [main] mao.spring_boot_log.Log                  : hello
2022-04-10 20:33:24.326 DEBUG 7048 --- [main] mao.spring_boot_log.Log                  : hello
2022-04-10 20:33:24.326  INFO 7048 --- [main] mao.spring_boot_log.Log                  : hello
2022-04-10 20:33:24.326  WARN 7048 --- [main] mao.spring_boot_log.Log                  : hello
2022-04-10 20:33:24.326 ERROR 7048 --- [main] mao.spring_boot_log.Log                  : hello
2022-04-10 20:33:24.326 DEBUG 7048 --- [main] mao.spring_boot_log.Log                  : hello
2022-04-10 20:33:24.326  INFO 7048 --- [main] mao.spring_boot_log.Log                  : hello
2022-04-10 20:33:24.326  WARN 7048 --- [main] mao.spring_boot_log.Log                  : hello
2022-04-10 20:33:24.326 ERROR 7048 --- [main] mao.spring_boot_log.Log                  : hello
2022-04-10 20:33:24.326 DEBUG 7048 --- [main] mao.spring_boot_log.Log                  : hello
2022-04-10 20:33:24.326  INFO 7048 --- [main] mao.spring_boot_log.Log                  : hello
2022-04-10 20:33:24.326  WARN 7048 --- [main] mao.spring_boot_log.Log                  : hello
2022-04-10 20:33:24.326 ERROR 7048 --- [main] mao.spring_boot_log.Log                  : hello
2022-04-10 20:33:24.326 DEBUG 7048 --- [main] mao.spring_boot_log.Log                  : hello
2022-04-10 20:33:24.326  INFO 7048 --- [main] mao.spring_boot_log.Log                  : hello
2022-04-10 20:33:24.326  WARN 7048 --- [main] mao.spring_boot_log.Log                  : hello
2022-04-10 20:33:24.326 ERROR 7048 --- [main] mao.spring_boot_log.Log                  : hello
2022-04-10 20:33:24.326 DEBUG 7048 --- [main] mao.spring_boot_log.Log                  : hello
2022-04-10 20:33:24.327  INFO 7048 --- [main] mao.spring_boot_log.Log                  : hello
2022-04-10 20:33:24.327  WARN 7048 --- [main] mao.spring_boot_log.Log                  : hello
2022-04-10 20:33:24.327 ERROR 7048 --- [main] mao.spring_boot_log.Log                  : hello
2022-04-10 20:33:24.327 DEBUG 7048 --- [main] mao.spring_boot_log.Log                  : hello
2022-04-10 20:33:24.327  INFO 7048 --- [main] mao.spring_boot_log.Log                  : hello
2022-04-10 20:33:24.327  WARN 7048 --- [main] mao.spring_boot_log.Log                  : hello
2022-04-10 20:33:24.327 ERROR 7048 --- [main] mao.spring_boot_log.Log                  : hello
2022-04-10 20:33:24.327 DEBUG 7048 --- [main] mao.spring_boot_log.Log                  : hello
2022-04-10 20:33:24.327  INFO 7048 --- [main] mao.spring_boot_log.Log                  : hello
2022-04-10 20:33:24.327  WARN 7048 --- [main] mao.spring_boot_log.Log                  : hello
2022-04-10 20:33:24.327 ERROR 7048 --- [main] mao.spring_boot_log.Log                  : hello
2022-04-10 20:33:24.327 DEBUG 7048 --- [main] mao.spring_boot_log.Log                  : hello
2022-04-10 20:33:24.327  INFO 7048 --- [main] mao.spring_boot_log.Log                  : hello
2022-04-10 20:33:24.327  WARN 7048 --- [main] mao.spring_boot_log.Log                  : hello
2022-04-10 20:33:24.327 ERROR 7048 --- [main] mao.spring_boot_log.Log                  : hello
2022-04-10 20:33:24.327 DEBUG 7048 --- [main] mao.spring_boot_log.Log                  : hello
2022-04-10 20:33:24.327  INFO 7048 --- [main] mao.spring_boot_log.Log                  : hello
2022-04-10 20:33:24.327  WARN 7048 --- [main] mao.spring_boot_log.Log                  : hello
2022-04-10 20:33:24.327 ERROR 7048 --- [main] mao.spring_boot_log.Log                  : hello
2022-04-10 20:33:24.327 DEBUG 7048 --- [main] mao.spring_boot_log.Log                  : hello
2022-04-10 20:33:24.327  INFO 7048 --- [main] mao.spring_boot_log.Log                  : hello
2022-04-10 20:33:24.327  WARN 7048 --- [main] mao.spring_boot_log.Log                  : hello
2022-04-10 20:33:24.327 ERROR 7048 --- [main] mao.spring_boot_log.Log                  : hello
2022-04-10 20:33:24.327 DEBUG 7048 --- [main] mao.spring_boot_log.Log                  : hello
2022-04-10 20:33:24.327  INFO 7048 --- [main] mao.spring_boot_log.Log                  : hello
2022-04-10 20:33:24.327  WARN 7048 --- [main] mao.spring_boot_log.Log                  : hello
2022-04-10 20:33:24.327 ERROR 7048 --- [main] mao.spring_boot_log.Log                  : hello
2022-04-10 20:33:24.327 DEBUG 7048 --- [main] mao.spring_boot_log.Log                  : hello
2022-04-10 20:33:24.327  INFO 7048 --- [main] mao.spring_boot_log.Log                  : hello
2022-04-10 20:33:24.327  WARN 7048 --- [main] mao.spring_boot_log.Log                  : hello
2022-04-10 20:33:24.327 ERROR 7048 --- [main] mao.spring_boot_log.Log                  : hello
2022-04-10 20:33:24.327 DEBUG 7048 --- [main] mao.spring_boot_log.Log                  : hello
2022-04-10 20:33:24.327  INFO 7048 --- [main] mao.spring_boot_log.Log                  : hello
2022-04-10 20:33:24.327  WARN 7048 --- [main] mao.spring_boot_log.Log                  : hello
2022-04-10 20:33:24.327 ERROR 7048 --- [main] mao.spring_boot_log.Log                  : hello
2022-04-10 20:33:24.327 DEBUG 7048 --- [main] mao.spring_boot_log.Log                  : hello
2022-04-10 20:33:24.327  INFO 7048 --- [main] mao.spring_boot_log.Log                  : hello
2022-04-10 20:33:24.328  WARN 7048 --- [main] mao.spring_boot_log.Log                  : hello
2022-04-10 20:33:24.328 ERROR 7048 --- [main] mao.spring_boot_log.Log                  : hello
2022-04-10 20:33:24.328 DEBUG 7048 --- [main] mao.spring_boot_log.Log                  : hello
2022-04-10 20:33:24.328  INFO 7048 --- [main] mao.spring_boot_log.Log                  : hello
2022-04-10 20:33:24.328  WARN 7048 --- [main] mao.spring_boot_log.Log                  : hello
2022-04-10 20:33:24.328 ERROR 7048 --- [main] mao.spring_boot_log.Log                  : hello
2022-04-10 20:33:24.328 DEBUG 7048 --- [main] mao.spring_boot_log.Log                  : hello
2022-04-10 20:33:24.328  INFO 7048 --- [main] mao.spring_boot_log.Log                  : hello
2022-04-10 20:33:24.328  WARN 7048 --- [main] mao.spring_boot_log.Log                  : hello
2022-04-10 20:33:24.328 ERROR 7048 --- [main] mao.spring_boot_log.Log                  : hello
2022-04-10 20:33:24.328 DEBUG 7048 --- [main] mao.spring_boot_log.Log                  : hello
2022-04-10 20:33:24.328  INFO 7048 --- [main] mao.spring_boot_log.Log                  : hello
2022-04-10 20:33:24.328  WARN 7048 --- [main] mao.spring_boot_log.Log                  : hello
2022-04-10 20:33:24.328 ERROR 7048 --- [main] mao.spring_boot_log.Log                  : hello
2022-04-10 20:33:24.328 DEBUG 7048 --- [main] mao.spring_boot_log.Log                  : hello
2022-04-10 20:33:24.328  INFO 7048 --- [main] mao.spring_boot_log.Log                  : hello
2022-04-10 20:33:24.328  WARN 7048 --- [main] mao.spring_boot_log.Log                  : hello
2022-04-10 20:33:24.328 ERROR 7048 --- [main] mao.spring_boot_log.Log                  : hello
2022-04-10 20:33:24.328 DEBUG 7048 --- [main] mao.spring_boot_log.Log                  : hello
2022-04-10 20:33:24.328  INFO 7048 --- [main] mao.spring_boot_log.Log                  : hello
2022-04-10 20:33:24.328  WARN 7048 --- [main] mao.spring_boot_log.Log                  : hello
2022-04-10 20:33:24.328 ERROR 7048 --- [main] mao.spring_boot_log.Log                  : hello
2022-04-10 20:33:24.328 DEBUG 7048 --- [main] mao.spring_boot_log.Log                  : hello
2022-04-10 20:33:24.328  INFO 7048 --- [main] mao.spring_boot_log.Log                  : hello
2022-04-10 20:33:24.328  WARN 7048 --- [main] mao.spring_boot_log.Log                  : hello
2022-04-10 20:33:24.328 ERROR 7048 --- [main] mao.spring_boot_log.Log                  : hello
2022-04-10 20:33:24.328 DEBUG 7048 --- [main] mao.spring_boot_log.Log                  : hello
2022-04-10 20:33:24.328  INFO 7048 --- [main] mao.spring_boot_log.Log                  : hello
2022-04-10 20:33:24.328  WARN 7048 --- [main] mao.spring_boot_log.Log                  : hello
2022-04-10 20:33:24.328 ERROR 7048 --- [main] mao.spring_boot_log.Log                  : hello
2022-04-10 20:33:24.328 DEBUG 7048 --- [main] mao.spring_boot_log.Log                  : hello
2022-04-10 20:33:24.328  INFO 7048 --- [main] mao.spring_boot_log.Log                  : hello
2022-04-10 20:33:24.328  WARN 7048 --- [main] mao.spring_boot_log.Log                  : hello
2022-04-10 20:33:24.328 ERROR 7048 --- [main] mao.spring_boot_log.Log                  : hello
2022-04-10 20:33:24.328 DEBUG 7048 --- [main] mao.spring_boot_log.Log                  : hello
2022-04-10 20:33:24.328  INFO 7048 --- [main] mao.spring_boot_log.Log                  : hello
2022-04-10 20:33:24.328  WARN 7048 --- [main] mao.spring_boot_log.Log                  : hello
2022-04-10 20:33:24.328 ERROR 7048 --- [main] mao.spring_boot_log.Log                  : hello
2022-04-10 20:33:24.329 DEBUG 7048 --- [main] mao.spring_boot_log.Log                  : hello
2022-04-10 20:33:24.329  INFO 7048 --- [main] mao.spring_boot_log.Log                  : hello
2022-04-10 20:33:24.329  WARN 7048 --- [main] mao.spring_boot_log.Log                  : hello
2022-04-10 20:33:24.329 ERROR 7048 --- [main] mao.spring_boot_log.Log                  : hello
2022-04-10 20:33:24.329 DEBUG 7048 --- [main] mao.spring_boot_log.Log                  : hello
2022-04-10 20:33:24.329  INFO 7048 --- [main] mao.spring_boot_log.Log                  : hello
2022-04-10 20:33:24.329  WARN 7048 --- [main] mao.spring_boot_log.Log                  : hello
2022-04-10 20:33:24.329 ERROR 7048 --- [main] mao.spring_boot_log.Log                  : hello
2022-04-10 20:33:24.329 DEBUG 7048 --- [main] mao.spring_boot_log.Log                  : hello
2022-04-10 20:33:24.329  INFO 7048 --- [main] mao.spring_boot_log.Log                  : hello
2022-04-10 20:33:24.329  WARN 7048 --- [main] mao.spring_boot_log.Log                  : hello
2022-04-10 20:33:24.329 ERROR 7048 --- [main] mao.spring_boot_log.Log                  : hello
2022-04-10 20:33:24.329 DEBUG 7048 --- [main] mao.spring_boot_log.Log                  : hello
2022-04-10 20:33:24.329  INFO 7048 --- [main] mao.spring_boot_log.Log                  : hello
2022-04-10 20:33:24.329  WARN 7048 --- [main] mao.spring_boot_log.Log                  : hello
2022-04-10 20:33:24.329 ERROR 7048 --- [main] mao.spring_boot_log.Log                  : hello
2022-04-10 20:33:24.329 DEBUG 7048 --- [main] mao.spring_boot_log.Log                  : hello
2022-04-10 20:33:24.329  INFO 7048 --- [main] mao.spring_boot_log.Log                  : hello
2022-04-10 20:33:24.329  WARN 7048 --- [main] mao.spring_boot_log.Log                  : hello
2022-04-10 20:33:24.329 ERROR 7048 --- [main] mao.spring_boot_log.Log                  : hello
2022-04-10 20:33:24.329 DEBUG 7048 --- [main] mao.spring_boot_log.Log                  : hello
2022-04-10 20:33:24.329  INFO 7048 --- [main] mao.spring_boot_log.Log                  : hello
2022-04-10 20:33:24.329  WARN 7048 --- [main] mao.spring_boot_log.Log                  : hello
2022-04-10 20:33:24.329 ERROR 7048 --- [main] mao.spring_boot_log.Log                  : hello
2022-04-10 20:33:24.329 DEBUG 7048 --- [main] mao.spring_boot_log.Log                  : hello
2022-04-10 20:33:24.329  INFO 7048 --- [main] mao.spring_boot_log.Log                  : hello
2022-04-10 20:33:24.329  WARN 7048 --- [main] mao.spring_boot_log.Log                  : hello
2022-04-10 20:33:24.329 ERROR 7048 --- [main] mao.spring_boot_log.Log                  : hello
2022-04-10 20:33:24.329 DEBUG 7048 --- [main] mao.spring_boot_log.Log                  : hello
2022-04-10 20:33:24.329  INFO 7048 --- [main] mao.spring_boot_log.Log                  : hello
2022-04-10 20:33:24.329  WARN 7048 --- [main] mao.spring_boot_log.Log                  : hello
2022-04-10 20:33:24.329 ERROR 7048 --- [main] mao.spring_boot_log.Log                  : hello
2022-04-10 20:33:24.329 DEBUG 7048 --- [main] mao.spring_boot_log.Log                  : hello
2022-04-10 20:33:24.329  INFO 7048 --- [main] mao.spring_boot_log.Log                  : hello
2022-04-10 20:33:24.329  WARN 7048 --- [main] mao.spring_boot_log.Log                  : hello
2022-04-10 20:33:24.329 ERROR 7048 --- [main] mao.spring_boot_log.Log                  : hello
2022-04-10 20:33:24.329 DEBUG 7048 --- [main] mao.spring_boot_log.Log                  : hello
2022-04-10 20:33:24.329  INFO 7048 --- [main] mao.spring_boot_log.Log                  : hello
2022-04-10 20:33:24.329  WARN 7048 --- [main] mao.spring_boot_log.Log                  : hello
2022-04-10 20:33:24.329 ERROR 7048 --- [main] mao.spring_boot_log.Log                  : hello
2022-04-10 20:33:24.329 DEBUG 7048 --- [main] mao.spring_boot_log.Log                  : hello
2022-04-10 20:33:24.329  INFO 7048 --- [main] mao.spring_boot_log.Log                  : hello
2022-04-10 20:33:24.329  WARN 7048 --- [main] mao.spring_boot_log.Log                  : hello
2022-04-10 20:33:24.329 ERROR 7048 --- [main] mao.spring_boot_log.Log                  : hello
2022-04-10 20:33:24.329 DEBUG 7048 --- [main] mao.spring_boot_log.Log                  : hello
2022-04-10 20:33:24.329  INFO 7048 --- [main] mao.spring_boot_log.Log                  : hello
2022-04-10 20:33:24.329  WARN 7048 --- [main] mao.spring_boot_log.Log                  : hello
2022-04-10 20:33:24.329 ERROR 7048 --- [main] mao.spring_boot_log.Log                  : hello
2022-04-10 20:33:24.330 DEBUG 7048 --- [main] mao.spring_boot_log.Log                  : hello
2022-04-10 20:33:24.330  INFO 7048 --- [main] mao.spring_boot_log.Log                  : hello
2022-04-10 20:33:24.330  WARN 7048 --- [main] mao.spring_boot_log.Log                  : hello
2022-04-10 20:33:24.330 ERROR 7048 --- [main] mao.spring_boot_log.Log                  : hello
2022-04-10 20:33:24.330 DEBUG 7048 --- [main] mao.spring_boot_log.Log                  : hello
2022-04-10 20:33:24.330  INFO 7048 --- [main] mao.spring_boot_log.Log                  : hello
2022-04-10 20:33:24.330  WARN 7048 --- [main] mao.spring_boot_log.Log                  : hello
2022-04-10 20:33:24.330 ERROR 7048 --- [main] mao.spring_boot_log.Log                  : hello
2022-04-10 20:33:24.330 DEBUG 7048 --- [main] mao.spring_boot_log.Log                  : hello
2022-04-10 20:33:24.330  INFO 7048 --- [main] mao.spring_boot_log.Log                  : hello
2022-04-10 20:33:24.330  WARN 7048 --- [main] mao.spring_boot_log.Log                  : hello
2022-04-10 20:33:24.330 ERROR 7048 --- [main] mao.spring_boot_log.Log                  : hello
2022-04-10 20:33:24.330 DEBUG 7048 --- [main] mao.spring_boot_log.Log                  : hello
2022-04-10 20:33:24.330  INFO 7048 --- [main] mao.spring_boot_log.Log                  : hello
2022-04-10 20:33:24.330  WARN 7048 --- [main] mao.spring_boot_log.Log                  : hello
2022-04-10 20:33:24.330 ERROR 7048 --- [main] mao.spring_boot_log.Log                  : hello
2022-04-10 20:33:24.330 DEBUG 7048 --- [main] mao.spring_boot_log.Log                  : hello
2022-04-10 20:33:24.330  INFO 7048 --- [main] mao.spring_boot_log.Log                  : hello
2022-04-10 20:33:24.330  WARN 7048 --- [main] mao.spring_boot_log.Log                  : hello
2022-04-10 20:33:24.330 ERROR 7048 --- [main] mao.spring_boot_log.Log                  : hello
2022-04-10 20:33:24.330 DEBUG 7048 --- [main] mao.spring_boot_log.Log                  : hello
2022-04-10 20:33:24.330  INFO 7048 --- [main] mao.spring_boot_log.Log                  : hello
2022-04-10 20:33:24.330  WARN 7048 --- [main] mao.spring_boot_log.Log                  : hello
2022-04-10 20:33:24.330 ERROR 7048 --- [main] mao.spring_boot_log.Log                  : hello
2022-04-10 20:33:24.330 DEBUG 7048 --- [main] mao.spring_boot_log.Log                  : hello
2022-04-10 20:33:24.330  INFO 7048 --- [main] mao.spring_boot_log.Log                  : hello
2022-04-10 20:33:24.330  WARN 7048 --- [main] mao.spring_boot_log.Log                  : hello
2022-04-10 20:33:24.330 ERROR 7048 --- [main] mao.spring_boot_log.Log                  : hello
2022-04-10 20:33:24.330 DEBUG 7048 --- [main] mao.spring_boot_log.Log                  : hello
2022-04-10 20:33:24.330  INFO 7048 --- [main] mao.spring_boot_log.Log                  : hello
2022-04-10 20:33:24.330  WARN 7048 --- [main] mao.spring_boot_log.Log                  : hello
2022-04-10 20:33:24.330 ERROR 7048 --- [main] mao.spring_boot_log.Log                  : hello
2022-04-10 20:33:24.330 DEBUG 7048 --- [main] mao.spring_boot_log.Log                  : hello
2022-04-10 20:33:24.330  INFO 7048 --- [main] mao.spring_boot_log.Log                  : hello
2022-04-10 20:33:24.330  WARN 7048 --- [main] mao.spring_boot_log.Log                  : hello
2022-04-10 20:33:24.330 ERROR 7048 --- [main] mao.spring_boot_log.Log                  : hello
2022-04-10 20:33:24.330 DEBUG 7048 --- [main] mao.spring_boot_log.Log                  : hello
2022-04-10 20:33:24.330  INFO 7048 --- [main] mao.spring_boot_log.Log                  : hello
2022-04-10 20:33:24.330  WARN 7048 --- [main] mao.spring_boot_log.Log                  : hello
2022-04-10 20:33:24.330 ERROR 7048 --- [main] mao.spring_boot_log.Log                  : hello
2022-04-10 20:33:24.330 DEBUG 7048 --- [main] mao.spring_boot_log.Log                  : hello
2022-04-10 20:33:24.330  INFO 7048 --- [main] mao.spring_boot_log.Log                  : hello
2022-04-10 20:33:24.330  WARN 7048 --- [main] mao.spring_boot_log.Log                  : hello
2022-04-10 20:33:24.331 ERROR 7048 --- [main] mao.spring_boot_log.Log                  : hello
2022-04-10 20:33:24.331 DEBUG 7048 --- [main] mao.spring_boot_log.Log                  : hello
2022-04-10 20:33:24.331  INFO 7048 --- [main] mao.spring_boot_log.Log                  : hello
2022-04-10 20:33:24.331  WARN 7048 --- [main] mao.spring_boot_log.Log                  : hello
2022-04-10 20:33:24.331 ERROR 7048 --- [main] mao.spring_boot_log.Log                  : hello
2022-04-10 20:33:24.331 DEBUG 7048 --- [main] mao.spring_boot_log.Log                  : hello
2022-04-10 20:33:24.331  INFO 7048 --- [main] mao.spring_boot_log.Log                  : hello
2022-04-10 20:33:24.331  WARN 7048 --- [main] mao.spring_boot_log.Log                  : hello
2022-04-10 20:33:24.331 ERROR 7048 --- [main] mao.spring_boot_log.Log                  : hello
2022-04-10 20:33:24.331 DEBUG 7048 --- [main] mao.spring_boot_log.Log                  : hello
2022-04-10 20:33:24.331  INFO 7048 --- [main] mao.spring_boot_log.Log                  : hello
2022-04-10 20:33:24.331  WARN 7048 --- [main] mao.spring_boot_log.Log                  : hello
2022-04-10 20:33:24.331 ERROR 7048 --- [main] mao.spring_boot_log.Log                  : hello
2022-04-10 20:33:24.331 DEBUG 7048 --- [main] mao.spring_boot_log.Log                  : hello
2022-04-10 20:33:24.331  INFO 7048 --- [main] mao.spring_boot_log.Log                  : hello
2022-04-10 20:33:24.331  WARN 7048 --- [main] mao.spring_boot_log.Log                  : hello
2022-04-10 20:33:24.331 ERROR 7048 --- [main] mao.spring_boot_log.Log                  : hello
2022-04-10 20:33:24.331 DEBUG 7048 --- [main] mao.spring_boot_log.Log                  : hello
2022-04-10 20:33:24.331  INFO 7048 --- [main] mao.spring_boot_log.Log                  : hello
2022-04-10 20:33:24.331  WARN 7048 --- [main] mao.spring_boot_log.Log                  : hello
2022-04-10 20:33:24.331 ERROR 7048 --- [main] mao.spring_boot_log.Log                  : hello
2022-04-10 20:33:24.331 DEBUG 7048 --- [main] mao.spring_boot_log.Log                  : hello
2022-04-10 20:33:24.331  INFO 7048 --- [main] mao.spring_boot_log.Log                  : hello
2022-04-10 20:33:24.331  WARN 7048 --- [main] mao.spring_boot_log.Log                  : hello
2022-04-10 20:33:24.331 ERROR 7048 --- [main] mao.spring_boot_log.Log                  : hello
2022-04-10 20:33:24.331 DEBUG 7048 --- [main] mao.spring_boot_log.Log                  : hello
2022-04-10 20:33:24.331  INFO 7048 --- [main] mao.spring_boot_log.Log                  : hello
2022-04-10 20:33:24.331  WARN 7048 --- [main] mao.spring_boot_log.Log                  : hello
2022-04-10 20:33:24.331 ERROR 7048 --- [main] mao.spring_boot_log.Log                  : hello
2022-04-10 20:33:24.331 DEBUG 7048 --- [main] mao.spring_boot_log.Log                  : hello
2022-04-10 20:33:24.331  INFO 7048 --- [main] mao.spring_boot_log.Log                  : hello
2022-04-10 20:33:24.331  WARN 7048 --- [main] mao.spring_boot_log.Log                  : hello
2022-04-10 20:33:24.331 ERROR 7048 --- [main] mao.spring_boot_log.Log                  : hello
2022-04-10 20:33:24.331 DEBUG 7048 --- [main] mao.spring_boot_log.Log                  : hello
2022-04-10 20:33:24.331  INFO 7048 --- [main] mao.spring_boot_log.Log                  : hello
2022-04-10 20:33:24.331  WARN 7048 --- [main] mao.spring_boot_log.Log                  : hello
2022-04-10 20:33:24.331 ERROR 7048 --- [main] mao.spring_boot_log.Log                  : hello
2022-04-10 20:33:24.331 DEBUG 7048 --- [main] mao.spring_boot_log.Log                  : hello
2022-04-10 20:33:24.331  INFO 7048 --- [main] mao.spring_boot_log.Log                  : hello
2022-04-10 20:33:24.331  WARN 7048 --- [main] mao.spring_boot_log.Log                  : hello
2022-04-10 20:33:24.331 ERROR 7048 --- [main] mao.spring_boot_log.Log                  : hello
2022-04-10 20:33:24.331 DEBUG 7048 --- [main] mao.spring_boot_log.Log                  : hello
2022-04-10 20:33:24.331  INFO 7048 --- [main] mao.spring_boot_log.Log                  : hello
2022-04-10 20:33:24.332  WARN 7048 --- [main] mao.spring_boot_log.Log                  : hello
2022-04-10 20:33:24.332 ERROR 7048 --- [main] mao.spring_boot_log.Log                  : hello
2022-04-10 20:33:24.332 DEBUG 7048 --- [main] mao.spring_boot_log.Log                  : hello
2022-04-10 20:33:24.332  INFO 7048 --- [main] mao.spring_boot_log.Log                  : hello
2022-04-10 20:33:24.332  WARN 7048 --- [main] mao.spring_boot_log.Log                  : hello
2022-04-10 20:33:24.332 ERROR 7048 --- [main] mao.spring_boot_log.Log                  : hello
2022-04-10 20:33:24.332 DEBUG 7048 --- [main] mao.spring_boot_log.Log                  : hello
2022-04-10 20:33:24.332  INFO 7048 --- [main] mao.spring_boot_log.Log                  : hello
2022-04-10 20:33:24.332  WARN 7048 --- [main] mao.spring_boot_log.Log                  : hello
2022-04-10 20:33:24.332 ERROR 7048 --- [main] mao.spring_boot_log.Log                  : hello
2022-04-10 20:33:24.332 DEBUG 7048 --- [main] mao.spring_boot_log.Log                  : hello
2022-04-10 20:33:24.332  INFO 7048 --- [main] mao.spring_boot_log.Log                  : hello
2022-04-10 20:33:24.332  WARN 7048 --- [main] mao.spring_boot_log.Log                  : hello
2022-04-10 20:33:24.332 ERROR 7048 --- [main] mao.spring_boot_log.Log                  : hello
2022-04-10 20:33:24.332 DEBUG 7048 --- [main] mao.spring_boot_log.Log                  : hello
2022-04-10 20:33:24.332  INFO 7048 --- [main] mao.spring_boot_log.Log                  : hello
2022-04-10 20:33:24.332  WARN 7048 --- [main] mao.spring_boot_log.Log                  : hello
2022-04-10 20:33:24.332 ERROR 7048 --- [main] mao.spring_boot_log.Log                  : hello
2022-04-10 20:33:24.332 DEBUG 7048 --- [main] mao.spring_boot_log.Log                  : hello
2022-04-10 20:33:24.332  INFO 7048 --- [main] mao.spring_boot_log.Log                  : hello
2022-04-10 20:33:24.332  WARN 7048 --- [main] mao.spring_boot_log.Log                  : hello
2022-04-10 20:33:24.332 ERROR 7048 --- [main] mao.spring_boot_log.Log                  : hello
2022-04-10 20:33:24.332 DEBUG 7048 --- [main] mao.spring_boot_log.Log                  : hello
2022-04-10 20:33:24.332  INFO 7048 --- [main] mao.spring_boot_log.Log                  : hello
2022-04-10 20:33:24.332  WARN 7048 --- [main] mao.spring_boot_log.Log                  : hello
2022-04-10 20:33:24.332 ERROR 7048 --- [main] mao.spring_boot_log.Log                  : hello
2022-04-10 20:33:24.332 DEBUG 7048 --- [main] mao.spring_boot_log.Log                  : hello
2022-04-10 20:33:24.332  INFO 7048 --- [main] mao.spring_boot_log.Log                  : hello
2022-04-10 20:33:24.332  WARN 7048 --- [main] mao.spring_boot_log.Log                  : hello
2022-04-10 20:33:24.332 ERROR 7048 --- [main] mao.spring_boot_log.Log                  : hello
2022-04-10 20:33:24.332 DEBUG 7048 --- [main] mao.spring_boot_log.Log                  : hello
2022-04-10 20:33:24.332  INFO 7048 --- [main] mao.spring_boot_log.Log                  : hello
2022-04-10 20:33:24.332  WARN 7048 --- [main] mao.spring_boot_log.Log                  : hello
2022-04-10 20:33:24.332 ERROR 7048 --- [main] mao.spring_boot_log.Log                  : hello
2022-04-10 20:33:24.332 DEBUG 7048 --- [main] mao.spring_boot_log.Log                  : hello
2022-04-10 20:33:24.332  INFO 7048 --- [main] mao.spring_boot_log.Log                  : hello
2022-04-10 20:33:24.332  WARN 7048 --- [main] mao.spring_boot_log.Log                  : hello
2022-04-10 20:33:24.332 ERROR 7048 --- [main] mao.spring_boot_log.Log                  : hello
2022-04-10 20:33:24.332 DEBUG 7048 --- [main] mao.spring_boot_log.Log                  : hello
2022-04-10 20:33:24.332  INFO 7048 --- [main] mao.spring_boot_log.Log                  : hello
2022-04-10 20:33:24.333  WARN 7048 --- [main] mao.spring_boot_log.Log                  : hello
2022-04-10 20:33:24.333 ERROR 7048 --- [main] mao.spring_boot_log.Log                  : hello
2022-04-10 20:33:24.333 DEBUG 7048 --- [main] mao.spring_boot_log.Log                  : hello
2022-04-10 20:33:24.333  INFO 7048 --- [main] mao.spring_boot_log.Log                  : hello
2022-04-10 20:33:24.333  WARN 7048 --- [main] mao.spring_boot_log.Log                  : hello
2022-04-10 20:33:24.333 ERROR 7048 --- [main] mao.spring_boot_log.Log                  : hello
2022-04-10 20:33:24.333 DEBUG 7048 --- [main] mao.spring_boot_log.Log                  : hello
2022-04-10 20:33:24.333  INFO 7048 --- [main] mao.spring_boot_log.Log                  : hello
2022-04-10 20:33:24.333  WARN 7048 --- [main] mao.spring_boot_log.Log                  : hello
2022-04-10 20:33:24.333 ERROR 7048 --- [main] mao.spring_boot_log.Log                  : hello
2022-04-10 20:33:24.333 DEBUG 7048 --- [main] mao.spring_boot_log.Log                  : hello
2022-04-10 20:33:24.333  INFO 7048 --- [main] mao.spring_boot_log.Log                  : hello
2022-04-10 20:33:24.333  WARN 7048 --- [main] mao.spring_boot_log.Log                  : hello
2022-04-10 20:33:24.333 ERROR 7048 --- [main] mao.spring_boot_log.Log                  : hello
2022-04-10 20:33:24.333 DEBUG 7048 --- [main] mao.spring_boot_log.Log                  : hello
2022-04-10 20:33:24.333  INFO 7048 --- [main] mao.spring_boot_log.Log                  : hello
2022-04-10 20:33:24.333  WARN 7048 --- [main] mao.spring_boot_log.Log                  : hello
2022-04-10 20:33:24.333 ERROR 7048 --- [main] mao.spring_boot_log.Log                  : hello
2022-04-10 20:33:24.333 DEBUG 7048 --- [main] mao.spring_boot_log.Log                  : hello
2022-04-10 20:33:24.333  INFO 7048 --- [main] mao.spring_boot_log.Log                  : hello
2022-04-10 20:33:24.333  WARN 7048 --- [main] mao.spring_boot_log.Log                  : hello
2022-04-10 20:33:24.333 ERROR 7048 --- [main] mao.spring_boot_log.Log                  : hello
2022-04-10 20:33:24.333 DEBUG 7048 --- [main] mao.spring_boot_log.Log                  : hello
2022-04-10 20:33:24.333  INFO 7048 --- [main] mao.spring_boot_log.Log                  : hello
2022-04-10 20:33:24.333  WARN 7048 --- [main] mao.spring_boot_log.Log                  : hello
2022-04-10 20:33:24.333 ERROR 7048 --- [main] mao.spring_boot_log.Log                  : hello
2022-04-10 20:33:24.333 DEBUG 7048 --- [main] mao.spring_boot_log.Log                  : hello
2022-04-10 20:33:24.333  INFO 7048 --- [main] mao.spring_boot_log.Log                  : hello
2022-04-10 20:33:24.333  WARN 7048 --- [main] mao.spring_boot_log.Log                  : hello
2022-04-10 20:33:24.333 ERROR 7048 --- [main] mao.spring_boot_log.Log                  : hello
2022-04-10 20:33:24.333 DEBUG 7048 --- [main] mao.spring_boot_log.Log                  : hello
2022-04-10 20:33:24.333  INFO 7048 --- [main] mao.spring_boot_log.Log                  : hello
2022-04-10 20:33:24.333  WARN 7048 --- [main] mao.spring_boot_log.Log                  : hello
2022-04-10 20:33:24.333 ERROR 7048 --- [main] mao.spring_boot_log.Log                  : hello
2022-04-10 20:33:24.333 DEBUG 7048 --- [main] mao.spring_boot_log.Log                  : hello
2022-04-10 20:33:24.333  INFO 7048 --- [main] mao.spring_boot_log.Log                  : hello
2022-04-10 20:33:24.333  WARN 7048 --- [main] mao.spring_boot_log.Log                  : hello
2022-04-10 20:33:24.333 ERROR 7048 --- [main] mao.spring_boot_log.Log                  : hello
2022-04-10 20:33:24.333 DEBUG 7048 --- [main] mao.spring_boot_log.Log                  : hello
2022-04-10 20:33:24.333  INFO 7048 --- [main] mao.spring_boot_log.Log                  : hello
2022-04-10 20:33:24.333  WARN 7048 --- [main] mao.spring_boot_log.Log                  : hello
2022-04-10 20:33:24.333 ERROR 7048 --- [main] mao.spring_boot_log.Log                  : hello
2022-04-10 20:33:24.333 DEBUG 7048 --- [main] mao.spring_boot_log.Log                  : hello
2022-04-10 20:33:24.333  INFO 7048 --- [main] mao.spring_boot_log.Log                  : hello
2022-04-10 20:33:24.334  WARN 7048 --- [main] mao.spring_boot_log.Log                  : hello
2022-04-10 20:33:24.334 ERROR 7048 --- [main] mao.spring_boot_log.Log                  : hello
2022-04-10 20:33:24.334 DEBUG 7048 --- [main] mao.spring_boot_log.Log                  : hello
2022-04-10 20:33:24.334  INFO 7048 --- [main] mao.spring_boot_log.Log                  : hello
2022-04-10 20:33:24.334  WARN 7048 --- [main] mao.spring_boot_log.Log                  : hello
2022-04-10 20:33:24.334 ERROR 7048 --- [main] mao.spring_boot_log.Log                  : hello
2022-04-10 20:33:24.334 DEBUG 7048 --- [main] mao.spring_boot_log.Log                  : hello
2022-04-10 20:33:24.334  INFO 7048 --- [main] mao.spring_boot_log.Log                  : hello
2022-04-10 20:33:24.334  WARN 7048 --- [main] mao.spring_boot_log.Log                  : hello
2022-04-10 20:33:24.334 ERROR 7048 --- [main] mao.spring_boot_log.Log                  : hello
2022-04-10 20:33:24.334 DEBUG 7048 --- [main] mao.spring_boot_log.Log                  : hello
2022-04-10 20:33:24.334  INFO 7048 --- [main] mao.spring_boot_log.Log                  : hello
2022-04-10 20:33:24.334  WARN 7048 --- [main] mao.spring_boot_log.Log                  : hello
2022-04-10 20:33:24.334 ERROR 7048 --- [main] mao.spring_boot_log.Log                  : hello
2022-04-10 20:33:24.334 DEBUG 7048 --- [main] mao.spring_boot_log.Log                  : hello
2022-04-10 20:33:24.334  INFO 7048 --- [main] mao.spring_boot_log.Log                  : hello
2022-04-10 20:33:24.334  WARN 7048 --- [main] mao.spring_boot_log.Log                  : hello
2022-04-10 20:33:24.334 ERROR 7048 --- [main] mao.spring_boot_log.Log                  : hello
2022-04-10 20:33:24.334 DEBUG 7048 --- [main] mao.spring_boot_log.Log                  : hello
2022-04-10 20:33:24.334  INFO 7048 --- [main] mao.spring_boot_log.Log                  : hello
2022-04-10 20:33:24.334  WARN 7048 --- [main] mao.spring_boot_log.Log                  : hello
2022-04-10 20:33:24.334 ERROR 7048 --- [main] mao.spring_boot_log.Log                  : hello
2022-04-10 20:33:24.334 DEBUG 7048 --- [main] mao.spring_boot_log.Log                  : hello
2022-04-10 20:33:24.334  INFO 7048 --- [main] mao.spring_boot_log.Log                  : hello
2022-04-10 20:33:24.334  WARN 7048 --- [main] mao.spring_boot_log.Log                  : hello
2022-04-10 20:33:24.334 ERROR 7048 --- [main] mao.spring_boot_log.Log                  : hello
2022-04-10 20:33:24.334 DEBUG 7048 --- [main] mao.spring_boot_log.Log                  : hello
2022-04-10 20:33:24.334  INFO 7048 --- [main] mao.spring_boot_log.Log                  : hello
2022-04-10 20:33:24.334  WARN 7048 --- [main] mao.spring_boot_log.Log                  : hello
2022-04-10 20:33:24.334 ERROR 7048 --- [main] mao.spring_boot_log.Log                  : hello
2022-04-10 20:33:24.334 DEBUG 7048 --- [main] mao.spring_boot_log.Log                  : hello
2022-04-10 20:33:24.334  INFO 7048 --- [main] mao.spring_boot_log.Log                  : hello
2022-04-10 20:33:24.334  WARN 7048 --- [main] mao.spring_boot_log.Log                  : hello
2022-04-10 20:33:24.334 ERROR 7048 --- [main] mao.spring_boot_log.Log                  : hello
2022-04-10 20:33:24.334 DEBUG 7048 --- [main] mao.spring_boot_log.Log                  : hello
2022-04-10 20:33:24.334  INFO 7048 --- [main] mao.spring_boot_log.Log                  : hello
2022-04-10 20:33:24.335  WARN 7048 --- [main] mao.spring_boot_log.Log                  : hello
2022-04-10 20:33:24.335 ERROR 7048 --- [main] mao.spring_boot_log.Log                  : hello
2022-04-10 20:33:24.335 DEBUG 7048 --- [main] mao.spring_boot_log.Log                  : hello
2022-04-10 20:33:24.335  INFO 7048 --- [main] mao.spring_boot_log.Log                  : hello
2022-04-10 20:33:24.335  WARN 7048 --- [main] mao.spring_boot_log.Log                  : hello
2022-04-10 20:33:24.335 ERROR 7048 --- [main] mao.spring_boot_log.Log                  : hello
2022-04-10 20:33:24.335 DEBUG 7048 --- [main] mao.spring_boot_log.Log                  : hello
2022-04-10 20:33:24.335  INFO 7048 --- [main] mao.spring_boot_log.Log                  : hello
2022-04-10 20:33:24.335  WARN 7048 --- [main] mao.spring_boot_log.Log                  : hello
2022-04-10 20:33:24.335 ERROR 7048 --- [main] mao.spring_boot_log.Log                  : hello
2022-04-10 20:33:24.335 DEBUG 7048 --- [main] mao.spring_boot_log.Log                  : hello
2022-04-10 20:33:24.335  INFO 7048 --- [main] mao.spring_boot_log.Log                  : hello
2022-04-10 20:33:24.335  WARN 7048 --- [main] mao.spring_boot_log.Log                  : hello
2022-04-10 20:33:24.335 ERROR 7048 --- [main] mao.spring_boot_log.Log                  : hello
2022-04-10 20:33:24.335 DEBUG 7048 --- [main] mao.spring_boot_log.Log                  : hello
2022-04-10 20:33:24.335  INFO 7048 --- [main] mao.spring_boot_log.Log                  : hello
2022-04-10 20:33:24.335  WARN 7048 --- [main] mao.spring_boot_log.Log                  : hello
2022-04-10 20:33:24.335 ERROR 7048 --- [main] mao.spring_boot_log.Log                  : hello
2022-04-10 20:33:24.335 DEBUG 7048 --- [main] mao.spring_boot_log.Log                  : hello
2022-04-10 20:33:24.335  INFO 7048 --- [main] mao.spring_boot_log.Log                  : hello
2022-04-10 20:33:24.335  WARN 7048 --- [main] mao.spring_boot_log.Log                  : hello
2022-04-10 20:33:24.335 ERROR 7048 --- [main] mao.spring_boot_log.Log                  : hello
2022-04-10 20:33:24.335 DEBUG 7048 --- [main] mao.spring_boot_log.Log                  : hello
2022-04-10 20:33:24.335  INFO 7048 --- [main] mao.spring_boot_log.Log                  : hello
2022-04-10 20:33:24.335  WARN 7048 --- [main] mao.spring_boot_log.Log                  : hello
2022-04-10 20:33:24.335 ERROR 7048 --- [main] mao.spring_boot_log.Log                  : hello
2022-04-10 20:33:24.335 DEBUG 7048 --- [main] mao.spring_boot_log.Log                  : hello
2022-04-10 20:33:24.335  INFO 7048 --- [main] mao.spring_boot_log.Log                  : hello
2022-04-10 20:33:24.335  WARN 7048 --- [main] mao.spring_boot_log.Log                  : hello
2022-04-10 20:33:24.335 ERROR 7048 --- [main] mao.spring_boot_log.Log                  : hello
2022-04-10 20:33:24.336 DEBUG 7048 --- [main] mao.spring_boot_log.Log                  : hello
2022-04-10 20:33:24.336  INFO 7048 --- [main] mao.spring_boot_log.Log                  : hello
2022-04-10 20:33:24.336  WARN 7048 --- [main] mao.spring_boot_log.Log                  : hello
2022-04-10 20:33:24.336 ERROR 7048 --- [main] mao.spring_boot_log.Log                  : hello
2022-04-10 20:33:24.336 DEBUG 7048 --- [main] mao.spring_boot_log.Log                  : hello
2022-04-10 20:33:24.336  INFO 7048 --- [main] mao.spring_boot_log.Log                  : hello
2022-04-10 20:33:24.336  WARN 7048 --- [main] mao.spring_boot_log.Log                  : hello
2022-04-10 20:33:24.336 ERROR 7048 --- [main] mao.spring_boot_log.Log                  : hello
2022-04-10 20:33:24.336 DEBUG 7048 --- [main] mao.spring_boot_log.Log                  : hello
2022-04-10 20:33:24.336  INFO 7048 --- [main] mao.spring_boot_log.Log                  : hello
2022-04-10 20:33:24.336  WARN 7048 --- [main] mao.spring_boot_log.Log                  : hello
2022-04-10 20:33:24.336 ERROR 7048 --- [main] mao.spring_boot_log.Log                  : hello
2022-04-10 20:33:24.336 DEBUG 7048 --- [main] mao.spring_boot_log.Log                  : hello
2022-04-10 20:33:24.336  INFO 7048 --- [main] mao.spring_boot_log.Log                  : hello
2022-04-10 20:33:24.336  WARN 7048 --- [main] mao.spring_boot_log.Log                  : hello
2022-04-10 20:33:24.336 ERROR 7048 --- [main] mao.spring_boot_log.Log                  : hello
2022-04-10 20:33:24.336 DEBUG 7048 --- [main] mao.spring_boot_log.Log                  : hello
2022-04-10 20:33:24.336  INFO 7048 --- [main] mao.spring_boot_log.Log                  : hello
2022-04-10 20:33:24.336  WARN 7048 --- [main] mao.spring_boot_log.Log                  : hello
2022-04-10 20:33:24.336 ERROR 7048 --- [main] mao.spring_boot_log.Log                  : hello
2022-04-10 20:33:24.336 DEBUG 7048 --- [main] mao.spring_boot_log.Log                  : hello
2022-04-10 20:33:24.336  INFO 7048 --- [main] mao.spring_boot_log.Log                  : hello
2022-04-10 20:33:24.336  WARN 7048 --- [main] mao.spring_boot_log.Log                  : hello
2022-04-10 20:33:24.336 ERROR 7048 --- [main] mao.spring_boot_log.Log                  : hello
2022-04-10 20:33:24.336 DEBUG 7048 --- [main] mao.spring_boot_log.Log                  : hello
2022-04-10 20:33:24.336  INFO 7048 --- [main] mao.spring_boot_log.Log                  : hello
2022-04-10 20:33:24.336  WARN 7048 --- [main] mao.spring_boot_log.Log                  : hello
2022-04-10 20:33:24.336 ERROR 7048 --- [main] mao.spring_boot_log.Log                  : hello
2022-04-10 20:33:24.336 DEBUG 7048 --- [main] mao.spring_boot_log.Log                  : hello
2022-04-10 20:33:24.337  INFO 7048 --- [main] mao.spring_boot_log.Log                  : hello
2022-04-10 20:33:24.337  WARN 7048 --- [main] mao.spring_boot_log.Log                  : hello
2022-04-10 20:33:24.337 ERROR 7048 --- [main] mao.spring_boot_log.Log                  : hello
2022-04-10 20:33:24.337 DEBUG 7048 --- [main] mao.spring_boot_log.Log                  : hello
2022-04-10 20:33:24.337  INFO 7048 --- [main] mao.spring_boot_log.Log                  : hello
2022-04-10 20:33:24.337  WARN 7048 --- [main] mao.spring_boot_log.Log                  : hello
2022-04-10 20:33:24.337 ERROR 7048 --- [main] mao.spring_boot_log.Log                  : hello
2022-04-10 20:33:24.337 DEBUG 7048 --- [main] mao.spring_boot_log.Log                  : hello
2022-04-10 20:33:24.337  INFO 7048 --- [main] mao.spring_boot_log.Log                  : hello
2022-04-10 20:33:24.337  WARN 7048 --- [main] mao.spring_boot_log.Log                  : hello
2022-04-10 20:33:24.337 ERROR 7048 --- [main] mao.spring_boot_log.Log                  : hello
2022-04-10 20:33:24.337 DEBUG 7048 --- [main] mao.spring_boot_log.Log                  : hello
2022-04-10 20:33:24.337  INFO 7048 --- [main] mao.spring_boot_log.Log                  : hello
2022-04-10 20:33:24.337  WARN 7048 --- [main] mao.spring_boot_log.Log                  : hello
2022-04-10 20:33:24.337 ERROR 7048 --- [main] mao.spring_boot_log.Log                  : hello
2022-04-10 20:33:24.337 DEBUG 7048 --- [main] mao.spring_boot_log.Log                  : hello
2022-04-10 20:33:24.337  INFO 7048 --- [main] mao.spring_boot_log.Log                  : hello
2022-04-10 20:33:24.337  WARN 7048 --- [main] mao.spring_boot_log.Log                  : hello
2022-04-10 20:33:24.337 ERROR 7048 --- [main] mao.spring_boot_log.Log                  : hello
2022-04-10 20:33:24.337 DEBUG 7048 --- [main] mao.spring_boot_log.Log                  : hello
2022-04-10 20:33:24.337  INFO 7048 --- [main] mao.spring_boot_log.Log                  : hello
2022-04-10 20:33:24.337  WARN 7048 --- [main] mao.spring_boot_log.Log                  : hello
2022-04-10 20:33:24.337 ERROR 7048 --- [main] mao.spring_boot_log.Log                  : hello
2022-04-10 20:33:24.337 DEBUG 7048 --- [main] mao.spring_boot_log.Log                  : hello
2022-04-10 20:33:24.337  INFO 7048 --- [main] mao.spring_boot_log.Log                  : hello
2022-04-10 20:33:24.337  WARN 7048 --- [main] mao.spring_boot_log.Log                  : hello
2022-04-10 20:33:24.337 ERROR 7048 --- [main] mao.spring_boot_log.Log                  : hello
2022-04-10 20:33:24.337 DEBUG 7048 --- [main] mao.spring_boot_log.Log                  : hello
2022-04-10 20:33:24.337  INFO 7048 --- [main] mao.spring_boot_log.Log                  : hello
2022-04-10 20:33:24.337  WARN 7048 --- [main] mao.spring_boot_log.Log                  : hello
2022-04-10 20:33:24.337 ERROR 7048 --- [main] mao.spring_boot_log.Log                  : hello
2022-04-10 20:33:24.337 DEBUG 7048 --- [main] mao.spring_boot_log.Log                  : hello
2022-04-10 20:33:24.337  INFO 7048 --- [main] mao.spring_boot_log.Log                  : hello
2022-04-10 20:33:24.338  WARN 7048 --- [main] mao.spring_boot_log.Log                  : hello
2022-04-10 20:33:24.338 ERROR 7048 --- [main] mao.spring_boot_log.Log                  : hello
2022-04-10 20:33:24.338 DEBUG 7048 --- [main] mao.spring_boot_log.Log                  : hello
2022-04-10 20:33:24.338  INFO 7048 --- [main] mao.spring_boot_log.Log                  : hello
2022-04-10 20:33:24.338  WARN 7048 --- [main] mao.spring_boot_log.Log                  : hello
2022-04-10 20:33:24.338 ERROR 7048 --- [main] mao.spring_boot_log.Log                  : hello
2022-04-10 20:33:24.338 DEBUG 7048 --- [main] mao.spring_boot_log.Log                  : hello
2022-04-10 20:33:24.338  INFO 7048 --- [main] mao.spring_boot_log.Log                  : hello
2022-04-10 20:33:24.338  WARN 7048 --- [main] mao.spring_boot_log.Log                  : hello
2022-04-10 20:33:24.338 ERROR 7048 --- [main] mao.spring_boot_log.Log                  : hello
2022-04-10 20:33:24.338 DEBUG 7048 --- [main] mao.spring_boot_log.Log                  : hello
2022-04-10 20:33:24.338  INFO 7048 --- [main] mao.spring_boot_log.Log                  : hello
2022-04-10 20:33:24.338  WARN 7048 --- [main] mao.spring_boot_log.Log                  : hello
2022-04-10 20:33:24.339 ERROR 7048 --- [main] mao.spring_boot_log.Log                  : hello
2022-04-10 20:33:24.339 DEBUG 7048 --- [main] mao.spring_boot_log.Log                  : hello
2022-04-10 20:33:24.339  INFO 7048 --- [main] mao.spring_boot_log.Log                  : hello
2022-04-10 20:33:24.339  WARN 7048 --- [main] mao.spring_boot_log.Log                  : hello
2022-04-10 20:33:24.339 ERROR 7048 --- [main] mao.spring_boot_log.Log                  : hello
2022-04-10 20:33:24.339 DEBUG 7048 --- [main] mao.spring_boot_log.Log                  : hello
2022-04-10 20:33:24.339  INFO 7048 --- [main] mao.spring_boot_log.Log                  : hello
2022-04-10 20:33:24.339  WARN 7048 --- [main] mao.spring_boot_log.Log                  : hello
2022-04-10 20:33:24.339 ERROR 7048 --- [main] mao.spring_boot_log.Log                  : hello
2022-04-10 20:33:24.339 DEBUG 7048 --- [main] mao.spring_boot_log.Log                  : hello
2022-04-10 20:33:24.339  INFO 7048 --- [main] mao.spring_boot_log.Log                  : hello
2022-04-10 20:33:24.339  WARN 7048 --- [main] mao.spring_boot_log.Log                  : hello
2022-04-10 20:33:24.339 ERROR 7048 --- [main] mao.spring_boot_log.Log                  : hello
2022-04-10 20:33:24.339 DEBUG 7048 --- [main] mao.spring_boot_log.Log                  : hello
2022-04-10 20:33:24.339  INFO 7048 --- [main] mao.spring_boot_log.Log                  : hello
2022-04-10 20:33:24.339  WARN 7048 --- [main] mao.spring_boot_log.Log                  : hello
2022-04-10 20:33:24.339 ERROR 7048 --- [main] mao.spring_boot_log.Log                  : hello
2022-04-10 20:33:24.339 DEBUG 7048 --- [main] mao.spring_boot_log.Log                  : hello
2022-04-10 20:33:24.339  INFO 7048 --- [main] mao.spring_boot_log.Log                  : hello
2022-04-10 20:33:24.339  WARN 7048 --- [main] mao.spring_boot_log.Log                  : hello
2022-04-10 20:33:24.339 ERROR 7048 --- [main] mao.spring_boot_log.Log                  : hello
2022-04-10 20:33:24.339 DEBUG 7048 --- [main] mao.spring_boot_log.Log                  : hello
2022-04-10 20:33:24.339  INFO 7048 --- [main] mao.spring_boot_log.Log                  : hello
2022-04-10 20:33:24.339  WARN 7048 --- [main] mao.spring_boot_log.Log                  : hello
2022-04-10 20:33:24.339 ERROR 7048 --- [main] mao.spring_boot_log.Log                  : hello
2022-04-10 20:33:24.339 DEBUG 7048 --- [main] mao.spring_boot_log.Log                  : hello
2022-04-10 20:33:24.339  INFO 7048 --- [main] mao.spring_boot_log.Log                  : hello
2022-04-10 20:33:24.339  WARN 7048 --- [main] mao.spring_boot_log.Log                  : hello
2022-04-10 20:33:24.340 ERROR 7048 --- [main] mao.spring_boot_log.Log                  : hello
2022-04-10 20:33:24.340 DEBUG 7048 --- [main] mao.spring_boot_log.Log                  : hello
2022-04-10 20:33:24.340  INFO 7048 --- [main] mao.spring_boot_log.Log                  : hello
2022-04-10 20:33:24.340  WARN 7048 --- [main] mao.spring_boot_log.Log                  : hello
2022-04-10 20:33:24.340 ERROR 7048 --- [main] mao.spring_boot_log.Log                  : hello
2022-04-10 20:33:24.340 DEBUG 7048 --- [main] mao.spring_boot_log.Log                  : hello
2022-04-10 20:33:24.340  INFO 7048 --- [main] mao.spring_boot_log.Log                  : hello
2022-04-10 20:33:24.340  WARN 7048 --- [main] mao.spring_boot_log.Log                  : hello
2022-04-10 20:33:24.340 ERROR 7048 --- [main] mao.spring_boot_log.Log                  : hello
2022-04-10 20:33:24.340 DEBUG 7048 --- [main] mao.spring_boot_log.Log                  : hello
2022-04-10 20:33:24.340  INFO 7048 --- [main] mao.spring_boot_log.Log                  : hello
2022-04-10 20:33:24.340  WARN 7048 --- [main] mao.spring_boot_log.Log                  : hello
2022-04-10 20:33:24.340 ERROR 7048 --- [main] mao.spring_boot_log.Log                  : hello
2022-04-10 20:33:24.340 DEBUG 7048 --- [main] mao.spring_boot_log.Log                  : hello
2022-04-10 20:33:24.340  INFO 7048 --- [main] mao.spring_boot_log.Log                  : hello
2022-04-10 20:33:24.340  WARN 7048 --- [main] mao.spring_boot_log.Log                  : hello
2022-04-10 20:33:24.340 ERROR 7048 --- [main] mao.spring_boot_log.Log                  : hello
2022-04-10 20:33:24.340 DEBUG 7048 --- [main] mao.spring_boot_log.Log                  : hello
2022-04-10 20:33:24.340  INFO 7048 --- [main] mao.spring_boot_log.Log                  : hello
2022-04-10 20:33:24.340  WARN 7048 --- [main] mao.spring_boot_log.Log                  : hello
2022-04-10 20:33:24.340 ERROR 7048 --- [main] mao.spring_boot_log.Log                  : hello
2022-04-10 20:33:24.340 DEBUG 7048 --- [main] mao.spring_boot_log.Log                  : hello
2022-04-10 20:33:24.340  INFO 7048 --- [main] mao.spring_boot_log.Log                  : hello
2022-04-10 20:33:24.340  WARN 7048 --- [main] mao.spring_boot_log.Log                  : hello
2022-04-10 20:33:24.340 ERROR 7048 --- [main] mao.spring_boot_log.Log                  : hello
2022-04-10 20:33:24.340 DEBUG 7048 --- [main] mao.spring_boot_log.Log                  : hello
2022-04-10 20:33:24.340  INFO 7048 --- [main] mao.spring_boot_log.Log                  : hello
2022-04-10 20:33:24.341  WARN 7048 --- [main] mao.spring_boot_log.Log                  : hello
2022-04-10 20:33:24.341 ERROR 7048 --- [main] mao.spring_boot_log.Log                  : hello
2022-04-10 20:33:24.341 DEBUG 7048 --- [main] mao.spring_boot_log.Log                  : hello
2022-04-10 20:33:24.341  INFO 7048 --- [main] mao.spring_boot_log.Log                  : hello
2022-04-10 20:33:24.341  WARN 7048 --- [main] mao.spring_boot_log.Log                  : hello
2022-04-10 20:33:24.341 ERROR 7048 --- [main] mao.spring_boot_log.Log                  : hello
2022-04-10 20:33:24.341 DEBUG 7048 --- [main] mao.spring_boot_log.Log                  : hello
2022-04-10 20:33:24.341  INFO 7048 --- [main] mao.spring_boot_log.Log                  : hello
2022-04-10 20:33:24.341  WARN 7048 --- [main] mao.spring_boot_log.Log                  : hello
2022-04-10 20:33:24.341 ERROR 7048 --- [main] mao.spring_boot_log.Log                  : hello
2022-04-10 20:33:24.341 DEBUG 7048 --- [main] mao.spring_boot_log.Log                  : hello
2022-04-10 20:33:24.341  INFO 7048 --- [main] mao.spring_boot_log.Log                  : hello
2022-04-10 20:33:24.341  WARN 7048 --- [main] mao.spring_boot_log.Log                  : hello
2022-04-10 20:33:24.341 ERROR 7048 --- [main] mao.spring_boot_log.Log                  : hello
2022-04-10 20:33:24.341 DEBUG 7048 --- [main] mao.spring_boot_log.Log                  : hello
2022-04-10 20:33:24.341  INFO 7048 --- [main] mao.spring_boot_log.Log                  : hello
2022-04-10 20:33:24.341  WARN 7048 --- [main] mao.spring_boot_log.Log                  : hello
2022-04-10 20:33:24.341 ERROR 7048 --- [main] mao.spring_boot_log.Log                  : hello
2022-04-10 20:33:24.341 DEBUG 7048 --- [main] mao.spring_boot_log.Log                  : hello
2022-04-10 20:33:24.341  INFO 7048 --- [main] mao.spring_boot_log.Log                  : hello
2022-04-10 20:33:24.341  WARN 7048 --- [main] mao.spring_boot_log.Log                  : hello
2022-04-10 20:33:24.341 ERROR 7048 --- [main] mao.spring_boot_log.Log                  : hello
2022-04-10 20:33:24.341 DEBUG 7048 --- [main] mao.spring_boot_log.Log                  : hello
2022-04-10 20:33:24.341  INFO 7048 --- [main] mao.spring_boot_log.Log                  : hello
2022-04-10 20:33:24.341  WARN 7048 --- [main] mao.spring_boot_log.Log                  : hello
2022-04-10 20:33:24.341 ERROR 7048 --- [main] mao.spring_boot_log.Log                  : hello
2022-04-10 20:33:24.341 DEBUG 7048 --- [main] mao.spring_boot_log.Log                  : hello
2022-04-10 20:33:24.341  INFO 7048 --- [main] mao.spring_boot_log.Log                  : hello
2022-04-10 20:33:24.342  WARN 7048 --- [main] mao.spring_boot_log.Log                  : hello
2022-04-10 20:33:24.342 ERROR 7048 --- [main] mao.spring_boot_log.Log                  : hello
2022-04-10 20:33:24.342 DEBUG 7048 --- [main] mao.spring_boot_log.Log                  : hello
2022-04-10 20:33:24.342  INFO 7048 --- [main] mao.spring_boot_log.Log                  : hello
2022-04-10 20:33:24.342  WARN 7048 --- [main] mao.spring_boot_log.Log                  : hello
2022-04-10 20:33:24.342 ERROR 7048 --- [main] mao.spring_boot_log.Log                  : hello
2022-04-10 20:33:24.342 DEBUG 7048 --- [main] mao.spring_boot_log.Log                  : hello
2022-04-10 20:33:24.342  INFO 7048 --- [main] mao.spring_boot_log.Log                  : hello
2022-04-10 20:33:24.342  WARN 7048 --- [main] mao.spring_boot_log.Log                  : hello
2022-04-10 20:33:24.342 ERROR 7048 --- [main] mao.spring_boot_log.Log                  : hello
2022-04-10 20:33:24.342 DEBUG 7048 --- [main] mao.spring_boot_log.Log                  : hello
2022-04-10 20:33:24.342  INFO 7048 --- [main] mao.spring_boot_log.Log                  : hello
2022-04-10 20:33:24.342  WARN 7048 --- [main] mao.spring_boot_log.Log                  : hello
2022-04-10 20:33:24.342 ERROR 7048 --- [main] mao.spring_boot_log.Log                  : hello
2022-04-10 20:33:24.342 DEBUG 7048 --- [main] mao.spring_boot_log.Log                  : hello
2022-04-10 20:33:24.342  INFO 7048 --- [main] mao.spring_boot_log.Log                  : hello
2022-04-10 20:33:24.342  WARN 7048 --- [main] mao.spring_boot_log.Log                  : hello
2022-04-10 20:33:24.342 ERROR 7048 --- [main] mao.spring_boot_log.Log                  : hello
2022-04-10 20:33:24.342 DEBUG 7048 --- [main] mao.spring_boot_log.Log                  : hello
2022-04-10 20:33:24.342  INFO 7048 --- [main] mao.spring_boot_log.Log                  : hello
2022-04-10 20:33:24.342  WARN 7048 --- [main] mao.spring_boot_log.Log                  : hello
2022-04-10 20:33:24.342 ERROR 7048 --- [main] mao.spring_boot_log.Log                  : hello
2022-04-10 20:33:24.342 DEBUG 7048 --- [main] mao.spring_boot_log.Log                  : hello
2022-04-10 20:33:24.342  INFO 7048 --- [main] mao.spring_boot_log.Log                  : hello
2022-04-10 20:33:24.342  WARN 7048 --- [main] mao.spring_boot_log.Log                  : hello
2022-04-10 20:33:24.342 ERROR 7048 --- [main] mao.spring_boot_log.Log                  : hello
2022-04-10 20:33:24.342 DEBUG 7048 --- [main] mao.spring_boot_log.Log                  : hello
2022-04-10 20:33:24.342  INFO 7048 --- [main] mao.spring_boot_log.Log                  : hello
2022-04-10 20:33:24.342  WARN 7048 --- [main] mao.spring_boot_log.Log                  : hello
2022-04-10 20:33:24.342 ERROR 7048 --- [main] mao.spring_boot_log.Log                  : hello
2022-04-10 20:33:24.342 DEBUG 7048 --- [main] mao.spring_boot_log.Log                  : hello
2022-04-10 20:33:24.342  INFO 7048 --- [main] mao.spring_boot_log.Log                  : hello
2022-04-10 20:33:24.342  WARN 7048 --- [main] mao.spring_boot_log.Log                  : hello
