2022-04-10 20:33:36.991 ERROR 5960 --- [main] mao.spring_boot_log.Log                  : hello
2022-04-10 20:33:36.993 DEBUG 5960 --- [main] mao.spring_boot_log.Log                  : hello
2022-04-10 20:33:36.993  INFO 5960 --- [main] mao.spring_boot_log.Log                  : hello
2022-04-10 20:33:36.993  WARN 5960 --- [main] mao.spring_boot_log.Log                  : hello
2022-04-10 20:33:36.993 ERROR 5960 --- [main] mao.spring_boot_log.Log                  : hello
2022-04-10 20:33:36.993 DEBUG 5960 --- [main] mao.spring_boot_log.Log                  : hello
2022-04-10 20:33:36.993  INFO 5960 --- [main] mao.spring_boot_log.Log                  : hello
2022-04-10 20:33:36.993  WARN 5960 --- [main] mao.spring_boot_log.Log                  : hello
2022-04-10 20:33:36.993 ERROR 5960 --- [main] mao.spring_boot_log.Log                  : hello
2022-04-10 20:33:36.994 DEBUG 5960 --- [main] mao.spring_boot_log.Log                  : hello
2022-04-10 20:33:36.994  INFO 5960 --- [main] mao.spring_boot_log.Log                  : hello
2022-04-10 20:33:36.994  WARN 5960 --- [main] mao.spring_boot_log.Log                  : hello
2022-04-10 20:33:36.994 ERROR 5960 --- [main] mao.spring_boot_log.Log                  : hello
2022-04-10 20:33:36.994 DEBUG 5960 --- [main] mao.spring_boot_log.Log                  : hello
2022-04-10 20:33:36.994  INFO 5960 --- [main] mao.spring_boot_log.Log                  : hello
2022-04-10 20:33:36.994  WARN 5960 --- [main] mao.spring_boot_log.Log                  : hello
2022-04-10 20:33:36.994 ERROR 5960 --- [main] mao.spring_boot_log.Log                  : hello
2022-04-10 20:33:36.994 DEBUG 5960 --- [main] mao.spring_boot_log.Log                  : hello
2022-04-10 20:33:36.994  INFO 5960 --- [main] mao.spring_boot_log.Log                  : hello
2022-04-10 20:33:36.994  WARN 5960 --- [main] mao.spring_boot_log.Log                  : hello
2022-04-10 20:33:36.994 ERROR 5960 --- [main] mao.spring_boot_log.Log                  : hello
2022-04-10 20:33:36.994 DEBUG 5960 --- [main] mao.spring_boot_log.Log                  : hello
2022-04-10 20:33:36.994  INFO 5960 --- [main] mao.spring_boot_log.Log                  : hello
2022-04-10 20:33:36.994  WARN 5960 --- [main] mao.spring_boot_log.Log                  : hello
2022-04-10 20:33:36.994 ERROR 5960 --- [main] mao.spring_boot_log.Log                  : hello
2022-04-10 20:33:36.994 DEBUG 5960 --- [main] mao.spring_boot_log.Log                  : hello
2022-04-10 20:33:36.994  INFO 5960 --- [main] mao.spring_boot_log.Log                  : hello
2022-04-10 20:33:36.994  WARN 5960 --- [main] mao.spring_boot_log.Log                  : hello
2022-04-10 20:33:36.994 ERROR 5960 --- [main] mao.spring_boot_log.Log                  : hello
2022-04-10 20:33:36.994 DEBUG 5960 --- [main] mao.spring_boot_log.Log                  : hello
2022-04-10 20:33:36.994  INFO 5960 --- [main] mao.spring_boot_log.Log                  : hello
2022-04-10 20:33:36.994  WARN 5960 --- [main] mao.spring_boot_log.Log                  : hello
2022-04-10 20:33:36.994 ERROR 5960 --- [main] mao.spring_boot_log.Log                  : hello
2022-04-10 20:33:36.994 DEBUG 5960 --- [main] mao.spring_boot_log.Log                  : hello
2022-04-10 20:33:36.994  INFO 5960 --- [main] mao.spring_boot_log.Log                  : hello
2022-04-10 20:33:36.994  WARN 5960 --- [main] mao.spring_boot_log.Log                  : hello
2022-04-10 20:33:36.994 ERROR 5960 --- [main] mao.spring_boot_log.Log                  : hello
2022-04-10 20:33:36.995 DEBUG 5960 --- [main] mao.spring_boot_log.Log                  : hello
2022-04-10 20:33:36.995  INFO 5960 --- [main] mao.spring_boot_log.Log                  : hello
2022-04-10 20:33:36.995  WARN 5960 --- [main] mao.spring_boot_log.Log                  : hello
2022-04-10 20:33:36.995 ERROR 5960 --- [main] mao.spring_boot_log.Log                  : hello
2022-04-10 20:33:36.995 DEBUG 5960 --- [main] mao.spring_boot_log.Log                  : hello
2022-04-10 20:33:36.995  INFO 5960 --- [main] mao.spring_boot_log.Log                  : hello
2022-04-10 20:33:36.995  WARN 5960 --- [main] mao.spring_boot_log.Log                  : hello
2022-04-10 20:33:36.995 ERROR 5960 --- [main] mao.spring_boot_log.Log                  : hello
2022-04-10 20:33:36.995 DEBUG 5960 --- [main] mao.spring_boot_log.Log                  : hello
2022-04-10 20:33:36.995  INFO 5960 --- [main] mao.spring_boot_log.Log                  : hello
2022-04-10 20:33:36.995  WARN 5960 --- [main] mao.spring_boot_log.Log                  : hello
2022-04-10 20:33:36.995 ERROR 5960 --- [main] mao.spring_boot_log.Log                  : hello
2022-04-10 20:33:36.995 DEBUG 5960 --- [main] mao.spring_boot_log.Log                  : hello
2022-04-10 20:33:36.995  INFO 5960 --- [main] mao.spring_boot_log.Log                  : hello
2022-04-10 20:33:36.995  WARN 5960 --- [main] mao.spring_boot_log.Log                  : hello
2022-04-10 20:33:36.995 ERROR 5960 --- [main] mao.spring_boot_log.Log                  : hello
2022-04-10 20:33:36.995 DEBUG 5960 --- [main] mao.spring_boot_log.Log                  : hello
2022-04-10 20:33:36.995  INFO 5960 --- [main] mao.spring_boot_log.Log                  : hello
2022-04-10 20:33:36.995  WARN 5960 --- [main] mao.spring_boot_log.Log                  : hello
2022-04-10 20:33:36.995 ERROR 5960 --- [main] mao.spring_boot_log.Log                  : hello
2022-04-10 20:33:36.995 DEBUG 5960 --- [main] mao.spring_boot_log.Log                  : hello
2022-04-10 20:33:36.995  INFO 5960 --- [main] mao.spring_boot_log.Log                  : hello
2022-04-10 20:33:36.995  WARN 5960 --- [main] mao.spring_boot_log.Log                  : hello
2022-04-10 20:33:36.995 ERROR 5960 --- [main] mao.spring_boot_log.Log                  : hello
2022-04-10 20:33:36.995 DEBUG 5960 --- [main] mao.spring_boot_log.Log                  : hello
2022-04-10 20:33:36.995  INFO 5960 --- [main] mao.spring_boot_log.Log                  : hello
2022-04-10 20:33:36.995  WARN 5960 --- [main] mao.spring_boot_log.Log                  : hello
2022-04-10 20:33:36.995 ERROR 5960 --- [main] mao.spring_boot_log.Log                  : hello
2022-04-10 20:33:36.995 DEBUG 5960 --- [main] mao.spring_boot_log.Log                  : hello
2022-04-10 20:33:36.995  INFO 5960 --- [main] mao.spring_boot_log.Log                  : hello
2022-04-10 20:33:36.995  WARN 5960 --- [main] mao.spring_boot_log.Log                  : hello
2022-04-10 20:33:36.995 ERROR 5960 --- [main] mao.spring_boot_log.Log                  : hello
2022-04-10 20:33:36.995 DEBUG 5960 --- [main] mao.spring_boot_log.Log                  : hello
2022-04-10 20:33:36.995  INFO 5960 --- [main] mao.spring_boot_log.Log                  : hello
2022-04-10 20:33:36.995  WARN 5960 --- [main] mao.spring_boot_log.Log                  : hello
2022-04-10 20:33:36.995 ERROR 5960 --- [main] mao.spring_boot_log.Log                  : hello
2022-04-10 20:33:36.995 DEBUG 5960 --- [main] mao.spring_boot_log.Log                  : hello
2022-04-10 20:33:36.995  INFO 5960 --- [main] mao.spring_boot_log.Log                  : hello
2022-04-10 20:33:36.996  WARN 5960 --- [main] mao.spring_boot_log.Log                  : hello
2022-04-10 20:33:36.996 ERROR 5960 --- [main] mao.spring_boot_log.Log                  : hello
2022-04-10 20:33:36.996 DEBUG 5960 --- [main] mao.spring_boot_log.Log                  : hello
2022-04-10 20:33:36.996  INFO 5960 --- [main] mao.spring_boot_log.Log                  : hello
2022-04-10 20:33:36.996  WARN 5960 --- [main] mao.spring_boot_log.Log                  : hello
2022-04-10 20:33:36.996 ERROR 5960 --- [main] mao.spring_boot_log.Log                  : hello
2022-04-10 20:33:36.996 DEBUG 5960 --- [main] mao.spring_boot_log.Log                  : hello
2022-04-10 20:33:36.996  INFO 5960 --- [main] mao.spring_boot_log.Log                  : hello
2022-04-10 20:33:36.996  WARN 5960 --- [main] mao.spring_boot_log.Log                  : hello
2022-04-10 20:33:36.996 ERROR 5960 --- [main] mao.spring_boot_log.Log                  : hello
2022-04-10 20:33:36.996 DEBUG 5960 --- [main] mao.spring_boot_log.Log                  : hello
2022-04-10 20:33:36.996  INFO 5960 --- [main] mao.spring_boot_log.Log                  : hello
2022-04-10 20:33:36.996  WARN 5960 --- [main] mao.spring_boot_log.Log                  : hello
2022-04-10 20:33:36.996 ERROR 5960 --- [main] mao.spring_boot_log.Log                  : hello
2022-04-10 20:33:36.996 DEBUG 5960 --- [main] mao.spring_boot_log.Log                  : hello
2022-04-10 20:33:36.996  INFO 5960 --- [main] mao.spring_boot_log.Log                  : hello
2022-04-10 20:33:36.996  WARN 5960 --- [main] mao.spring_boot_log.Log                  : hello
2022-04-10 20:33:36.996 ERROR 5960 --- [main] mao.spring_boot_log.Log                  : hello
2022-04-10 20:33:36.996 DEBUG 5960 --- [main] mao.spring_boot_log.Log                  : hello
2022-04-10 20:33:36.996  INFO 5960 --- [main] mao.spring_boot_log.Log                  : hello
2022-04-10 20:33:36.996  WARN 5960 --- [main] mao.spring_boot_log.Log                  : hello
2022-04-10 20:33:36.996 ERROR 5960 --- [main] mao.spring_boot_log.Log                  : hello
2022-04-10 20:33:36.996 DEBUG 5960 --- [main] mao.spring_boot_log.Log                  : hello
2022-04-10 20:33:36.996  INFO 5960 --- [main] mao.spring_boot_log.Log                  : hello
2022-04-10 20:33:36.996  WARN 5960 --- [main] mao.spring_boot_log.Log                  : hello
2022-04-10 20:33:36.996 ERROR 5960 --- [main] mao.spring_boot_log.Log                  : hello
2022-04-10 20:33:36.996 DEBUG 5960 --- [main] mao.spring_boot_log.Log                  : hello
2022-04-10 20:33:36.996  INFO 5960 --- [main] mao.spring_boot_log.Log                  : hello
2022-04-10 20:33:36.996  WARN 5960 --- [main] mao.spring_boot_log.Log                  : hello
2022-04-10 20:33:36.996 ERROR 5960 --- [main] mao.spring_boot_log.Log                  : hello
2022-04-10 20:33:36.996 DEBUG 5960 --- [main] mao.spring_boot_log.Log                  : hello
2022-04-10 20:33:36.996  INFO 5960 --- [main] mao.spring_boot_log.Log                  : hello
2022-04-10 20:33:36.997  WARN 5960 --- [main] mao.spring_boot_log.Log                  : hello
2022-04-10 20:33:36.997 ERROR 5960 --- [main] mao.spring_boot_log.Log                  : hello
2022-04-10 20:33:36.997 DEBUG 5960 --- [main] mao.spring_boot_log.Log                  : hello
2022-04-10 20:33:36.997  INFO 5960 --- [main] mao.spring_boot_log.Log                  : hello
2022-04-10 20:33:36.997  WARN 5960 --- [main] mao.spring_boot_log.Log                  : hello
2022-04-10 20:33:36.997 ERROR 5960 --- [main] mao.spring_boot_log.Log                  : hello
2022-04-10 20:33:36.997 DEBUG 5960 --- [main] mao.spring_boot_log.Log                  : hello
2022-04-10 20:33:36.997  INFO 5960 --- [main] mao.spring_boot_log.Log                  : hello
2022-04-10 20:33:36.997  WARN 5960 --- [main] mao.spring_boot_log.Log                  : hello
2022-04-10 20:33:36.997 ERROR 5960 --- [main] mao.spring_boot_log.Log                  : hello
2022-04-10 20:33:36.997 DEBUG 5960 --- [main] mao.spring_boot_log.Log                  : hello
2022-04-10 20:33:36.997  INFO 5960 --- [main] mao.spring_boot_log.Log                  : hello
2022-04-10 20:33:36.997  WARN 5960 --- [main] mao.spring_boot_log.Log                  : hello
2022-04-10 20:33:36.997 ERROR 5960 --- [main] mao.spring_boot_log.Log                  : hello
2022-04-10 20:33:36.997 DEBUG 5960 --- [main] mao.spring_boot_log.Log                  : hello
2022-04-10 20:33:36.997  INFO 5960 --- [main] mao.spring_boot_log.Log                  : hello
2022-04-10 20:33:36.997  WARN 5960 --- [main] mao.spring_boot_log.Log                  : hello
2022-04-10 20:33:36.997 ERROR 5960 --- [main] mao.spring_boot_log.Log                  : hello
2022-04-10 20:33:36.997 DEBUG 5960 --- [main] mao.spring_boot_log.Log                  : hello
2022-04-10 20:33:36.997  INFO 5960 --- [main] mao.spring_boot_log.Log                  : hello
2022-04-10 20:33:36.997  WARN 5960 --- [main] mao.spring_boot_log.Log                  : hello
2022-04-10 20:33:36.997 ERROR 5960 --- [main] mao.spring_boot_log.Log                  : hello
2022-04-10 20:33:36.997 DEBUG 5960 --- [main] mao.spring_boot_log.Log                  : hello
2022-04-10 20:33:36.997  INFO 5960 --- [main] mao.spring_boot_log.Log                  : hello
2022-04-10 20:33:36.997  WARN 5960 --- [main] mao.spring_boot_log.Log                  : hello
2022-04-10 20:33:36.997 ERROR 5960 --- [main] mao.spring_boot_log.Log                  : hello
2022-04-10 20:33:36.997 DEBUG 5960 --- [main] mao.spring_boot_log.Log                  : hello
2022-04-10 20:33:36.997  INFO 5960 --- [main] mao.spring_boot_log.Log                  : hello
2022-04-10 20:33:36.998  WARN 5960 --- [main] mao.spring_boot_log.Log                  : hello
2022-04-10 20:33:36.998 ERROR 5960 --- [main] mao.spring_boot_log.Log                  : hello
2022-04-10 20:33:36.998 DEBUG 5960 --- [main] mao.spring_boot_log.Log                  : hello
2022-04-10 20:33:36.998  INFO 5960 --- [main] mao.spring_boot_log.Log                  : hello
2022-04-10 20:33:36.998  WARN 5960 --- [main] mao.spring_boot_log.Log                  : hello
2022-04-10 20:33:36.998 ERROR 5960 --- [main] mao.spring_boot_log.Log                  : hello
2022-04-10 20:33:36.998 DEBUG 5960 --- [main] mao.spring_boot_log.Log                  : hello
2022-04-10 20:33:36.998  INFO 5960 --- [main] mao.spring_boot_log.Log                  : hello
2022-04-10 20:33:36.998  WARN 5960 --- [main] mao.spring_boot_log.Log                  : hello
2022-04-10 20:33:36.998 ERROR 5960 --- [main] mao.spring_boot_log.Log                  : hello
2022-04-10 20:33:36.998 DEBUG 5960 --- [main] mao.spring_boot_log.Log                  : hello
2022-04-10 20:33:36.998  INFO 5960 --- [main] mao.spring_boot_log.Log                  : hello
2022-04-10 20:33:36.998  WARN 5960 --- [main] mao.spring_boot_log.Log                  : hello
2022-04-10 20:33:36.998 ERROR 5960 --- [main] mao.spring_boot_log.Log                  : hello
2022-04-10 20:33:36.998 DEBUG 5960 --- [main] mao.spring_boot_log.Log                  : hello
2022-04-10 20:33:36.998  INFO 5960 --- [main] mao.spring_boot_log.Log                  : hello
2022-04-10 20:33:36.998  WARN 5960 --- [main] mao.spring_boot_log.Log                  : hello
2022-04-10 20:33:36.998 ERROR 5960 --- [main] mao.spring_boot_log.Log                  : hello
2022-04-10 20:33:36.998 DEBUG 5960 --- [main] mao.spring_boot_log.Log                  : hello
2022-04-10 20:33:36.998  INFO 5960 --- [main] mao.spring_boot_log.Log                  : hello
2022-04-10 20:33:36.998  WARN 5960 --- [main] mao.spring_boot_log.Log                  : hello
2022-04-10 20:33:36.998 ERROR 5960 --- [main] mao.spring_boot_log.Log                  : hello
2022-04-10 20:33:36.998 DEBUG 5960 --- [main] mao.spring_boot_log.Log                  : hello
2022-04-10 20:33:36.998  INFO 5960 --- [main] mao.spring_boot_log.Log                  : hello
2022-04-10 20:33:36.998  WARN 5960 --- [main] mao.spring_boot_log.Log                  : hello
2022-04-10 20:33:36.998 ERROR 5960 --- [main] mao.spring_boot_log.Log                  : hello
2022-04-10 20:33:36.999 DEBUG 5960 --- [main] mao.spring_boot_log.Log                  : hello
2022-04-10 20:33:36.999  INFO 5960 --- [main] mao.spring_boot_log.Log                  : hello
2022-04-10 20:33:36.999  WARN 5960 --- [main] mao.spring_boot_log.Log                  : hello
2022-04-10 20:33:36.999 ERROR 5960 --- [main] mao.spring_boot_log.Log                  : hello
2022-04-10 20:33:36.999 DEBUG 5960 --- [main] mao.spring_boot_log.Log                  : hello
2022-04-10 20:33:36.999  INFO 5960 --- [main] mao.spring_boot_log.Log                  : hello
2022-04-10 20:33:36.999  WARN 5960 --- [main] mao.spring_boot_log.Log                  : hello
2022-04-10 20:33:36.999 ERROR 5960 --- [main] mao.spring_boot_log.Log                  : hello
2022-04-10 20:33:36.999 DEBUG 5960 --- [main] mao.spring_boot_log.Log                  : hello
2022-04-10 20:33:36.999  INFO 5960 --- [main] mao.spring_boot_log.Log                  : hello
2022-04-10 20:33:36.999  WARN 5960 --- [main] mao.spring_boot_log.Log                  : hello
2022-04-10 20:33:36.999 ERROR 5960 --- [main] mao.spring_boot_log.Log                  : hello
2022-04-10 20:33:36.999 DEBUG 5960 --- [main] mao.spring_boot_log.Log                  : hello
2022-04-10 20:33:36.999  INFO 5960 --- [main] mao.spring_boot_log.Log                  : hello
2022-04-10 20:33:36.999  WARN 5960 --- [main] mao.spring_boot_log.Log                  : hello
2022-04-10 20:33:36.999 ERROR 5960 --- [main] mao.spring_boot_log.Log                  : hello
2022-04-10 20:33:36.999 DEBUG 5960 --- [main] mao.spring_boot_log.Log                  : hello
2022-04-10 20:33:36.999  INFO 5960 --- [main] mao.spring_boot_log.Log                  : hello
2022-04-10 20:33:36.999  WARN 5960 --- [main] mao.spring_boot_log.Log                  : hello
2022-04-10 20:33:36.999 ERROR 5960 --- [main] mao.spring_boot_log.Log                  : hello
2022-04-10 20:33:36.999 DEBUG 5960 --- [main] mao.spring_boot_log.Log                  : hello
2022-04-10 20:33:36.999  INFO 5960 --- [main] mao.spring_boot_log.Log                  : hello
2022-04-10 20:33:36.999  WARN 5960 --- [main] mao.spring_boot_log.Log                  : hello
2022-04-10 20:33:36.999 ERROR 5960 --- [main] mao.spring_boot_log.Log                  : hello
2022-04-10 20:33:36.999 DEBUG 5960 --- [main] mao.spring_boot_log.Log                  : hello
2022-04-10 20:33:36.999  INFO 5960 --- [main] mao.spring_boot_log.Log                  : hello
2022-04-10 20:33:36.999  WARN 5960 --- [main] mao.spring_boot_log.Log                  : hello
2022-04-10 20:33:36.999 ERROR 5960 --- [main] mao.spring_boot_log.Log                  : hello
2022-04-10 20:33:36.999 DEBUG 5960 --- [main] mao.spring_boot_log.Log                  : hello
2022-04-10 20:33:36.999  INFO 5960 --- [main] mao.spring_boot_log.Log                  : hello
2022-04-10 20:33:36.999  WARN 5960 --- [main] mao.spring_boot_log.Log                  : hello
2022-04-10 20:33:37.000 ERROR 5960 --- [main] mao.spring_boot_log.Log                  : hello
2022-04-10 20:33:37.000 DEBUG 5960 --- [main] mao.spring_boot_log.Log                  : hello
2022-04-10 20:33:37.000  INFO 5960 --- [main] mao.spring_boot_log.Log                  : hello
2022-04-10 20:33:37.000  WARN 5960 --- [main] mao.spring_boot_log.Log                  : hello
2022-04-10 20:33:37.000 ERROR 5960 --- [main] mao.spring_boot_log.Log                  : hello
2022-04-10 20:33:37.000 DEBUG 5960 --- [main] mao.spring_boot_log.Log                  : hello
2022-04-10 20:33:37.000  INFO 5960 --- [main] mao.spring_boot_log.Log                  : hello
2022-04-10 20:33:37.000  WARN 5960 --- [main] mao.spring_boot_log.Log                  : hello
2022-04-10 20:33:37.000 ERROR 5960 --- [main] mao.spring_boot_log.Log                  : hello
2022-04-10 20:33:37.000 DEBUG 5960 --- [main] mao.spring_boot_log.Log                  : hello
2022-04-10 20:33:37.000  INFO 5960 --- [main] mao.spring_boot_log.Log                  : hello
2022-04-10 20:33:37.000  WARN 5960 --- [main] mao.spring_boot_log.Log                  : hello
2022-04-10 20:33:37.000 ERROR 5960 --- [main] mao.spring_boot_log.Log                  : hello
2022-04-10 20:33:37.000 DEBUG 5960 --- [main] mao.spring_boot_log.Log                  : hello
2022-04-10 20:33:37.000  INFO 5960 --- [main] mao.spring_boot_log.Log                  : hello
2022-04-10 20:33:37.000  WARN 5960 --- [main] mao.spring_boot_log.Log                  : hello
2022-04-10 20:33:37.000 ERROR 5960 --- [main] mao.spring_boot_log.Log                  : hello
2022-04-10 20:33:37.000 DEBUG 5960 --- [main] mao.spring_boot_log.Log                  : hello
2022-04-10 20:33:37.000  INFO 5960 --- [main] mao.spring_boot_log.Log                  : hello
2022-04-10 20:33:37.000  WARN 5960 --- [main] mao.spring_boot_log.Log                  : hello
2022-04-10 20:33:37.000 ERROR 5960 --- [main] mao.spring_boot_log.Log                  : hello
2022-04-10 20:33:37.000 DEBUG 5960 --- [main] mao.spring_boot_log.Log                  : hello
2022-04-10 20:33:37.000  INFO 5960 --- [main] mao.spring_boot_log.Log                  : hello
2022-04-10 20:33:37.000  WARN 5960 --- [main] mao.spring_boot_log.Log                  : hello
2022-04-10 20:33:37.000 ERROR 5960 --- [main] mao.spring_boot_log.Log                  : hello
2022-04-10 20:33:37.000 DEBUG 5960 --- [main] mao.spring_boot_log.Log                  : hello
2022-04-10 20:33:37.000  INFO 5960 --- [main] mao.spring_boot_log.Log                  : hello
2022-04-10 20:33:37.000  WARN 5960 --- [main] mao.spring_boot_log.Log                  : hello
2022-04-10 20:33:37.000 ERROR 5960 --- [main] mao.spring_boot_log.Log                  : hello
2022-04-10 20:33:37.000 DEBUG 5960 --- [main] mao.spring_boot_log.Log                  : hello
2022-04-10 20:33:37.000  INFO 5960 --- [main] mao.spring_boot_log.Log                  : hello
2022-04-10 20:33:37.000  WARN 5960 --- [main] mao.spring_boot_log.Log                  : hello
2022-04-10 20:33:37.000 ERROR 5960 --- [main] mao.spring_boot_log.Log                  : hello
2022-04-10 20:33:37.000 DEBUG 5960 --- [main] mao.spring_boot_log.Log                  : hello
2022-04-10 20:33:37.001  INFO 5960 --- [main] mao.spring_boot_log.Log                  : hello
2022-04-10 20:33:37.001  WARN 5960 --- [main] mao.spring_boot_log.Log                  : hello
2022-04-10 20:33:37.001 ERROR 5960 --- [main] mao.spring_boot_log.Log                  : hello
2022-04-10 20:33:37.001 DEBUG 5960 --- [main] mao.spring_boot_log.Log                  : hello
2022-04-10 20:33:37.001  INFO 5960 --- [main] mao.spring_boot_log.Log                  : hello
2022-04-10 20:33:37.001  WARN 5960 --- [main] mao.spring_boot_log.Log                  : hello
2022-04-10 20:33:37.001 ERROR 5960 --- [main] mao.spring_boot_log.Log                  : hello
2022-04-10 20:33:37.001 DEBUG 5960 --- [main] mao.spring_boot_log.Log                  : hello
2022-04-10 20:33:37.001  INFO 5960 --- [main] mao.spring_boot_log.Log                  : hello
2022-04-10 20:33:37.001  WARN 5960 --- [main] mao.spring_boot_log.Log                  : hello
2022-04-10 20:33:37.001 ERROR 5960 --- [main] mao.spring_boot_log.Log                  : hello
2022-04-10 20:33:37.001 DEBUG 5960 --- [main] mao.spring_boot_log.Log                  : hello
2022-04-10 20:33:37.001  INFO 5960 --- [main] mao.spring_boot_log.Log                  : hello
2022-04-10 20:33:37.001  WARN 5960 --- [main] mao.spring_boot_log.Log                  : hello
2022-04-10 20:33:37.001 ERROR 5960 --- [main] mao.spring_boot_log.Log                  : hello
2022-04-10 20:33:37.001 DEBUG 5960 --- [main] mao.spring_boot_log.Log                  : hello
2022-04-10 20:33:37.001  INFO 5960 --- [main] mao.spring_boot_log.Log                  : hello
2022-04-10 20:33:37.001  WARN 5960 --- [main] mao.spring_boot_log.Log                  : hello
2022-04-10 20:33:37.001 ERROR 5960 --- [main] mao.spring_boot_log.Log                  : hello
2022-04-10 20:33:37.001 DEBUG 5960 --- [main] mao.spring_boot_log.Log                  : hello
2022-04-10 20:33:37.001  INFO 5960 --- [main] mao.spring_boot_log.Log                  : hello
2022-04-10 20:33:37.001  WARN 5960 --- [main] mao.spring_boot_log.Log                  : hello
2022-04-10 20:33:37.001 ERROR 5960 --- [main] mao.spring_boot_log.Log                  : hello
2022-04-10 20:33:37.001 DEBUG 5960 --- [main] mao.spring_boot_log.Log                  : hello
2022-04-10 20:33:37.001  INFO 5960 --- [main] mao.spring_boot_log.Log                  : hello
2022-04-10 20:33:37.001  WARN 5960 --- [main] mao.spring_boot_log.Log                  : hello
2022-04-10 20:33:37.001 ERROR 5960 --- [main] mao.spring_boot_log.Log                  : hello
2022-04-10 20:33:37.001 DEBUG 5960 --- [main] mao.spring_boot_log.Log                  : hello
2022-04-10 20:33:37.001  INFO 5960 --- [main] mao.spring_boot_log.Log                  : hello
2022-04-10 20:33:37.001  WARN 5960 --- [main] mao.spring_boot_log.Log                  : hello
2022-04-10 20:33:37.001 ERROR 5960 --- [main] mao.spring_boot_log.Log                  : hello
2022-04-10 20:33:37.001 DEBUG 5960 --- [main] mao.spring_boot_log.Log                  : hello
2022-04-10 20:33:37.001  INFO 5960 --- [main] mao.spring_boot_log.Log                  : hello
2022-04-10 20:33:37.002  WARN 5960 --- [main] mao.spring_boot_log.Log                  : hello
2022-04-10 20:33:37.002 ERROR 5960 --- [main] mao.spring_boot_log.Log                  : hello
2022-04-10 20:33:37.002 DEBUG 5960 --- [main] mao.spring_boot_log.Log                  : hello
2022-04-10 20:33:37.002  INFO 5960 --- [main] mao.spring_boot_log.Log                  : hello
2022-04-10 20:33:37.002  WARN 5960 --- [main] mao.spring_boot_log.Log                  : hello
2022-04-10 20:33:37.002 ERROR 5960 --- [main] mao.spring_boot_log.Log                  : hello
2022-04-10 20:33:37.002 DEBUG 5960 --- [main] mao.spring_boot_log.Log                  : hello
2022-04-10 20:33:37.002  INFO 5960 --- [main] mao.spring_boot_log.Log                  : hello
2022-04-10 20:33:37.002  WARN 5960 --- [main] mao.spring_boot_log.Log                  : hello
2022-04-10 20:33:37.002 ERROR 5960 --- [main] mao.spring_boot_log.Log                  : hello
2022-04-10 20:33:37.002 DEBUG 5960 --- [main] mao.spring_boot_log.Log                  : hello
2022-04-10 20:33:37.002  INFO 5960 --- [main] mao.spring_boot_log.Log                  : hello
2022-04-10 20:33:37.002  WARN 5960 --- [main] mao.spring_boot_log.Log                  : hello
2022-04-10 20:33:37.002 ERROR 5960 --- [main] mao.spring_boot_log.Log                  : hello
2022-04-10 20:33:37.002 DEBUG 5960 --- [main] mao.spring_boot_log.Log                  : hello
2022-04-10 20:33:37.002  INFO 5960 --- [main] mao.spring_boot_log.Log                  : hello
2022-04-10 20:33:37.002  WARN 5960 --- [main] mao.spring_boot_log.Log                  : hello
2022-04-10 20:33:37.002 ERROR 5960 --- [main] mao.spring_boot_log.Log                  : hello
2022-04-10 20:33:37.002 DEBUG 5960 --- [main] mao.spring_boot_log.Log                  : hello
2022-04-10 20:33:37.002  INFO 5960 --- [main] mao.spring_boot_log.Log                  : hello
2022-04-10 20:33:37.002  WARN 5960 --- [main] mao.spring_boot_log.Log                  : hello
2022-04-10 20:33:37.002 ERROR 5960 --- [main] mao.spring_boot_log.Log                  : hello
2022-04-10 20:33:37.002 DEBUG 5960 --- [main] mao.spring_boot_log.Log                  : hello
2022-04-10 20:33:37.002  INFO 5960 --- [main] mao.spring_boot_log.Log                  : hello
2022-04-10 20:33:37.002  WARN 5960 --- [main] mao.spring_boot_log.Log                  : hello
2022-04-10 20:33:37.002 ERROR 5960 --- [main] mao.spring_boot_log.Log                  : hello
2022-04-10 20:33:37.002 DEBUG 5960 --- [main] mao.spring_boot_log.Log                  : hello
2022-04-10 20:33:37.002  INFO 5960 --- [main] mao.spring_boot_log.Log                  : hello
2022-04-10 20:33:37.002  WARN 5960 --- [main] mao.spring_boot_log.Log                  : hello
2022-04-10 20:33:37.002 ERROR 5960 --- [main] mao.spring_boot_log.Log                  : hello
2022-04-10 20:33:37.002 DEBUG 5960 --- [main] mao.spring_boot_log.Log                  : hello
2022-04-10 20:33:37.002  INFO 5960 --- [main] mao.spring_boot_log.Log                  : hello
2022-04-10 20:33:37.003  WARN 5960 --- [main] mao.spring_boot_log.Log                  : hello
2022-04-10 20:33:37.003 ERROR 5960 --- [main] mao.spring_boot_log.Log                  : hello
2022-04-10 20:33:37.003 DEBUG 5960 --- [main] mao.spring_boot_log.Log                  : hello
2022-04-10 20:33:37.003  INFO 5960 --- [main] mao.spring_boot_log.Log                  : hello
2022-04-10 20:33:37.003  WARN 5960 --- [main] mao.spring_boot_log.Log                  : hello
2022-04-10 20:33:37.003 ERROR 5960 --- [main] mao.spring_boot_log.Log                  : hello
2022-04-10 20:33:37.003 DEBUG 5960 --- [main] mao.spring_boot_log.Log                  : hello
2022-04-10 20:33:37.003  INFO 5960 --- [main] mao.spring_boot_log.Log                  : hello
2022-04-10 20:33:37.003  WARN 5960 --- [main] mao.spring_boot_log.Log                  : hello
2022-04-10 20:33:37.003 ERROR 5960 --- [main] mao.spring_boot_log.Log                  : hello
2022-04-10 20:33:37.003 DEBUG 5960 --- [main] mao.spring_boot_log.Log                  : hello
2022-04-10 20:33:37.003  INFO 5960 --- [main] mao.spring_boot_log.Log                  : hello
2022-04-10 20:33:37.003  WARN 5960 --- [main] mao.spring_boot_log.Log                  : hello
2022-04-10 20:33:37.003 ERROR 5960 --- [main] mao.spring_boot_log.Log                  : hello
2022-04-10 20:33:37.003 DEBUG 5960 --- [main] mao.spring_boot_log.Log                  : hello
2022-04-10 20:33:37.003  INFO 5960 --- [main] mao.spring_boot_log.Log                  : hello
2022-04-10 20:33:37.003  WARN 5960 --- [main] mao.spring_boot_log.Log                  : hello
2022-04-10 20:33:37.003 ERROR 5960 --- [main] mao.spring_boot_log.Log                  : hello
2022-04-10 20:33:37.003 DEBUG 5960 --- [main] mao.spring_boot_log.Log                  : hello
2022-04-10 20:33:37.003  INFO 5960 --- [main] mao.spring_boot_log.Log                  : hello
2022-04-10 20:33:37.003  WARN 5960 --- [main] mao.spring_boot_log.Log                  : hello
2022-04-10 20:33:37.003 ERROR 5960 --- [main] mao.spring_boot_log.Log                  : hello
2022-04-10 20:33:37.003 DEBUG 5960 --- [main] mao.spring_boot_log.Log                  : hello
2022-04-10 20:33:37.003  INFO 5960 --- [main] mao.spring_boot_log.Log                  : hello
2022-04-10 20:33:37.003  WARN 5960 --- [main] mao.spring_boot_log.Log                  : hello
2022-04-10 20:33:37.003 ERROR 5960 --- [main] mao.spring_boot_log.Log                  : hello
2022-04-10 20:33:37.003 DEBUG 5960 --- [main] mao.spring_boot_log.Log                  : hello
2022-04-10 20:33:37.003  INFO 5960 --- [main] mao.spring_boot_log.Log                  : hello
2022-04-10 20:33:37.003  WARN 5960 --- [main] mao.spring_boot_log.Log                  : hello
2022-04-10 20:33:37.004 ERROR 5960 --- [main] mao.spring_boot_log.Log                  : hello
2022-04-10 20:33:37.004 DEBUG 5960 --- [main] mao.spring_boot_log.Log                  : hello
2022-04-10 20:33:37.004  INFO 5960 --- [main] mao.spring_boot_log.Log                  : hello
2022-04-10 20:33:37.004  WARN 5960 --- [main] mao.spring_boot_log.Log                  : hello
2022-04-10 20:33:37.004 ERROR 5960 --- [main] mao.spring_boot_log.Log                  : hello
2022-04-10 20:33:37.004 DEBUG 5960 --- [main] mao.spring_boot_log.Log                  : hello
2022-04-10 20:33:37.004  INFO 5960 --- [main] mao.spring_boot_log.Log                  : hello
2022-04-10 20:33:37.004  WARN 5960 --- [main] mao.spring_boot_log.Log                  : hello
2022-04-10 20:33:37.004 ERROR 5960 --- [main] mao.spring_boot_log.Log                  : hello
2022-04-10 20:33:37.004 DEBUG 5960 --- [main] mao.spring_boot_log.Log                  : hello
2022-04-10 20:33:37.004  INFO 5960 --- [main] mao.spring_boot_log.Log                  : hello
2022-04-10 20:33:37.004  WARN 5960 --- [main] mao.spring_boot_log.Log                  : hello
2022-04-10 20:33:37.004 ERROR 5960 --- [main] mao.spring_boot_log.Log                  : hello
2022-04-10 20:33:37.004 DEBUG 5960 --- [main] mao.spring_boot_log.Log                  : hello
2022-04-10 20:33:37.004  INFO 5960 --- [main] mao.spring_boot_log.Log                  : hello
2022-04-10 20:33:37.004  WARN 5960 --- [main] mao.spring_boot_log.Log                  : hello
2022-04-10 20:33:37.004 ERROR 5960 --- [main] mao.spring_boot_log.Log                  : hello
2022-04-10 20:33:37.004 DEBUG 5960 --- [main] mao.spring_boot_log.Log                  : hello
2022-04-10 20:33:37.005  INFO 5960 --- [main] mao.spring_boot_log.Log                  : hello
2022-04-10 20:33:37.005  WARN 5960 --- [main] mao.spring_boot_log.Log                  : hello
2022-04-10 20:33:37.005 ERROR 5960 --- [main] mao.spring_boot_log.Log                  : hello
2022-04-10 20:33:37.005 DEBUG 5960 --- [main] mao.spring_boot_log.Log                  : hello
2022-04-10 20:33:37.005  INFO 5960 --- [main] mao.spring_boot_log.Log                  : hello
2022-04-10 20:33:37.005  WARN 5960 --- [main] mao.spring_boot_log.Log                  : hello
2022-04-10 20:33:37.005 ERROR 5960 --- [main] mao.spring_boot_log.Log                  : hello
2022-04-10 20:33:37.005 DEBUG 5960 --- [main] mao.spring_boot_log.Log                  : hello
2022-04-10 20:33:37.005  INFO 5960 --- [main] mao.spring_boot_log.Log                  : hello
2022-04-10 20:33:37.005  WARN 5960 --- [main] mao.spring_boot_log.Log                  : hello
2022-04-10 20:33:37.005 ERROR 5960 --- [main] mao.spring_boot_log.Log                  : hello
2022-04-10 20:33:37.005 DEBUG 5960 --- [main] mao.spring_boot_log.Log                  : hello
2022-04-10 20:33:37.005  INFO 5960 --- [main] mao.spring_boot_log.Log                  : hello
2022-04-10 20:33:37.005  WARN 5960 --- [main] mao.spring_boot_log.Log                  : hello
2022-04-10 20:33:37.005 ERROR 5960 --- [main] mao.spring_boot_log.Log                  : hello
2022-04-10 20:33:37.005 DEBUG 5960 --- [main] mao.spring_boot_log.Log                  : hello
2022-04-10 20:33:37.005  INFO 5960 --- [main] mao.spring_boot_log.Log                  : hello
2022-04-10 20:33:37.005  WARN 5960 --- [main] mao.spring_boot_log.Log                  : hello
2022-04-10 20:33:37.005 ERROR 5960 --- [main] mao.spring_boot_log.Log                  : hello
2022-04-10 20:33:37.005 DEBUG 5960 --- [main] mao.spring_boot_log.Log                  : hello
2022-04-10 20:33:37.005  INFO 5960 --- [main] mao.spring_boot_log.Log                  : hello
2022-04-10 20:33:37.005  WARN 5960 --- [main] mao.spring_boot_log.Log                  : hello
2022-04-10 20:33:37.005 ERROR 5960 --- [main] mao.spring_boot_log.Log                  : hello
2022-04-10 20:33:37.005 DEBUG 5960 --- [main] mao.spring_boot_log.Log                  : hello
2022-04-10 20:33:37.005  INFO 5960 --- [main] mao.spring_boot_log.Log                  : hello
2022-04-10 20:33:37.005  WARN 5960 --- [main] mao.spring_boot_log.Log                  : hello
2022-04-10 20:33:37.005 ERROR 5960 --- [main] mao.spring_boot_log.Log                  : hello
2022-04-10 20:33:37.005 DEBUG 5960 --- [main] mao.spring_boot_log.Log                  : hello
2022-04-10 20:33:37.005  INFO 5960 --- [main] mao.spring_boot_log.Log                  : hello
2022-04-10 20:33:37.005  WARN 5960 --- [main] mao.spring_boot_log.Log                  : hello
2022-04-10 20:33:37.006 ERROR 5960 --- [main] mao.spring_boot_log.Log                  : hello
2022-04-10 20:33:37.006 DEBUG 5960 --- [main] mao.spring_boot_log.Log                  : hello
2022-04-10 20:33:37.006  INFO 5960 --- [main] mao.spring_boot_log.Log                  : hello
2022-04-10 20:33:37.006  WARN 5960 --- [main] mao.spring_boot_log.Log                  : hello
2022-04-10 20:33:37.006 ERROR 5960 --- [main] mao.spring_boot_log.Log                  : hello
2022-04-10 20:33:37.006 DEBUG 5960 --- [main] mao.spring_boot_log.Log                  : hello
2022-04-10 20:33:37.006  INFO 5960 --- [main] mao.spring_boot_log.Log                  : hello
2022-04-10 20:33:37.006  WARN 5960 --- [main] mao.spring_boot_log.Log                  : hello
2022-04-10 20:33:37.006 ERROR 5960 --- [main] mao.spring_boot_log.Log                  : hello
2022-04-10 20:33:37.006 DEBUG 5960 --- [main] mao.spring_boot_log.Log                  : hello
2022-04-10 20:33:37.006  INFO 5960 --- [main] mao.spring_boot_log.Log                  : hello
2022-04-10 20:33:37.006  WARN 5960 --- [main] mao.spring_boot_log.Log                  : hello
2022-04-10 20:33:37.006 ERROR 5960 --- [main] mao.spring_boot_log.Log                  : hello
2022-04-10 20:33:37.006 DEBUG 5960 --- [main] mao.spring_boot_log.Log                  : hello
2022-04-10 20:33:37.006  INFO 5960 --- [main] mao.spring_boot_log.Log                  : hello
2022-04-10 20:33:37.006  WARN 5960 --- [main] mao.spring_boot_log.Log                  : hello
2022-04-10 20:33:37.006 ERROR 5960 --- [main] mao.spring_boot_log.Log                  : hello
2022-04-10 20:33:37.006 DEBUG 5960 --- [main] mao.spring_boot_log.Log                  : hello
2022-04-10 20:33:37.006  INFO 5960 --- [main] mao.spring_boot_log.Log                  : hello
2022-04-10 20:33:37.006  WARN 5960 --- [main] mao.spring_boot_log.Log                  : hello
2022-04-10 20:33:37.006 ERROR 5960 --- [main] mao.spring_boot_log.Log                  : hello
2022-04-10 20:33:37.006 DEBUG 5960 --- [main] mao.spring_boot_log.Log                  : hello
2022-04-10 20:33:37.006  INFO 5960 --- [main] mao.spring_boot_log.Log                  : hello
2022-04-10 20:33:37.006  WARN 5960 --- [main] mao.spring_boot_log.Log                  : hello
2022-04-10 20:33:37.006 ERROR 5960 --- [main] mao.spring_boot_log.Log                  : hello
2022-04-10 20:33:37.006 DEBUG 5960 --- [main] mao.spring_boot_log.Log                  : hello
2022-04-10 20:33:37.006  INFO 5960 --- [main] mao.spring_boot_log.Log                  : hello
2022-04-10 20:33:37.006  WARN 5960 --- [main] mao.spring_boot_log.Log                  : hello
2022-04-10 20:33:37.006 ERROR 5960 --- [main] mao.spring_boot_log.Log                  : hello
2022-04-10 20:33:37.007 DEBUG 5960 --- [main] mao.spring_boot_log.Log                  : hello
2022-04-10 20:33:37.007  INFO 5960 --- [main] mao.spring_boot_log.Log                  : hello
2022-04-10 20:33:37.007  WARN 5960 --- [main] mao.spring_boot_log.Log                  : hello
2022-04-10 20:33:37.007 ERROR 5960 --- [main] mao.spring_boot_log.Log                  : hello
2022-04-10 20:33:37.007 DEBUG 5960 --- [main] mao.spring_boot_log.Log                  : hello
2022-04-10 20:33:37.007  INFO 5960 --- [main] mao.spring_boot_log.Log                  : hello
2022-04-10 20:33:37.007  WARN 5960 --- [main] mao.spring_boot_log.Log                  : hello
2022-04-10 20:33:37.007 ERROR 5960 --- [main] mao.spring_boot_log.Log                  : hello
2022-04-10 20:33:37.007 DEBUG 5960 --- [main] mao.spring_boot_log.Log                  : hello
2022-04-10 20:33:37.007  INFO 5960 --- [main] mao.spring_boot_log.Log                  : hello
2022-04-10 20:33:37.007  WARN 5960 --- [main] mao.spring_boot_log.Log                  : hello
2022-04-10 20:33:37.007 ERROR 5960 --- [main] mao.spring_boot_log.Log                  : hello
2022-04-10 20:33:37.007 DEBUG 5960 --- [main] mao.spring_boot_log.Log                  : hello
2022-04-10 20:33:37.007  INFO 5960 --- [main] mao.spring_boot_log.Log                  : hello
2022-04-10 20:33:37.007  WARN 5960 --- [main] mao.spring_boot_log.Log                  : hello
2022-04-10 20:33:37.007 ERROR 5960 --- [main] mao.spring_boot_log.Log                  : hello
2022-04-10 20:33:37.007 DEBUG 5960 --- [main] mao.spring_boot_log.Log                  : hello
2022-04-10 20:33:37.007  INFO 5960 --- [main] mao.spring_boot_log.Log                  : hello
2022-04-10 20:33:37.007  WARN 5960 --- [main] mao.spring_boot_log.Log                  : hello
2022-04-10 20:33:37.007 ERROR 5960 --- [main] mao.spring_boot_log.Log                  : hello
2022-04-10 20:33:37.007 DEBUG 5960 --- [main] mao.spring_boot_log.Log                  : hello
2022-04-10 20:33:37.007  INFO 5960 --- [main] mao.spring_boot_log.Log                  : hello
2022-04-10 20:33:37.007  WARN 5960 --- [main] mao.spring_boot_log.Log                  : hello
2022-04-10 20:33:37.007 ERROR 5960 --- [main] mao.spring_boot_log.Log                  : hello
2022-04-10 20:33:37.008 DEBUG 5960 --- [main] mao.spring_boot_log.Log                  : hello
2022-04-10 20:33:37.008  INFO 5960 --- [main] mao.spring_boot_log.Log                  : hello
2022-04-10 20:33:37.008  WARN 5960 --- [main] mao.spring_boot_log.Log                  : hello
2022-04-10 20:33:37.008 ERROR 5960 --- [main] mao.spring_boot_log.Log                  : hello
2022-04-10 20:33:37.008 DEBUG 5960 --- [main] mao.spring_boot_log.Log                  : hello
2022-04-10 20:33:37.008  INFO 5960 --- [main] mao.spring_boot_log.Log                  : hello
2022-04-10 20:33:37.008  WARN 5960 --- [main] mao.spring_boot_log.Log                  : hello
2022-04-10 20:33:37.008 ERROR 5960 --- [main] mao.spring_boot_log.Log                  : hello
2022-04-10 20:33:37.008 DEBUG 5960 --- [main] mao.spring_boot_log.Log                  : hello
2022-04-10 20:33:37.008  INFO 5960 --- [main] mao.spring_boot_log.Log                  : hello
2022-04-10 20:33:37.008  WARN 5960 --- [main] mao.spring_boot_log.Log                  : hello
2022-04-10 20:33:37.008 ERROR 5960 --- [main] mao.spring_boot_log.Log                  : hello
2022-04-10 20:33:37.008 DEBUG 5960 --- [main] mao.spring_boot_log.Log                  : hello
2022-04-10 20:33:37.008  INFO 5960 --- [main] mao.spring_boot_log.Log                  : hello
2022-04-10 20:33:37.008  WARN 5960 --- [main] mao.spring_boot_log.Log                  : hello
2022-04-10 20:33:37.008 ERROR 5960 --- [main] mao.spring_boot_log.Log                  : hello
2022-04-10 20:33:37.008 DEBUG 5960 --- [main] mao.spring_boot_log.Log                  : hello
2022-04-10 20:33:37.008  INFO 5960 --- [main] mao.spring_boot_log.Log                  : hello
2022-04-10 20:33:37.008  WARN 5960 --- [main] mao.spring_boot_log.Log                  : hello
2022-04-10 20:33:37.008 ERROR 5960 --- [main] mao.spring_boot_log.Log                  : hello
2022-04-10 20:33:37.008 DEBUG 5960 --- [main] mao.spring_boot_log.Log                  : hello
2022-04-10 20:33:37.008  INFO 5960 --- [main] mao.spring_boot_log.Log                  : hello
2022-04-10 20:33:37.008  WARN 5960 --- [main] mao.spring_boot_log.Log                  : hello
2022-04-10 20:33:37.008 ERROR 5960 --- [main] mao.spring_boot_log.Log                  : hello
2022-04-10 20:33:37.008 DEBUG 5960 --- [main] mao.spring_boot_log.Log                  : hello
2022-04-10 20:33:37.008  INFO 5960 --- [main] mao.spring_boot_log.Log                  : hello
2022-04-10 20:33:37.008  WARN 5960 --- [main] mao.spring_boot_log.Log                  : hello
2022-04-10 20:33:37.009 ERROR 5960 --- [main] mao.spring_boot_log.Log                  : hello
2022-04-10 20:33:37.009 DEBUG 5960 --- [main] mao.spring_boot_log.Log                  : hello
2022-04-10 20:33:37.009  INFO 5960 --- [main] mao.spring_boot_log.Log                  : hello
2022-04-10 20:33:37.009  WARN 5960 --- [main] mao.spring_boot_log.Log                  : hello
2022-04-10 20:33:37.009 ERROR 5960 --- [main] mao.spring_boot_log.Log                  : hello
2022-04-10 20:33:37.009 DEBUG 5960 --- [main] mao.spring_boot_log.Log                  : hello
2022-04-10 20:33:37.009  INFO 5960 --- [main] mao.spring_boot_log.Log                  : hello
2022-04-10 20:33:37.009  WARN 5960 --- [main] mao.spring_boot_log.Log                  : hello
2022-04-10 20:33:37.009 ERROR 5960 --- [main] mao.spring_boot_log.Log                  : hello
2022-04-10 20:33:37.009 DEBUG 5960 --- [main] mao.spring_boot_log.Log                  : hello
2022-04-10 20:33:37.009  INFO 5960 --- [main] mao.spring_boot_log.Log                  : hello
2022-04-10 20:33:37.009  WARN 5960 --- [main] mao.spring_boot_log.Log                  : hello
2022-04-10 20:33:37.009 ERROR 5960 --- [main] mao.spring_boot_log.Log                  : hello
2022-04-10 20:33:37.009 DEBUG 5960 --- [main] mao.spring_boot_log.Log                  : hello
2022-04-10 20:33:37.009  INFO 5960 --- [main] mao.spring_boot_log.Log                  : hello
2022-04-10 20:33:37.009  WARN 5960 --- [main] mao.spring_boot_log.Log                  : hello
2022-04-10 20:33:37.009 ERROR 5960 --- [main] mao.spring_boot_log.Log                  : hello
2022-04-10 20:33:37.009 DEBUG 5960 --- [main] mao.spring_boot_log.Log                  : hello
2022-04-10 20:33:37.009  INFO 5960 --- [main] mao.spring_boot_log.Log                  : hello
2022-04-10 20:33:37.009  WARN 5960 --- [main] mao.spring_boot_log.Log                  : hello
2022-04-10 20:33:37.009 ERROR 5960 --- [main] mao.spring_boot_log.Log                  : hello
2022-04-10 20:33:37.009 DEBUG 5960 --- [main] mao.spring_boot_log.Log                  : hello
2022-04-10 20:33:37.009  INFO 5960 --- [main] mao.spring_boot_log.Log                  : hello
2022-04-10 20:33:37.009  WARN 5960 --- [main] mao.spring_boot_log.Log                  : hello
2022-04-10 20:33:37.009 ERROR 5960 --- [main] mao.spring_boot_log.Log                  : hello
2022-04-10 20:33:37.009 DEBUG 5960 --- [main] mao.spring_boot_log.Log                  : hello
2022-04-10 20:33:37.009  INFO 5960 --- [main] mao.spring_boot_log.Log                  : hello
2022-04-10 20:33:37.009  WARN 5960 --- [main] mao.spring_boot_log.Log                  : hello
2022-04-10 20:33:37.009 ERROR 5960 --- [main] mao.spring_boot_log.Log                  : hello
2022-04-10 20:33:37.010 DEBUG 5960 --- [main] mao.spring_boot_log.Log                  : hello
2022-04-10 20:33:37.010  INFO 5960 --- [main] mao.spring_boot_log.Log                  : hello
2022-04-10 20:33:37.010  WARN 5960 --- [main] mao.spring_boot_log.Log                  : hello
2022-04-10 20:33:37.010 ERROR 5960 --- [main] mao.spring_boot_log.Log                  : hello
2022-04-10 20:33:37.010 DEBUG 5960 --- [main] mao.spring_boot_log.Log                  : hello
2022-04-10 20:33:37.010  INFO 5960 --- [main] mao.spring_boot_log.Log                  : hello
2022-04-10 20:33:37.010  WARN 5960 --- [main] mao.spring_boot_log.Log                  : hello
2022-04-10 20:33:37.010 ERROR 5960 --- [main] mao.spring_boot_log.Log                  : hello
2022-04-10 20:33:37.010 DEBUG 5960 --- [main] mao.spring_boot_log.Log                  : hello
2022-04-10 20:33:37.010  INFO 5960 --- [main] mao.spring_boot_log.Log                  : hello
2022-04-10 20:33:37.010  WARN 5960 --- [main] mao.spring_boot_log.Log                  : hello
2022-04-10 20:33:37.010 ERROR 5960 --- [main] mao.spring_boot_log.Log                  : hello
2022-04-10 20:33:37.010 DEBUG 5960 --- [main] mao.spring_boot_log.Log                  : hello
2022-04-10 20:33:37.010  INFO 5960 --- [main] mao.spring_boot_log.Log                  : hello
2022-04-10 20:33:37.010  WARN 5960 --- [main] mao.spring_boot_log.Log                  : hello
2022-04-10 20:33:37.010 ERROR 5960 --- [main] mao.spring_boot_log.Log                  : hello
2022-04-10 20:33:37.010 DEBUG 5960 --- [main] mao.spring_boot_log.Log                  : hello
2022-04-10 20:33:37.010  INFO 5960 --- [main] mao.spring_boot_log.Log                  : hello
2022-04-10 20:33:37.010  WARN 5960 --- [main] mao.spring_boot_log.Log                  : hello
2022-04-10 20:33:37.010 ERROR 5960 --- [main] mao.spring_boot_log.Log                  : hello
2022-04-10 20:33:37.010 DEBUG 5960 --- [main] mao.spring_boot_log.Log                  : hello
2022-04-10 20:33:37.010  INFO 5960 --- [main] mao.spring_boot_log.Log                  : hello
2022-04-10 20:33:37.010  WARN 5960 --- [main] mao.spring_boot_log.Log                  : hello
2022-04-10 20:33:37.010 ERROR 5960 --- [main] mao.spring_boot_log.Log                  : hello
2022-04-10 20:33:37.010 DEBUG 5960 --- [main] mao.spring_boot_log.Log                  : hello
2022-04-10 20:33:37.010  INFO 5960 --- [main] mao.spring_boot_log.Log                  : hello
2022-04-10 20:33:37.010  WARN 5960 --- [main] mao.spring_boot_log.Log                  : hello
2022-04-10 20:33:37.010 ERROR 5960 --- [main] mao.spring_boot_log.Log                  : hello
2022-04-10 20:33:37.010 DEBUG 5960 --- [main] mao.spring_boot_log.Log                  : hello
2022-04-10 20:33:37.010  INFO 5960 --- [main] mao.spring_boot_log.Log                  : hello
2022-04-10 20:33:37.010  WARN 5960 --- [main] mao.spring_boot_log.Log                  : hello
2022-04-10 20:33:37.010 ERROR 5960 --- [main] mao.spring_boot_log.Log                  : hello
2022-04-10 20:33:37.011 DEBUG 5960 --- [main] mao.spring_boot_log.Log                  : hello
2022-04-10 20:33:37.011  INFO 5960 --- [main] mao.spring_boot_log.Log                  : hello
2022-04-10 20:33:37.011  WARN 5960 --- [main] mao.spring_boot_log.Log                  : hello
